Log file open, 07/03/24 21:00:12
LogWindows: Failed to load 'aqProf.dll' (GetLastError=126)
LogWindows: File 'aqProf.dll' does not exist
LogWindows: Failed to load 'VtuneApi.dll' (GetLastError=126)
LogWindows: File 'VtuneApi.dll' does not exist
LogWindows: Failed to load 'VtuneApi32e.dll' (GetLastError=126)
LogWindows: File 'VtuneApi32e.dll' does not exist
LogConsoleResponse: Display: Failed to find resolution value strings in scalability ini. Falling back to default.
LogConsoleResponse: Display: Failed to find resolution value strings in scalability ini. Falling back to default.
LogInit: Display: Running engine for game: SoapOpera
LogPlatformFile: Not using cached read wrapper
LogTaskGraph: Started task graph with 5 named threads and 35 total threads with 3 sets of task threads.
LogStats: Stats thread started at 0.181777
LogICUInternationalization: ICU TimeZone Detection - Raw Offset: +1:00, Platform Override: ''
LogInit: Display: Loading text-based GConfig....
LogPluginManager: Mounting plugin MeshPainting
LogPluginManager: Mounting plugin XGEController
LogPluginManager: Mounting plugin Paper2D
LogPluginManager: Mounting plugin LightPropagationVolume
LogPluginManager: Mounting plugin LiveLink
LogPluginManager: Mounting plugin CameraShakePreviewer
LogPluginManager: Mounting plugin GameplayCameras
LogPluginManager: Mounting plugin OodleData
LogPluginManager: Mounting plugin OodleNetwork
LogPluginManager: Mounting plugin AISupport
LogPluginManager: Mounting plugin CLionSourceCodeAccess
LogPluginManager: Mounting plugin CodeLiteSourceCodeAccess
LogPluginManager: Mounting plugin GitSourceControl
LogPluginManager: Mounting plugin KDevelopSourceCodeAccess
LogPluginManager: Mounting plugin EnvironmentQueryEditor
LogPluginManager: Mounting plugin AnimationSharing
LogPluginManager: Mounting plugin NullSourceCodeAccess
LogPluginManager: Mounting plugin PixWinPlugin
LogPluginManager: Mounting plugin PluginUtils
LogPluginManager: Mounting plugin PlasticSourceControl
LogPluginManager: Mounting plugin PropertyAccessNode
LogPluginManager: Mounting plugin TextureFormatOodle
LogPluginManager: Mounting plugin RiderSourceCodeAccess
LogPluginManager: Mounting plugin SubversionSourceControl
LogPluginManager: Mounting plugin PerforceSourceControl
LogPluginManager: Mounting plugin VisualStudioSourceCodeAccess
LogPluginManager: Mounting plugin VisualStudioCodeSourceCodeAccess
LogPluginManager: Mounting plugin UObjectPlugin
LogPluginManager: Mounting plugin XCodeSourceCodeAccess
LogPluginManager: Mounting plugin LuminPlatformFeatures
LogPluginManager: Mounting plugin AssetManagerEditor
LogPluginManager: Mounting plugin MagicLeap
LogPluginManager: Mounting plugin MagicLeapLightEstimation
LogPluginManager: Mounting plugin MagicLeapMedia
LogPluginManager: Mounting plugin MagicLeapPassableWorld
LogPluginManager: Mounting plugin MLSDK
LogPluginManager: Mounting plugin AlembicImporter
LogPluginManager: Mounting plugin AutomationUtils
LogPluginManager: Mounting plugin BackChannel
LogPluginManager: Mounting plugin ChaosCloth
LogPluginManager: Mounting plugin ChaosClothEditor
LogPluginManager: Mounting plugin ChaosEditor
LogPluginManager: Mounting plugin ChaosSolverPlugin
LogPluginManager: Mounting plugin ChaosNiagara
LogPluginManager: Mounting plugin CharacterAI
LogPluginManager: Mounting plugin AndroidMedia
LogPluginManager: Mounting plugin AvfMedia
LogPluginManager: Mounting plugin ImgMedia
LogPluginManager: Mounting plugin MediaCompositing
LogPluginManager: Mounting plugin MediaPlayerEditor
LogPluginManager: Mounting plugin WmfMedia
LogPluginManager: Mounting plugin WebMMedia
LogPluginManager: Mounting plugin GeometryCache
LogPluginManager: Mounting plugin GeometryCollectionPlugin
LogPluginManager: Mounting plugin GeometryProcessing
LogPluginManager: Mounting plugin MotoSynth
LogPluginManager: Mounting plugin OpenImageDenoise
LogPluginManager: Mounting plugin PlanarCut
LogPluginManager: Mounting plugin ProxyLODPlugin
LogPluginManager: Mounting plugin PlatformCrypto
LogPluginManager: Mounting plugin PythonScriptPlugin
LogPluginManager: Mounting plugin TcpMessaging
LogPluginManager: Mounting plugin UdpMessaging
LogPluginManager: Mounting plugin SkeletalReduction
LogPluginManager: Mounting plugin ActorSequence
LogPluginManager: Mounting plugin LevelSequenceEditor
LogPluginManager: Mounting plugin MatineeToLevelSequence
LogPluginManager: Mounting plugin TemplateSequence
LogPluginManager: Mounting plugin LauncherChunkInstaller
LogPluginManager: Mounting plugin OnlineSubsystem
LogPluginManager: Mounting plugin ActorLayerUtilities
LogPluginManager: Mounting plugin OnlineSubsystemNull
LogPluginManager: Mounting plugin AndroidDeviceProfileSelector
LogPluginManager: Mounting plugin AndroidMoviePlayer
LogPluginManager: Mounting plugin OnlineSubsystemUtils
LogPluginManager: Mounting plugin AndroidPermission
LogPluginManager: Mounting plugin AppleImageUtils
LogPluginManager: Mounting plugin AppleMoviePlayer
LogPluginManager: Mounting plugin ArchVisCharacter
LogPluginManager: Mounting plugin AudioCapture
LogPluginManager: Mounting plugin AudioSynesthesia
LogPluginManager: Mounting plugin CableComponent
LogPluginManager: Mounting plugin ChunkDownloader
LogPluginManager: Mounting plugin CustomMeshComponent
LogPluginManager: Mounting plugin EditableMesh
LogPluginManager: Mounting plugin ExampleDeviceProfileSelector
LogPluginManager: Mounting plugin AssetTags
LogPluginManager: Mounting plugin GoogleCloudMessaging
LogPluginManager: Mounting plugin GooglePAD
LogPluginManager: Mounting plugin IOSDeviceProfileSelector
LogPluginManager: Mounting plugin LocationServicesBPLibrary
LogPluginManager: Mounting plugin LinuxDeviceProfileSelector
LogPluginManager: Mounting plugin ScreenshotTools
LogPluginManager: Mounting plugin MobilePatchingUtils
LogPluginManager: Mounting plugin OpenXR
LogPluginManager: Mounting plugin OpenXREyeTracker
LogPluginManager: Mounting plugin Takes
LogPluginManager: Mounting plugin OpenXRHandTracking
LogPluginManager: Mounting plugin PhysXVehicles
LogPluginManager: Mounting plugin PostSplashScreen
LogPluginManager: Mounting plugin ProceduralMeshComponent
LogPluginManager: Mounting plugin PropertyAccessEditor
LogPluginManager: Mounting plugin RuntimePhysXCooking
LogPluginManager: Mounting plugin SignificanceManager
LogPluginManager: Mounting plugin SoundFields
LogPluginManager: Mounting plugin Synthesis
LogPluginManager: Mounting plugin WebMMoviePlayer
LogPluginManager: Mounting plugin WindowsMoviePlayer
LogPluginManager: Mounting plugin Niagara
LogPluginManager: Mounting plugin CryptoKeys
LogPluginManager: Mounting plugin FacialAnimation
LogPluginManager: Mounting plugin CurveEditorTools
LogPluginManager: Mounting plugin GameplayTagsEditor
LogPluginManager: Mounting plugin DataValidation
LogPluginManager: Mounting plugin GeometryMode
LogPluginManager: Mounting plugin MacGraphicsSwitching
LogPluginManager: Mounting plugin MaterialAnalyzer
LogPluginManager: Mounting plugin MobileLauncherProfileWizard
LogPluginManager: Mounting plugin PluginBrowser
LogPluginManager: Mounting plugin SpeedTreeImporter
LogPluginManager: Mounting plugin DatasmithContent
LogPluginManager: Mounting plugin VariantManagerContent
LogPluginManager: Mounting plugin OnlineSubsystemIOS
LogPluginManager: Mounting plugin OnlineSubsystemGooglePlay
LogPluginManager: Mounting plugin OculusVR
LogPluginManager: Mounting plugin SteamVR
LogPluginManager: Mounting plugin ContentBrowserAssetDataSource
LogPluginManager: Mounting plugin ContentBrowserClassDataSource
LogPluginManager: Mounting plugin ContentBrowserFileDataSource
PixWinPlugin: PIX capture plugin failed to initialize! Check that the process is launched from PIX.
LogInit: Using libcurl 7.55.1-DEV
LogInit:  - built for x86_64-pc-win32
LogInit:  - supports SSL with OpenSSL/1.1.1
LogInit:  - supports HTTP deflate (compression) using libz 1.2.8
LogInit:  - other features:
LogInit:      CURL_VERSION_SSL
LogInit:      CURL_VERSION_LIBZ
LogInit:      CURL_VERSION_IPV6
LogInit:      CURL_VERSION_ASYNCHDNS
LogInit:      CURL_VERSION_LARGEFILE
LogInit:      CURL_VERSION_IDN
LogInit:  CurlRequestOptions (configurable via config and command line):
LogInit:  - bVerifyPeer = true  - Libcurl will verify peer certificate
LogInit:  - bUseHttpProxy = false  - Libcurl will NOT use HTTP proxy
LogInit:  - bDontReuseConnections = false  - Libcurl will reuse connections
LogInit:  - MaxHostConnections = 16  - Libcurl will limit the number of connections to a host
LogInit:  - LocalHostAddr = Default
LogInit:  - BufferSize = 65536
LogOnline: OSS: Creating online subsystem instance for: NULL
LogInit: WinSock: version 1.1 (2.2), MaxSocks=32767, MaxUdp=65467
LogOnline: OSS: TryLoadSubsystemAndSetDefault: Loaded subsystem for module [NULL]
LogOculusPluginWrapper: OculusPlugin initialized successfully
LogHMD: Failed initializing OVRPlugin 1.59.0
LogInit: Build: ++UE4+Release-4.27-CL-18319896
LogInit: Engine Version: 4.27.2-18319896+++UE4+Release-4.27
LogInit: Compatible Engine Version: 4.27.0-17155196+++UE4+Release-4.27
LogInit: Net CL: 17155196
LogInit: OS: Windows 10 (Release 2009) (), CPU: 11th Gen Intel(R) Core(TM) i5-11400F @ 2.60GHz, GPU: NVIDIA GeForce RTX 3060
LogInit: Compiled (64-bit): Nov 30 2021 07:12:08
LogInit: Compiled with Visual C++: 19.24.28315.00
LogInit: Build Configuration: Development
LogInit: Branch Name: ++UE4+Release-4.27
LogInit: Command Line:  /Game/StartMenu/MainMenuLevel -game -PIEVIACONSOLE -Multiprocess GameUserSettingsINI=D:/RPG_Maker_Git/SoapOpera/Saved/Config/Windows/PIEGameUserSettings0.ini -MultiprocessSaveConfig -forcepassthrough -messaging -SessionName="Play in Standalone Game" -windowed -ResX=1280 -ResY=720
LogInit: Base Directory: C:/Program Files/Epic Games/UE_4.27/Engine/Binaries/Win64/
LogInit: Allocator: TBB
LogInit: Installed Engine Build: 1
LogDevObjectVersion: Number of dev versions registered: 29
LogDevObjectVersion:   Dev-Blueprints (B0D832E4-1F89-4F0D-ACCF-7EB736FD4AA2): 10
LogDevObjectVersion:   Dev-Build (E1C64328-A22C-4D53-A36C-8E866417BD8C): 0
LogDevObjectVersion:   Dev-Core (375EC13C-06E4-48FB-B500-84F0262A717E): 4
LogDevObjectVersion:   Dev-Editor (E4B068ED-F494-42E9-A231-DA0B2E46BB41): 40
LogDevObjectVersion:   Dev-Framework (CFFC743F-43B0-4480-9391-14DF171D2073): 37
LogDevObjectVersion:   Dev-Mobile (B02B49B5-BB20-44E9-A304-32B752E40360): 3
LogDevObjectVersion:   Dev-Networking (A4E4105C-59A1-49B5-A7C5-40C4547EDFEE): 0
LogDevObjectVersion:   Dev-Online (39C831C9-5AE6-47DC-9A44-9C173E1C8E7C): 0
LogDevObjectVersion:   Dev-Physics (78F01B33-EBEA-4F98-B9B4-84EACCB95AA2): 14
LogDevObjectVersion:   Dev-Platform (6631380F-2D4D-43E0-8009-CF276956A95A): 0
LogDevObjectVersion:   Dev-Rendering (12F88B9F-8875-4AFC-A67C-D90C383ABD29): 45
LogDevObjectVersion:   Dev-Sequencer (7B5AE74C-D270-4C10-A958-57980B212A5A): 13
LogDevObjectVersion:   Dev-VR (D7296918-1DD6-4BDD-9DE2-64A83CC13884): 3
LogDevObjectVersion:   Dev-LoadTimes (C2A15278-BFE7-4AFE-6C17-90FF531DF755): 1
LogDevObjectVersion:   Private-Geometry (6EACA3D4-40EC-4CC1-B786-8BED09428FC5): 3
LogDevObjectVersion:   Dev-AnimPhys (29E575DD-E0A3-4627-9D10-D276232CDCEA): 17
LogDevObjectVersion:   Dev-Anim (AF43A65D-7FD3-4947-9873-3E8ED9C1BB05): 15
LogDevObjectVersion:   Dev-ReflectionCapture (6B266CEC-1EC7-4B8F-A30B-E4D90942FC07): 1
LogDevObjectVersion:   Dev-Automation (0DF73D61-A23F-47EA-B727-89E90C41499A): 1
LogDevObjectVersion:   FortniteMain (601D1886-AC64-4F84-AA16-D3DE0DEAC7D6): 47
LogDevObjectVersion:   FortniteRelease (E7086368-6B23-4C58-8439-1B7016265E91): 1
LogDevObjectVersion:   Dev-Enterprise (9DFFBCD6-494F-0158-E221-12823C92A888): 10
LogDevObjectVersion:   Dev-Niagara (F2AED0AC-9AFE-416F-8664-AA7FFA26D6FC): 1
LogDevObjectVersion:   Dev-Destruction (174F1F0B-B4C6-45A5-B13F-2EE8D0FB917D): 10
LogDevObjectVersion:   Dev-Physics-Ext (35F94A83-E258-406C-A318-09F59610247C): 41
LogDevObjectVersion:   Dev-PhysicsMaterial-Chaos (B68FC16E-8B1B-42E2-B453-215C058844FE): 1
LogDevObjectVersion:   Dev-CineCamera (B2E18506-4273-CFC2-A54E-F4BB758BBA07): 1
LogDevObjectVersion:   Dev-VirtualProduction (64F58936-FD1B-42BA-BA96-7289D5D0FA4E): 1
LogDevObjectVersion:   Dev-MediaFramework (6F0ED827-A609-4895-9C91-998D90180EA4): 2
LogInit: Presizing for max 25165824 objects, including 0 objects not considered by GC, pre-allocating 0 bytes for permanent pool.
LogConfig: Applying CVar settings from Section [/Script/Engine.StreamingSettings] File [D:/RPG_Maker_Git/SoapOpera/Saved/Config/Windows/Engine.ini]
LogConfig: Setting CVar [[s.MinBulkDataSizeForAsyncLoading:131072]]
LogConfig: Setting CVar [[s.AsyncLoadingThreadEnabled:0]]
LogConfig: Setting CVar [[s.EventDrivenLoaderEnabled:1]]
LogConfig: Setting CVar [[s.WarnIfTimeLimitExceeded:0]]
LogConfig: Setting CVar [[s.TimeLimitExceededMultiplier:1.5]]
LogConfig: Setting CVar [[s.TimeLimitExceededMinTime:0.005]]
LogConfig: Setting CVar [[s.UseBackgroundLevelStreaming:1]]
LogConfig: Setting CVar [[s.PriorityAsyncLoadingExtraTime:15.0]]
LogConfig: Setting CVar [[s.LevelStreamingActorsUpdateTimeLimit:5.0]]
LogConfig: Setting CVar [[s.PriorityLevelStreamingActorsUpdateExtraTime:5.0]]
LogConfig: Setting CVar [[s.LevelStreamingComponentsRegistrationGranularity:10]]
LogConfig: Setting CVar [[s.UnregisterComponentsTimeLimit:1.0]]
LogConfig: Setting CVar [[s.LevelStreamingComponentsUnregistrationGranularity:5]]
LogConfig: Setting CVar [[s.FlushStreamingOnExit:1]]
LogInit: Object subsystem initialized
LogConfig: Setting CVar [[con.DebugEarlyDefault:1]]
LogConfig: Setting CVar [[r.setres:1280x720]]
[2024.07.03-19.00.12:621][  0]LogConfig: Setting CVar [[con.DebugEarlyDefault:1]]
[2024.07.03-19.00.12:621][  0]LogConfig: Setting CVar [[r.setres:1280x720]]
[2024.07.03-19.00.12:621][  0]LogConfig: Applying CVar settings from Section [/Script/Engine.RendererSettings] File [D:/RPG_Maker_Git/SoapOpera/Saved/Config/Windows/Engine.ini]
[2024.07.03-19.00.12:621][  0]LogConfig: Setting CVar [[r.GPUCrashDebugging:0]]
[2024.07.03-19.00.12:621][  0]LogConfig: Applying CVar settings from Section [/Script/Engine.RendererOverrideSettings] File [D:/RPG_Maker_Git/SoapOpera/Saved/Config/Windows/Engine.ini]
[2024.07.03-19.00.12:621][  0]LogConfig: Applying CVar settings from Section [/Script/Engine.StreamingSettings] File [D:/RPG_Maker_Git/SoapOpera/Saved/Config/Windows/Engine.ini]
[2024.07.03-19.00.12:621][  0]LogConfig: Setting CVar [[s.MinBulkDataSizeForAsyncLoading:131072]]
[2024.07.03-19.00.12:621][  0]LogConfig: Setting CVar [[s.AsyncLoadingThreadEnabled:0]]
[2024.07.03-19.00.12:621][  0]LogConfig: Setting CVar [[s.EventDrivenLoaderEnabled:1]]
[2024.07.03-19.00.12:621][  0]LogConfig: Setting CVar [[s.WarnIfTimeLimitExceeded:0]]
[2024.07.03-19.00.12:621][  0]LogConfig: Setting CVar [[s.TimeLimitExceededMultiplier:1.5]]
[2024.07.03-19.00.12:621][  0]LogConfig: Setting CVar [[s.TimeLimitExceededMinTime:0.005]]
[2024.07.03-19.00.12:621][  0]LogConfig: Setting CVar [[s.UseBackgroundLevelStreaming:1]]
[2024.07.03-19.00.12:621][  0]LogConfig: Setting CVar [[s.PriorityAsyncLoadingExtraTime:15.0]]
[2024.07.03-19.00.12:621][  0]LogConfig: Setting CVar [[s.LevelStreamingActorsUpdateTimeLimit:5.0]]
[2024.07.03-19.00.12:621][  0]LogConfig: Setting CVar [[s.PriorityLevelStreamingActorsUpdateExtraTime:5.0]]
[2024.07.03-19.00.12:621][  0]LogConfig: Setting CVar [[s.LevelStreamingComponentsRegistrationGranularity:10]]
[2024.07.03-19.00.12:621][  0]LogConfig: Setting CVar [[s.UnregisterComponentsTimeLimit:1.0]]
[2024.07.03-19.00.12:621][  0]LogConfig: Setting CVar [[s.LevelStreamingComponentsUnregistrationGranularity:5]]
[2024.07.03-19.00.12:621][  0]LogConfig: Setting CVar [[s.FlushStreamingOnExit:1]]
[2024.07.03-19.00.12:621][  0]LogConfig: Applying CVar settings from Section [/Script/Engine.GarbageCollectionSettings] File [D:/RPG_Maker_Git/SoapOpera/Saved/Config/Windows/Engine.ini]
[2024.07.03-19.00.12:621][  0]LogConfig: Setting CVar [[gc.MaxObjectsNotConsideredByGC:1]]
[2024.07.03-19.00.12:621][  0]LogConfig: Setting CVar [[gc.SizeOfPermanentObjectPool:0]]
[2024.07.03-19.00.12:622][  0]LogConfig: Setting CVar [[gc.FlushStreamingOnGC:0]]
[2024.07.03-19.00.12:622][  0]LogConfig: Setting CVar [[gc.NumRetriesBeforeForcingGC:10]]
[2024.07.03-19.00.12:622][  0]LogConfig: Setting CVar [[gc.AllowParallelGC:1]]
[2024.07.03-19.00.12:622][  0]LogConfig: Setting CVar [[gc.TimeBetweenPurgingPendingKillObjects:61.1]]
[2024.07.03-19.00.12:622][  0]LogConfig: Setting CVar [[gc.MaxObjectsInEditor:25165824]]
[2024.07.03-19.00.12:622][  0]LogConfig: Setting CVar [[gc.IncrementalBeginDestroyEnabled:1]]
[2024.07.03-19.00.12:622][  0]LogConfig: Setting CVar [[gc.CreateGCClusters:1]]
[2024.07.03-19.00.12:622][  0]LogConfig: Setting CVar [[gc.MinGCClusterSize:5]]
[2024.07.03-19.00.12:622][  0]LogConfig: Setting CVar [[gc.ActorClusteringEnabled:0]]
[2024.07.03-19.00.12:622][  0]LogConfig: Setting CVar [[gc.BlueprintClusteringEnabled:0]]
[2024.07.03-19.00.12:622][  0]LogConfig: Setting CVar [[gc.UseDisregardForGCOnDedicatedServers:0]]
[2024.07.03-19.00.12:622][  0]LogConfig: Setting CVar [[gc.MultithreadedDestructionEnabled:1]]
[2024.07.03-19.00.12:622][  0]LogConfig: Applying CVar settings from Section [/Script/Engine.NetworkSettings] File [D:/RPG_Maker_Git/SoapOpera/Saved/Config/Windows/Engine.ini]
[2024.07.03-19.00.12:622][  0]LogConfig: Applying CVar settings from Section [/Script/UnrealEd.CookerSettings] File [D:/RPG_Maker_Git/SoapOpera/Saved/Config/Windows/Engine.ini]
[2024.07.03-19.00.12:634][  0]LogConfig: Applying CVar settings from Section [ViewDistanceQuality@3] File [D:/RPG_Maker_Git/SoapOpera/Saved/Config/Windows/Scalability.ini]
[2024.07.03-19.00.12:634][  0]LogConfig: Setting CVar [[r.SkeletalMeshLODBias:0]]
[2024.07.03-19.00.12:634][  0]LogConfig: Setting CVar [[r.ViewDistanceScale:1.0]]
[2024.07.03-19.00.12:634][  0]LogConfig: Applying CVar settings from Section [AntiAliasingQuality@3] File [D:/RPG_Maker_Git/SoapOpera/Saved/Config/Windows/Scalability.ini]
[2024.07.03-19.00.12:634][  0]LogConfig: Setting CVar [[r.PostProcessAAQuality:4]]
[2024.07.03-19.00.12:634][  0]LogConfig: Applying CVar settings from Section [ShadowQuality@3] File [D:/RPG_Maker_Git/SoapOpera/Saved/Config/Windows/Scalability.ini]
[2024.07.03-19.00.12:634][  0]LogConfig: Setting CVar [[r.LightFunctionQuality:1]]
[2024.07.03-19.00.12:634][  0]LogConfig: Setting CVar [[r.ShadowQuality:5]]
[2024.07.03-19.00.12:634][  0]LogConfig: Setting CVar [[r.Shadow.CSM.MaxCascades:10]]
[2024.07.03-19.00.12:634][  0]LogConfig: Setting CVar [[r.Shadow.MaxResolution:2048]]
[2024.07.03-19.00.12:634][  0]LogConfig: Setting CVar [[r.Shadow.MaxCSMResolution:2048]]
[2024.07.03-19.00.12:634][  0]LogConfig: Setting CVar [[r.Shadow.RadiusThreshold:0.01]]
[2024.07.03-19.00.12:634][  0]LogConfig: Setting CVar [[r.Shadow.DistanceScale:1.0]]
[2024.07.03-19.00.12:634][  0]LogConfig: Setting CVar [[r.Shadow.CSM.TransitionScale:1.0]]
[2024.07.03-19.00.12:634][  0]LogConfig: Setting CVar [[r.Shadow.PreShadowResolutionFactor:1.0]]
[2024.07.03-19.00.12:634][  0]LogConfig: Setting CVar [[r.DistanceFieldShadowing:1]]
[2024.07.03-19.00.12:634][  0]LogConfig: Setting CVar [[r.DistanceFieldAO:1]]
[2024.07.03-19.00.12:634][  0]LogConfig: Setting CVar [[r.AOQuality:2]]
[2024.07.03-19.00.12:634][  0]LogConfig: Setting CVar [[r.VolumetricFog:1]]
[2024.07.03-19.00.12:634][  0]LogConfig: Setting CVar [[r.VolumetricFog.GridPixelSize:8]]
[2024.07.03-19.00.12:634][  0]LogConfig: Setting CVar [[r.VolumetricFog.GridSizeZ:128]]
[2024.07.03-19.00.12:634][  0]LogConfig: Setting CVar [[r.VolumetricFog.HistoryMissSupersampleCount:4]]
[2024.07.03-19.00.12:634][  0]LogConfig: Setting CVar [[r.LightMaxDrawDistanceScale:1]]
[2024.07.03-19.00.12:634][  0]LogConfig: Setting CVar [[r.CapsuleShadows:1]]
[2024.07.03-19.00.12:634][  0]LogConfig: Applying CVar settings from Section [PostProcessQuality@3] File [D:/RPG_Maker_Git/SoapOpera/Saved/Config/Windows/Scalability.ini]
[2024.07.03-19.00.12:634][  0]LogConfig: Setting CVar [[r.MotionBlurQuality:4]]
[2024.07.03-19.00.12:634][  0]LogConfig: Setting CVar [[r.AmbientOcclusionMipLevelFactor:0.4]]
[2024.07.03-19.00.12:634][  0]LogConfig: Setting CVar [[r.AmbientOcclusionMaxQuality:100]]
[2024.07.03-19.00.12:634][  0]LogConfig: Setting CVar [[r.AmbientOcclusionLevels:-1]]
[2024.07.03-19.00.12:634][  0]LogConfig: Setting CVar [[r.AmbientOcclusionRadiusScale:1.0]]
[2024.07.03-19.00.12:634][  0]LogConfig: Setting CVar [[r.DepthOfFieldQuality:2]]
[2024.07.03-19.00.12:634][  0]LogConfig: Setting CVar [[r.RenderTargetPoolMin:400]]
[2024.07.03-19.00.12:634][  0]LogConfig: Setting CVar [[r.LensFlareQuality:2]]
[2024.07.03-19.00.12:634][  0]LogConfig: Setting CVar [[r.SceneColorFringeQuality:1]]
[2024.07.03-19.00.12:634][  0]LogConfig: Setting CVar [[r.EyeAdaptationQuality:2]]
[2024.07.03-19.00.12:634][  0]LogConfig: Setting CVar [[r.BloomQuality:5]]
[2024.07.03-19.00.12:634][  0]LogConfig: Setting CVar [[r.FastBlurThreshold:100]]
[2024.07.03-19.00.12:634][  0]LogConfig: Setting CVar [[r.Upscale.Quality:3]]
[2024.07.03-19.00.12:634][  0]LogConfig: Setting CVar [[r.Tonemapper.GrainQuantization:1]]
[2024.07.03-19.00.12:634][  0]LogConfig: Setting CVar [[r.LightShaftQuality:1]]
[2024.07.03-19.00.12:634][  0]LogConfig: Setting CVar [[r.Filter.SizeScale:1]]
[2024.07.03-19.00.12:634][  0]LogConfig: Setting CVar [[r.Tonemapper.Quality:5]]
[2024.07.03-19.00.12:634][  0]LogConfig: Setting CVar [[r.DOF.Gather.AccumulatorQuality:1        ; higher gathering accumulator quality]]
[2024.07.03-19.00.12:634][  0]LogConfig: Setting CVar [[r.DOF.Gather.PostfilterMethod:1          ; Median3x3 postfilering method]]
[2024.07.03-19.00.12:634][  0]LogConfig: Setting CVar [[r.DOF.Gather.EnableBokehSettings:0       ; no bokeh simulation when gathering]]
[2024.07.03-19.00.12:634][  0]LogConfig: Setting CVar [[r.DOF.Gather.RingCount:4                 ; medium number of samples when gathering]]
[2024.07.03-19.00.12:634][  0]LogConfig: Setting CVar [[r.DOF.Scatter.ForegroundCompositing:1    ; additive foreground scattering]]
[2024.07.03-19.00.12:634][  0]LogConfig: Setting CVar [[r.DOF.Scatter.BackgroundCompositing:2    ; additive background scattering]]
[2024.07.03-19.00.12:634][  0]LogConfig: Setting CVar [[r.DOF.Scatter.EnableBokehSettings:1      ; bokeh simulation when scattering]]
[2024.07.03-19.00.12:634][  0]LogConfig: Setting CVar [[r.DOF.Scatter.MaxSpriteRatio:0.1         ; only a maximum of 10% of scattered bokeh]]
[2024.07.03-19.00.12:634][  0]LogConfig: Setting CVar [[r.DOF.Recombine.Quality:1                ; cheap slight out of focus]]
[2024.07.03-19.00.12:634][  0]LogConfig: Setting CVar [[r.DOF.Recombine.EnableBokehSettings:0    ; no bokeh simulation on slight out of focus]]
[2024.07.03-19.00.12:634][  0]LogConfig: Setting CVar [[r.DOF.TemporalAAQuality:1                ; more stable temporal accumulation]]
[2024.07.03-19.00.12:634][  0]LogConfig: Setting CVar [[r.DOF.Kernel.MaxForegroundRadius:0.025]]
[2024.07.03-19.00.12:634][  0]LogConfig: Setting CVar [[r.DOF.Kernel.MaxBackgroundRadius:0.025]]
[2024.07.03-19.00.12:634][  0]LogConfig: Applying CVar settings from Section [TextureQuality@3] File [D:/RPG_Maker_Git/SoapOpera/Saved/Config/Windows/Scalability.ini]
[2024.07.03-19.00.12:634][  0]LogConfig: Setting CVar [[r.Streaming.MipBias:0]]
[2024.07.03-19.00.12:634][  0]LogConfig: Setting CVar [[r.Streaming.AmortizeCPUToGPUCopy:0]]
[2024.07.03-19.00.12:634][  0]LogConfig: Setting CVar [[r.Streaming.MaxNumTexturesToStreamPerFrame:0]]
[2024.07.03-19.00.12:634][  0]LogConfig: Setting CVar [[r.Streaming.Boost:1]]
[2024.07.03-19.00.12:634][  0]LogConfig: Setting CVar [[r.MaxAnisotropy:8]]
[2024.07.03-19.00.12:634][  0]LogConfig: Setting CVar [[r.VT.MaxAnisotropy:8]]
[2024.07.03-19.00.12:634][  0]LogConfig: Setting CVar [[r.Streaming.LimitPoolSizeToVRAM:0]]
[2024.07.03-19.00.12:634][  0]LogConfig: Setting CVar [[r.Streaming.PoolSize:1000]]
[2024.07.03-19.00.12:634][  0]LogConfig: Setting CVar [[r.Streaming.MaxEffectiveScreenSize:0]]
[2024.07.03-19.00.12:634][  0]LogConfig: Applying CVar settings from Section [EffectsQuality@3] File [D:/RPG_Maker_Git/SoapOpera/Saved/Config/Windows/Scalability.ini]
[2024.07.03-19.00.12:634][  0]LogConfig: Setting CVar [[r.TranslucencyLightingVolumeDim:64]]
[2024.07.03-19.00.12:634][  0]LogConfig: Setting CVar [[r.RefractionQuality:2]]
[2024.07.03-19.00.12:634][  0]LogConfig: Setting CVar [[r.SSR.Quality:3]]
[2024.07.03-19.00.12:635][  0]LogConfig: Setting CVar [[r.SSR.HalfResSceneColor:0]]
[2024.07.03-19.00.12:635][  0]LogConfig: Setting CVar [[r.SceneColorFormat:4]]
[2024.07.03-19.00.12:635][  0]LogConfig: Setting CVar [[r.DetailMode:2]]
[2024.07.03-19.00.12:635][  0]LogConfig: Setting CVar [[r.TranslucencyVolumeBlur:1]]
[2024.07.03-19.00.12:635][  0]LogConfig: Setting CVar [[r.MaterialQualityLevel:1 ; High quality]]
[2024.07.03-19.00.12:635][  0]LogConfig: Setting CVar [[r.AnisotropicMaterials:1]]
[2024.07.03-19.00.12:635][  0]LogConfig: Setting CVar [[r.SSS.Scale:1]]
[2024.07.03-19.00.12:635][  0]LogConfig: Setting CVar [[r.SSS.SampleSet:2]]
[2024.07.03-19.00.12:635][  0]LogConfig: Setting CVar [[r.SSS.Quality:1]]
[2024.07.03-19.00.12:635][  0]LogConfig: Setting CVar [[r.SSS.HalfRes:0]]
[2024.07.03-19.00.12:635][  0]LogConfig: Setting CVar [[r.SSGI.Quality:3]]
[2024.07.03-19.00.12:635][  0]LogConfig: Setting CVar [[r.EmitterSpawnRateScale:1.0]]
[2024.07.03-19.00.12:635][  0]LogConfig: Setting CVar [[r.ParticleLightQuality:2]]
[2024.07.03-19.00.12:635][  0]LogConfig: Setting CVar [[r.SkyAtmosphere.AerialPerspectiveLUT.FastApplyOnOpaque:1 ; Always have FastSkyLUT 1 in this case to avoid wrong sky]]
[2024.07.03-19.00.12:635][  0]LogConfig: Setting CVar [[r.SkyAtmosphere.AerialPerspectiveLUT.SampleCountMaxPerSlice:4]]
[2024.07.03-19.00.12:635][  0]LogConfig: Setting CVar [[r.SkyAtmosphere.AerialPerspectiveLUT.DepthResolution:16.0]]
[2024.07.03-19.00.12:635][  0]LogConfig: Setting CVar [[r.SkyAtmosphere.FastSkyLUT:1]]
[2024.07.03-19.00.12:635][  0]LogConfig: Setting CVar [[r.SkyAtmosphere.FastSkyLUT.SampleCountMin:4.0]]
[2024.07.03-19.00.12:635][  0]LogConfig: Setting CVar [[r.SkyAtmosphere.FastSkyLUT.SampleCountMax:128.0]]
[2024.07.03-19.00.12:635][  0]LogConfig: Setting CVar [[r.SkyAtmosphere.SampleCountMin:4.0]]
[2024.07.03-19.00.12:635][  0]LogConfig: Setting CVar [[r.SkyAtmosphere.SampleCountMax:128.0]]
[2024.07.03-19.00.12:635][  0]LogConfig: Setting CVar [[r.SkyAtmosphere.TransmittanceLUT.UseSmallFormat:0]]
[2024.07.03-19.00.12:635][  0]LogConfig: Setting CVar [[r.SkyAtmosphere.TransmittanceLUT.SampleCount:10.0]]
[2024.07.03-19.00.12:635][  0]LogConfig: Setting CVar [[r.SkyAtmosphere.MultiScatteringLUT.SampleCount:15.0]]
[2024.07.03-19.00.12:635][  0]LogConfig: Setting CVar [[r.SkyLight.RealTimeReflectionCapture:1]]
[2024.07.03-19.00.12:635][  0]LogConfig: Applying CVar settings from Section [FoliageQuality@3] File [D:/RPG_Maker_Git/SoapOpera/Saved/Config/Windows/Scalability.ini]
[2024.07.03-19.00.12:635][  0]LogConfig: Setting CVar [[foliage.DensityScale:1.0]]
[2024.07.03-19.00.12:635][  0]LogConfig: Setting CVar [[grass.DensityScale:1.0]]
[2024.07.03-19.00.12:635][  0]LogConfig: Applying CVar settings from Section [ShadingQuality@3] File [D:/RPG_Maker_Git/SoapOpera/Saved/Config/Windows/Scalability.ini]
[2024.07.03-19.00.12:635][  0]LogConfig: Setting CVar [[r.HairStrands.SkyLighting.IntegrationType:2]]
[2024.07.03-19.00.12:635][  0]LogConfig: Setting CVar [[r.HairStrands.SkyAO.SampleCount:4]]
[2024.07.03-19.00.12:635][  0]LogConfig: Setting CVar [[r.HairStrands.Visibility.MSAA.SamplePerPixel:4]]
[2024.07.03-19.00.12:635][  0]LogInit: Selected Device Profile: [Windows]
[2024.07.03-19.00.12:635][  0]LogInit: Applying CVar settings loaded from the selected device profile: [Windows]
[2024.07.03-19.00.12:635][  0]LogHAL: Display: Platform has ~ 16 GB [17041379328 / 17179869184 / 16], which maps to Larger [LargestMinGB=32, LargerMinGB=12, DefaultMinGB=8, SmallerMinGB=6, SmallestMinGB=0)
[2024.07.03-19.00.12:635][  0]LogInit: Going up to parent DeviceProfile []
[2024.07.03-19.00.12:635][  0]LogConfig: Applying CVar settings from Section [ViewDistanceQuality@3] File [D:/RPG_Maker_Git/SoapOpera/Saved/Config/Windows/Scalability.ini]
[2024.07.03-19.00.12:635][  0]LogConfig: Setting CVar [[r.SkeletalMeshLODBias:0]]
[2024.07.03-19.00.12:635][  0]LogConfig: Setting CVar [[r.ViewDistanceScale:1.0]]
[2024.07.03-19.00.12:635][  0]LogConfig: Applying CVar settings from Section [AntiAliasingQuality@3] File [D:/RPG_Maker_Git/SoapOpera/Saved/Config/Windows/Scalability.ini]
[2024.07.03-19.00.12:635][  0]LogConfig: Setting CVar [[r.PostProcessAAQuality:4]]
[2024.07.03-19.00.12:635][  0]LogConfig: Applying CVar settings from Section [ShadowQuality@3] File [D:/RPG_Maker_Git/SoapOpera/Saved/Config/Windows/Scalability.ini]
[2024.07.03-19.00.12:635][  0]LogConfig: Setting CVar [[r.LightFunctionQuality:1]]
[2024.07.03-19.00.12:635][  0]LogConfig: Setting CVar [[r.ShadowQuality:5]]
[2024.07.03-19.00.12:635][  0]LogConfig: Setting CVar [[r.Shadow.CSM.MaxCascades:10]]
[2024.07.03-19.00.12:635][  0]LogConfig: Setting CVar [[r.Shadow.MaxResolution:2048]]
[2024.07.03-19.00.12:635][  0]LogConfig: Setting CVar [[r.Shadow.MaxCSMResolution:2048]]
[2024.07.03-19.00.12:635][  0]LogConfig: Setting CVar [[r.Shadow.RadiusThreshold:0.01]]
[2024.07.03-19.00.12:635][  0]LogConfig: Setting CVar [[r.Shadow.DistanceScale:1.0]]
[2024.07.03-19.00.12:635][  0]LogConfig: Setting CVar [[r.Shadow.CSM.TransitionScale:1.0]]
[2024.07.03-19.00.12:635][  0]LogConfig: Setting CVar [[r.Shadow.PreShadowResolutionFactor:1.0]]
[2024.07.03-19.00.12:635][  0]LogConfig: Setting CVar [[r.DistanceFieldShadowing:1]]
[2024.07.03-19.00.12:635][  0]LogConfig: Setting CVar [[r.DistanceFieldAO:1]]
[2024.07.03-19.00.12:635][  0]LogConfig: Setting CVar [[r.AOQuality:2]]
[2024.07.03-19.00.12:635][  0]LogConfig: Setting CVar [[r.VolumetricFog:1]]
[2024.07.03-19.00.12:635][  0]LogConfig: Setting CVar [[r.VolumetricFog.GridPixelSize:8]]
[2024.07.03-19.00.12:635][  0]LogConfig: Setting CVar [[r.VolumetricFog.GridSizeZ:128]]
[2024.07.03-19.00.12:635][  0]LogConfig: Setting CVar [[r.VolumetricFog.HistoryMissSupersampleCount:4]]
[2024.07.03-19.00.12:635][  0]LogConfig: Setting CVar [[r.LightMaxDrawDistanceScale:1]]
[2024.07.03-19.00.12:635][  0]LogConfig: Setting CVar [[r.CapsuleShadows:1]]
[2024.07.03-19.00.12:635][  0]LogConfig: Applying CVar settings from Section [PostProcessQuality@3] File [D:/RPG_Maker_Git/SoapOpera/Saved/Config/Windows/Scalability.ini]
[2024.07.03-19.00.12:635][  0]LogConfig: Setting CVar [[r.MotionBlurQuality:4]]
[2024.07.03-19.00.12:635][  0]LogConfig: Setting CVar [[r.AmbientOcclusionMipLevelFactor:0.4]]
[2024.07.03-19.00.12:635][  0]LogConfig: Setting CVar [[r.AmbientOcclusionMaxQuality:100]]
[2024.07.03-19.00.12:635][  0]LogConfig: Setting CVar [[r.AmbientOcclusionLevels:-1]]
[2024.07.03-19.00.12:635][  0]LogConfig: Setting CVar [[r.AmbientOcclusionRadiusScale:1.0]]
[2024.07.03-19.00.12:635][  0]LogConfig: Setting CVar [[r.DepthOfFieldQuality:2]]
[2024.07.03-19.00.12:635][  0]LogConfig: Setting CVar [[r.RenderTargetPoolMin:400]]
[2024.07.03-19.00.12:635][  0]LogConfig: Setting CVar [[r.LensFlareQuality:2]]
[2024.07.03-19.00.12:635][  0]LogConfig: Setting CVar [[r.SceneColorFringeQuality:1]]
[2024.07.03-19.00.12:635][  0]LogConfig: Setting CVar [[r.EyeAdaptationQuality:2]]
[2024.07.03-19.00.12:635][  0]LogConfig: Setting CVar [[r.BloomQuality:5]]
[2024.07.03-19.00.12:635][  0]LogConfig: Setting CVar [[r.FastBlurThreshold:100]]
[2024.07.03-19.00.12:635][  0]LogConfig: Setting CVar [[r.Upscale.Quality:3]]
[2024.07.03-19.00.12:635][  0]LogConfig: Setting CVar [[r.Tonemapper.GrainQuantization:1]]
[2024.07.03-19.00.12:635][  0]LogConfig: Setting CVar [[r.LightShaftQuality:1]]
[2024.07.03-19.00.12:635][  0]LogConfig: Setting CVar [[r.Filter.SizeScale:1]]
[2024.07.03-19.00.12:635][  0]LogConfig: Setting CVar [[r.Tonemapper.Quality:5]]
[2024.07.03-19.00.12:635][  0]LogConfig: Setting CVar [[r.DOF.Gather.AccumulatorQuality:1        ; higher gathering accumulator quality]]
[2024.07.03-19.00.12:635][  0]LogConfig: Setting CVar [[r.DOF.Gather.PostfilterMethod:1          ; Median3x3 postfilering method]]
[2024.07.03-19.00.12:635][  0]LogConfig: Setting CVar [[r.DOF.Gather.EnableBokehSettings:0       ; no bokeh simulation when gathering]]
[2024.07.03-19.00.12:635][  0]LogConfig: Setting CVar [[r.DOF.Gather.RingCount:4                 ; medium number of samples when gathering]]
[2024.07.03-19.00.12:635][  0]LogConfig: Setting CVar [[r.DOF.Scatter.ForegroundCompositing:1    ; additive foreground scattering]]
[2024.07.03-19.00.12:635][  0]LogConfig: Setting CVar [[r.DOF.Scatter.BackgroundCompositing:2    ; additive background scattering]]
[2024.07.03-19.00.12:635][  0]LogConfig: Setting CVar [[r.DOF.Scatter.EnableBokehSettings:1      ; bokeh simulation when scattering]]
[2024.07.03-19.00.12:635][  0]LogConfig: Setting CVar [[r.DOF.Scatter.MaxSpriteRatio:0.1         ; only a maximum of 10% of scattered bokeh]]
[2024.07.03-19.00.12:635][  0]LogConfig: Setting CVar [[r.DOF.Recombine.Quality:1                ; cheap slight out of focus]]
[2024.07.03-19.00.12:635][  0]LogConfig: Setting CVar [[r.DOF.Recombine.EnableBokehSettings:0    ; no bokeh simulation on slight out of focus]]
[2024.07.03-19.00.12:635][  0]LogConfig: Setting CVar [[r.DOF.TemporalAAQuality:1                ; more stable temporal accumulation]]
[2024.07.03-19.00.12:635][  0]LogConfig: Setting CVar [[r.DOF.Kernel.MaxForegroundRadius:0.025]]
[2024.07.03-19.00.12:635][  0]LogConfig: Setting CVar [[r.DOF.Kernel.MaxBackgroundRadius:0.025]]
[2024.07.03-19.00.12:635][  0]LogConfig: Applying CVar settings from Section [TextureQuality@3] File [D:/RPG_Maker_Git/SoapOpera/Saved/Config/Windows/Scalability.ini]
[2024.07.03-19.00.12:635][  0]LogConfig: Setting CVar [[r.Streaming.MipBias:0]]
[2024.07.03-19.00.12:635][  0]LogConfig: Setting CVar [[r.Streaming.AmortizeCPUToGPUCopy:0]]
[2024.07.03-19.00.12:635][  0]LogConfig: Setting CVar [[r.Streaming.MaxNumTexturesToStreamPerFrame:0]]
[2024.07.03-19.00.12:635][  0]LogConfig: Setting CVar [[r.Streaming.Boost:1]]
[2024.07.03-19.00.12:635][  0]LogConfig: Setting CVar [[r.MaxAnisotropy:8]]
[2024.07.03-19.00.12:635][  0]LogConfig: Setting CVar [[r.VT.MaxAnisotropy:8]]
[2024.07.03-19.00.12:635][  0]LogConfig: Setting CVar [[r.Streaming.LimitPoolSizeToVRAM:0]]
[2024.07.03-19.00.12:635][  0]LogConfig: Setting CVar [[r.Streaming.PoolSize:1000]]
[2024.07.03-19.00.12:635][  0]LogConfig: Setting CVar [[r.Streaming.MaxEffectiveScreenSize:0]]
[2024.07.03-19.00.12:635][  0]LogConfig: Applying CVar settings from Section [EffectsQuality@3] File [D:/RPG_Maker_Git/SoapOpera/Saved/Config/Windows/Scalability.ini]
[2024.07.03-19.00.12:635][  0]LogConfig: Setting CVar [[r.TranslucencyLightingVolumeDim:64]]
[2024.07.03-19.00.12:635][  0]LogConfig: Setting CVar [[r.RefractionQuality:2]]
[2024.07.03-19.00.12:635][  0]LogConfig: Setting CVar [[r.SSR.Quality:3]]
[2024.07.03-19.00.12:635][  0]LogConfig: Setting CVar [[r.SSR.HalfResSceneColor:0]]
[2024.07.03-19.00.12:635][  0]LogConfig: Setting CVar [[r.SceneColorFormat:4]]
[2024.07.03-19.00.12:635][  0]LogConfig: Setting CVar [[r.DetailMode:2]]
[2024.07.03-19.00.12:635][  0]LogConfig: Setting CVar [[r.TranslucencyVolumeBlur:1]]
[2024.07.03-19.00.12:635][  0]LogConfig: Setting CVar [[r.MaterialQualityLevel:1 ; High quality]]
[2024.07.03-19.00.12:635][  0]LogConfig: Setting CVar [[r.AnisotropicMaterials:1]]
[2024.07.03-19.00.12:635][  0]LogConfig: Setting CVar [[r.SSS.Scale:1]]
[2024.07.03-19.00.12:635][  0]LogConfig: Setting CVar [[r.SSS.SampleSet:2]]
[2024.07.03-19.00.12:635][  0]LogConfig: Setting CVar [[r.SSS.Quality:1]]
[2024.07.03-19.00.12:635][  0]LogConfig: Setting CVar [[r.SSS.HalfRes:0]]
[2024.07.03-19.00.12:635][  0]LogConfig: Setting CVar [[r.SSGI.Quality:3]]
[2024.07.03-19.00.12:635][  0]LogConfig: Setting CVar [[r.EmitterSpawnRateScale:1.0]]
[2024.07.03-19.00.12:635][  0]LogConfig: Setting CVar [[r.ParticleLightQuality:2]]
[2024.07.03-19.00.12:636][  0]LogConfig: Setting CVar [[r.SkyAtmosphere.AerialPerspectiveLUT.FastApplyOnOpaque:1 ; Always have FastSkyLUT 1 in this case to avoid wrong sky]]
[2024.07.03-19.00.12:636][  0]LogConfig: Setting CVar [[r.SkyAtmosphere.AerialPerspectiveLUT.SampleCountMaxPerSlice:4]]
[2024.07.03-19.00.12:636][  0]LogConfig: Setting CVar [[r.SkyAtmosphere.AerialPerspectiveLUT.DepthResolution:16.0]]
[2024.07.03-19.00.12:636][  0]LogConfig: Setting CVar [[r.SkyAtmosphere.FastSkyLUT:1]]
[2024.07.03-19.00.12:636][  0]LogConfig: Setting CVar [[r.SkyAtmosphere.FastSkyLUT.SampleCountMin:4.0]]
[2024.07.03-19.00.12:636][  0]LogConfig: Setting CVar [[r.SkyAtmosphere.FastSkyLUT.SampleCountMax:128.0]]
[2024.07.03-19.00.12:636][  0]LogConfig: Setting CVar [[r.SkyAtmosphere.SampleCountMin:4.0]]
[2024.07.03-19.00.12:636][  0]LogConfig: Setting CVar [[r.SkyAtmosphere.SampleCountMax:128.0]]
[2024.07.03-19.00.12:636][  0]LogConfig: Setting CVar [[r.SkyAtmosphere.TransmittanceLUT.UseSmallFormat:0]]
[2024.07.03-19.00.12:636][  0]LogConfig: Setting CVar [[r.SkyAtmosphere.TransmittanceLUT.SampleCount:10.0]]
[2024.07.03-19.00.12:636][  0]LogConfig: Setting CVar [[r.SkyAtmosphere.MultiScatteringLUT.SampleCount:15.0]]
[2024.07.03-19.00.12:636][  0]LogConfig: Setting CVar [[r.SkyLight.RealTimeReflectionCapture:1]]
[2024.07.03-19.00.12:636][  0]LogConfig: Applying CVar settings from Section [FoliageQuality@3] File [D:/RPG_Maker_Git/SoapOpera/Saved/Config/Windows/Scalability.ini]
[2024.07.03-19.00.12:636][  0]LogConfig: Setting CVar [[foliage.DensityScale:1.0]]
[2024.07.03-19.00.12:636][  0]LogConfig: Setting CVar [[grass.DensityScale:1.0]]
[2024.07.03-19.00.12:636][  0]LogConfig: Applying CVar settings from Section [ShadingQuality@3] File [D:/RPG_Maker_Git/SoapOpera/Saved/Config/Windows/Scalability.ini]
[2024.07.03-19.00.12:636][  0]LogConfig: Setting CVar [[r.HairStrands.SkyLighting.IntegrationType:2]]
[2024.07.03-19.00.12:636][  0]LogConfig: Setting CVar [[r.HairStrands.SkyAO.SampleCount:4]]
[2024.07.03-19.00.12:636][  0]LogConfig: Setting CVar [[r.HairStrands.Visibility.MSAA.SamplePerPixel:4]]
[2024.07.03-19.00.12:636][  0]LogConfig: Applying CVar settings from Section [Startup] File [../../../Engine/Config/ConsoleVariables.ini]
[2024.07.03-19.00.12:636][  0]LogConfig: Setting CVar [[net.UseAdaptiveNetUpdateFrequency:0]]
[2024.07.03-19.00.12:636][  0]LogConfig: Setting CVar [[p.chaos.AllowCreatePhysxBodies:1]]
[2024.07.03-19.00.12:636][  0]LogConfig: Setting CVar [[fx.SkipVectorVMBackendOptimizations:1]]
[2024.07.03-19.00.12:636][  0]LogConfig: Applying CVar settings from Section [ConsoleVariables] File [D:/RPG_Maker_Git/SoapOpera/Saved/Config/Windows/Engine.ini]
[2024.07.03-19.00.12:636][  0]LogConfig: Applying CVar settings from Section [ConsoleVariables] File [D:/RPG_Maker_Git/SoapOpera/Saved/Config/Windows/Editor.ini]
[2024.07.03-19.00.12:636][  0]LogInit: Computer: ALVIS
[2024.07.03-19.00.12:636][  0]LogInit: User: eric
[2024.07.03-19.00.12:636][  0]LogInit: CPU Page size=4096, Cores=6
[2024.07.03-19.00.12:636][  0]LogInit: High frequency timer resolution =10.000000 MHz
[2024.07.03-19.00.12:636][  0]LogMemory: Memory total: Physical=15.9GB (16GB approx)
[2024.07.03-19.00.12:636][  0]LogMemory: Platform Memory Stats for Windows
[2024.07.03-19.00.12:636][  0]LogMemory: Process Physical Memory: 146.21 MB used, 146.21 MB peak
[2024.07.03-19.00.12:636][  0]LogMemory: Process Virtual Memory: 131.86 MB used, 131.86 MB peak
[2024.07.03-19.00.12:636][  0]LogMemory: Physical Memory: 7990.80 MB used,  8261.13 MB free, 16251.93 MB total
[2024.07.03-19.00.12:636][  0]LogMemory: Virtual Memory: 134201768.00 MB used,  15960.11 MB free, 134217728.00 MB total
[2024.07.03-19.00.12:640][  0]LogWindows: WindowsPlatformFeatures enabled
[2024.07.03-19.00.12:668][  0]LogInit: Physics initialised using underlying interface: PhysX
[2024.07.03-19.00.12:668][  0]LogInit: Using OS detected language (de-DE).
[2024.07.03-19.00.12:668][  0]LogInit: Using OS detected locale (de-DE).
[2024.07.03-19.00.12:670][  0]LogTextLocalizationManager: No specific localization for 'de-DE' exists, so the 'de' localization will be used.
[2024.07.03-19.00.12:671][  0]LogTextLocalizationResource: LocRes '../../../Engine/Content/Localization/Editor/de/Editor.locres' could not be opened for reading!
[2024.07.03-19.00.12:671][  0]LogTextLocalizationResource: LocRes '../../../Engine/Content/Localization/EditorTutorials/de/EditorTutorials.locres' could not be opened for reading!
[2024.07.03-19.00.12:671][  0]LogTextLocalizationResource: LocRes '../../../Engine/Content/Localization/Keywords/de/Keywords.locres' could not be opened for reading!
[2024.07.03-19.00.12:672][  0]LogTextLocalizationResource: LocRes '../../../Engine/Content/Localization/Category/de/Category.locres' could not be opened for reading!
[2024.07.03-19.00.12:672][  0]LogTextLocalizationResource: LocRes '../../../Engine/Content/Localization/ToolTips/de/ToolTips.locres' could not be opened for reading!
[2024.07.03-19.00.12:672][  0]LogTextLocalizationResource: LocRes '../../../Engine/Content/Localization/PropertyNames/de/PropertyNames.locres' could not be opened for reading!
[2024.07.03-19.00.12:672][  0]LogTextLocalizationResource: LocRes '../../../Engine/Content/Localization/Engine/de/Engine.locres' could not be opened for reading!
[2024.07.03-19.00.12:680][  0]LogWindowsTextInputMethodSystem: Display: IME system deactivated.
[2024.07.03-19.00.12:705][  0]LogSlate: New Slate User Created.  User Index 0, Is Virtual User: 0
[2024.07.03-19.00.12:705][  0]LogSlate: Slate User Registered.  User Index 0, Is Virtual User: 0
[2024.07.03-19.00.12:720][  0]LogD3D11RHI: Loaded GFSDK_Aftermath_Lib.x64.dll
[2024.07.03-19.00.12:724][  0]LogHMD: Failed to initialize OpenVR with code 110
[2024.07.03-19.00.12:724][  0]LogD3D11RHI: D3D11 min allowed feature level: 11_0
[2024.07.03-19.00.12:724][  0]LogD3D11RHI: D3D11 max allowed feature level: 11_0
[2024.07.03-19.00.12:724][  0]LogD3D11RHI: D3D11 adapters:
[2024.07.03-19.00.12:817][  0]LogD3D11RHI:    0. 'NVIDIA GeForce RTX 3060' (Feature Level 11_0)
[2024.07.03-19.00.12:817][  0]LogD3D11RHI:       12115/0/8125 MB DedicatedVideo/DedicatedSystem/SharedSystem, Outputs:1, VendorId:0x10de
[2024.07.03-19.00.12:818][  0]LogD3D11RHI:    1. 'Microsoft Basic Render Driver' (Feature Level 11_0)
[2024.07.03-19.00.12:818][  0]LogD3D11RHI:       0/0/8125 MB DedicatedVideo/DedicatedSystem/SharedSystem, Outputs:0, VendorId:0x1414
[2024.07.03-19.00.12:818][  0]LogD3D11RHI: Chosen D3D11 Adapter:
[2024.07.03-19.00.12:818][  0]LogD3D11RHI:     Description : NVIDIA GeForce RTX 3060
[2024.07.03-19.00.12:818][  0]LogD3D11RHI:     VendorId    : 10de
[2024.07.03-19.00.12:818][  0]LogD3D11RHI:     DeviceId    : 2504
[2024.07.03-19.00.12:818][  0]LogD3D11RHI:     SubSysId    : 153610de
[2024.07.03-19.00.12:818][  0]LogD3D11RHI:     Revision    : 00a1
[2024.07.03-19.00.12:818][  0]LogD3D11RHI:     DedicatedVideoMemory : 12703498240 bytes
[2024.07.03-19.00.12:818][  0]LogD3D11RHI:     DedicatedSystemMemory : 0 bytes
[2024.07.03-19.00.12:819][  0]LogD3D11RHI:     SharedSystemMemory : 8520689664 bytes
[2024.07.03-19.00.12:819][  0]LogD3D11RHI:     AdapterLuid : 0 65863
[2024.07.03-19.00.12:822][  0]LogD3D11RHI: Creating new Direct3DDevice
[2024.07.03-19.00.12:822][  0]LogD3D11RHI:     GPU DeviceId: 0x2504 (for the marketing name, search the web for "GPU Device Id")
[2024.07.03-19.00.12:822][  0]LogWindows: EnumDisplayDevices:
[2024.07.03-19.00.12:822][  0]LogWindows:    0. 'NVIDIA GeForce RTX 3060' (P:1 D:1)
[2024.07.03-19.00.12:822][  0]LogWindows:    1. 'NVIDIA GeForce RTX 3060' (P:0 D:0)
[2024.07.03-19.00.12:823][  0]LogWindows:    2. 'NVIDIA GeForce RTX 3060' (P:0 D:0)
[2024.07.03-19.00.12:823][  0]LogWindows:    3. 'NVIDIA GeForce RTX 3060' (P:0 D:0)
[2024.07.03-19.00.12:823][  0]LogWindows: DebugString: FoundDriverCount:4 
[2024.07.03-19.00.12:823][  0]LogD3D11RHI:     Adapter Name: NVIDIA GeForce RTX 3060
[2024.07.03-19.00.12:823][  0]LogD3D11RHI:   Driver Version: 552.22 (internal:31.0.15.5222, unified:552.22)
[2024.07.03-19.00.12:823][  0]LogD3D11RHI:      Driver Date: 4-11-2024
[2024.07.03-19.00.12:823][  0]LogRHI: Texture pool is 8480 MB (70% of 12115 MB)
[2024.07.03-19.00.12:823][  0]LogD3D11RHI: Creating D3DDevice using adapter:
[2024.07.03-19.00.12:823][  0]LogD3D11RHI:     Description : NVIDIA GeForce RTX 3060
[2024.07.03-19.00.12:823][  0]LogD3D11RHI:     VendorId    : 10de
[2024.07.03-19.00.12:823][  0]LogD3D11RHI:     DeviceId    : 2504
[2024.07.03-19.00.12:823][  0]LogD3D11RHI:     SubSysId    : 153610de
[2024.07.03-19.00.12:823][  0]LogD3D11RHI:     Revision    : 00a1
[2024.07.03-19.00.12:823][  0]LogD3D11RHI:     DedicatedVideoMemory : 12703498240 bytes
[2024.07.03-19.00.12:823][  0]LogD3D11RHI:     DedicatedSystemMemory : 0 bytes
[2024.07.03-19.00.12:823][  0]LogD3D11RHI:     SharedSystemMemory : 8520689664 bytes
[2024.07.03-19.00.12:823][  0]LogD3D11RHI:     AdapterLuid : 0 65863
[2024.07.03-19.00.12:886][  0]LogD3D11RHI: RHI has support for 64 bit atomics
[2024.07.03-19.00.12:886][  0]LogD3D11RHI: Async texture creation enabled
[2024.07.03-19.00.12:887][  0]LogD3D11RHI: Array index from any shader is supported
[2024.07.03-19.00.12:904][  0]LogD3D11RHI: GPU Timing Frequency: 1000.000000 (Debug: 2 2)
[2024.07.03-19.00.12:922][  0]LogRHI: GeForceNow SDK initialized: 1
[2024.07.03-19.00.13:131][  0]LogTargetPlatformManager: Display: Loaded TargetPlatform 'WindowsNoEditor'
[2024.07.03-19.00.13:134][  0]LogTargetPlatformManager: Display: Loaded TargetPlatform 'Windows'
[2024.07.03-19.00.13:137][  0]LogTargetPlatformManager: Display: Loaded TargetPlatform 'WindowsClient'
[2024.07.03-19.00.13:140][  0]LogTargetPlatformManager: Display: Loaded TargetPlatform 'WindowsServer'
[2024.07.03-19.00.13:140][  0]LogTargetPlatformManager: Display: Building Assets For Windows
[2024.07.03-19.00.13:145][  0]LogAudioDebug: Display: Lib vorbis DLL was dynamically loaded.
[2024.07.03-19.00.13:167][  0]LogTextureFormatOodle: Display: Oodle Texture 2.9.0 init RDO Off
[2024.07.03-19.00.13:190][  0]LogRendererCore: Ray tracing is disabled. Reason: r.RayTracing=0.
[2024.07.03-19.00.13:190][  0]LogShaderCompilers: Guid format shader working directory is 18 characters bigger than the processId version (D:/RPG_Maker_Git/SoapOpera/Intermediate/Shaders/WorkingDirectory/17484/).
[2024.07.03-19.00.13:190][  0]LogShaderCompilers: Cleaned the shader compiler working directory 'C:/Users/eric/AppData/Local/Temp/UnrealShaderWorkingDir/3279CBE9405674BB5DA760A79FDB3A72/'.
[2024.07.03-19.00.13:190][  0]LogXGEController: Cannot use XGE Controller as Incredibuild is not installed on this machine.
[2024.07.03-19.00.13:190][  0]LogShaderCompilers: Cannot use XGE Shader Compiler as Incredibuild is not installed on this machine.
[2024.07.03-19.00.13:190][  0]LogShaderCompilers: Display: Using Local Shader Compiler.
[2024.07.03-19.00.13:772][  0]LogDerivedDataCache: Display: Max Cache Size: 512 MB
[2024.07.03-19.00.13:812][  0]LogDerivedDataCache: Loaded boot cache 0.04s 94MB C:/Users/eric/AppData/Local/UnrealEngine/4.27/DerivedDataCache/Boot.ddc.
[2024.07.03-19.00.13:812][  0]LogDerivedDataCache: Display: Loaded Boot cache: C:/Users/eric/AppData/Local/UnrealEngine/4.27/DerivedDataCache/Boot.ddc
[2024.07.03-19.00.13:812][  0]LogDerivedDataCache: FDerivedDataBackendGraph:  Pak pak cache file D:/RPG_Maker_Git/SoapOpera/DerivedDataCache/DDC.ddp not found, will not use a pak cache.
[2024.07.03-19.00.13:812][  0]LogDerivedDataCache: Unable to find inner node Pak for hierarchical cache Hierarchy.
[2024.07.03-19.00.13:812][  0]LogDerivedDataCache: FDerivedDataBackendGraph:  CompressedPak pak cache file D:/RPG_Maker_Git/SoapOpera/DerivedDataCache/Compressed.ddp not found, will not use a pak cache.
[2024.07.03-19.00.13:812][  0]LogDerivedDataCache: Unable to find inner node CompressedPak for hierarchical cache Hierarchy.
[2024.07.03-19.00.13:825][  0]LogDerivedDataCache: Display: Pak cache opened for reading ../../../Engine/DerivedDataCache/Compressed.ddp.
[2024.07.03-19.00.13:825][  0]LogDerivedDataCache: FDerivedDataBackendGraph:  EnterprisePak pak cache file ../../../Enterprise/DerivedDataCache/Compressed.ddp not found, will not use a pak cache.
[2024.07.03-19.00.13:825][  0]LogDerivedDataCache: Unable to find inner node EnterprisePak for hierarchical cache Hierarchy.
[2024.07.03-19.00.13:829][  0]LogDerivedDataCache: Speed tests for C:/Users/eric/AppData/Local/UnrealEngine/Common/DerivedDataCache took 0.00 seconds
[2024.07.03-19.00.13:829][  0]LogDerivedDataCache: Display: Performance to C:/Users/eric/AppData/Local/UnrealEngine/Common/DerivedDataCache: Latency=0.01ms. RandomReadSpeed=1594.66MBs, RandomWriteSpeed=283.19MBs. Assigned SpeedClass 'Local'
[2024.07.03-19.00.13:830][  0]LogDerivedDataCache: Using Local data cache path C:/Users/eric/AppData/Local/UnrealEngine/Common/DerivedDataCache: Writable
[2024.07.03-19.00.13:830][  0]LogDerivedDataCache: Shared data cache path not found in *engine.ini, will not use an Shared cache.
[2024.07.03-19.00.13:830][  0]LogDerivedDataCache: Unable to find inner node Shared for hierarchical cache Hierarchy.
[2024.07.03-19.00.13:859][  0]LogSlate: Using FreeType 2.10.0
[2024.07.03-19.00.13:859][  0]LogSlate: SlateFontServices - WITH_FREETYPE: 1, WITH_HARFBUZZ: 1
[2024.07.03-19.00.13:911][  0]LogInit: Using OS detected language (de-DE).
[2024.07.03-19.00.13:911][  0]LogInit: Using OS detected locale (de-DE).
[2024.07.03-19.00.13:911][  0]LogTextLocalizationManager: No localization for 'de-DE' exists, so 'en' will be used for the language.
[2024.07.03-19.00.13:911][  0]LogTextLocalizationManager: No localization for 'de-DE' exists, so 'en' will be used for the locale.
[2024.07.03-19.00.13:911][  0]LogSlate: FontCache flush requested. Reason: Culture for localization was changed
[2024.07.03-19.00.13:911][  0]LogSlate: FontCache flush requested. Reason: Culture for localization was changed
[2024.07.03-19.00.13:913][  0]LogAssetRegistry: FAssetRegistry took 0.0011 seconds to start up
[2024.07.03-19.00.14:030][  0]LogTextLocalizationManager: Compacting localization data took   0.00ms
[2024.07.03-19.00.14:030][  0]LogPackageLocalizationCache: Processed 27 localized package path(s) for 1 prioritized culture(s) in 0.000548 seconds
[2024.07.03-19.00.14:073][  0]LogInit: Selected Device Profile: [Windows]
[2024.07.03-19.00.14:073][  0]LogInit: Active device profile: [00000204A13C1300][00000204A00BA540 49] Windows
[2024.07.03-19.00.14:073][  0]LogInit: Profiles: [00000204A13C1300][00000204A00BA540 49] Windows, [00000204A139AA00][00000204A00C26C0 49] WindowsNoEditor, [00000204A13C2400][00000204A00C6840 49] WindowsServer, [00000204A139B900][00000204A00CA9C0 49] WindowsClient, [00000204A13C3300][00000204A00CEB40 49] IOS, [00000204A1399200][00000204A00D2CC0 49] iPadAir, [00000204A13C3E00][00000204A00D6E40 49] iPadAir2, [00000204A133E100][00000204A00DF100 49] IPadPro, [00000204A133E200][00000204A00DB140 49] iPadAir3, [00000204A139BD00][00000204A00E32C0 49] iPadAir4, [00000204A133F100][00000204A00BF400 49] iPadMini2, [00000204A139AD00][00000204A00E7540 49] iPadMini3, [00000204A133FD00][00000204A00EB680 49] iPadMini4, [00000204A1399E00][00000204A0925800 49] iPadMini5, [00000204A137DA00][00000204A092DAC0 49] iPhone6, [00000204A137DB00][00000204A0929B00 49] iPodTouch6, [00000204A13C2F00][00000204A0934240 49] iPhone7, [00000204A13C3000][00000204A0930280 49] iPodTouch7, [00000204A133DC00][00000204A0938400 49] iPhone5S, [00000204A13C1100][00000204A093C580 49] iPhone6Plus, [00000204A133D800][00000204A0940700 49] iPhone6S, [00000204A13C0400][00000204A0944880 49] iPhone6SPlus, [00000204A133CE00][00000204A0948A00 49] iPhone7Plus, [00000204A13C1700][00000204A094CB80 49] iPhoneSE, [00000204A133CA00][00000204A0950D00 49] iPhone8, [00000204A13C0800][00000204A0954E80 49] iPhone8Plus, [00000204A133DA00][00000204A0959000 49] iPhoneX, [00000204A13C3D00][00000204A095D180 49] iPhoneXS, [00000204A137C200][00000204A0961300 49] iPhoneXSMax, [00000204A133CD00][00000204A0965480 49] iPhoneXR, [00000204A137CC00][00000204A09215C0 49] iPhone11, [00000204A133EE00][00000204A0969700 49] iPhone11Pro, [00000204A137D500][00000204A096D840 49] iPhone11ProMax, [00000204A133FA00][00000204A09759C0 49] iPhoneSE2, [00000204A137C400][00000204A0979B40 49] iPhone12Mini, [00000204A133D200][00000204A097C140 49] iPhone12, [00000204A137FC00][00000204A09802C0 49] iPhone12Pro, [00000204A133E000][00000204A0984440 49] iPhone12ProMax, [00000204A137EC00][00000204A09885C0 49] iPadPro105, [00000204A13C2100][00000204A098C740 49] iPadPro129, [00000204A137D100][00000204A09908C0 49] iPadPro97, [00000204A13C1000][00000204A0994A40 49] iPadPro2_129, [00000204A137CD00][00000204A0998BC0 49] iPad5, [00000204A13C1D00][00000204A099CD40 49] iPad6, [00000204A137C600][00000204A09A0EC0 49] iPad7, [00000204A13C2E00][00000204A09A5040 49] iPad8, [00000204A137F100][00000204A09A91C0 49] iPadPro11, [00000204A13C1B00][00000204A09AD340 49] iPadPro2_11, [00000204A137CA00][00000204A09B14C0 49] iPadPro3_129, [00000204A13C2200][00000204A09B5640 49] iPadPro4_129, [00000204A137ED00][00000204A0971780 49] AppleTV, [00000204A13C0100][00000204A09B98C0 49] AppleTV4K, [00000204A137E600][00000204A09BDA00 49] TVOS, [00000204A13C1500][00000204A09C1B40 49] Mac, [00000204A137F600][00000204A09C8140 49] MacClient, [00000204A13C1F00][00000204A09CC2C0 49] MacNoEditor, [00000204A137FF00][00000204A09D0440 49] MacServer, [00000204A13C3A00][00000204A09D45C0 49] Linux, [00000204A137DC00][00000204A09D8740 49] LinuxAArch64, [00000204A13C3800][00000204A09DC8C0 49] LinuxNoEditor, [00000204A137E400][00000204A09E0A40 49] LinuxAArch64NoEditor, [00000204A13C3500][00000204A09E4BC0 49] LinuxClient, [00000204A137D300][00000204A09E8D40 49] LinuxAArch64Client, [00000204A13C0900][00000204A09ECEC0 49] LinuxServer, [00000204A137D200][00000204A09F1040 49] LinuxAArch64Server, [00000204A13C3600][00000204A09F51C0 49] Android, [00000204A137D900][00000204A09F9340 49] Android_Low, [00000204A13C2700][00000204A09FD4C0 49] Android_Mid, [00000204A137EE00][00000204A0A01640 49] Android_High, [00000204A13C2000][00000204A0A057C0 49] Android_Default, [00000204A137E800][00000204A09C5900 49] Android_Adreno4xx, [00000204A13C0B00][00000204A0A09A40 49] Android_Adreno5xx_Low, [00000204A137EF00][00000204A0A0DB80 49] Android_Adreno5xx, [00000204A13C0300][00000204A0A10140 49] Android_Adreno6xx, [00000204A137F200][00000204A0A182C0 49] Android_Adreno6xx_Vulkan, [00000204A13C0500][00000204A0A1C440 49] Android_Mali_T6xx, [00000204A137EB00][00000204A0A205C0 49] Android_Mali_T7xx, [00000204A13C0600][00000204A0A24740 49] Android_Mali_T8xx, [00000204A137C700][00000204A0A288C0 49] Android_Mali_G71, [00000204A13C3C00][00000204A0A2CA40 49] Android_Mali_G72, [00000204A137DF00][00000204A0A30BC0 49] Android_Mali_G72_Vulkan, [00000204A13C3100][00000204A0A34D40 49] Android_Mali_G76, [00000204A137DE00][00000204A0A38EC0 49] Android_Mali_G76_Vulkan, [00000204A13C0A00][00000204A0A3D040 49] Android_Mali_G77, [00000204A137C900][00000204A0A411C0 49] Android_Mali_G77_Vulkan, [00000204A13C1800][00000204A0A45340 49] Android_Mali_G78, [00000204A137FD00][00000204A0A494C0 49] Android_Mali_G78_Vulkan, [00000204A139A100][00000204A0A4D640 49] Android_Mali_G710, [00000204A133EF00][00000204A0A517C0 49] Android_Mali_G710_Vulkan, [00000204A139B600][00000204A0A55940 49] Android_Vulkan_SM5, [00000204A133EB00][00000204A0A59AC0 49] Android_PowerVR_G6xxx, [00000204A1398400][00000204A0A15C00 49] Android_PowerVR_GT7xxx, [00000204A133E700][00000204A0A5C1C0 49] Android_PowerVR_GE8xxx, [00000204A1398600][00000204A0A60300 49] Android_PowerVR_GM9xxx, [00000204A133E800][00000204A0A68480 49] Android_PowerVR_GM9xxx_Vulkan, [00000204A1399700][00000204A0A6C600 49] Android_TegraK1, [00000204A133F400][00000204A0A70780 49] Android_Unknown_Vulkan, [00000204A1398700][00000204A0A74900 49] Lumin, [00000204A133ED00][00000204A0A78A80 49] Lumin_Desktop, [00000204A1399A00][00000204A0A7CC00 49] HoloLens, 
[2024.07.03-19.00.14:103][  0]LogMeshReduction: Using QuadricMeshReduction for automatic static mesh reduction
[2024.07.03-19.00.14:103][  0]LogMeshReduction: Using SimplygonMeshReduction for automatic skeletal mesh reduction
[2024.07.03-19.00.14:103][  0]LogMeshReduction: Using ProxyLODMeshReduction for automatic mesh merging
[2024.07.03-19.00.14:103][  0]LogMeshReduction: No distributed automatic mesh merging module available
[2024.07.03-19.00.14:103][  0]LogMeshMerging: No distributed automatic mesh merging module available
[2024.07.03-19.00.14:186][  0]LogNetVersion: SoapOpera 1.0.0, NetCL: 17155196, EngineNetVer: 17, GameNetVer: 0 (Checksum: 611829834)
[2024.07.03-19.00.14:344][  0]LogTexture: Default maximum texture size for cubemaps generated from long-lat sources has been changed from 512 to unlimited. In order to preserve old behaiour for '/Engine/MapTemplates/Sky/DaylightAmbientCubemap.DaylightAmbientCubemap', its maximum texture size has been explicitly set to 512.
[2024.07.03-19.00.14:379][  0]LogHMD: PokeAHoleMaterial loaded successfully
[2024.07.03-19.00.14:453][  0]LogMoviePlayer: Initializing movie player
[2024.07.03-19.00.14:603][  0]LogPython: Using Python 3.7.7
[2024.07.03-19.00.14:906][  0]LogTcpMessaging: Initializing TcpMessaging bridge
[2024.07.03-19.00.14:909][  0]LogUdpMessaging: Initializing bridge on interface 0.0.0.0:0 to multicast group 230.0.0.1:6666.
[2024.07.03-19.00.14:953][  0]LogNiagaraDebuggerClient: Niagara Debugger Client Initialized | Session: 9694E6CF4307CA2ADE61CFBD2CD825A4 | Instance: 0484AB7B4F375D5CF96CAE8F59F734FF (ALVIS-17484).
[2024.07.03-19.00.14:968][  0]LogCollectionManager: Loaded 0 collections in 0.001328 seconds
[2024.07.03-19.00.14:971][  0]LogFileCache: Scanning file cache for directory 'D:/RPG_Maker_Git/SoapOpera/Saved/Collections/' took 0.00s
[2024.07.03-19.00.14:971][  0]LogFileCache: Scanning file cache for directory 'D:/RPG_Maker_Git/SoapOpera/Content/Developers/eric/Collections/' took 0.00s
[2024.07.03-19.00.14:971][  0]LogFileCache: Scanning file cache for directory 'D:/RPG_Maker_Git/SoapOpera/Content/Collections/' took 0.00s
[2024.07.03-19.00.14:971][  0]LogCollectionManager: Fixed up redirectors for 0 collections in 0.000001 seconds (updated 0 objects)
[2024.07.03-19.00.15:026][  0]SourceControl: Source control is disabled
[2024.07.03-19.00.15:026][  0]SourceControl: Source control is disabled
[2024.07.03-19.00.15:028][  0]SourceControl: Source control is disabled
[2024.07.03-19.00.15:033][  0]LogUProjectInfo: Found projects:
[2024.07.03-19.00.15:034][  0]LogVSAccessor: Display: Unable to create Visual Studio setup instance: 80040154
[2024.07.03-19.00.15:035][  0]LogVSAccessor: Display: Unable to create Visual Studio setup instance: 80040154
[2024.07.03-19.00.15:035][  0]LogVSAccessor: Display: Unable to create Visual Studio setup instance: 80040154
[2024.07.03-19.00.15:110][  0]LogOpenImageDenoise: OIDN starting up
[2024.07.03-19.00.15:115][  0]LogAndroidPermission: UAndroidPermissionCallbackProxy::GetInstance
[2024.07.03-19.00.15:127][  0]LogAudioCaptureCore: Display: No Audio Capture implementations found. Audio input will be silent.
[2024.07.03-19.00.15:127][  0]LogAudioCaptureCore: Display: No Audio Capture implementations found. Audio input will be silent.
[2024.07.03-19.00.15:176][  0]LogOcInput: OculusInput pre-init called
[2024.07.03-19.00.15:182][  0]LogUObjectArray: 22121 objects as part of root set at end of initial load.
[2024.07.03-19.00.15:182][  0]LogUObjectAllocator: 5975632 out of 0 bytes used by permanent object pool.
[2024.07.03-19.00.15:182][  0]LogUObjectArray: CloseDisregardForGC: 0/0 objects in disregard for GC pool
[2024.07.03-19.00.15:216][  0]LogEngine: Initializing Engine...
[2024.07.03-19.00.15:217][  0]LogHMD: Failed to enumerate extensions. Please check that you have a valid OpenXR runtime installed.
[2024.07.03-19.00.15:217][  0]LogHMD: Failed to initialize OpenVR with code 110
[2024.07.03-19.00.15:217][  0]LogMagicLeap: Warning: VR disabled because ZI is not enabled.  To enable, in the editor, Edit -> Project Settings -> Plugins -> Magic Leap Plugin -> Enable Zero Iteration
[2024.07.03-19.00.15:219][  0]LogStats: UGameplayTagsManager::InitializeManager -  0.000 s
[2024.07.03-19.00.15:282][  0]LogInit: Initializing FReadOnlyCVARCache
[2024.07.03-19.00.15:282][  0]LogAudio: Display: Initializing Audio Device Manager...
[2024.07.03-19.00.15:285][  0]LogAudio: Display: Loading Default Audio Settings Objects...
[2024.07.03-19.00.15:285][  0]LogAudio: Display: No default SoundConcurrencyObject specified (or failed to load).
[2024.07.03-19.00.15:285][  0]LogAudio: Display: Audio Device Manager Initialized
[2024.07.03-19.00.15:285][  0]LogAudio: Display: Creating Audio Device:                 Id: 1, Scope: Shared, Realtime: True
[2024.07.03-19.00.15:285][  0]LogAudioMixer: Display: Audio Mixer Platform Settings:
[2024.07.03-19.00.15:285][  0]LogAudioMixer: Display: 	Sample Rate:						  48000
[2024.07.03-19.00.15:285][  0]LogAudioMixer: Display: 	Callback Buffer Frame Size Requested: 1024
[2024.07.03-19.00.15:285][  0]LogAudioMixer: Display: 	Callback Buffer Frame Size To Use:	  1024
[2024.07.03-19.00.15:285][  0]LogAudioMixer: Display: 	Number of buffers to queue:			  2
[2024.07.03-19.00.15:285][  0]LogAudioMixer: Display: 	Max Channels (voices):				  32
[2024.07.03-19.00.15:285][  0]LogAudioMixer: Display: 	Number of Async Source Workers:		  0
[2024.07.03-19.00.15:285][  0]LogAudio: Display: AudioDevice MaxSources: 32
[2024.07.03-19.00.15:286][  0]LogAudio: Display: Audio Spatialization Plugin: None (built-in).
[2024.07.03-19.00.15:286][  0]LogAudio: Display: Audio Reverb Plugin: None (built-in).
[2024.07.03-19.00.15:286][  0]LogAudio: Display: Audio Occlusion Plugin: None (built-in).
[2024.07.03-19.00.15:286][  0]LogAudioMixer: Display: Initializing audio mixer.
[2024.07.03-19.00.15:293][  0]LogAudioMixer: Display: 0: FrontLeft
[2024.07.03-19.00.15:293][  0]LogAudioMixer: Display: 1: FrontRight
[2024.07.03-19.00.15:306][  0]LogAudioMixer: Display: Using Audio Device Lautsprecher (Realtek(R) Audio)
[2024.07.03-19.00.15:309][  0]LogAudioMixer: Display: Initializing Sound Submixes...
[2024.07.03-19.00.15:311][  0]LogAudioMixer: Display: Creating Master Submix 'MasterSubmixDefault'
[2024.07.03-19.00.15:311][  0]LogAudioMixer: Display: Creating Master Submix 'MasterReverbSubmixDefault'
[2024.07.03-19.00.15:312][  0]LogAudioMixer: Display: Creating Master Submix 'MasterEQSubmixDefault'
[2024.07.03-19.00.15:312][  0]LogAudioMixer: FMixerPlatformXAudio2::StartAudioStream() called
[2024.07.03-19.00.15:312][  0]LogAudioMixer: Display: Output buffers initialized: Frames=1024, Channels=2, Samples=2048
[2024.07.03-19.00.15:312][  0]LogAudioMixer: Display: Starting AudioMixerPlatformInterface::RunInternal()
[2024.07.03-19.00.15:312][  0]LogAudioMixer: Display: FMixerPlatformXAudio2::SubmitBuffer() called for the first time
[2024.07.03-19.00.15:312][  0]LogInit: FAudioDevice initialized.
[2024.07.03-19.00.15:313][  0]LogNetVersion: Set ProjectVersion to 1.0.0.0. Version Checksum will be recalculated on next use.
[2024.07.03-19.00.15:314][  0]LogInit: Texture streaming: Enabled
[2024.07.03-19.00.15:360][  0]LogAudio: Display: Audio Device (ID: 1) registered with world 'Untitled'.
[2024.07.03-19.00.15:361][  0]LogSlate: Updating window title bar state: overlay mode, drag disabled, window buttons hidden, title bar hidden
[2024.07.03-19.00.15:361][  0]LogInit: Display: Game Engine Initialized.
[2024.07.03-19.00.15:361][  0]LogNiagaraEditor: GEditor isn't valid! Particle reset commands will not work for Niagara components!
[2024.07.03-19.00.15:443][  0]LogInit: Display: Starting Game.
[2024.07.03-19.00.15:443][  0]LogNet: Browse: /Game/StartMenu/MainMenuLevel?Name=Player
[2024.07.03-19.00.15:443][  0]LogLoad: LoadMap: /Game/StartMenu/MainMenuLevel?Name=Player
[2024.07.03-19.00.15:443][  0]LogWorld: BeginTearingDown for /Temp/Untitled_0
[2024.07.03-19.00.15:444][  0]LogWorld: UWorld::CleanupWorld for Untitled, bSessionEnded=true, bCleanupResources=true
[2024.07.03-19.00.15:444][  0]LogSlate: InvalidateAllWidgets triggered.  All widgets were invalidated
[2024.07.03-19.00.15:446][  0]LogAudio: Display: Audio Device unregistered from world 'None'.
[2024.07.03-19.00.15:447][  0]LogUObjectHash: Compacting FUObjectHashTables data took   0.52ms
[2024.07.03-19.00.15:459][  0]LogAudio: Display: Audio Device (ID: 1) registered with world 'MainMenuLevel'.
[2024.07.03-19.00.15:464][  0]LogAIModule: Creating AISystem for world MainMenuLevel
[2024.07.03-19.00.15:659][  0]LogLoad: Game class is 'ThirdPersonGameMode_C'
[2024.07.03-19.00.15:659][  0]LogWorld: Bringing World /Game/StartMenu/MainMenuLevel.MainMenuLevel up for play (max tick rate 0) at 2024.07.03-21.00.15
[2024.07.03-19.00.15:659][  0]LogWorld: Bringing up level for play took: 0.000372
[2024.07.03-19.00.15:660][  0]LogGameMode: FindPlayerStart: PATHS NOT DEFINED or NO PLAYERSTART with positive rating
[2024.07.03-19.00.15:662][  0]LogPlayerController: Error: InputMode:UIOnly - Attempting to focus Non-Focusable widget SObjectWidget [Widget.cpp(799)]!
[2024.07.03-19.00.15:662][  0]LogViewport: Display: Viewport MouseLockMode Changed, LockOnCapture -> DoNotLock
[2024.07.03-19.00.15:662][  0]LogViewport: Display: Viewport MouseCaptureMode Changed, CapturePermanently_IncludingInitialMouseDown -> NoCapture
[2024.07.03-19.00.15:662][  0]LogLoad: Took 0.218985 seconds to LoadMap(/Game/StartMenu/MainMenuLevel)
[2024.07.03-19.00.15:723][  0]LogSlate: Took 0.000112 seconds to synchronously load lazily loaded font '../../../Engine/Content/Slate/Fonts/Roboto-Regular.ttf' (155K)
[2024.07.03-19.00.15:753][  0]LogRenderer: Reallocating scene render targets to support 1280x720 Format 10 NumSamples 1 (Frame:1).
[2024.07.03-19.00.15:753][  0]LogInit: Display: Engine is initialized. Leaving FEngineLoop::Init()
[2024.07.03-19.00.15:753][  0]LogLoad: (Engine Initialization) Total time: 3.83 seconds
[2024.07.03-19.00.15:753][  0]LogLoad: (Engine Initialization) Total Blueprint compile time: 0.00 seconds
[2024.07.03-19.00.15:756][  0]LogContentStreaming: Texture pool size now 1000 MB
[2024.07.03-19.00.15:759][  0]LogSlate: InvalidateAllWidgets triggered.  All widgets were invalidated
[2024.07.03-19.00.15:781][  1]LogSlate: Took 0.000094 seconds to synchronously load lazily loaded font '../../../Engine/Content/Slate/Fonts/Roboto-Regular.ttf' (155K)
[2024.07.03-19.00.29:568][807]LogViewport: Display: Viewport MouseLockMode Changed, DoNotLock -> LockOnCapture
[2024.07.03-19.00.29:568][807]LogViewport: Display: Viewport MouseCaptureMode Changed, NoCapture -> CapturePermanently
[2024.07.03-19.00.29:625][807]LogPackageName: SearchForPackageOnDisk took   0.056s to resolve ThirdPersonExampleMap.umap.
[2024.07.03-19.00.29:680][807]LogPackageName: SearchForPackageOnDisk took   0.055s to resolve ThirdPersonExampleMap.umap.
[2024.07.03-19.00.29:680][807]LogNet: Browse: /Game/ThirdPersonBP/Maps/ThirdPersonExampleMap
[2024.07.03-19.00.29:680][807]LogLoad: LoadMap: /Game/ThirdPersonBP/Maps/ThirdPersonExampleMap
[2024.07.03-19.00.29:680][807]LogWorld: BeginTearingDown for /Game/StartMenu/MainMenuLevel
[2024.07.03-19.00.29:681][807]LogWorld: UWorld::CleanupWorld for MainMenuLevel, bSessionEnded=true, bCleanupResources=true
[2024.07.03-19.00.29:681][807]LogSlate: InvalidateAllWidgets triggered.  All widgets were invalidated
[2024.07.03-19.00.29:712][807]LogAudio: Display: Audio Device unregistered from world 'None'.
[2024.07.03-19.00.29:721][807]LogUObjectHash: Compacting FUObjectHashTables data took   0.54ms
[2024.07.03-19.00.30:076][807]LogAudio: Display: Audio Device (ID: 1) registered with world 'ThirdPersonExampleMap'.
[2024.07.03-19.00.30:077][807]LogAIModule: Creating AISystem for world ThirdPersonExampleMap
[2024.07.03-19.00.30:077][807]LogLoad: Game class is 'GameMode_BP_C'
[2024.07.03-19.00.30:087][807]LogWorld: Bringing World /Game/ThirdPersonBP/Maps/ThirdPersonExampleMap.ThirdPersonExampleMap up for play (max tick rate 0) at 2024.07.03-21.00.30
[2024.07.03-19.00.30:088][807]LogWorld: Bringing up level for play took: 0.010651
[2024.07.03-19.00.30:090][807]LogStreaming: Warning: Failed to read file 'D:/RPG_Maker_Git/SoapOpera/Saved/SaveGames/save1.sav' error.
[2024.07.03-19.00.30:090][807]LogStreaming: Warning: Failed to read file 'D:/RPG_Maker_Git/SoapOpera/Saved/SaveGames/save1.sav' error.
[2024.07.03-19.00.30:091][807]LogLoad: Took 0.410367 seconds to LoadMap(/Game/ThirdPersonBP/Maps/ThirdPersonExampleMap)
[2024.07.03-19.00.30:092][808]LogAudio: Warning: Detected orphaned looping sound 'Seascape-Knuckles-Chaotix-_OST_'.
[2024.07.03-19.00.58:707][522]LogNet: Browse: /Game/ThirdPersonBP/Maps/ThirdPersonExampleMap
[2024.07.03-19.00.58:707][522]LogLoad: LoadMap: /Game/ThirdPersonBP/Maps/ThirdPersonExampleMap
[2024.07.03-19.00.58:707][522]LogWorld: BeginTearingDown for /Game/ThirdPersonBP/Maps/ThirdPersonExampleMap
[2024.07.03-19.00.58:707][522]LogWorld: UWorld::CleanupWorld for ThirdPersonExampleMap, bSessionEnded=true, bCleanupResources=true
[2024.07.03-19.00.58:707][522]LogSlate: InvalidateAllWidgets triggered.  All widgets were invalidated
[2024.07.03-19.00.58:734][522]LogAudio: Display: Audio Device unregistered from world 'None'.
[2024.07.03-19.00.58:759][522]LogUObjectHash: Compacting FUObjectHashTables data took   0.41ms
[2024.07.03-19.00.59:112][522]LogAudio: Display: Audio Device (ID: 1) registered with world 'ThirdPersonExampleMap'.
[2024.07.03-19.00.59:112][522]LogAIModule: Creating AISystem for world ThirdPersonExampleMap
[2024.07.03-19.00.59:112][522]LogLoad: Game class is 'GameMode_BP_C'
[2024.07.03-19.00.59:123][522]LogWorld: Bringing World /Game/ThirdPersonBP/Maps/ThirdPersonExampleMap.ThirdPersonExampleMap up for play (max tick rate 0) at 2024.07.03-21.00.59
[2024.07.03-19.00.59:124][522]LogWorld: Bringing up level for play took: 0.010276
[2024.07.03-19.00.59:126][522]LogLoad: Took 0.419083 seconds to LoadMap(/Game/ThirdPersonBP/Maps/ThirdPersonExampleMap)
[2024.07.03-19.00.59:127][523]LogAudio: Warning: Detected orphaned looping sound 'Seascape-Knuckles-Chaotix-_OST_'.
[2024.07.03-19.01.33:207][568]LogNet: Browse: /Game/ThirdPersonBP/Maps/ThirdPersonExampleMap
[2024.07.03-19.01.33:207][568]LogLoad: LoadMap: /Game/ThirdPersonBP/Maps/ThirdPersonExampleMap
[2024.07.03-19.01.33:207][568]LogWorld: BeginTearingDown for /Game/ThirdPersonBP/Maps/ThirdPersonExampleMap
[2024.07.03-19.01.33:207][568]LogWorld: UWorld::CleanupWorld for ThirdPersonExampleMap, bSessionEnded=true, bCleanupResources=true
[2024.07.03-19.01.33:207][568]LogSlate: InvalidateAllWidgets triggered.  All widgets were invalidated
[2024.07.03-19.01.33:244][568]LogAudio: Display: Waited 35.016800 ms for audio thread.
[2024.07.03-19.01.33:249][568]LogAudio: Display: Waited 40.885201 ms for audio thread.
[2024.07.03-19.01.33:255][568]LogAudio: Display: Audio Device unregistered from world 'None'.
[2024.07.03-19.01.33:261][568]LogUObjectHash: Compacting FUObjectHashTables data took   0.45ms
[2024.07.03-19.01.33:611][568]LogAudio: Display: Audio Device (ID: 1) registered with world 'ThirdPersonExampleMap'.
[2024.07.03-19.01.33:611][568]LogAIModule: Creating AISystem for world ThirdPersonExampleMap
[2024.07.03-19.01.33:612][568]LogLoad: Game class is 'GameMode_BP_C'
[2024.07.03-19.01.33:622][568]LogWorld: Bringing World /Game/ThirdPersonBP/Maps/ThirdPersonExampleMap.ThirdPersonExampleMap up for play (max tick rate 0) at 2024.07.03-21.01.33
[2024.07.03-19.01.33:622][568]LogWorld: Bringing up level for play took: 0.009943
[2024.07.03-19.01.33:625][568]LogLoad: Took 0.417278 seconds to LoadMap(/Game/ThirdPersonBP/Maps/ThirdPersonExampleMap)
[2024.07.03-19.01.33:626][569]LogAudio: Warning: Detected orphaned looping sound 'Seascape-Knuckles-Chaotix-_OST_'.
[2024.07.03-19.01.45:193][263]LogNet: Browse: /Game/ThirdPersonBP/Maps/ThirdPersonExampleMap
[2024.07.03-19.01.45:193][263]LogLoad: LoadMap: /Game/ThirdPersonBP/Maps/ThirdPersonExampleMap
[2024.07.03-19.01.45:193][263]LogWorld: BeginTearingDown for /Game/ThirdPersonBP/Maps/ThirdPersonExampleMap
[2024.07.03-19.01.45:194][263]LogWorld: UWorld::CleanupWorld for ThirdPersonExampleMap, bSessionEnded=true, bCleanupResources=true
[2024.07.03-19.01.45:194][263]LogSlate: InvalidateAllWidgets triggered.  All widgets were invalidated
[2024.07.03-19.01.45:235][263]LogAudio: Display: Audio Device unregistered from world 'None'.
[2024.07.03-19.01.45:247][263]LogUObjectHash: Compacting FUObjectHashTables data took   0.45ms
[2024.07.03-19.01.45:599][263]LogAudio: Display: Audio Device (ID: 1) registered with world 'ThirdPersonExampleMap'.
[2024.07.03-19.01.45:599][263]LogAIModule: Creating AISystem for world ThirdPersonExampleMap
[2024.07.03-19.01.45:599][263]LogLoad: Game class is 'GameMode_BP_C'
[2024.07.03-19.01.45:608][263]LogWorld: Bringing World /Game/ThirdPersonBP/Maps/ThirdPersonExampleMap.ThirdPersonExampleMap up for play (max tick rate 0) at 2024.07.03-21.01.45
[2024.07.03-19.01.45:609][263]LogWorld: Bringing up level for play took: 0.009222
[2024.07.03-19.01.45:611][263]LogLoad: Took 0.417745 seconds to LoadMap(/Game/ThirdPersonBP/Maps/ThirdPersonExampleMap)
[2024.07.03-19.01.45:612][264]LogAudio: Warning: Detected orphaned looping sound 'Seascape-Knuckles-Chaotix-_OST_'.
[2024.07.03-19.01.57:892][  0]LogNet: Browse: /Game/ThirdPersonBP/Maps/ThirdPersonExampleMap
[2024.07.03-19.01.57:892][  0]LogLoad: LoadMap: /Game/ThirdPersonBP/Maps/ThirdPersonExampleMap
[2024.07.03-19.01.57:892][  0]LogWorld: BeginTearingDown for /Game/ThirdPersonBP/Maps/ThirdPersonExampleMap
[2024.07.03-19.01.57:893][  0]LogWorld: UWorld::CleanupWorld for ThirdPersonExampleMap, bSessionEnded=true, bCleanupResources=true
[2024.07.03-19.01.57:893][  0]LogSlate: InvalidateAllWidgets triggered.  All widgets were invalidated
[2024.07.03-19.01.57:929][  0]LogAudio: Display: Waited 35.423199 ms for audio thread.
[2024.07.03-19.01.57:929][  0]LogAudio: Display: Waited 35.986099 ms for audio thread.
[2024.07.03-19.01.57:935][  0]LogAudio: Display: Audio Device unregistered from world 'None'.
[2024.07.03-19.01.57:947][  0]LogUObjectHash: Compacting FUObjectHashTables data took   0.44ms
[2024.07.03-19.01.58:297][  0]LogAudio: Display: Audio Device (ID: 1) registered with world 'ThirdPersonExampleMap'.
[2024.07.03-19.01.58:297][  0]LogAIModule: Creating AISystem for world ThirdPersonExampleMap
[2024.07.03-19.01.58:297][  0]LogLoad: Game class is 'GameMode_BP_C'
[2024.07.03-19.01.58:307][  0]LogWorld: Bringing World /Game/ThirdPersonBP/Maps/ThirdPersonExampleMap.ThirdPersonExampleMap up for play (max tick rate 0) at 2024.07.03-21.01.58
[2024.07.03-19.01.58:308][  0]LogWorld: Bringing up level for play took: 0.009976
[2024.07.03-19.01.58:310][  0]LogLoad: Took 0.418069 seconds to LoadMap(/Game/ThirdPersonBP/Maps/ThirdPersonExampleMap)
[2024.07.03-19.01.58:311][  1]LogAudio: Warning: Detected orphaned looping sound 'Seascape-Knuckles-Chaotix-_OST_'.
[2024.07.03-19.02.01:676][202]Closing by request
[2024.07.03-19.02.01:676][202]LogWindows: FPlatformMisc::RequestExit(0)
[2024.07.03-19.02.01:676][202]LogWindows: FPlatformMisc::RequestExitWithStatus(0, 0)
[2024.07.03-19.02.01:676][202]LogCore: Engine exit requested (reason: Win RequestExit)
[2024.07.03-19.02.01:692][203]LogCore: Engine exit requested (reason: EngineExit() was called; note: exit was already requested)
[2024.07.03-19.02.01:692][203]LogInit: Display: PreExit Game.
[2024.07.03-19.02.01:697][203]LogWorld: BeginTearingDown for /Game/ThirdPersonBP/Maps/ThirdPersonExampleMap
[2024.07.03-19.02.01:697][203]LogWorld: UWorld::CleanupWorld for ThirdPersonExampleMap, bSessionEnded=true, bCleanupResources=true
[2024.07.03-19.02.01:698][203]LogSlate: InvalidateAllWidgets triggered.  All widgets were invalidated
[2024.07.03-19.02.02:253][203]LogAudio: Display: Beginning Audio Device Manager Shutdown (Module: AudioMixerXAudio2)...
[2024.07.03-19.02.02:253][203]LogAudio: Display: Destroying 1 Remaining Audio Device(s)...
[2024.07.03-19.02.02:253][203]LogAudio: Display: Audio Device unregistered from world 'ThirdPersonExampleMap'.
[2024.07.03-19.02.02:279][203]LogAudioMixer: FMixerPlatformXAudio2::StopAudioStream() called
[2024.07.03-19.02.02:280][203]LogAudioMixer: FMixerPlatformXAudio2::StopAudioStream() called
[2024.07.03-19.02.02:282][203]LogAudio: Display: Audio Device Manager Shutdown
[2024.07.03-19.02.02:284][203]LogSlate: Window 'SoapOpera (64-bit Development PCD3D_SM5) ' being destroyed
[2024.07.03-19.02.02:285][203]LogWindowsTextInputMethodSystem: Display: IME system deactivated.
[2024.07.03-19.02.02:291][203]LogExit: Preparing to exit.
[2024.07.03-19.02.02:946][203]LogUObjectHash: Compacting FUObjectHashTables data took   0.63ms
[2024.07.03-19.02.02:982][203]LogMoviePlayer: Shutting down movie player
[2024.07.03-19.02.03:050][203]LogSlate: Updating window title bar state: overlay mode, drag disabled, window buttons hidden, title bar hidden
[2024.07.03-19.02.03:069][203]LogDemo: Cleaned up 0 splitscreen connections with owner deletion
[2024.07.03-19.02.03:071][203]LogExit: Game engine shut down
[2024.07.03-19.02.03:100][203]LogExit: Object subsystem successfully closed.
[2024.07.03-19.02.03:109][203]LogShaderCompilers: Display: === FShaderJobCache stats ===
[2024.07.03-19.02.03:109][203]LogShaderCompilers: Display: Total job queries 0, among them cache hits 0 (0.00%)
[2024.07.03-19.02.03:109][203]LogShaderCompilers: Display: Tracking 0 distinct input hashes that result in 0 distinct outputs (0.00%)
[2024.07.03-19.02.03:109][203]LogShaderCompilers: Display: RAM used: 0.00 MB (0.00 GB) of 819.20 MB (0.80 GB) budget. Usage: 0.00%
[2024.07.03-19.02.03:109][203]LogShaderCompilers: Display: ================================================
[2024.07.03-19.02.03:122][203]LogShaderCompilers: Display: Shaders left to compile 0
[2024.07.03-19.02.03:132][203]LogModuleManager: Shutting down and abandoning module SequenceRecorderSections (560)
[2024.07.03-19.02.03:132][203]LogModuleManager: Shutting down and abandoning module SequenceRecorder (558)
[2024.07.03-19.02.03:132][203]LogModuleManager: Shutting down and abandoning module AutomationController (556)
[2024.07.03-19.02.03:132][203]LogModuleManager: Shutting down and abandoning module AutomationWorker (554)
[2024.07.03-19.02.03:132][203]LogModuleManager: Shutting down and abandoning module Voice (552)
[2024.07.03-19.02.03:132][203]LogModuleManager: Shutting down and abandoning module AnimGraph (550)
[2024.07.03-19.02.03:132][203]LogModuleManager: Shutting down and abandoning module AIModule (548)
[2024.07.03-19.02.03:132][203]LogModuleManager: Shutting down and abandoning module GameplayDebugger (547)
[2024.07.03-19.02.03:132][203]LogModuleManager: Shutting down and abandoning module AITestSuite (545)
[2024.07.03-19.02.03:132][203]LogModuleManager: Shutting down and abandoning module NavigationSystem (543)
[2024.07.03-19.02.03:132][203]LogModuleManager: Shutting down and abandoning module SteamVREditor (540)
[2024.07.03-19.02.03:132][203]LogModuleManager: Shutting down and abandoning module ToolMenus (539)
[2024.07.03-19.02.03:132][203]LogModuleManager: Shutting down and abandoning module OculusMR (536)
[2024.07.03-19.02.03:132][203]LogModuleManager: Shutting down and abandoning module TakeRecorderSources (534)
[2024.07.03-19.02.03:132][203]LogModuleManager: Shutting down and abandoning module TakeRecorder (533)
[2024.07.03-19.02.03:132][203]LogModuleManager: Shutting down and abandoning module TakeTrackRecorders (530)
[2024.07.03-19.02.03:132][203]LogModuleManager: Shutting down and abandoning module TakesCore (528)
[2024.07.03-19.02.03:132][203]LogModuleManager: Shutting down and abandoning module OpenXRInput (526)
[2024.07.03-19.02.03:132][203]LogModuleManager: Shutting down and abandoning module PlanarCut (524)
[2024.07.03-19.02.03:132][203]LogModuleManager: Shutting down and abandoning module WebMMediaFactory (522)
[2024.07.03-19.02.03:132][203]LogModuleManager: Shutting down and abandoning module WebMMedia (520)
[2024.07.03-19.02.03:132][203]LogModuleManager: Shutting down and abandoning module WmfMediaFactory (518)
[2024.07.03-19.02.03:132][203]LogModuleManager: Shutting down and abandoning module OpenExrWrapper (516)
[2024.07.03-19.02.03:132][203]LogModuleManager: Shutting down and abandoning module ImgMediaFactory (514)
[2024.07.03-19.02.03:132][203]LogModuleManager: Shutting down and abandoning module AvfMediaFactory (512)
[2024.07.03-19.02.03:132][203]LogModuleManager: Shutting down and abandoning module CharacterAI (510)
[2024.07.03-19.02.03:132][203]LogModuleManager: Shutting down and abandoning module MagicLeapMediaCodecFactory (508)
[2024.07.03-19.02.03:132][203]LogModuleManager: Shutting down and abandoning module MagicLeapMediaFactory (506)
[2024.07.03-19.02.03:132][203]LogModuleManager: Shutting down and abandoning module SessionServices (504)
[2024.07.03-19.02.03:132][203]LogModuleManager: Shutting down and abandoning module MovieSceneCapture (502)
[2024.07.03-19.02.03:132][203]LogModuleManager: Shutting down and abandoning module LiveCoding (500)
[2024.07.03-19.02.03:132][203]LogModuleManager: Shutting down and abandoning module LevelSequence (498)
[2024.07.03-19.02.03:132][203]LogModuleManager: Shutting down and abandoning module MovieSceneTracks (496)
[2024.07.03-19.02.03:132][203]LogModuleManager: Shutting down and abandoning module MovieScene (494)
[2024.07.03-19.02.03:132][203]LogModuleManager: Shutting down and abandoning module StreamingPauseRendering (492)
[2024.07.03-19.02.03:132][203]LogModuleManager: Shutting down and abandoning module PortalServices (490)
[2024.07.03-19.02.03:132][203]LogModuleManager: Shutting down and abandoning module PortalRpc (488)
[2024.07.03-19.02.03:132][203]LogModuleManager: Shutting down and abandoning module MessagingRpc (486)
[2024.07.03-19.02.03:132][203]LogModuleManager: Shutting down and abandoning module AudioMixerXAudio2 (484)
[2024.07.03-19.02.03:132][203]LogModuleManager: Shutting down and abandoning module AudioMixerCore (483)
[2024.07.03-19.02.03:132][203]LogModuleManager: Shutting down and abandoning module ImageWriteQueue (480)
[2024.07.03-19.02.03:134][203]LogModuleManager: Shutting down and abandoning module ProfilerService (478)
[2024.07.03-19.02.03:302][203]LogModuleManager: Shutting down and abandoning module TaskGraph (476)
[2024.07.03-19.02.03:302][203]LogModuleManager: Shutting down and abandoning module OculusInput (474)
[2024.07.03-19.02.03:302][203]LogModuleManager: Shutting down and abandoning module Synthesis (472)
[2024.07.03-19.02.03:302][203]LogModuleManager: Shutting down and abandoning module ProceduralMeshComponent (470)
[2024.07.03-19.02.03:302][203]LogModuleManager: Shutting down and abandoning module TakeMovieScene (468)
[2024.07.03-19.02.03:302][203]LogModuleManager: Shutting down and abandoning module MobilePatchingUtils (466)
[2024.07.03-19.02.03:302][203]LogModuleManager: Shutting down and abandoning module GooglePAD (464)
[2024.07.03-19.02.03:302][203]LogModuleManager: Shutting down and abandoning module AssetTags (462)
[2024.07.03-19.02.03:302][203]LogModuleManager: Shutting down and abandoning module EditableMesh (460)
[2024.07.03-19.02.03:302][203]LogModuleManager: Shutting down and abandoning module CustomMeshComponent (458)
[2024.07.03-19.02.03:302][203]LogModuleManager: Shutting down and abandoning module CableComponent (456)
[2024.07.03-19.02.03:302][203]LogModuleManager: Shutting down and abandoning module AudioCapture (454)
[2024.07.03-19.02.03:302][203]LogModuleManager: Shutting down and abandoning module AudioCaptureRtAudio (453)
[2024.07.03-19.02.03:302][203]LogModuleManager: Shutting down and abandoning module ArchVisCharacter (450)
[2024.07.03-19.02.03:302][203]LogModuleManager: Shutting down and abandoning module AppleImageUtilsBlueprintSupport (448)
[2024.07.03-19.02.03:302][203]LogModuleManager: Shutting down and abandoning module AppleImageUtils (446)
[2024.07.03-19.02.03:302][203]LogModuleManager: Shutting down and abandoning module AndroidPermission (444)
[2024.07.03-19.02.03:302][203]LogModuleManager: Shutting down and abandoning module ActorLayerUtilities (442)
[2024.07.03-19.02.03:302][203]LogModuleManager: Shutting down and abandoning module TemplateSequence (440)
[2024.07.03-19.02.03:302][203]LogModuleManager: Shutting down and abandoning module OpenImageDenoise (438)
[2024.07.03-19.02.03:302][203]LogOpenImageDenoise: OIDN shutting down
[2024.07.03-19.02.03:302][203]LogModuleManager: Shutting down and abandoning module MotoSynth (436)
[2024.07.03-19.02.03:302][203]LogModuleManager: Shutting down and abandoning module MeshConversion (434)
[2024.07.03-19.02.03:302][203]LogModuleManager: Shutting down and abandoning module DynamicMesh (432)
[2024.07.03-19.02.03:302][203]LogModuleManager: Shutting down and abandoning module GeometryAlgorithms (430)
[2024.07.03-19.02.03:302][203]LogModuleManager: Shutting down and abandoning module GeometricObjects (428)
[2024.07.03-19.02.03:302][203]LogModuleManager: Shutting down and abandoning module GeometryCollectionTracks (426)
[2024.07.03-19.02.03:302][203]LogModuleManager: Shutting down and abandoning module GeometryCollectionSequencer (425)
[2024.07.03-19.02.03:302][203]LogModuleManager: Shutting down and abandoning module GeometryCacheTracks (422)
[2024.07.03-19.02.03:302][203]LogModuleManager: Shutting down and abandoning module GeometryCacheSequencer (421)
[2024.07.03-19.02.03:302][203]LogModuleManager: Shutting down and abandoning module GeometryCache (418)
[2024.07.03-19.02.03:302][203]LogModuleManager: Shutting down and abandoning module GeometryCacheEd (417)
[2024.07.03-19.02.03:302][203]LogModuleManager: Shutting down and abandoning module MediaCompositing (414)
[2024.07.03-19.02.03:302][203]LogModuleManager: Shutting down and abandoning module ImgMedia (412)
[2024.07.03-19.02.03:302][203]LogModuleManager: Shutting down and abandoning module ChaosNiagara (410)
[2024.07.03-19.02.03:302][203]LogModuleManager: Shutting down and abandoning module FieldSystemEngine (409)
[2024.07.03-19.02.03:302][203]LogModuleManager: Shutting down and abandoning module BackChannel (406)
[2024.07.03-19.02.03:302][203]LogModuleManager: Shutting down and abandoning module AutomationUtils (404)
[2024.07.03-19.02.03:302][203]LogModuleManager: Shutting down and abandoning module MagicLeapSharedWorld (402)
[2024.07.03-19.02.03:302][203]LogModuleManager: Shutting down and abandoning module MagicLeapLightEstimation (400)
[2024.07.03-19.02.03:302][203]LogModuleManager: Shutting down and abandoning module MagicLeapHelperVulkan (398)
[2024.07.03-19.02.03:302][203]LogModuleManager: Shutting down and abandoning module MagicLeapHelperOpenGL (396)
[2024.07.03-19.02.03:302][203]LogModuleManager: Shutting down and abandoning module MagicLeapAudio (394)
[2024.07.03-19.02.03:302][203]LogModuleManager: Shutting down and abandoning module UObjectPlugin (392)
[2024.07.03-19.02.03:302][203]LogModuleManager: Shutting down and abandoning module VisualStudioCodeSourceCodeAccess (390)
[2024.07.03-19.02.03:302][203]LogModuleManager: Shutting down and abandoning module VisualStudioSourceCodeAccess (388)
[2024.07.03-19.02.03:302][203]LogModuleManager: Shutting down and abandoning module HotReload (387)
[2024.07.03-19.02.03:303][203]LogModuleManager: Shutting down and abandoning module PerforceSourceControl (384)
[2024.07.03-19.02.03:303][203]LogModuleManager: Shutting down and abandoning module SubversionSourceControl (382)
[2024.07.03-19.02.03:303][203]LogModuleManager: Shutting down and abandoning module SourceControl (381)
[2024.07.03-19.02.03:303][203]LogModuleManager: Shutting down and abandoning module CLionSourceCodeAccess (378)
[2024.07.03-19.02.03:303][203]LogModuleManager: Shutting down and abandoning module OodleNetworkHandlerComponent (376)
[2024.07.03-19.02.03:303][203]LogModuleManager: Shutting down and abandoning module LiveLinkSequencer (374)
[2024.07.03-19.02.03:303][203]LogModuleManager: Shutting down and abandoning module LiveLinkMovieScene (372)
[2024.07.03-19.02.03:303][203]LogModuleManager: Shutting down and abandoning module LiveLinkGraphNode (370)
[2024.07.03-19.02.03:303][203]LogModuleManager: Shutting down and abandoning module LiveLinkComponents (368)
[2024.07.03-19.02.03:303][203]LogModuleManager: Shutting down and abandoning module LiveLink (366)
[2024.07.03-19.02.04:025][203]LogModuleManager: Shutting down and abandoning module GameplayTagsEditor (364)
[2024.07.03-19.02.04:025][203]LogModuleManager: Shutting down and abandoning module FacialAnimation (362)
[2024.07.03-19.02.04:025][203]LogModuleManager: Shutting down and abandoning module NiagaraAnimNotifies (360)
[2024.07.03-19.02.04:025][203]LogModuleManager: Shutting down and abandoning module Niagara (358)
[2024.07.03-19.02.04:025][203]LogModuleManager: Shutting down and abandoning module SignalProcessing (357)
[2024.07.03-19.02.04:025][203]LogModuleManager: Shutting down and abandoning module NiagaraEditor (355)
[2024.07.03-19.02.04:025][203]LogModuleManager: Shutting down and abandoning module ContentBrowser (354)
[2024.07.03-19.02.04:025][203]LogModuleManager: Shutting down and abandoning module CollectionManager (353)
[2024.07.03-19.02.04:026][203]LogModuleManager: Shutting down and abandoning module DirectoryWatcher (352)
[2024.07.03-19.02.04:026][203]LogModuleManager: Shutting down and abandoning module ContentBrowserData (349)
[2024.07.03-19.02.04:026][203]LogModuleManager: Shutting down and abandoning module NiagaraCore (344)
[2024.07.03-19.02.04:026][203]LogModuleManager: Shutting down and abandoning module SoundFields (342)
[2024.07.03-19.02.04:026][203]LogModuleManager: Shutting down and abandoning module SignificanceManager (340)
[2024.07.03-19.02.04:026][203]LogModuleManager: Shutting down and abandoning module RuntimePhysXCooking (338)
[2024.07.03-19.02.04:026][203]LogModuleManager: Shutting down and abandoning module PropertyAccessEditor (336)
[2024.07.03-19.02.04:026][203]LogModuleManager: Shutting down and abandoning module PhysXVehiclesEditor (334)
[2024.07.03-19.02.04:026][203]LogModuleManager: Shutting down and abandoning module LocationServicesBPLibrary (330)
[2024.07.03-19.02.04:026][203]LogModuleManager: Shutting down and abandoning module AudioSynesthesia (328)
[2024.07.03-19.02.04:026][203]LogModuleManager: Shutting down and abandoning module AudioSynesthesiaCore (326)
[2024.07.03-19.02.04:026][203]LogModuleManager: Shutting down and abandoning module ActorSequence (324)
[2024.07.03-19.02.04:026][203]LogModuleManager: Shutting down and abandoning module UdpMessaging (322)
