Log file open, 07/01/24 20:49:52
LogWindows: Failed to load 'aqProf.dll' (GetLastError=126)
LogWindows: File 'aqProf.dll' does not exist
LogWindows: Failed to load 'VtuneApi.dll' (GetLastError=126)
LogWindows: File 'VtuneApi.dll' does not exist
LogWindows: Failed to load 'VtuneApi32e.dll' (GetLastError=126)
LogWindows: File 'VtuneApi32e.dll' does not exist
LogConsoleResponse: Display: Failed to find resolution value strings in scalability ini. Falling back to default.
LogConsoleResponse: Display: Failed to find resolution value strings in scalability ini. Falling back to default.
LogInit: Display: Running engine for game: SoapOpera
LogPlatformFile: Not using cached read wrapper
LogTaskGraph: Started task graph with 5 named threads and 35 total threads with 3 sets of task threads.
LogStats: Stats thread started at 0.193680
LogICUInternationalization: ICU TimeZone Detection - Raw Offset: +1:00, Platform Override: ''
LogInit: Display: Loading text-based GConfig....
LogPluginManager: Mounting plugin MeshPainting
LogPluginManager: Mounting plugin XGEController
LogPluginManager: Mounting plugin Paper2D
LogPluginManager: Mounting plugin LiveLink
LogPluginManager: Mounting plugin AISupport
LogPluginManager: Mounting plugin EnvironmentQueryEditor
LogPluginManager: Mounting plugin LightPropagationVolume
LogPluginManager: Mounting plugin CameraShakePreviewer
LogPluginManager: Mounting plugin GameplayCameras
LogPluginManager: Mounting plugin OodleData
LogPluginManager: Mounting plugin AssetManagerEditor
LogPluginManager: Mounting plugin OodleNetwork
LogPluginManager: Mounting plugin CurveEditorTools
LogPluginManager: Mounting plugin FacialAnimation
LogPluginManager: Mounting plugin GameplayTagsEditor
LogPluginManager: Mounting plugin GeometryMode
LogPluginManager: Mounting plugin MacGraphicsSwitching
LogPluginManager: Mounting plugin MaterialAnalyzer
LogPluginManager: Mounting plugin MobileLauncherProfileWizard
LogPluginManager: Mounting plugin PluginBrowser
LogPluginManager: Mounting plugin SpeedTreeImporter
LogPluginManager: Mounting plugin DataValidation
LogPluginManager: Mounting plugin Niagara
LogPluginManager: Mounting plugin AnimationSharing
LogPluginManager: Mounting plugin VariantManagerContent
LogPluginManager: Mounting plugin LuminPlatformFeatures
LogPluginManager: Mounting plugin MagicLeap
LogPluginManager: Mounting plugin MagicLeapLightEstimation
LogPluginManager: Mounting plugin MagicLeapMedia
LogPluginManager: Mounting plugin CryptoKeys
LogPluginManager: Mounting plugin CodeLiteSourceCodeAccess
LogPluginManager: Mounting plugin CLionSourceCodeAccess
LogPluginManager: Mounting plugin GitSourceControl
LogPluginManager: Mounting plugin NullSourceCodeAccess
LogPluginManager: Mounting plugin KDevelopSourceCodeAccess
LogPluginManager: Mounting plugin MagicLeapPassableWorld
LogPluginManager: Mounting plugin PerforceSourceControl
LogPluginManager: Mounting plugin PixWinPlugin
LogPluginManager: Mounting plugin PlasticSourceControl
LogPluginManager: Mounting plugin MLSDK
LogPluginManager: Mounting plugin PropertyAccessNode
LogPluginManager: Mounting plugin DatasmithContent
LogPluginManager: Mounting plugin PluginUtils
LogPluginManager: Mounting plugin RiderSourceCodeAccess
LogPluginManager: Mounting plugin TextureFormatOodle
LogPluginManager: Mounting plugin UObjectPlugin
LogPluginManager: Mounting plugin VisualStudioSourceCodeAccess
LogPluginManager: Mounting plugin VisualStudioCodeSourceCodeAccess
LogPluginManager: Mounting plugin XCodeSourceCodeAccess
LogPluginManager: Mounting plugin SubversionSourceControl
LogPluginManager: Mounting plugin AlembicImporter
LogPluginManager: Mounting plugin BackChannel
LogPluginManager: Mounting plugin ChaosCloth
LogPluginManager: Mounting plugin ChaosClothEditor
LogPluginManager: Mounting plugin AutomationUtils
LogPluginManager: Mounting plugin ChaosEditor
LogPluginManager: Mounting plugin ChaosNiagara
LogPluginManager: Mounting plugin ChaosSolverPlugin
LogPluginManager: Mounting plugin CharacterAI
LogPluginManager: Mounting plugin AndroidMedia
LogPluginManager: Mounting plugin AvfMedia
LogPluginManager: Mounting plugin ImgMedia
LogPluginManager: Mounting plugin MediaCompositing
LogPluginManager: Mounting plugin MediaPlayerEditor
LogPluginManager: Mounting plugin WebMMedia
LogPluginManager: Mounting plugin GeometryCache
LogPluginManager: Mounting plugin WmfMedia
LogPluginManager: Mounting plugin GeometryCollectionPlugin
LogPluginManager: Mounting plugin GeometryProcessing
LogPluginManager: Mounting plugin OpenImageDenoise
LogPluginManager: Mounting plugin MotoSynth
LogPluginManager: Mounting plugin PlatformCrypto
LogPluginManager: Mounting plugin PlanarCut
LogPluginManager: Mounting plugin ProxyLODPlugin
LogPluginManager: Mounting plugin PythonScriptPlugin
LogPluginManager: Mounting plugin TcpMessaging
LogPluginManager: Mounting plugin SkeletalReduction
LogPluginManager: Mounting plugin ActorSequence
LogPluginManager: Mounting plugin LevelSequenceEditor
LogPluginManager: Mounting plugin MatineeToLevelSequence
LogPluginManager: Mounting plugin TemplateSequence
LogPluginManager: Mounting plugin LauncherChunkInstaller
LogPluginManager: Mounting plugin OnlineSubsystem
LogPluginManager: Mounting plugin OnlineSubsystemNull
LogPluginManager: Mounting plugin OnlineSubsystemUtils
LogPluginManager: Mounting plugin ScreenshotTools
LogPluginManager: Mounting plugin ActorLayerUtilities
LogPluginManager: Mounting plugin UdpMessaging
LogPluginManager: Mounting plugin Takes
LogPluginManager: Mounting plugin AndroidMoviePlayer
LogPluginManager: Mounting plugin AndroidDeviceProfileSelector
LogPluginManager: Mounting plugin AndroidPermission
LogPluginManager: Mounting plugin AppleImageUtils
LogPluginManager: Mounting plugin AppleMoviePlayer
LogPluginManager: Mounting plugin ArchVisCharacter
LogPluginManager: Mounting plugin AudioCapture
LogPluginManager: Mounting plugin AssetTags
LogPluginManager: Mounting plugin CableComponent
LogPluginManager: Mounting plugin ChunkDownloader
LogPluginManager: Mounting plugin CustomMeshComponent
LogPluginManager: Mounting plugin AudioSynesthesia
LogPluginManager: Mounting plugin EditableMesh
LogPluginManager: Mounting plugin ExampleDeviceProfileSelector
LogPluginManager: Mounting plugin GoogleCloudMessaging
LogPluginManager: Mounting plugin GooglePAD
LogPluginManager: Mounting plugin LocationServicesBPLibrary
LogPluginManager: Mounting plugin MobilePatchingUtils
LogPluginManager: Mounting plugin IOSDeviceProfileSelector
LogPluginManager: Mounting plugin OpenXR
LogPluginManager: Mounting plugin OpenXREyeTracker
LogPluginManager: Mounting plugin OpenXRHandTracking
LogPluginManager: Mounting plugin PhysXVehicles
LogPluginManager: Mounting plugin PostSplashScreen
LogPluginManager: Mounting plugin ProceduralMeshComponent
LogPluginManager: Mounting plugin PropertyAccessEditor
LogPluginManager: Mounting plugin SignificanceManager
LogPluginManager: Mounting plugin SoundFields
LogPluginManager: Mounting plugin LinuxDeviceProfileSelector
LogPluginManager: Mounting plugin Synthesis
LogPluginManager: Mounting plugin WebMMoviePlayer
LogPluginManager: Mounting plugin WindowsMoviePlayer
LogPluginManager: Mounting plugin RuntimePhysXCooking
LogPluginManager: Mounting plugin ContentBrowserClassDataSource
LogPluginManager: Mounting plugin ContentBrowserAssetDataSource
LogPluginManager: Mounting plugin ContentBrowserFileDataSource
LogPluginManager: Mounting plugin OnlineSubsystemGooglePlay
LogPluginManager: Mounting plugin OnlineSubsystemIOS
LogPluginManager: Mounting plugin OculusVR
LogPluginManager: Mounting plugin SteamVR
PixWinPlugin: PIX capture plugin failed to initialize! Check that the process is launched from PIX.
LogInit: Using libcurl 7.55.1-DEV
LogInit:  - built for x86_64-pc-win32
LogInit:  - supports SSL with OpenSSL/1.1.1
LogInit:  - supports HTTP deflate (compression) using libz 1.2.8
LogInit:  - other features:
LogInit:      CURL_VERSION_SSL
LogInit:      CURL_VERSION_LIBZ
LogInit:      CURL_VERSION_IPV6
LogInit:      CURL_VERSION_ASYNCHDNS
LogInit:      CURL_VERSION_LARGEFILE
LogInit:      CURL_VERSION_IDN
LogInit:  CurlRequestOptions (configurable via config and command line):
LogInit:  - bVerifyPeer = true  - Libcurl will verify peer certificate
LogInit:  - bUseHttpProxy = false  - Libcurl will NOT use HTTP proxy
LogInit:  - bDontReuseConnections = false  - Libcurl will reuse connections
LogInit:  - MaxHostConnections = 16  - Libcurl will limit the number of connections to a host
LogInit:  - LocalHostAddr = Default
LogInit:  - BufferSize = 65536
LogOnline: OSS: Creating online subsystem instance for: NULL
LogInit: WinSock: version 1.1 (2.2), MaxSocks=32767, MaxUdp=65467
LogOnline: OSS: TryLoadSubsystemAndSetDefault: Loaded subsystem for module [NULL]
LogOculusPluginWrapper: OculusPlugin initialized successfully
LogHMD: Failed initializing OVRPlugin 1.59.0
LogInit: Build: ++UE4+Release-4.27-CL-18319896
LogInit: Engine Version: 4.27.2-18319896+++UE4+Release-4.27
LogInit: Compatible Engine Version: 4.27.0-17155196+++UE4+Release-4.27
LogInit: Net CL: 17155196
LogInit: OS: Windows 10 (Release 2009) (), CPU: 11th Gen Intel(R) Core(TM) i5-11400F @ 2.60GHz, GPU: NVIDIA GeForce RTX 3060
LogInit: Compiled (64-bit): Nov 30 2021 07:12:08
LogInit: Compiled with Visual C++: 19.24.28315.00
LogInit: Build Configuration: Development
LogInit: Branch Name: ++UE4+Release-4.27
LogInit: Command Line:  /Game/ThirdPersonBP/Maps/ThirdPersonExampleMap -game -PIEVIACONSOLE -Multiprocess GameUserSettingsINI=D:/RPG_Maker_Git/SoapOpera/Saved/Config/Windows/PIEGameUserSettings0.ini -MultiprocessSaveConfig -forcepassthrough -messaging -SessionName="Play in Standalone Game" -windowed -ResX=1280 -ResY=720
LogInit: Base Directory: C:/Program Files/Epic Games/UE_4.27/Engine/Binaries/Win64/
LogInit: Allocator: TBB
LogInit: Installed Engine Build: 1
LogDevObjectVersion: Number of dev versions registered: 29
LogDevObjectVersion:   Dev-Blueprints (B0D832E4-1F89-4F0D-ACCF-7EB736FD4AA2): 10
LogDevObjectVersion:   Dev-Build (E1C64328-A22C-4D53-A36C-8E866417BD8C): 0
LogDevObjectVersion:   Dev-Core (375EC13C-06E4-48FB-B500-84F0262A717E): 4
LogDevObjectVersion:   Dev-Editor (E4B068ED-F494-42E9-A231-DA0B2E46BB41): 40
LogDevObjectVersion:   Dev-Framework (CFFC743F-43B0-4480-9391-14DF171D2073): 37
LogDevObjectVersion:   Dev-Mobile (B02B49B5-BB20-44E9-A304-32B752E40360): 3
LogDevObjectVersion:   Dev-Networking (A4E4105C-59A1-49B5-A7C5-40C4547EDFEE): 0
LogDevObjectVersion:   Dev-Online (39C831C9-5AE6-47DC-9A44-9C173E1C8E7C): 0
LogDevObjectVersion:   Dev-Physics (78F01B33-EBEA-4F98-B9B4-84EACCB95AA2): 14
LogDevObjectVersion:   Dev-Platform (6631380F-2D4D-43E0-8009-CF276956A95A): 0
LogDevObjectVersion:   Dev-Rendering (12F88B9F-8875-4AFC-A67C-D90C383ABD29): 45
LogDevObjectVersion:   Dev-Sequencer (7B5AE74C-D270-4C10-A958-57980B212A5A): 13
LogDevObjectVersion:   Dev-VR (D7296918-1DD6-4BDD-9DE2-64A83CC13884): 3
LogDevObjectVersion:   Dev-LoadTimes (C2A15278-BFE7-4AFE-6C17-90FF531DF755): 1
LogDevObjectVersion:   Private-Geometry (6EACA3D4-40EC-4CC1-B786-8BED09428FC5): 3
LogDevObjectVersion:   Dev-AnimPhys (29E575DD-E0A3-4627-9D10-D276232CDCEA): 17
LogDevObjectVersion:   Dev-Anim (AF43A65D-7FD3-4947-9873-3E8ED9C1BB05): 15
LogDevObjectVersion:   Dev-ReflectionCapture (6B266CEC-1EC7-4B8F-A30B-E4D90942FC07): 1
LogDevObjectVersion:   Dev-Automation (0DF73D61-A23F-47EA-B727-89E90C41499A): 1
LogDevObjectVersion:   FortniteMain (601D1886-AC64-4F84-AA16-D3DE0DEAC7D6): 47
LogDevObjectVersion:   FortniteRelease (E7086368-6B23-4C58-8439-1B7016265E91): 1
LogDevObjectVersion:   Dev-Enterprise (9DFFBCD6-494F-0158-E221-12823C92A888): 10
LogDevObjectVersion:   Dev-Niagara (F2AED0AC-9AFE-416F-8664-AA7FFA26D6FC): 1
LogDevObjectVersion:   Dev-Destruction (174F1F0B-B4C6-45A5-B13F-2EE8D0FB917D): 10
LogDevObjectVersion:   Dev-Physics-Ext (35F94A83-E258-406C-A318-09F59610247C): 41
LogDevObjectVersion:   Dev-PhysicsMaterial-Chaos (B68FC16E-8B1B-42E2-B453-215C058844FE): 1
LogDevObjectVersion:   Dev-CineCamera (B2E18506-4273-CFC2-A54E-F4BB758BBA07): 1
LogDevObjectVersion:   Dev-VirtualProduction (64F58936-FD1B-42BA-BA96-7289D5D0FA4E): 1
LogDevObjectVersion:   Dev-MediaFramework (6F0ED827-A609-4895-9C91-998D90180EA4): 2
LogInit: Presizing for max 25165824 objects, including 0 objects not considered by GC, pre-allocating 0 bytes for permanent pool.
LogConfig: Applying CVar settings from Section [/Script/Engine.StreamingSettings] File [D:/RPG_Maker_Git/SoapOpera/Saved/Config/Windows/Engine.ini]
LogConfig: Setting CVar [[s.MinBulkDataSizeForAsyncLoading:131072]]
LogConfig: Setting CVar [[s.AsyncLoadingThreadEnabled:0]]
LogConfig: Setting CVar [[s.EventDrivenLoaderEnabled:1]]
LogConfig: Setting CVar [[s.WarnIfTimeLimitExceeded:0]]
LogConfig: Setting CVar [[s.TimeLimitExceededMultiplier:1.5]]
LogConfig: Setting CVar [[s.TimeLimitExceededMinTime:0.005]]
LogConfig: Setting CVar [[s.UseBackgroundLevelStreaming:1]]
LogConfig: Setting CVar [[s.PriorityAsyncLoadingExtraTime:15.0]]
LogConfig: Setting CVar [[s.LevelStreamingActorsUpdateTimeLimit:5.0]]
LogConfig: Setting CVar [[s.PriorityLevelStreamingActorsUpdateExtraTime:5.0]]
LogConfig: Setting CVar [[s.LevelStreamingComponentsRegistrationGranularity:10]]
LogConfig: Setting CVar [[s.UnregisterComponentsTimeLimit:1.0]]
LogConfig: Setting CVar [[s.LevelStreamingComponentsUnregistrationGranularity:5]]
LogConfig: Setting CVar [[s.FlushStreamingOnExit:1]]
LogInit: Object subsystem initialized
LogConfig: Setting CVar [[con.DebugEarlyDefault:1]]
LogConfig: Setting CVar [[r.setres:1280x720]]
[2024.07.01-18.49.52:402][  0]LogConfig: Setting CVar [[con.DebugEarlyDefault:1]]
[2024.07.01-18.49.52:402][  0]LogConfig: Setting CVar [[r.setres:1280x720]]
[2024.07.01-18.49.52:402][  0]LogConfig: Applying CVar settings from Section [/Script/Engine.RendererSettings] File [D:/RPG_Maker_Git/SoapOpera/Saved/Config/Windows/Engine.ini]
[2024.07.01-18.49.52:402][  0]LogConfig: Setting CVar [[r.GPUCrashDebugging:0]]
[2024.07.01-18.49.52:402][  0]LogConfig: Applying CVar settings from Section [/Script/Engine.RendererOverrideSettings] File [D:/RPG_Maker_Git/SoapOpera/Saved/Config/Windows/Engine.ini]
[2024.07.01-18.49.52:402][  0]LogConfig: Applying CVar settings from Section [/Script/Engine.StreamingSettings] File [D:/RPG_Maker_Git/SoapOpera/Saved/Config/Windows/Engine.ini]
[2024.07.01-18.49.52:402][  0]LogConfig: Setting CVar [[s.MinBulkDataSizeForAsyncLoading:131072]]
[2024.07.01-18.49.52:402][  0]LogConfig: Setting CVar [[s.AsyncLoadingThreadEnabled:0]]
[2024.07.01-18.49.52:402][  0]LogConfig: Setting CVar [[s.EventDrivenLoaderEnabled:1]]
[2024.07.01-18.49.52:402][  0]LogConfig: Setting CVar [[s.WarnIfTimeLimitExceeded:0]]
[2024.07.01-18.49.52:402][  0]LogConfig: Setting CVar [[s.TimeLimitExceededMultiplier:1.5]]
[2024.07.01-18.49.52:402][  0]LogConfig: Setting CVar [[s.TimeLimitExceededMinTime:0.005]]
[2024.07.01-18.49.52:402][  0]LogConfig: Setting CVar [[s.UseBackgroundLevelStreaming:1]]
[2024.07.01-18.49.52:402][  0]LogConfig: Setting CVar [[s.PriorityAsyncLoadingExtraTime:15.0]]
[2024.07.01-18.49.52:402][  0]LogConfig: Setting CVar [[s.LevelStreamingActorsUpdateTimeLimit:5.0]]
[2024.07.01-18.49.52:402][  0]LogConfig: Setting CVar [[s.PriorityLevelStreamingActorsUpdateExtraTime:5.0]]
[2024.07.01-18.49.52:402][  0]LogConfig: Setting CVar [[s.LevelStreamingComponentsRegistrationGranularity:10]]
[2024.07.01-18.49.52:402][  0]LogConfig: Setting CVar [[s.UnregisterComponentsTimeLimit:1.0]]
[2024.07.01-18.49.52:402][  0]LogConfig: Setting CVar [[s.LevelStreamingComponentsUnregistrationGranularity:5]]
[2024.07.01-18.49.52:402][  0]LogConfig: Setting CVar [[s.FlushStreamingOnExit:1]]
[2024.07.01-18.49.52:402][  0]LogConfig: Applying CVar settings from Section [/Script/Engine.GarbageCollectionSettings] File [D:/RPG_Maker_Git/SoapOpera/Saved/Config/Windows/Engine.ini]
[2024.07.01-18.49.52:402][  0]LogConfig: Setting CVar [[gc.MaxObjectsNotConsideredByGC:1]]
[2024.07.01-18.49.52:402][  0]LogConfig: Setting CVar [[gc.SizeOfPermanentObjectPool:0]]
[2024.07.01-18.49.52:402][  0]LogConfig: Setting CVar [[gc.FlushStreamingOnGC:0]]
[2024.07.01-18.49.52:402][  0]LogConfig: Setting CVar [[gc.NumRetriesBeforeForcingGC:10]]
[2024.07.01-18.49.52:402][  0]LogConfig: Setting CVar [[gc.AllowParallelGC:1]]
[2024.07.01-18.49.52:402][  0]LogConfig: Setting CVar [[gc.TimeBetweenPurgingPendingKillObjects:61.1]]
[2024.07.01-18.49.52:402][  0]LogConfig: Setting CVar [[gc.MaxObjectsInEditor:25165824]]
[2024.07.01-18.49.52:403][  0]LogConfig: Setting CVar [[gc.IncrementalBeginDestroyEnabled:1]]
[2024.07.01-18.49.52:403][  0]LogConfig: Setting CVar [[gc.CreateGCClusters:1]]
[2024.07.01-18.49.52:403][  0]LogConfig: Setting CVar [[gc.MinGCClusterSize:5]]
[2024.07.01-18.49.52:403][  0]LogConfig: Setting CVar [[gc.ActorClusteringEnabled:0]]
[2024.07.01-18.49.52:403][  0]LogConfig: Setting CVar [[gc.BlueprintClusteringEnabled:0]]
[2024.07.01-18.49.52:403][  0]LogConfig: Setting CVar [[gc.UseDisregardForGCOnDedicatedServers:0]]
[2024.07.01-18.49.52:403][  0]LogConfig: Setting CVar [[gc.MultithreadedDestructionEnabled:1]]
[2024.07.01-18.49.52:403][  0]LogConfig: Applying CVar settings from Section [/Script/Engine.NetworkSettings] File [D:/RPG_Maker_Git/SoapOpera/Saved/Config/Windows/Engine.ini]
[2024.07.01-18.49.52:403][  0]LogConfig: Applying CVar settings from Section [/Script/UnrealEd.CookerSettings] File [D:/RPG_Maker_Git/SoapOpera/Saved/Config/Windows/Engine.ini]
[2024.07.01-18.49.52:416][  0]LogConfig: Applying CVar settings from Section [ViewDistanceQuality@3] File [D:/RPG_Maker_Git/SoapOpera/Saved/Config/Windows/Scalability.ini]
[2024.07.01-18.49.52:416][  0]LogConfig: Setting CVar [[r.SkeletalMeshLODBias:0]]
[2024.07.01-18.49.52:416][  0]LogConfig: Setting CVar [[r.ViewDistanceScale:1.0]]
[2024.07.01-18.49.52:416][  0]LogConfig: Applying CVar settings from Section [AntiAliasingQuality@3] File [D:/RPG_Maker_Git/SoapOpera/Saved/Config/Windows/Scalability.ini]
[2024.07.01-18.49.52:416][  0]LogConfig: Setting CVar [[r.PostProcessAAQuality:4]]
[2024.07.01-18.49.52:416][  0]LogConfig: Applying CVar settings from Section [ShadowQuality@3] File [D:/RPG_Maker_Git/SoapOpera/Saved/Config/Windows/Scalability.ini]
[2024.07.01-18.49.52:416][  0]LogConfig: Setting CVar [[r.LightFunctionQuality:1]]
[2024.07.01-18.49.52:416][  0]LogConfig: Setting CVar [[r.ShadowQuality:5]]
[2024.07.01-18.49.52:416][  0]LogConfig: Setting CVar [[r.Shadow.CSM.MaxCascades:10]]
[2024.07.01-18.49.52:416][  0]LogConfig: Setting CVar [[r.Shadow.MaxResolution:2048]]
[2024.07.01-18.49.52:416][  0]LogConfig: Setting CVar [[r.Shadow.MaxCSMResolution:2048]]
[2024.07.01-18.49.52:416][  0]LogConfig: Setting CVar [[r.Shadow.RadiusThreshold:0.01]]
[2024.07.01-18.49.52:416][  0]LogConfig: Setting CVar [[r.Shadow.DistanceScale:1.0]]
[2024.07.01-18.49.52:416][  0]LogConfig: Setting CVar [[r.Shadow.CSM.TransitionScale:1.0]]
[2024.07.01-18.49.52:416][  0]LogConfig: Setting CVar [[r.Shadow.PreShadowResolutionFactor:1.0]]
[2024.07.01-18.49.52:416][  0]LogConfig: Setting CVar [[r.DistanceFieldShadowing:1]]
[2024.07.01-18.49.52:416][  0]LogConfig: Setting CVar [[r.DistanceFieldAO:1]]
[2024.07.01-18.49.52:416][  0]LogConfig: Setting CVar [[r.AOQuality:2]]
[2024.07.01-18.49.52:416][  0]LogConfig: Setting CVar [[r.VolumetricFog:1]]
[2024.07.01-18.49.52:416][  0]LogConfig: Setting CVar [[r.VolumetricFog.GridPixelSize:8]]
[2024.07.01-18.49.52:416][  0]LogConfig: Setting CVar [[r.VolumetricFog.GridSizeZ:128]]
[2024.07.01-18.49.52:416][  0]LogConfig: Setting CVar [[r.VolumetricFog.HistoryMissSupersampleCount:4]]
[2024.07.01-18.49.52:416][  0]LogConfig: Setting CVar [[r.LightMaxDrawDistanceScale:1]]
[2024.07.01-18.49.52:416][  0]LogConfig: Setting CVar [[r.CapsuleShadows:1]]
[2024.07.01-18.49.52:416][  0]LogConfig: Applying CVar settings from Section [PostProcessQuality@3] File [D:/RPG_Maker_Git/SoapOpera/Saved/Config/Windows/Scalability.ini]
[2024.07.01-18.49.52:416][  0]LogConfig: Setting CVar [[r.MotionBlurQuality:4]]
[2024.07.01-18.49.52:416][  0]LogConfig: Setting CVar [[r.AmbientOcclusionMipLevelFactor:0.4]]
[2024.07.01-18.49.52:416][  0]LogConfig: Setting CVar [[r.AmbientOcclusionMaxQuality:100]]
[2024.07.01-18.49.52:416][  0]LogConfig: Setting CVar [[r.AmbientOcclusionLevels:-1]]
[2024.07.01-18.49.52:416][  0]LogConfig: Setting CVar [[r.AmbientOcclusionRadiusScale:1.0]]
[2024.07.01-18.49.52:416][  0]LogConfig: Setting CVar [[r.DepthOfFieldQuality:2]]
[2024.07.01-18.49.52:416][  0]LogConfig: Setting CVar [[r.RenderTargetPoolMin:400]]
[2024.07.01-18.49.52:416][  0]LogConfig: Setting CVar [[r.LensFlareQuality:2]]
[2024.07.01-18.49.52:416][  0]LogConfig: Setting CVar [[r.SceneColorFringeQuality:1]]
[2024.07.01-18.49.52:416][  0]LogConfig: Setting CVar [[r.EyeAdaptationQuality:2]]
[2024.07.01-18.49.52:416][  0]LogConfig: Setting CVar [[r.BloomQuality:5]]
[2024.07.01-18.49.52:416][  0]LogConfig: Setting CVar [[r.FastBlurThreshold:100]]
[2024.07.01-18.49.52:416][  0]LogConfig: Setting CVar [[r.Upscale.Quality:3]]
[2024.07.01-18.49.52:416][  0]LogConfig: Setting CVar [[r.Tonemapper.GrainQuantization:1]]
[2024.07.01-18.49.52:416][  0]LogConfig: Setting CVar [[r.LightShaftQuality:1]]
[2024.07.01-18.49.52:416][  0]LogConfig: Setting CVar [[r.Filter.SizeScale:1]]
[2024.07.01-18.49.52:416][  0]LogConfig: Setting CVar [[r.Tonemapper.Quality:5]]
[2024.07.01-18.49.52:416][  0]LogConfig: Setting CVar [[r.DOF.Gather.AccumulatorQuality:1        ; higher gathering accumulator quality]]
[2024.07.01-18.49.52:416][  0]LogConfig: Setting CVar [[r.DOF.Gather.PostfilterMethod:1          ; Median3x3 postfilering method]]
[2024.07.01-18.49.52:416][  0]LogConfig: Setting CVar [[r.DOF.Gather.EnableBokehSettings:0       ; no bokeh simulation when gathering]]
[2024.07.01-18.49.52:416][  0]LogConfig: Setting CVar [[r.DOF.Gather.RingCount:4                 ; medium number of samples when gathering]]
[2024.07.01-18.49.52:416][  0]LogConfig: Setting CVar [[r.DOF.Scatter.ForegroundCompositing:1    ; additive foreground scattering]]
[2024.07.01-18.49.52:416][  0]LogConfig: Setting CVar [[r.DOF.Scatter.BackgroundCompositing:2    ; additive background scattering]]
[2024.07.01-18.49.52:416][  0]LogConfig: Setting CVar [[r.DOF.Scatter.EnableBokehSettings:1      ; bokeh simulation when scattering]]
[2024.07.01-18.49.52:416][  0]LogConfig: Setting CVar [[r.DOF.Scatter.MaxSpriteRatio:0.1         ; only a maximum of 10% of scattered bokeh]]
[2024.07.01-18.49.52:416][  0]LogConfig: Setting CVar [[r.DOF.Recombine.Quality:1                ; cheap slight out of focus]]
[2024.07.01-18.49.52:416][  0]LogConfig: Setting CVar [[r.DOF.Recombine.EnableBokehSettings:0    ; no bokeh simulation on slight out of focus]]
[2024.07.01-18.49.52:416][  0]LogConfig: Setting CVar [[r.DOF.TemporalAAQuality:1                ; more stable temporal accumulation]]
[2024.07.01-18.49.52:416][  0]LogConfig: Setting CVar [[r.DOF.Kernel.MaxForegroundRadius:0.025]]
[2024.07.01-18.49.52:416][  0]LogConfig: Setting CVar [[r.DOF.Kernel.MaxBackgroundRadius:0.025]]
[2024.07.01-18.49.52:416][  0]LogConfig: Applying CVar settings from Section [TextureQuality@3] File [D:/RPG_Maker_Git/SoapOpera/Saved/Config/Windows/Scalability.ini]
[2024.07.01-18.49.52:416][  0]LogConfig: Setting CVar [[r.Streaming.MipBias:0]]
[2024.07.01-18.49.52:416][  0]LogConfig: Setting CVar [[r.Streaming.AmortizeCPUToGPUCopy:0]]
[2024.07.01-18.49.52:416][  0]LogConfig: Setting CVar [[r.Streaming.MaxNumTexturesToStreamPerFrame:0]]
[2024.07.01-18.49.52:416][  0]LogConfig: Setting CVar [[r.Streaming.Boost:1]]
[2024.07.01-18.49.52:416][  0]LogConfig: Setting CVar [[r.MaxAnisotropy:8]]
[2024.07.01-18.49.52:416][  0]LogConfig: Setting CVar [[r.VT.MaxAnisotropy:8]]
[2024.07.01-18.49.52:416][  0]LogConfig: Setting CVar [[r.Streaming.LimitPoolSizeToVRAM:0]]
[2024.07.01-18.49.52:416][  0]LogConfig: Setting CVar [[r.Streaming.PoolSize:1000]]
[2024.07.01-18.49.52:416][  0]LogConfig: Setting CVar [[r.Streaming.MaxEffectiveScreenSize:0]]
[2024.07.01-18.49.52:416][  0]LogConfig: Applying CVar settings from Section [EffectsQuality@3] File [D:/RPG_Maker_Git/SoapOpera/Saved/Config/Windows/Scalability.ini]
[2024.07.01-18.49.52:416][  0]LogConfig: Setting CVar [[r.TranslucencyLightingVolumeDim:64]]
[2024.07.01-18.49.52:416][  0]LogConfig: Setting CVar [[r.RefractionQuality:2]]
[2024.07.01-18.49.52:416][  0]LogConfig: Setting CVar [[r.SSR.Quality:3]]
[2024.07.01-18.49.52:416][  0]LogConfig: Setting CVar [[r.SSR.HalfResSceneColor:0]]
[2024.07.01-18.49.52:416][  0]LogConfig: Setting CVar [[r.SceneColorFormat:4]]
[2024.07.01-18.49.52:416][  0]LogConfig: Setting CVar [[r.DetailMode:2]]
[2024.07.01-18.49.52:416][  0]LogConfig: Setting CVar [[r.TranslucencyVolumeBlur:1]]
[2024.07.01-18.49.52:416][  0]LogConfig: Setting CVar [[r.MaterialQualityLevel:1 ; High quality]]
[2024.07.01-18.49.52:416][  0]LogConfig: Setting CVar [[r.AnisotropicMaterials:1]]
[2024.07.01-18.49.52:416][  0]LogConfig: Setting CVar [[r.SSS.Scale:1]]
[2024.07.01-18.49.52:416][  0]LogConfig: Setting CVar [[r.SSS.SampleSet:2]]
[2024.07.01-18.49.52:416][  0]LogConfig: Setting CVar [[r.SSS.Quality:1]]
[2024.07.01-18.49.52:416][  0]LogConfig: Setting CVar [[r.SSS.HalfRes:0]]
[2024.07.01-18.49.52:416][  0]LogConfig: Setting CVar [[r.SSGI.Quality:3]]
[2024.07.01-18.49.52:417][  0]LogConfig: Setting CVar [[r.EmitterSpawnRateScale:1.0]]
[2024.07.01-18.49.52:417][  0]LogConfig: Setting CVar [[r.ParticleLightQuality:2]]
[2024.07.01-18.49.52:417][  0]LogConfig: Setting CVar [[r.SkyAtmosphere.AerialPerspectiveLUT.FastApplyOnOpaque:1 ; Always have FastSkyLUT 1 in this case to avoid wrong sky]]
[2024.07.01-18.49.52:417][  0]LogConfig: Setting CVar [[r.SkyAtmosphere.AerialPerspectiveLUT.SampleCountMaxPerSlice:4]]
[2024.07.01-18.49.52:417][  0]LogConfig: Setting CVar [[r.SkyAtmosphere.AerialPerspectiveLUT.DepthResolution:16.0]]
[2024.07.01-18.49.52:417][  0]LogConfig: Setting CVar [[r.SkyAtmosphere.FastSkyLUT:1]]
[2024.07.01-18.49.52:417][  0]LogConfig: Setting CVar [[r.SkyAtmosphere.FastSkyLUT.SampleCountMin:4.0]]
[2024.07.01-18.49.52:417][  0]LogConfig: Setting CVar [[r.SkyAtmosphere.FastSkyLUT.SampleCountMax:128.0]]
[2024.07.01-18.49.52:417][  0]LogConfig: Setting CVar [[r.SkyAtmosphere.SampleCountMin:4.0]]
[2024.07.01-18.49.52:417][  0]LogConfig: Setting CVar [[r.SkyAtmosphere.SampleCountMax:128.0]]
[2024.07.01-18.49.52:417][  0]LogConfig: Setting CVar [[r.SkyAtmosphere.TransmittanceLUT.UseSmallFormat:0]]
[2024.07.01-18.49.52:417][  0]LogConfig: Setting CVar [[r.SkyAtmosphere.TransmittanceLUT.SampleCount:10.0]]
[2024.07.01-18.49.52:417][  0]LogConfig: Setting CVar [[r.SkyAtmosphere.MultiScatteringLUT.SampleCount:15.0]]
[2024.07.01-18.49.52:417][  0]LogConfig: Setting CVar [[r.SkyLight.RealTimeReflectionCapture:1]]
[2024.07.01-18.49.52:417][  0]LogConfig: Applying CVar settings from Section [FoliageQuality@3] File [D:/RPG_Maker_Git/SoapOpera/Saved/Config/Windows/Scalability.ini]
[2024.07.01-18.49.52:417][  0]LogConfig: Setting CVar [[foliage.DensityScale:1.0]]
[2024.07.01-18.49.52:417][  0]LogConfig: Setting CVar [[grass.DensityScale:1.0]]
[2024.07.01-18.49.52:417][  0]LogConfig: Applying CVar settings from Section [ShadingQuality@3] File [D:/RPG_Maker_Git/SoapOpera/Saved/Config/Windows/Scalability.ini]
[2024.07.01-18.49.52:417][  0]LogConfig: Setting CVar [[r.HairStrands.SkyLighting.IntegrationType:2]]
[2024.07.01-18.49.52:417][  0]LogConfig: Setting CVar [[r.HairStrands.SkyAO.SampleCount:4]]
[2024.07.01-18.49.52:417][  0]LogConfig: Setting CVar [[r.HairStrands.Visibility.MSAA.SamplePerPixel:4]]
[2024.07.01-18.49.52:417][  0]LogInit: Selected Device Profile: [Windows]
[2024.07.01-18.49.52:417][  0]LogInit: Applying CVar settings loaded from the selected device profile: [Windows]
[2024.07.01-18.49.52:417][  0]LogHAL: Display: Platform has ~ 16 GB [17041379328 / 17179869184 / 16], which maps to Larger [LargestMinGB=32, LargerMinGB=12, DefaultMinGB=8, SmallerMinGB=6, SmallestMinGB=0)
[2024.07.01-18.49.52:417][  0]LogInit: Going up to parent DeviceProfile []
[2024.07.01-18.49.52:417][  0]LogConfig: Applying CVar settings from Section [ViewDistanceQuality@3] File [D:/RPG_Maker_Git/SoapOpera/Saved/Config/Windows/Scalability.ini]
[2024.07.01-18.49.52:417][  0]LogConfig: Setting CVar [[r.SkeletalMeshLODBias:0]]
[2024.07.01-18.49.52:417][  0]LogConfig: Setting CVar [[r.ViewDistanceScale:1.0]]
[2024.07.01-18.49.52:417][  0]LogConfig: Applying CVar settings from Section [AntiAliasingQuality@3] File [D:/RPG_Maker_Git/SoapOpera/Saved/Config/Windows/Scalability.ini]
[2024.07.01-18.49.52:417][  0]LogConfig: Setting CVar [[r.PostProcessAAQuality:4]]
[2024.07.01-18.49.52:417][  0]LogConfig: Applying CVar settings from Section [ShadowQuality@3] File [D:/RPG_Maker_Git/SoapOpera/Saved/Config/Windows/Scalability.ini]
[2024.07.01-18.49.52:417][  0]LogConfig: Setting CVar [[r.LightFunctionQuality:1]]
[2024.07.01-18.49.52:417][  0]LogConfig: Setting CVar [[r.ShadowQuality:5]]
[2024.07.01-18.49.52:417][  0]LogConfig: Setting CVar [[r.Shadow.CSM.MaxCascades:10]]
[2024.07.01-18.49.52:417][  0]LogConfig: Setting CVar [[r.Shadow.MaxResolution:2048]]
[2024.07.01-18.49.52:417][  0]LogConfig: Setting CVar [[r.Shadow.MaxCSMResolution:2048]]
[2024.07.01-18.49.52:417][  0]LogConfig: Setting CVar [[r.Shadow.RadiusThreshold:0.01]]
[2024.07.01-18.49.52:417][  0]LogConfig: Setting CVar [[r.Shadow.DistanceScale:1.0]]
[2024.07.01-18.49.52:417][  0]LogConfig: Setting CVar [[r.Shadow.CSM.TransitionScale:1.0]]
[2024.07.01-18.49.52:417][  0]LogConfig: Setting CVar [[r.Shadow.PreShadowResolutionFactor:1.0]]
[2024.07.01-18.49.52:417][  0]LogConfig: Setting CVar [[r.DistanceFieldShadowing:1]]
[2024.07.01-18.49.52:417][  0]LogConfig: Setting CVar [[r.DistanceFieldAO:1]]
[2024.07.01-18.49.52:417][  0]LogConfig: Setting CVar [[r.AOQuality:2]]
[2024.07.01-18.49.52:417][  0]LogConfig: Setting CVar [[r.VolumetricFog:1]]
[2024.07.01-18.49.52:417][  0]LogConfig: Setting CVar [[r.VolumetricFog.GridPixelSize:8]]
[2024.07.01-18.49.52:417][  0]LogConfig: Setting CVar [[r.VolumetricFog.GridSizeZ:128]]
[2024.07.01-18.49.52:417][  0]LogConfig: Setting CVar [[r.VolumetricFog.HistoryMissSupersampleCount:4]]
[2024.07.01-18.49.52:417][  0]LogConfig: Setting CVar [[r.LightMaxDrawDistanceScale:1]]
[2024.07.01-18.49.52:417][  0]LogConfig: Setting CVar [[r.CapsuleShadows:1]]
[2024.07.01-18.49.52:417][  0]LogConfig: Applying CVar settings from Section [PostProcessQuality@3] File [D:/RPG_Maker_Git/SoapOpera/Saved/Config/Windows/Scalability.ini]
[2024.07.01-18.49.52:417][  0]LogConfig: Setting CVar [[r.MotionBlurQuality:4]]
[2024.07.01-18.49.52:417][  0]LogConfig: Setting CVar [[r.AmbientOcclusionMipLevelFactor:0.4]]
[2024.07.01-18.49.52:417][  0]LogConfig: Setting CVar [[r.AmbientOcclusionMaxQuality:100]]
[2024.07.01-18.49.52:417][  0]LogConfig: Setting CVar [[r.AmbientOcclusionLevels:-1]]
[2024.07.01-18.49.52:417][  0]LogConfig: Setting CVar [[r.AmbientOcclusionRadiusScale:1.0]]
[2024.07.01-18.49.52:417][  0]LogConfig: Setting CVar [[r.DepthOfFieldQuality:2]]
[2024.07.01-18.49.52:417][  0]LogConfig: Setting CVar [[r.RenderTargetPoolMin:400]]
[2024.07.01-18.49.52:417][  0]LogConfig: Setting CVar [[r.LensFlareQuality:2]]
[2024.07.01-18.49.52:417][  0]LogConfig: Setting CVar [[r.SceneColorFringeQuality:1]]
[2024.07.01-18.49.52:417][  0]LogConfig: Setting CVar [[r.EyeAdaptationQuality:2]]
[2024.07.01-18.49.52:417][  0]LogConfig: Setting CVar [[r.BloomQuality:5]]
[2024.07.01-18.49.52:417][  0]LogConfig: Setting CVar [[r.FastBlurThreshold:100]]
[2024.07.01-18.49.52:417][  0]LogConfig: Setting CVar [[r.Upscale.Quality:3]]
[2024.07.01-18.49.52:417][  0]LogConfig: Setting CVar [[r.Tonemapper.GrainQuantization:1]]
[2024.07.01-18.49.52:417][  0]LogConfig: Setting CVar [[r.LightShaftQuality:1]]
[2024.07.01-18.49.52:417][  0]LogConfig: Setting CVar [[r.Filter.SizeScale:1]]
[2024.07.01-18.49.52:417][  0]LogConfig: Setting CVar [[r.Tonemapper.Quality:5]]
[2024.07.01-18.49.52:417][  0]LogConfig: Setting CVar [[r.DOF.Gather.AccumulatorQuality:1        ; higher gathering accumulator quality]]
[2024.07.01-18.49.52:417][  0]LogConfig: Setting CVar [[r.DOF.Gather.PostfilterMethod:1          ; Median3x3 postfilering method]]
[2024.07.01-18.49.52:417][  0]LogConfig: Setting CVar [[r.DOF.Gather.EnableBokehSettings:0       ; no bokeh simulation when gathering]]
[2024.07.01-18.49.52:417][  0]LogConfig: Setting CVar [[r.DOF.Gather.RingCount:4                 ; medium number of samples when gathering]]
[2024.07.01-18.49.52:417][  0]LogConfig: Setting CVar [[r.DOF.Scatter.ForegroundCompositing:1    ; additive foreground scattering]]
[2024.07.01-18.49.52:417][  0]LogConfig: Setting CVar [[r.DOF.Scatter.BackgroundCompositing:2    ; additive background scattering]]
[2024.07.01-18.49.52:417][  0]LogConfig: Setting CVar [[r.DOF.Scatter.EnableBokehSettings:1      ; bokeh simulation when scattering]]
[2024.07.01-18.49.52:417][  0]LogConfig: Setting CVar [[r.DOF.Scatter.MaxSpriteRatio:0.1         ; only a maximum of 10% of scattered bokeh]]
[2024.07.01-18.49.52:417][  0]LogConfig: Setting CVar [[r.DOF.Recombine.Quality:1                ; cheap slight out of focus]]
[2024.07.01-18.49.52:417][  0]LogConfig: Setting CVar [[r.DOF.Recombine.EnableBokehSettings:0    ; no bokeh simulation on slight out of focus]]
[2024.07.01-18.49.52:417][  0]LogConfig: Setting CVar [[r.DOF.TemporalAAQuality:1                ; more stable temporal accumulation]]
[2024.07.01-18.49.52:417][  0]LogConfig: Setting CVar [[r.DOF.Kernel.MaxForegroundRadius:0.025]]
[2024.07.01-18.49.52:417][  0]LogConfig: Setting CVar [[r.DOF.Kernel.MaxBackgroundRadius:0.025]]
[2024.07.01-18.49.52:417][  0]LogConfig: Applying CVar settings from Section [TextureQuality@3] File [D:/RPG_Maker_Git/SoapOpera/Saved/Config/Windows/Scalability.ini]
[2024.07.01-18.49.52:417][  0]LogConfig: Setting CVar [[r.Streaming.MipBias:0]]
[2024.07.01-18.49.52:417][  0]LogConfig: Setting CVar [[r.Streaming.AmortizeCPUToGPUCopy:0]]
[2024.07.01-18.49.52:417][  0]LogConfig: Setting CVar [[r.Streaming.MaxNumTexturesToStreamPerFrame:0]]
[2024.07.01-18.49.52:417][  0]LogConfig: Setting CVar [[r.Streaming.Boost:1]]
[2024.07.01-18.49.52:417][  0]LogConfig: Setting CVar [[r.MaxAnisotropy:8]]
[2024.07.01-18.49.52:417][  0]LogConfig: Setting CVar [[r.VT.MaxAnisotropy:8]]
[2024.07.01-18.49.52:417][  0]LogConfig: Setting CVar [[r.Streaming.LimitPoolSizeToVRAM:0]]
[2024.07.01-18.49.52:417][  0]LogConfig: Setting CVar [[r.Streaming.PoolSize:1000]]
[2024.07.01-18.49.52:417][  0]LogConfig: Setting CVar [[r.Streaming.MaxEffectiveScreenSize:0]]
[2024.07.01-18.49.52:417][  0]LogConfig: Applying CVar settings from Section [EffectsQuality@3] File [D:/RPG_Maker_Git/SoapOpera/Saved/Config/Windows/Scalability.ini]
[2024.07.01-18.49.52:417][  0]LogConfig: Setting CVar [[r.TranslucencyLightingVolumeDim:64]]
[2024.07.01-18.49.52:417][  0]LogConfig: Setting CVar [[r.RefractionQuality:2]]
[2024.07.01-18.49.52:417][  0]LogConfig: Setting CVar [[r.SSR.Quality:3]]
[2024.07.01-18.49.52:417][  0]LogConfig: Setting CVar [[r.SSR.HalfResSceneColor:0]]
[2024.07.01-18.49.52:417][  0]LogConfig: Setting CVar [[r.SceneColorFormat:4]]
[2024.07.01-18.49.52:417][  0]LogConfig: Setting CVar [[r.DetailMode:2]]
[2024.07.01-18.49.52:417][  0]LogConfig: Setting CVar [[r.TranslucencyVolumeBlur:1]]
[2024.07.01-18.49.52:417][  0]LogConfig: Setting CVar [[r.MaterialQualityLevel:1 ; High quality]]
[2024.07.01-18.49.52:417][  0]LogConfig: Setting CVar [[r.AnisotropicMaterials:1]]
[2024.07.01-18.49.52:417][  0]LogConfig: Setting CVar [[r.SSS.Scale:1]]
[2024.07.01-18.49.52:417][  0]LogConfig: Setting CVar [[r.SSS.SampleSet:2]]
[2024.07.01-18.49.52:417][  0]LogConfig: Setting CVar [[r.SSS.Quality:1]]
[2024.07.01-18.49.52:417][  0]LogConfig: Setting CVar [[r.SSS.HalfRes:0]]
[2024.07.01-18.49.52:417][  0]LogConfig: Setting CVar [[r.SSGI.Quality:3]]
[2024.07.01-18.49.52:417][  0]LogConfig: Setting CVar [[r.EmitterSpawnRateScale:1.0]]
[2024.07.01-18.49.52:417][  0]LogConfig: Setting CVar [[r.ParticleLightQuality:2]]
[2024.07.01-18.49.52:417][  0]LogConfig: Setting CVar [[r.SkyAtmosphere.AerialPerspectiveLUT.FastApplyOnOpaque:1 ; Always have FastSkyLUT 1 in this case to avoid wrong sky]]
[2024.07.01-18.49.52:417][  0]LogConfig: Setting CVar [[r.SkyAtmosphere.AerialPerspectiveLUT.SampleCountMaxPerSlice:4]]
[2024.07.01-18.49.52:417][  0]LogConfig: Setting CVar [[r.SkyAtmosphere.AerialPerspectiveLUT.DepthResolution:16.0]]
[2024.07.01-18.49.52:417][  0]LogConfig: Setting CVar [[r.SkyAtmosphere.FastSkyLUT:1]]
[2024.07.01-18.49.52:417][  0]LogConfig: Setting CVar [[r.SkyAtmosphere.FastSkyLUT.SampleCountMin:4.0]]
[2024.07.01-18.49.52:417][  0]LogConfig: Setting CVar [[r.SkyAtmosphere.FastSkyLUT.SampleCountMax:128.0]]
[2024.07.01-18.49.52:417][  0]LogConfig: Setting CVar [[r.SkyAtmosphere.SampleCountMin:4.0]]
[2024.07.01-18.49.52:417][  0]LogConfig: Setting CVar [[r.SkyAtmosphere.SampleCountMax:128.0]]
[2024.07.01-18.49.52:417][  0]LogConfig: Setting CVar [[r.SkyAtmosphere.TransmittanceLUT.UseSmallFormat:0]]
[2024.07.01-18.49.52:417][  0]LogConfig: Setting CVar [[r.SkyAtmosphere.TransmittanceLUT.SampleCount:10.0]]
[2024.07.01-18.49.52:417][  0]LogConfig: Setting CVar [[r.SkyAtmosphere.MultiScatteringLUT.SampleCount:15.0]]
[2024.07.01-18.49.52:417][  0]LogConfig: Setting CVar [[r.SkyLight.RealTimeReflectionCapture:1]]
[2024.07.01-18.49.52:417][  0]LogConfig: Applying CVar settings from Section [FoliageQuality@3] File [D:/RPG_Maker_Git/SoapOpera/Saved/Config/Windows/Scalability.ini]
[2024.07.01-18.49.52:417][  0]LogConfig: Setting CVar [[foliage.DensityScale:1.0]]
[2024.07.01-18.49.52:417][  0]LogConfig: Setting CVar [[grass.DensityScale:1.0]]
[2024.07.01-18.49.52:418][  0]LogConfig: Applying CVar settings from Section [ShadingQuality@3] File [D:/RPG_Maker_Git/SoapOpera/Saved/Config/Windows/Scalability.ini]
[2024.07.01-18.49.52:418][  0]LogConfig: Setting CVar [[r.HairStrands.SkyLighting.IntegrationType:2]]
[2024.07.01-18.49.52:418][  0]LogConfig: Setting CVar [[r.HairStrands.SkyAO.SampleCount:4]]
[2024.07.01-18.49.52:418][  0]LogConfig: Setting CVar [[r.HairStrands.Visibility.MSAA.SamplePerPixel:4]]
[2024.07.01-18.49.52:418][  0]LogConfig: Applying CVar settings from Section [Startup] File [../../../Engine/Config/ConsoleVariables.ini]
[2024.07.01-18.49.52:418][  0]LogConfig: Setting CVar [[net.UseAdaptiveNetUpdateFrequency:0]]
[2024.07.01-18.49.52:418][  0]LogConfig: Setting CVar [[p.chaos.AllowCreatePhysxBodies:1]]
[2024.07.01-18.49.52:418][  0]LogConfig: Setting CVar [[fx.SkipVectorVMBackendOptimizations:1]]
[2024.07.01-18.49.52:418][  0]LogConfig: Applying CVar settings from Section [ConsoleVariables] File [D:/RPG_Maker_Git/SoapOpera/Saved/Config/Windows/Engine.ini]
[2024.07.01-18.49.52:418][  0]LogConfig: Applying CVar settings from Section [ConsoleVariables] File [D:/RPG_Maker_Git/SoapOpera/Saved/Config/Windows/Editor.ini]
[2024.07.01-18.49.52:418][  0]LogInit: Computer: ALVIS
[2024.07.01-18.49.52:418][  0]LogInit: User: eric
[2024.07.01-18.49.52:418][  0]LogInit: CPU Page size=4096, Cores=6
[2024.07.01-18.49.52:418][  0]LogInit: High frequency timer resolution =10.000000 MHz
[2024.07.01-18.49.52:418][  0]LogMemory: Memory total: Physical=15.9GB (16GB approx)
[2024.07.01-18.49.52:418][  0]LogMemory: Platform Memory Stats for Windows
[2024.07.01-18.49.52:418][  0]LogMemory: Process Physical Memory: 150.99 MB used, 150.99 MB peak
[2024.07.01-18.49.52:418][  0]LogMemory: Process Virtual Memory: 129.98 MB used, 129.98 MB peak
[2024.07.01-18.49.52:418][  0]LogMemory: Physical Memory: 8303.59 MB used,  7948.34 MB free, 16251.93 MB total
[2024.07.01-18.49.52:418][  0]LogMemory: Virtual Memory: 134201600.00 MB used,  16130.84 MB free, 134217728.00 MB total
[2024.07.01-18.49.52:422][  0]LogWindows: WindowsPlatformFeatures enabled
[2024.07.01-18.49.52:453][  0]LogInit: Physics initialised using underlying interface: PhysX
[2024.07.01-18.49.52:454][  0]LogInit: Using OS detected language (de-DE).
[2024.07.01-18.49.52:454][  0]LogInit: Using OS detected locale (de-DE).
[2024.07.01-18.49.52:455][  0]LogTextLocalizationManager: No specific localization for 'de-DE' exists, so the 'de' localization will be used.
[2024.07.01-18.49.52:457][  0]LogTextLocalizationResource: LocRes '../../../Engine/Content/Localization/Editor/de/Editor.locres' could not be opened for reading!
[2024.07.01-18.49.52:457][  0]LogTextLocalizationResource: LocRes '../../../Engine/Content/Localization/EditorTutorials/de/EditorTutorials.locres' could not be opened for reading!
[2024.07.01-18.49.52:457][  0]LogTextLocalizationResource: LocRes '../../../Engine/Content/Localization/Keywords/de/Keywords.locres' could not be opened for reading!
[2024.07.01-18.49.52:457][  0]LogTextLocalizationResource: LocRes '../../../Engine/Content/Localization/Category/de/Category.locres' could not be opened for reading!
[2024.07.01-18.49.52:457][  0]LogTextLocalizationResource: LocRes '../../../Engine/Content/Localization/ToolTips/de/ToolTips.locres' could not be opened for reading!
[2024.07.01-18.49.52:457][  0]LogTextLocalizationResource: LocRes '../../../Engine/Content/Localization/PropertyNames/de/PropertyNames.locres' could not be opened for reading!
[2024.07.01-18.49.52:457][  0]LogTextLocalizationResource: LocRes '../../../Engine/Content/Localization/Engine/de/Engine.locres' could not be opened for reading!
[2024.07.01-18.49.52:470][  0]LogWindowsTextInputMethodSystem: Display: IME system deactivated.
[2024.07.01-18.49.52:495][  0]LogSlate: New Slate User Created.  User Index 0, Is Virtual User: 0
[2024.07.01-18.49.52:495][  0]LogSlate: Slate User Registered.  User Index 0, Is Virtual User: 0
[2024.07.01-18.49.52:511][  0]LogD3D11RHI: Loaded GFSDK_Aftermath_Lib.x64.dll
[2024.07.01-18.49.52:516][  0]LogHMD: Failed to initialize OpenVR with code 110
[2024.07.01-18.49.52:516][  0]LogD3D11RHI: D3D11 min allowed feature level: 11_0
[2024.07.01-18.49.52:516][  0]LogD3D11RHI: D3D11 max allowed feature level: 11_0
[2024.07.01-18.49.52:516][  0]LogD3D11RHI: D3D11 adapters:
[2024.07.01-18.49.52:631][  0]LogD3D11RHI:    0. 'NVIDIA GeForce RTX 3060' (Feature Level 11_0)
[2024.07.01-18.49.52:632][  0]LogD3D11RHI:       12115/0/8125 MB DedicatedVideo/DedicatedSystem/SharedSystem, Outputs:1, VendorId:0x10de
[2024.07.01-18.49.52:633][  0]LogD3D11RHI:    1. 'Microsoft Basic Render Driver' (Feature Level 11_0)
[2024.07.01-18.49.52:633][  0]LogD3D11RHI:       0/0/8125 MB DedicatedVideo/DedicatedSystem/SharedSystem, Outputs:0, VendorId:0x1414
[2024.07.01-18.49.52:633][  0]LogD3D11RHI: Chosen D3D11 Adapter:
[2024.07.01-18.49.52:633][  0]LogD3D11RHI:     Description : NVIDIA GeForce RTX 3060
[2024.07.01-18.49.52:633][  0]LogD3D11RHI:     VendorId    : 10de
[2024.07.01-18.49.52:633][  0]LogD3D11RHI:     DeviceId    : 2504
[2024.07.01-18.49.52:633][  0]LogD3D11RHI:     SubSysId    : 153610de
[2024.07.01-18.49.52:633][  0]LogD3D11RHI:     Revision    : 00a1
[2024.07.01-18.49.52:633][  0]LogD3D11RHI:     DedicatedVideoMemory : 12703498240 bytes
[2024.07.01-18.49.52:633][  0]LogD3D11RHI:     DedicatedSystemMemory : 0 bytes
[2024.07.01-18.49.52:633][  0]LogD3D11RHI:     SharedSystemMemory : 8520689664 bytes
[2024.07.01-18.49.52:633][  0]LogD3D11RHI:     AdapterLuid : 0 65863
[2024.07.01-18.49.52:637][  0]LogD3D11RHI: Creating new Direct3DDevice
[2024.07.01-18.49.52:637][  0]LogD3D11RHI:     GPU DeviceId: 0x2504 (for the marketing name, search the web for "GPU Device Id")
[2024.07.01-18.49.52:637][  0]LogWindows: EnumDisplayDevices:
[2024.07.01-18.49.52:638][  0]LogWindows:    0. 'NVIDIA GeForce RTX 3060' (P:1 D:1)
[2024.07.01-18.49.52:638][  0]LogWindows:    1. 'NVIDIA GeForce RTX 3060' (P:0 D:0)
[2024.07.01-18.49.52:638][  0]LogWindows:    2. 'NVIDIA GeForce RTX 3060' (P:0 D:0)
[2024.07.01-18.49.52:638][  0]LogWindows:    3. 'NVIDIA GeForce RTX 3060' (P:0 D:0)
[2024.07.01-18.49.52:638][  0]LogWindows: DebugString: FoundDriverCount:4 
[2024.07.01-18.49.52:638][  0]LogD3D11RHI:     Adapter Name: NVIDIA GeForce RTX 3060
[2024.07.01-18.49.52:638][  0]LogD3D11RHI:   Driver Version: 552.22 (internal:31.0.15.5222, unified:552.22)
[2024.07.01-18.49.52:638][  0]LogD3D11RHI:      Driver Date: 4-11-2024
[2024.07.01-18.49.52:638][  0]LogRHI: Texture pool is 8480 MB (70% of 12115 MB)
[2024.07.01-18.49.52:638][  0]LogD3D11RHI: Creating D3DDevice using adapter:
[2024.07.01-18.49.52:638][  0]LogD3D11RHI:     Description : NVIDIA GeForce RTX 3060
[2024.07.01-18.49.52:638][  0]LogD3D11RHI:     VendorId    : 10de
[2024.07.01-18.49.52:638][  0]LogD3D11RHI:     DeviceId    : 2504
[2024.07.01-18.49.52:638][  0]LogD3D11RHI:     SubSysId    : 153610de
[2024.07.01-18.49.52:638][  0]LogD3D11RHI:     Revision    : 00a1
[2024.07.01-18.49.52:638][  0]LogD3D11RHI:     DedicatedVideoMemory : 12703498240 bytes
[2024.07.01-18.49.52:638][  0]LogD3D11RHI:     DedicatedSystemMemory : 0 bytes
[2024.07.01-18.49.52:638][  0]LogD3D11RHI:     SharedSystemMemory : 8520689664 bytes
[2024.07.01-18.49.52:638][  0]LogD3D11RHI:     AdapterLuid : 0 65863
[2024.07.01-18.49.52:703][  0]LogD3D11RHI: RHI has support for 64 bit atomics
[2024.07.01-18.49.52:703][  0]LogD3D11RHI: Async texture creation enabled
[2024.07.01-18.49.52:703][  0]LogD3D11RHI: Array index from any shader is supported
[2024.07.01-18.49.52:721][  0]LogD3D11RHI: GPU Timing Frequency: 1000.000000 (Debug: 2 2)
[2024.07.01-18.49.52:737][  0]LogRHI: GeForceNow SDK initialized: 1
[2024.07.01-18.49.52:955][  0]LogTargetPlatformManager: Display: Loaded TargetPlatform 'WindowsNoEditor'
[2024.07.01-18.49.52:959][  0]LogTargetPlatformManager: Display: Loaded TargetPlatform 'Windows'
[2024.07.01-18.49.52:962][  0]LogTargetPlatformManager: Display: Loaded TargetPlatform 'WindowsClient'
[2024.07.01-18.49.52:966][  0]LogTargetPlatformManager: Display: Loaded TargetPlatform 'WindowsServer'
[2024.07.01-18.49.52:966][  0]LogTargetPlatformManager: Display: Building Assets For Windows
[2024.07.01-18.49.52:971][  0]LogAudioDebug: Display: Lib vorbis DLL was dynamically loaded.
[2024.07.01-18.49.52:994][  0]LogTextureFormatOodle: Display: Oodle Texture 2.9.0 init RDO Off
[2024.07.01-18.49.53:018][  0]LogRendererCore: Ray tracing is disabled. Reason: r.RayTracing=0.
[2024.07.01-18.49.53:018][  0]LogShaderCompilers: Guid format shader working directory is 18 characters bigger than the processId version (D:/RPG_Maker_Git/SoapOpera/Intermediate/Shaders/WorkingDirectory/15088/).
[2024.07.01-18.49.53:018][  0]LogShaderCompilers: Cleaned the shader compiler working directory 'C:/Users/eric/AppData/Local/Temp/UnrealShaderWorkingDir/5BA7CCBD4F44C41052B9309696FDB4DB/'.
[2024.07.01-18.49.53:018][  0]LogXGEController: Cannot use XGE Controller as Incredibuild is not installed on this machine.
[2024.07.01-18.49.53:018][  0]LogShaderCompilers: Cannot use XGE Shader Compiler as Incredibuild is not installed on this machine.
[2024.07.01-18.49.53:018][  0]LogShaderCompilers: Display: Using Local Shader Compiler.
[2024.07.01-18.49.53:608][  0]LogDerivedDataCache: Display: Max Cache Size: 512 MB
[2024.07.01-18.49.53:645][  0]LogDerivedDataCache: Loaded boot cache 0.04s 94MB C:/Users/eric/AppData/Local/UnrealEngine/4.27/DerivedDataCache/Boot.ddc.
[2024.07.01-18.49.53:645][  0]LogDerivedDataCache: Display: Loaded Boot cache: C:/Users/eric/AppData/Local/UnrealEngine/4.27/DerivedDataCache/Boot.ddc
[2024.07.01-18.49.53:645][  0]LogDerivedDataCache: FDerivedDataBackendGraph:  Pak pak cache file D:/RPG_Maker_Git/SoapOpera/DerivedDataCache/DDC.ddp not found, will not use a pak cache.
[2024.07.01-18.49.53:645][  0]LogDerivedDataCache: Unable to find inner node Pak for hierarchical cache Hierarchy.
[2024.07.01-18.49.53:645][  0]LogDerivedDataCache: FDerivedDataBackendGraph:  CompressedPak pak cache file D:/RPG_Maker_Git/SoapOpera/DerivedDataCache/Compressed.ddp not found, will not use a pak cache.
[2024.07.01-18.49.53:645][  0]LogDerivedDataCache: Unable to find inner node CompressedPak for hierarchical cache Hierarchy.
[2024.07.01-18.49.53:659][  0]LogDerivedDataCache: Display: Pak cache opened for reading ../../../Engine/DerivedDataCache/Compressed.ddp.
[2024.07.01-18.49.53:659][  0]LogDerivedDataCache: FDerivedDataBackendGraph:  EnterprisePak pak cache file ../../../Enterprise/DerivedDataCache/Compressed.ddp not found, will not use a pak cache.
[2024.07.01-18.49.53:659][  0]LogDerivedDataCache: Unable to find inner node EnterprisePak for hierarchical cache Hierarchy.
[2024.07.01-18.49.53:663][  0]LogDerivedDataCache: Speed tests for C:/Users/eric/AppData/Local/UnrealEngine/Common/DerivedDataCache took 0.00 seconds
[2024.07.01-18.49.53:663][  0]LogDerivedDataCache: Display: Performance to C:/Users/eric/AppData/Local/UnrealEngine/Common/DerivedDataCache: Latency=0.01ms. RandomReadSpeed=1566.45MBs, RandomWriteSpeed=286.89MBs. Assigned SpeedClass 'Local'
[2024.07.01-18.49.53:664][  0]LogDerivedDataCache: Using Local data cache path C:/Users/eric/AppData/Local/UnrealEngine/Common/DerivedDataCache: Writable
[2024.07.01-18.49.53:664][  0]LogDerivedDataCache: Shared data cache path not found in *engine.ini, will not use an Shared cache.
[2024.07.01-18.49.53:664][  0]LogDerivedDataCache: Unable to find inner node Shared for hierarchical cache Hierarchy.
[2024.07.01-18.49.53:694][  0]LogSlate: Using FreeType 2.10.0
[2024.07.01-18.49.53:694][  0]LogSlate: SlateFontServices - WITH_FREETYPE: 1, WITH_HARFBUZZ: 1
[2024.07.01-18.49.53:750][  0]LogInit: Using OS detected language (de-DE).
[2024.07.01-18.49.53:751][  0]LogInit: Using OS detected locale (de-DE).
[2024.07.01-18.49.53:751][  0]LogTextLocalizationManager: No localization for 'de-DE' exists, so 'en' will be used for the language.
[2024.07.01-18.49.53:751][  0]LogTextLocalizationManager: No localization for 'de-DE' exists, so 'en' will be used for the locale.
[2024.07.01-18.49.53:751][  0]LogSlate: FontCache flush requested. Reason: Culture for localization was changed
[2024.07.01-18.49.53:751][  0]LogSlate: FontCache flush requested. Reason: Culture for localization was changed
[2024.07.01-18.49.53:752][  0]LogAssetRegistry: FAssetRegistry took 0.0011 seconds to start up
[2024.07.01-18.49.53:868][  0]LogTextLocalizationManager: Compacting localization data took   0.00ms
[2024.07.01-18.49.53:868][  0]LogPackageLocalizationCache: Processed 27 localized package path(s) for 1 prioritized culture(s) in 0.000546 seconds
[2024.07.01-18.49.53:911][  0]LogInit: Selected Device Profile: [Windows]
[2024.07.01-18.49.53:911][  0]LogInit: Active device profile: [0000022A96405300][0000022A89AD8940 49] Windows
[2024.07.01-18.49.53:911][  0]LogInit: Profiles: [0000022A96405300][0000022A89AD8940 49] Windows, [0000022A963BEB00][0000022A902FCAC0 49] WindowsNoEditor, [0000022A96406400][0000022A95E28C40 49] WindowsServer, [0000022A963BFA00][0000022A95E2CDC0 49] WindowsClient, [0000022A96407300][0000022A95E30F40 49] IOS, [0000022A963BD200][0000022A95E350C0 49] iPadAir, [0000022A96407E00][0000022A95E39240 49] iPadAir2, [0000022A9636E100][0000022A95E3D480 49] IPadPro, [0000022A9636E200][0000022A902F94C0 49] iPadAir3, [0000022A963BFE00][0000022A95E41600 49] iPadAir4, [0000022A9636F100][0000022A95E45740 49] iPadMini2, [0000022A963BEE00][0000022A95E4D8C0 49] iPadMini3, [0000022A9636FD00][0000022A95E51A40 49] iPadMini4, [0000022A963BDF00][0000022A95E55BC0 49] iPadMini5, [0000022A9639DA00][0000022A95E5C300 49] iPhone6, [0000022A9639DB00][0000022A95E58340 49] iPodTouch6, [0000022A96406F00][0000022A95E64600 49] iPhone7, [0000022A96407000][0000022A95E60640 49] iPodTouch7, [0000022A9636DC00][0000022A95E687C0 49] iPhone5S, [0000022A96405100][0000022A95E6C940 49] iPhone6Plus, [0000022A9636D800][0000022A95E70AC0 49] iPhone6S, [0000022A96404400][0000022A95E74C40 49] iPhone6SPlus, [0000022A9636CE00][0000022A95E78DC0 49] iPhone7Plus, [0000022A96405700][0000022A95E7CF40 49] iPhoneSE, [0000022A9636CA00][0000022A95E810C0 49] iPhone8, [0000022A96404800][0000022A95E85240 49] iPhone8Plus, [0000022A9636DA00][0000022A95E893C0 49] iPhoneX, [0000022A96407D00][0000022A95E49500 49] iPhoneXS, [0000022A9639C200][0000022A95E8D640 49] iPhoneXSMax, [0000022A9636CD00][0000022A95E91780 49] iPhoneXR, [0000022A9639CC00][0000022A95E958C0 49] iPhone11, [0000022A9636EE00][0000022A95E9DA40 49] iPhone11Pro, [0000022A9639D500][0000022A95EA1BC0 49] iPhone11ProMax, [0000022A9636FA00][0000022A95EA41C0 49] iPhoneSE2, [0000022A9639C400][0000022A95EA8340 49] iPhone12Mini, [0000022A9636D200][0000022A95EAC4C0 49] iPhone12, [0000022A9639FC00][0000022A95EB0640 49] iPhone12Pro, [0000022A9636E000][0000022A95EB47C0 49] iPhone12ProMax, [0000022A9639EC00][0000022A95EB8940 49] iPadPro105, [0000022A96406100][0000022A95EBCAC0 49] iPadPro129, [0000022A9639D100][0000022A95EC0C40 49] iPadPro97, [0000022A96405000][0000022A95EC4DC0 49] iPadPro2_129, [0000022A9639CD00][0000022A95EC8F40 49] iPad5, [0000022A96405D00][0000022A95ECD0C0 49] iPad6, [0000022A9639C600][0000022A95ED1240 49] iPad7, [0000022A96406E00][0000022A95ED53C0 49] iPad8, [0000022A9639F100][0000022A95ED9540 49] iPadPro11, [0000022A96405B00][0000022A95EDD6C0 49] iPadPro2_11, [0000022A9639CA00][0000022A95E99800 49] iPadPro3_129, [0000022A96406200][0000022A95EE1940 49] iPadPro4_129, [0000022A9639ED00][0000022A95EE5A80 49] AppleTV, [0000022A96404100][0000022A95EEDC00 49] AppleTV4K, [0000022A9639E600][0000022A95EF0200 49] TVOS, [0000022A96405500][0000022A95EF4380 49] Mac, [0000022A9639F600][0000022A95EF8500 49] MacClient, [0000022A96405F00][0000022A95EFC680 49] MacNoEditor, [0000022A9639FF00][0000022A95F00800 49] MacServer, [0000022A96407A00][0000022A95F04980 49] Linux, [0000022A9639DC00][0000022A95F08B00 49] LinuxAArch64, [0000022A96407800][0000022A95F0CC80 49] LinuxNoEditor, [0000022A9639E400][0000022A95F10E00 49] LinuxAArch64NoEditor, [0000022A96407500][0000022A95F14F80 49] LinuxClient, [0000022A9639D300][0000022A95F19100 49] LinuxAArch64Client, [0000022A96404900][0000022A95F1D280 49] LinuxServer, [0000022A9639D200][0000022A89901400 49] LinuxAArch64Server, [0000022A96407600][0000022A89905580 49] Android, [0000022A9639D900][0000022A89909700 49] Android_Low, [0000022A96406700][0000022A8990D880 49] Android_Mid, [0000022A9639EE00][0000022A95EE99C0 49] Android_High, [0000022A96406000][0000022A89911B00 49] Android_Default, [0000022A9639E800][0000022A899140C0 49] Android_Adreno4xx, [0000022A96404B00][0000022A8991C240 49] Android_Adreno5xx_Low, [0000022A9639EF00][0000022A899203C0 49] Android_Adreno5xx, [0000022A96404300][0000022A89924540 49] Android_Adreno6xx, [0000022A9639F200][0000022A899286C0 49] Android_Adreno6xx_Vulkan, [0000022A96404500][0000022A8ABC2840 49] Android_Mali_T6xx, [0000022A9639EB00][0000022A8ABC69C0 49] Android_Mali_T7xx, [0000022A96404600][0000022A8ABCAB40 49] Android_Mali_T8xx, [0000022A9639C700][0000022A8ABCECC0 49] Android_Mali_G71, [0000022A96407C00][0000022A8ABD2E40 49] Android_Mali_G72, [0000022A9639DF00][0000022A8ABD6FC0 49] Android_Mali_G72_Vulkan, [0000022A96407100][0000022A8ABDB140 49] Android_Mali_G76, [0000022A9639DE00][0000022A8ABDF2C0 49] Android_Mali_G76_Vulkan, [0000022A96404A00][0000022A8ABE3440 49] Android_Mali_G77, [0000022A9639C900][0000022A8ABE75C0 49] Android_Mali_G77_Vulkan, [0000022A96405800][0000022A8ABEB740 49] Android_Mali_G78, [0000022A9639FD00][0000022A8ABEF8C0 49] Android_Mali_G78_Vulkan, [0000022A963BE200][0000022A8ABF3A40 49] Android_Mali_G710, [0000022A9636EF00][0000022A89919B80 49] Android_Mali_G710_Vulkan, [0000022A963BF700][0000022A8ABF6140 49] Android_Vulkan_SM5, [0000022A9636EB00][0000022A90244280 49] Android_PowerVR_G6xxx, [0000022A963BC400][0000022A902483C0 49] Android_PowerVR_GT7xxx, [0000022A9636E700][0000022A90250540 49] Android_PowerVR_GE8xxx, [0000022A963BC600][0000022A902546C0 49] Android_PowerVR_GM9xxx, [0000022A9636E800][0000022A90258840 49] Android_PowerVR_GM9xxx_Vulkan, [0000022A963BD700][0000022A9025C9C0 49] Android_TegraK1, [0000022A9636F400][0000022A90260B40 49] Android_Unknown_Vulkan, [0000022A963BC700][0000022A90264CC0 49] Lumin, [0000022A9636ED00][0000022A90268E40 49] Lumin_Desktop, [0000022A963BDB00][0000022A9026CFC0 49] HoloLens, 
[2024.07.01-18.49.54:002][  0]LogMeshReduction: Using QuadricMeshReduction for automatic static mesh reduction
[2024.07.01-18.49.54:002][  0]LogMeshReduction: Using SimplygonMeshReduction for automatic skeletal mesh reduction
[2024.07.01-18.49.54:002][  0]LogMeshReduction: Using ProxyLODMeshReduction for automatic mesh merging
[2024.07.01-18.49.54:002][  0]LogMeshReduction: No distributed automatic mesh merging module available
[2024.07.01-18.49.54:002][  0]LogMeshMerging: No distributed automatic mesh merging module available
[2024.07.01-18.49.54:023][  0]LogNetVersion: SoapOpera 1.0.0, NetCL: 17155196, EngineNetVer: 17, GameNetVer: 0 (Checksum: 611829834)
[2024.07.01-18.49.54:188][  0]LogTexture: Default maximum texture size for cubemaps generated from long-lat sources has been changed from 512 to unlimited. In order to preserve old behaiour for '/Engine/MapTemplates/Sky/DaylightAmbientCubemap.DaylightAmbientCubemap', its maximum texture size has been explicitly set to 512.
[2024.07.01-18.49.54:224][  0]LogHMD: PokeAHoleMaterial loaded successfully
[2024.07.01-18.49.54:297][  0]LogMoviePlayer: Initializing movie player
[2024.07.01-18.49.54:383][  0]LogNiagaraDebuggerClient: Niagara Debugger Client Initialized | Session: 436C60444467CBAF2D7F3499E1E5B8EC | Instance: FFD3DEF64FFE420B1E3EE1B5175FF7D3 (ALVIS-15088).
[2024.07.01-18.49.54:398][  0]LogCollectionManager: Loaded 0 collections in 0.001178 seconds
[2024.07.01-18.49.54:400][  0]LogFileCache: Scanning file cache for directory 'D:/RPG_Maker_Git/SoapOpera/Saved/Collections/' took 0.00s
[2024.07.01-18.49.54:400][  0]LogFileCache: Scanning file cache for directory 'D:/RPG_Maker_Git/SoapOpera/Content/Developers/eric/Collections/' took 0.00s
[2024.07.01-18.49.54:400][  0]LogFileCache: Scanning file cache for directory 'D:/RPG_Maker_Git/SoapOpera/Content/Collections/' took 0.00s
[2024.07.01-18.49.54:400][  0]LogCollectionManager: Fixed up redirectors for 0 collections in 0.000001 seconds (updated 0 objects)
[2024.07.01-18.49.54:476][  0]LogPython: Using Python 3.7.7
[2024.07.01-18.49.54:802][  0]LogTcpMessaging: Initializing TcpMessaging bridge
[2024.07.01-18.49.54:808][  0]LogUdpMessaging: Initializing bridge on interface 0.0.0.0:0 to multicast group 230.0.0.1:6666.
[2024.07.01-18.49.54:884][  0]SourceControl: Source control is disabled
[2024.07.01-18.49.54:884][  0]SourceControl: Source control is disabled
[2024.07.01-18.49.54:891][  0]LogUProjectInfo: Found projects:
[2024.07.01-18.49.54:893][  0]LogVSAccessor: Display: Unable to create Visual Studio setup instance: 80040154
[2024.07.01-18.49.54:893][  0]LogVSAccessor: Display: Unable to create Visual Studio setup instance: 80040154
[2024.07.01-18.49.54:894][  0]LogVSAccessor: Display: Unable to create Visual Studio setup instance: 80040154
[2024.07.01-18.49.54:898][  0]SourceControl: Source control is disabled
[2024.07.01-18.49.54:970][  0]LogOpenImageDenoise: OIDN starting up
[2024.07.01-18.49.54:979][  0]LogAndroidPermission: UAndroidPermissionCallbackProxy::GetInstance
[2024.07.01-18.49.54:991][  0]LogAudioCaptureCore: Display: No Audio Capture implementations found. Audio input will be silent.
[2024.07.01-18.49.54:991][  0]LogAudioCaptureCore: Display: No Audio Capture implementations found. Audio input will be silent.
[2024.07.01-18.49.55:049][  0]LogOcInput: OculusInput pre-init called
[2024.07.01-18.49.55:056][  0]LogUObjectArray: 22121 objects as part of root set at end of initial load.
[2024.07.01-18.49.55:056][  0]LogUObjectAllocator: 5975632 out of 0 bytes used by permanent object pool.
[2024.07.01-18.49.55:056][  0]LogUObjectArray: CloseDisregardForGC: 0/0 objects in disregard for GC pool
[2024.07.01-18.49.55:093][  0]LogEngine: Initializing Engine...
[2024.07.01-18.49.55:095][  0]LogHMD: Failed to enumerate extensions. Please check that you have a valid OpenXR runtime installed.
[2024.07.01-18.49.55:095][  0]LogHMD: Failed to initialize OpenVR with code 110
[2024.07.01-18.49.55:095][  0]LogMagicLeap: Warning: VR disabled because ZI is not enabled.  To enable, in the editor, Edit -> Project Settings -> Plugins -> Magic Leap Plugin -> Enable Zero Iteration
[2024.07.01-18.49.55:096][  0]LogStats: UGameplayTagsManager::InitializeManager -  0.000 s
[2024.07.01-18.49.55:167][  0]LogInit: Initializing FReadOnlyCVARCache
[2024.07.01-18.49.55:167][  0]LogAudio: Display: Initializing Audio Device Manager...
[2024.07.01-18.49.55:170][  0]LogAudio: Display: Loading Default Audio Settings Objects...
[2024.07.01-18.49.55:170][  0]LogAudio: Display: No default SoundConcurrencyObject specified (or failed to load).
[2024.07.01-18.49.55:171][  0]LogAudio: Display: Audio Device Manager Initialized
[2024.07.01-18.49.55:171][  0]LogAudio: Display: Creating Audio Device:                 Id: 1, Scope: Shared, Realtime: True
[2024.07.01-18.49.55:171][  0]LogAudioMixer: Display: Audio Mixer Platform Settings:
[2024.07.01-18.49.55:171][  0]LogAudioMixer: Display: 	Sample Rate:						  48000
[2024.07.01-18.49.55:171][  0]LogAudioMixer: Display: 	Callback Buffer Frame Size Requested: 1024
[2024.07.01-18.49.55:171][  0]LogAudioMixer: Display: 	Callback Buffer Frame Size To Use:	  1024
[2024.07.01-18.49.55:171][  0]LogAudioMixer: Display: 	Number of buffers to queue:			  2
[2024.07.01-18.49.55:171][  0]LogAudioMixer: Display: 	Max Channels (voices):				  32
[2024.07.01-18.49.55:171][  0]LogAudioMixer: Display: 	Number of Async Source Workers:		  0
[2024.07.01-18.49.55:171][  0]LogAudio: Display: AudioDevice MaxSources: 32
[2024.07.01-18.49.55:171][  0]LogAudio: Display: Audio Spatialization Plugin: None (built-in).
[2024.07.01-18.49.55:171][  0]LogAudio: Display: Audio Reverb Plugin: None (built-in).
[2024.07.01-18.49.55:171][  0]LogAudio: Display: Audio Occlusion Plugin: None (built-in).
[2024.07.01-18.49.55:171][  0]LogAudioMixer: Display: Initializing audio mixer.
[2024.07.01-18.49.55:181][  0]LogAudioMixer: Display: 0: FrontLeft
[2024.07.01-18.49.55:181][  0]LogAudioMixer: Display: 1: FrontRight
[2024.07.01-18.49.55:199][  0]LogAudioMixer: Display: Using Audio Device Lautsprecher (Realtek(R) Audio)
[2024.07.01-18.49.55:203][  0]LogAudioMixer: Display: Initializing Sound Submixes...
[2024.07.01-18.49.55:204][  0]LogAudioMixer: Display: Creating Master Submix 'MasterSubmixDefault'
[2024.07.01-18.49.55:204][  0]LogAudioMixer: Display: Creating Master Submix 'MasterReverbSubmixDefault'
[2024.07.01-18.49.55:206][  0]LogAudioMixer: Display: Creating Master Submix 'MasterEQSubmixDefault'
[2024.07.01-18.49.55:206][  0]LogAudioMixer: FMixerPlatformXAudio2::StartAudioStream() called
[2024.07.01-18.49.55:206][  0]LogAudioMixer: Display: Output buffers initialized: Frames=1024, Channels=2, Samples=2048
[2024.07.01-18.49.55:207][  0]LogAudioMixer: Display: Starting AudioMixerPlatformInterface::RunInternal()
[2024.07.01-18.49.55:207][  0]LogAudioMixer: Display: FMixerPlatformXAudio2::SubmitBuffer() called for the first time
[2024.07.01-18.49.55:207][  0]LogInit: FAudioDevice initialized.
[2024.07.01-18.49.55:208][  0]LogNetVersion: Set ProjectVersion to 1.0.0.0. Version Checksum will be recalculated on next use.
[2024.07.01-18.49.55:209][  0]LogInit: Texture streaming: Enabled
[2024.07.01-18.49.55:258][  0]LogAudio: Display: Audio Device (ID: 1) registered with world 'Untitled'.
[2024.07.01-18.49.55:258][  0]LogSlate: Updating window title bar state: overlay mode, drag disabled, window buttons hidden, title bar hidden
[2024.07.01-18.49.55:259][  0]LogInit: Display: Game Engine Initialized.
[2024.07.01-18.49.55:259][  0]LogNiagaraEditor: GEditor isn't valid! Particle reset commands will not work for Niagara components!
[2024.07.01-18.49.55:342][  0]LogInit: Display: Starting Game.
[2024.07.01-18.49.55:343][  0]LogNet: Browse: /Game/ThirdPersonBP/Maps/ThirdPersonExampleMap?Name=Player
[2024.07.01-18.49.55:343][  0]LogLoad: LoadMap: /Game/ThirdPersonBP/Maps/ThirdPersonExampleMap?Name=Player
[2024.07.01-18.49.55:343][  0]LogWorld: BeginTearingDown for /Temp/Untitled_0
[2024.07.01-18.49.55:344][  0]LogWorld: UWorld::CleanupWorld for Untitled, bSessionEnded=true, bCleanupResources=true
[2024.07.01-18.49.55:344][  0]LogSlate: InvalidateAllWidgets triggered.  All widgets were invalidated
[2024.07.01-18.49.55:346][  0]LogAudio: Display: Audio Device unregistered from world 'None'.
[2024.07.01-18.49.55:348][  0]LogUObjectHash: Compacting FUObjectHashTables data took   0.51ms
[2024.07.01-18.49.55:689][  0]LogAudio: Display: Audio Device (ID: 1) registered with world 'ThirdPersonExampleMap'.
[2024.07.01-18.49.55:695][  0]LogAIModule: Creating AISystem for world ThirdPersonExampleMap
[2024.07.01-18.49.55:695][  0]LogLoad: Game class is 'GameMode_BP_C'
[2024.07.01-18.49.55:704][  0]LogWorld: Bringing World /Game/ThirdPersonBP/Maps/ThirdPersonExampleMap.ThirdPersonExampleMap up for play (max tick rate 0) at 2024.07.01-20.49.55
[2024.07.01-18.49.55:708][  0]LogWorld: Bringing up level for play took: 0.013135
[2024.07.01-18.49.55:711][  0]LogStreaming: Warning: Failed to read file 'D:/RPG_Maker_Git/SoapOpera/Saved/SaveGames/save1.sav' error.
[2024.07.01-18.49.55:711][  0]LogStreaming: Warning: Failed to read file 'D:/RPG_Maker_Git/SoapOpera/Saved/SaveGames/save1.sav' error.
[2024.07.01-18.49.55:711][  0]LogLoad: Took 0.368684 seconds to LoadMap(/Game/ThirdPersonBP/Maps/ThirdPersonExampleMap)
[2024.07.01-18.49.55:767][  0]LogSlate: Took 0.000146 seconds to synchronously load lazily loaded font '../../../Engine/Content/Slate/Fonts/Roboto-Regular.ttf' (155K)
[2024.07.01-18.49.55:799][  0]LogRenderer: Reallocating scene render targets to support 1280x720 Format 10 NumSamples 1 (Frame:1).
[2024.07.01-18.49.55:799][  0]LogInit: Display: Engine is initialized. Leaving FEngineLoop::Init()
[2024.07.01-18.49.55:799][  0]LogLoad: (Engine Initialization) Total time: 4.12 seconds
[2024.07.01-18.49.55:799][  0]LogLoad: (Engine Initialization) Total Blueprint compile time: 0.00 seconds
[2024.07.01-18.49.55:802][  0]LogContentStreaming: Texture pool size now 1000 MB
[2024.07.01-18.49.55:804][  0]LogSlate: InvalidateAllWidgets triggered.  All widgets were invalidated
[2024.07.01-18.49.55:872][  0]LogRenderer: Reallocating scene render targets to support 128x128 Format 10 NumSamples 1 (Frame:1).
[2024.07.01-18.49.55:899][  0]LogRenderer: Reallocating scene render targets to support 1280x720 Format 10 NumSamples 1 (Frame:2).
[2024.07.01-18.49.55:908][  1]LogSlate: Took 0.000106 seconds to synchronously load lazily loaded font '../../../Engine/Content/Slate/Fonts/Roboto-Regular.ttf' (155K)
[2024.07.01-18.50.01:664][347]Closing by request
[2024.07.01-18.50.01:664][347]LogWindows: FPlatformMisc::RequestExit(0)
[2024.07.01-18.50.01:664][347]LogWindows: FPlatformMisc::RequestExitWithStatus(0, 0)
[2024.07.01-18.50.01:664][347]LogCore: Engine exit requested (reason: Win RequestExit)
[2024.07.01-18.50.01:681][348]LogCore: Engine exit requested (reason: EngineExit() was called; note: exit was already requested)
[2024.07.01-18.50.01:681][348]LogInit: Display: PreExit Game.
[2024.07.01-18.50.01:686][348]LogWorld: BeginTearingDown for /Game/ThirdPersonBP/Maps/ThirdPersonExampleMap
[2024.07.01-18.50.01:686][348]LogWorld: UWorld::CleanupWorld for ThirdPersonExampleMap, bSessionEnded=true, bCleanupResources=true
[2024.07.01-18.50.01:686][348]LogSlate: InvalidateAllWidgets triggered.  All widgets were invalidated
[2024.07.01-18.50.02:099][348]LogAudio: Display: Beginning Audio Device Manager Shutdown (Module: AudioMixerXAudio2)...
[2024.07.01-18.50.02:099][348]LogAudio: Display: Destroying 1 Remaining Audio Device(s)...
[2024.07.01-18.50.02:099][348]LogAudio: Display: Audio Device unregistered from world 'ThirdPersonExampleMap'.
[2024.07.01-18.50.02:100][348]LogAudioMixer: FMixerPlatformXAudio2::StopAudioStream() called
[2024.07.01-18.50.02:100][348]LogAudioMixer: FMixerPlatformXAudio2::StopAudioStream() called
[2024.07.01-18.50.02:102][348]LogAudio: Display: Audio Device Manager Shutdown
[2024.07.01-18.50.02:109][348]LogSlate: Window 'SoapOpera (64-bit Development PCD3D_SM5) ' being destroyed
[2024.07.01-18.50.02:109][348]LogWindowsTextInputMethodSystem: Display: IME system deactivated.
[2024.07.01-18.50.02:112][348]LogWindowsTextInputMethodSystem: Display: IME system deactivated.
[2024.07.01-18.50.02:115][348]LogExit: Preparing to exit.
[2024.07.01-18.50.02:820][348]LogUObjectHash: Compacting FUObjectHashTables data took   0.67ms
[2024.07.01-18.50.02:880][348]LogMoviePlayer: Shutting down movie player
[2024.07.01-18.50.02:979][348]LogSlate: Updating window title bar state: overlay mode, drag disabled, window buttons hidden, title bar hidden
[2024.07.01-18.50.02:989][348]LogDemo: Cleaned up 0 splitscreen connections with owner deletion
[2024.07.01-18.50.02:994][348]LogExit: Game engine shut down
[2024.07.01-18.50.03:020][348]LogExit: Object subsystem successfully closed.
[2024.07.01-18.50.03:029][348]LogShaderCompilers: Display: === FShaderJobCache stats ===
[2024.07.01-18.50.03:029][348]LogShaderCompilers: Display: Total job queries 0, among them cache hits 0 (0.00%)
[2024.07.01-18.50.03:029][348]LogShaderCompilers: Display: Tracking 0 distinct input hashes that result in 0 distinct outputs (0.00%)
[2024.07.01-18.50.03:029][348]LogShaderCompilers: Display: RAM used: 0.00 MB (0.00 GB) of 819.20 MB (0.80 GB) budget. Usage: 0.00%
[2024.07.01-18.50.03:029][348]LogShaderCompilers: Display: ================================================
[2024.07.01-18.50.03:041][348]LogShaderCompilers: Display: Shaders left to compile 0
[2024.07.01-18.50.03:051][348]LogModuleManager: Shutting down and abandoning module SequenceRecorderSections (560)
[2024.07.01-18.50.03:051][348]LogModuleManager: Shutting down and abandoning module SequenceRecorder (558)
[2024.07.01-18.50.03:051][348]LogModuleManager: Shutting down and abandoning module AutomationController (556)
[2024.07.01-18.50.03:051][348]LogModuleManager: Shutting down and abandoning module AutomationWorker (554)
[2024.07.01-18.50.03:051][348]LogModuleManager: Shutting down and abandoning module Voice (552)
[2024.07.01-18.50.03:051][348]LogModuleManager: Shutting down and abandoning module AIModule (550)
[2024.07.01-18.50.03:051][348]LogModuleManager: Shutting down and abandoning module GameplayDebugger (549)
[2024.07.01-18.50.03:051][348]LogModuleManager: Shutting down and abandoning module AITestSuite (547)
[2024.07.01-18.50.03:051][348]LogModuleManager: Shutting down and abandoning module NavigationSystem (545)
[2024.07.01-18.50.03:051][348]LogModuleManager: Shutting down and abandoning module AnimGraph (542)
[2024.07.01-18.50.03:051][348]LogModuleManager: Shutting down and abandoning module SteamVREditor (540)
[2024.07.01-18.50.03:051][348]LogModuleManager: Shutting down and abandoning module ToolMenus (539)
[2024.07.01-18.50.03:051][348]LogModuleManager: Shutting down and abandoning module OculusMR (536)
[2024.07.01-18.50.03:051][348]LogModuleManager: Shutting down and abandoning module OpenXRInput (534)
[2024.07.01-18.50.03:051][348]LogModuleManager: Shutting down and abandoning module TakeRecorderSources (532)
[2024.07.01-18.50.03:051][348]LogModuleManager: Shutting down and abandoning module TakeRecorder (531)
[2024.07.01-18.50.03:051][348]LogModuleManager: Shutting down and abandoning module TakeTrackRecorders (528)
[2024.07.01-18.50.03:051][348]LogModuleManager: Shutting down and abandoning module TakesCore (526)
[2024.07.01-18.50.03:051][348]LogModuleManager: Shutting down and abandoning module PlanarCut (524)
[2024.07.01-18.50.03:051][348]LogModuleManager: Shutting down and abandoning module WmfMediaFactory (522)
[2024.07.01-18.50.03:051][348]LogModuleManager: Shutting down and abandoning module WebMMediaFactory (520)
[2024.07.01-18.50.03:051][348]LogModuleManager: Shutting down and abandoning module WebMMedia (518)
[2024.07.01-18.50.03:051][348]LogModuleManager: Shutting down and abandoning module OpenExrWrapper (516)
[2024.07.01-18.50.03:052][348]LogModuleManager: Shutting down and abandoning module ImgMediaFactory (514)
[2024.07.01-18.50.03:052][348]LogModuleManager: Shutting down and abandoning module AvfMediaFactory (512)
[2024.07.01-18.50.03:052][348]LogModuleManager: Shutting down and abandoning module CharacterAI (510)
[2024.07.01-18.50.03:052][348]LogModuleManager: Shutting down and abandoning module MagicLeapMediaCodecFactory (508)
[2024.07.01-18.50.03:052][348]LogModuleManager: Shutting down and abandoning module MagicLeapMediaFactory (506)
[2024.07.01-18.50.03:052][348]LogModuleManager: Shutting down and abandoning module SessionServices (504)
[2024.07.01-18.50.03:052][348]LogModuleManager: Shutting down and abandoning module MovieSceneCapture (502)
[2024.07.01-18.50.03:052][348]LogModuleManager: Shutting down and abandoning module LiveCoding (500)
[2024.07.01-18.50.03:052][348]LogModuleManager: Shutting down and abandoning module LevelSequence (498)
[2024.07.01-18.50.03:052][348]LogModuleManager: Shutting down and abandoning module MovieSceneTracks (496)
[2024.07.01-18.50.03:052][348]LogModuleManager: Shutting down and abandoning module MovieScene (494)
[2024.07.01-18.50.03:052][348]LogModuleManager: Shutting down and abandoning module StreamingPauseRendering (492)
[2024.07.01-18.50.03:052][348]LogModuleManager: Shutting down and abandoning module PortalServices (490)
[2024.07.01-18.50.03:052][348]LogModuleManager: Shutting down and abandoning module PortalRpc (488)
[2024.07.01-18.50.03:052][348]LogModuleManager: Shutting down and abandoning module MessagingRpc (486)
[2024.07.01-18.50.03:052][348]LogModuleManager: Shutting down and abandoning module AudioMixerXAudio2 (484)
[2024.07.01-18.50.03:052][348]LogModuleManager: Shutting down and abandoning module AudioMixerCore (483)
[2024.07.01-18.50.03:052][348]LogModuleManager: Shutting down and abandoning module ImageWriteQueue (480)
[2024.07.01-18.50.03:054][348]LogModuleManager: Shutting down and abandoning module ProfilerService (478)
[2024.07.01-18.50.03:073][348]LogModuleManager: Shutting down and abandoning module TaskGraph (476)
[2024.07.01-18.50.03:073][348]LogModuleManager: Shutting down and abandoning module OculusInput (474)
[2024.07.01-18.50.03:073][348]LogModuleManager: Shutting down and abandoning module Synthesis (472)
[2024.07.01-18.50.03:073][348]LogModuleManager: Shutting down and abandoning module ProceduralMeshComponent (470)
[2024.07.01-18.50.03:073][348]LogModuleManager: Shutting down and abandoning module MobilePatchingUtils (468)
[2024.07.01-18.50.03:073][348]LogModuleManager: Shutting down and abandoning module GooglePAD (466)
[2024.07.01-18.50.03:073][348]LogModuleManager: Shutting down and abandoning module EditableMesh (464)
[2024.07.01-18.50.03:073][348]LogModuleManager: Shutting down and abandoning module CustomMeshComponent (462)
[2024.07.01-18.50.03:073][348]LogModuleManager: Shutting down and abandoning module CableComponent (460)
[2024.07.01-18.50.03:073][348]LogModuleManager: Shutting down and abandoning module AssetTags (458)
[2024.07.01-18.50.03:073][348]LogModuleManager: Shutting down and abandoning module AudioCapture (456)
[2024.07.01-18.50.03:073][348]LogModuleManager: Shutting down and abandoning module AudioCaptureRtAudio (455)
[2024.07.01-18.50.03:073][348]LogModuleManager: Shutting down and abandoning module ArchVisCharacter (452)
[2024.07.01-18.50.03:073][348]LogModuleManager: Shutting down and abandoning module AppleImageUtilsBlueprintSupport (450)
[2024.07.01-18.50.03:073][348]LogModuleManager: Shutting down and abandoning module AppleImageUtils (448)
[2024.07.01-18.50.03:073][348]LogModuleManager: Shutting down and abandoning module AndroidPermission (446)
[2024.07.01-18.50.03:073][348]LogModuleManager: Shutting down and abandoning module TakeMovieScene (444)
[2024.07.01-18.50.03:073][348]LogModuleManager: Shutting down and abandoning module ActorLayerUtilities (442)
[2024.07.01-18.50.03:073][348]LogModuleManager: Shutting down and abandoning module TemplateSequence (440)
[2024.07.01-18.50.03:073][348]LogModuleManager: Shutting down and abandoning module MotoSynth (438)
[2024.07.01-18.50.03:073][348]LogModuleManager: Shutting down and abandoning module OpenImageDenoise (436)
[2024.07.01-18.50.03:073][348]LogOpenImageDenoise: OIDN shutting down
[2024.07.01-18.50.03:073][348]LogModuleManager: Shutting down and abandoning module MeshConversion (434)
[2024.07.01-18.50.03:073][348]LogModuleManager: Shutting down and abandoning module DynamicMesh (432)
[2024.07.01-18.50.03:073][348]LogModuleManager: Shutting down and abandoning module GeometryAlgorithms (430)
[2024.07.01-18.50.03:073][348]LogModuleManager: Shutting down and abandoning module GeometricObjects (428)
[2024.07.01-18.50.03:073][348]LogModuleManager: Shutting down and abandoning module GeometryCollectionTracks (426)
[2024.07.01-18.50.03:073][348]LogModuleManager: Shutting down and abandoning module GeometryCollectionSequencer (425)
[2024.07.01-18.50.03:073][348]LogModuleManager: Shutting down and abandoning module GeometryCacheTracks (422)
[2024.07.01-18.50.03:073][348]LogModuleManager: Shutting down and abandoning module GeometryCacheSequencer (421)
[2024.07.01-18.50.03:073][348]LogModuleManager: Shutting down and abandoning module GeometryCache (418)
[2024.07.01-18.50.03:073][348]LogModuleManager: Shutting down and abandoning module GeometryCacheEd (417)
[2024.07.01-18.50.03:073][348]LogModuleManager: Shutting down and abandoning module MediaCompositing (414)
[2024.07.01-18.50.03:073][348]LogModuleManager: Shutting down and abandoning module ImgMedia (412)
[2024.07.01-18.50.03:073][348]LogModuleManager: Shutting down and abandoning module ChaosNiagara (410)
[2024.07.01-18.50.03:073][348]LogModuleManager: Shutting down and abandoning module FieldSystemEngine (409)
[2024.07.01-18.50.03:073][348]LogModuleManager: Shutting down and abandoning module AutomationUtils (406)
[2024.07.01-18.50.03:073][348]LogModuleManager: Shutting down and abandoning module BackChannel (404)
[2024.07.01-18.50.03:073][348]LogModuleManager: Shutting down and abandoning module SubversionSourceControl (402)
[2024.07.01-18.50.03:073][348]LogModuleManager: Shutting down and abandoning module VisualStudioCodeSourceCodeAccess (400)
[2024.07.01-18.50.03:073][348]LogModuleManager: Shutting down and abandoning module VisualStudioSourceCodeAccess (398)
[2024.07.01-18.50.03:073][348]LogModuleManager: Shutting down and abandoning module HotReload (397)
[2024.07.01-18.50.03:074][348]LogModuleManager: Shutting down and abandoning module UObjectPlugin (394)
[2024.07.01-18.50.03:074][348]LogModuleManager: Shutting down and abandoning module PerforceSourceControl (392)
[2024.07.01-18.50.03:074][348]LogModuleManager: Shutting down and abandoning module SourceControl (391)
[2024.07.01-18.50.03:074][348]LogModuleManager: Shutting down and abandoning module MagicLeapSharedWorld (388)
[2024.07.01-18.50.03:074][348]LogModuleManager: Shutting down and abandoning module CLionSourceCodeAccess (386)
[2024.07.01-18.50.03:074][348]LogModuleManager: Shutting down and abandoning module MagicLeapLightEstimation (384)
[2024.07.01-18.50.03:074][348]LogModuleManager: Shutting down and abandoning module MagicLeapHelperVulkan (382)
[2024.07.01-18.50.03:074][348]LogModuleManager: Shutting down and abandoning module MagicLeapHelperOpenGL (380)
[2024.07.01-18.50.03:074][348]LogModuleManager: Shutting down and abandoning module MagicLeapAudio (378)
[2024.07.01-18.50.03:074][348]LogModuleManager: Shutting down and abandoning module OodleNetworkHandlerComponent (376)
[2024.07.01-18.50.03:074][348]LogModuleManager: Shutting down and abandoning module LiveLinkSequencer (374)
[2024.07.01-18.50.03:074][348]LogModuleManager: Shutting down and abandoning module LiveLinkMovieScene (372)
[2024.07.01-18.50.03:074][348]LogModuleManager: Shutting down and abandoning module LiveLinkGraphNode (370)
[2024.07.01-18.50.03:074][348]LogModuleManager: Shutting down and abandoning module LiveLinkComponents (368)
[2024.07.01-18.50.03:074][348]LogModuleManager: Shutting down and abandoning module LiveLink (366)
[2024.07.01-18.50.03:841][348]LogModuleManager: Shutting down and abandoning module RuntimePhysXCooking (364)
[2024.07.01-18.50.03:841][348]LogModuleManager: Shutting down and abandoning module SoundFields (362)
[2024.07.01-18.50.03:841][348]LogModuleManager: Shutting down and abandoning module SignificanceManager (360)
[2024.07.01-18.50.03:841][348]LogModuleManager: Shutting down and abandoning module PropertyAccessEditor (358)
[2024.07.01-18.50.03:841][348]LogModuleManager: Shutting down and abandoning module PhysXVehiclesEditor (356)
[2024.07.01-18.50.03:841][348]LogModuleManager: Shutting down and abandoning module LocationServicesBPLibrary (352)
[2024.07.01-18.50.03:841][348]LogModuleManager: Shutting down and abandoning module AudioSynesthesia (350)
[2024.07.01-18.50.03:841][348]LogModuleManager: Shutting down and abandoning module AudioSynesthesiaCore (348)
[2024.07.01-18.50.03:841][348]LogModuleManager: Shutting down and abandoning module UdpMessaging (346)
[2024.07.01-18.50.03:942][348]LogModuleManager: Shutting down and abandoning module ActorSequence (344)
[2024.07.01-18.50.03:942][348]LogModuleManager: Shutting down and abandoning module TcpMessaging (342)
[2024.07.01-18.50.04:042][348]LogModuleManager: Shutting down and abandoning module PythonScriptPlugin (340)
[2024.07.01-18.50.04:042][348]LogModuleManager: Shutting down and abandoning module ImgMediaEngine (338)
[2024.07.01-18.50.04:042][348]LogModuleManager: Shutting down and abandoning module PropertyAccessNode (336)
[2024.07.01-18.50.04:042][348]LogModuleManager: Shutting down and abandoning module MagicLeapARPin (334)
[2024.07.01-18.50.04:042][348]LogModuleManager: Shutting down and abandoning module MagicLeapHandMeshing (332)
[2024.07.01-18.50.04:042][348]LogModuleManager: Shutting down and abandoning module MagicLeapSecureStorage (330)
[2024.07.01-18.50.04:042][348]LogModuleManager: Shutting down and abandoning module MagicLeapPrivileges (328)
[2024.07.01-18.50.04:042][348]LogModuleManager: Shutting down and abandoning module MagicLeapPlanes (326)
[2024.07.01-18.50.04:042][348]LogMagicLeapPlanes: Planes tracker already destroyed.
[2024.07.01-18.50.04:042][348]LogModuleManager: Shutting down and abandoning module MagicLeapImageTracker (324)
[2024.07.01-18.50.04:042][348]LogModuleManager: Shutting down and abandoning module MagicLeapIdentity (322)
[2024.07.01-18.50.04:042][348]LogModuleManager: Shutting down and abandoning module MagicLeapHandTracking (320)
[2024.07.01-18.50.04:042][348]LogModuleManager: Shutting down and abandoning module MagicLeapEyeTracker (318)
[2024.07.01-18.50.04:042][348]LogModuleManager: Shutting down and abandoning module MagicLeapController (316)
[2024.07.01-18.50.04:042][348]LogModuleManager: Shutting down and abandoning module MagicLeapARPinImpl (314)
[2024.07.01-18.50.04:042][348]LogModuleManager: Shutting down and abandoning module MagicLeapAR (312)
[2024.07.01-18.50.04:042][348]LogModuleManager: Shutting down and abandoning module AnimationSharing (310)
[2024.07.01-18.50.04:042][348]LogModuleManager: Shutting down and abandoning module NiagaraAnimNotifies (308)
[2024.07.01-18.50.04:042][348]LogModuleManager: Shutting down and abandoning module Niagara (306)
[2024.07.01-18.50.04:042][348]LogModuleManager: Shutting down and abandoning module SignalProcessing (305)
[2024.07.01-18.50.04:042][348]LogModuleManager: Shutting down and abandoning module NiagaraEditor (303)
[2024.07.01-18.50.04:043][348]LogModuleManager: Shutting down and abandoning module ContentBrowser (302)
[2024.07.01-18.50.04:043][348]LogModuleManager: Shutting down and abandoning module CollectionManager (301)
[2024.07.01-18.50.04:043][348]LogModuleManager: Shutting down and abandoning module DirectoryWatcher (300)
[2024.07.01-18.50.04:043][348]LogModuleManager: Shutting down and abandoning module ContentBrowserData (297)
[2024.07.01-18.50.04:043][348]LogModuleManager: Shutting down and abandoning module NiagaraCore (292)
[2024.07.01-18.50.04:043][348]LogModuleManager: Shutting down and abandoning module GameplayTagsEditor (290)
[2024.07.01-18.50.04:043][348]LogModuleManager: Shutting down and abandoning module FacialAnimation (288)
[2024.07.01-18.50.04:043][348]LogModuleManager: Shutting down and abandoning module AssetManagerEditor (286)
[2024.07.01-18.50.04:043][348]LogModuleManager: Shutting down and abandoning module TreeMap (285)
[2024.07.01-18.50.04:043][348]LogModuleManager: Shutting down and abandoning module GameplayCameras (282)
[2024.07.01-18.50.04:043][348]LogModuleManager: Shutting down and abandoning module LightPropagationVolumeRuntime (280)
[2024.07.01-18.50.04:043][348]LogModuleManager: Shutting down and abandoning module EnvironmentQueryEditor (278)
[2024.07.01-18.50.04:043][348]LogModuleManager: Shutting down and abandoning module Paper2D (276)
[2024.07.01-18.50.04:043][348]LogModuleManager: Shutting down and abandoning module WindowsMoviePlayer (274)
[2024.07.01-18.50.04:043][348]LogModuleManager: Shutting down and abandoning module WebMMoviePlayer (272)
[2024.07.01-18.50.04:043][348]LogModuleManager: Shutting down and abandoning module NetworkReplayStreaming (270)
[2024.07.01-18.50.04:043][348]LogModuleManager: Shutting down and abandoning module PacketHandler (268)
[2024.07.01-18.50.04:043][348]LogModuleManager: Shutting down and abandoning module ClothingSystemEditor (266)
[2024.07.01-18.50.04:043][348]LogModuleManager: Shutting down and abandoning module ClothingSystemRuntimeNv (264)
[2024.07.01-18.50.04:043][348]LogModuleManager: Shutting down and abandoning module MediaAssets (262)
[2024.07.01-18.50.04:044][348]LogModuleManager: Shutting down and abandoning module Overlay (260)
[2024.07.01-18.50.04:044][348]LogModuleManager: Shutting down and abandoning module OverlayEditor (259)
[2024.07.01-18.50.04:044][348]LogModuleManager: Shutting down and abandoning module VREditor (256)
[2024.07.01-18.50.04:044][348]LogModuleManager: Shutting down and abandoning module StringTableEditor (254)
[2024.07.01-18.50.04:044][348]LogModuleManager: Shutting down and abandoning module GameplayTasksEditor (252)
[2024.07.01-18.50.04:044][348]LogModuleManager: Shutting down and abandoning module BehaviorTreeEditor (250)
[2024.07.01-18.50.04:044][348]LogModuleManager: Shutting down and abandoning module FunctionalTesting (248)
[2024.07.01-18.50.04:044][348]LogModuleManager: Shutting down and abandoning module CollisionAnalyzer (246)
[2024.07.01-18.50.04:044][348]LogModuleManager: Shutting down and abandoning module WorkspaceMenuStructure (245)
[2024.07.01-18.50.04:044][348]LogModuleManager: Shutting down and abandoning module UMG (242)
[2024.07.01-18.50.04:044][348]LogModuleManager: Shutting down and abandoning module UMGEditor (241)
[2024.07.01-18.50.04:044][348]LogModuleManager: Shutting down and abandoning module Sequencer (240)
[2024.07.01-18.50.04:044][348]LogModuleManager: Shutting down and abandoning module MessageLog (237)
[2024.07.01-18.50.04:044][348]LogModuleManager: Shutting down and abandoning module SlateReflector (232)
[2024.07.01-18.50.04:044][348]LogModuleManager: Shutting down and abandoning module Slate (230)
[2024.07.01-18.50.04:044][348]LogModuleManager: Shutting down and abandoning module SlateCore (228)
[2024.07.01-18.50.04:044][348]LogModuleManager: Shutting down and abandoning module LandscapeEditorUtilities (226)
[2024.07.01-18.50.04:044][348]LogModuleManager: Shutting down and abandoning module UnrealEd (224)
[2024.07.01-18.50.04:044][348]LogModuleManager: Shutting down and abandoning module MRMesh (222)
[2024.07.01-18.50.04:044][348]LogModuleManager: Shutting down and abandoning module Messaging (220)
[2024.07.01-18.50.04:044][348]LogModuleManager: Shutting down and abandoning module SourceCodeAccess (218)
[2024.07.01-18.50.04:045][348]LogModuleManager: Shutting down and abandoning module HeadMountedDisplay (216)
[2024.07.01-18.50.04:045][348]LogModuleManager: Shutting down and abandoning module XAudio2 (214)
[2024.07.01-18.50.04:045][348]LogModuleManager: Shutting down and abandoning module Networking (212)
[2024.07.01-18.50.04:045][348]LogModuleManager: Shutting down and abandoning module Core (210)
[2024.07.01-18.50.04:045][348]LogModuleManager: Shutting down and abandoning module MaterialEditor (208)
[2024.07.01-18.50.04:045][348]LogModuleManager: Shutting down and abandoning module MovieSceneTools (206)
[2024.07.01-18.50.04:045][348]LogModuleManager: Shutting down and abandoning module EditorStyle (205)
[2024.07.01-18.50.04:045][348]LogModuleManager: Shutting down and abandoning module KismetCompiler (202)
[2024.07.01-18.50.04:045][348]LogModuleManager: Shutting down and abandoning module MeshBuilder (200)
[2024.07.01-18.50.04:045][348]LogModuleManager: Shutting down and abandoning module MeshUtilities (198)
[2024.07.01-18.50.04:045][348]LogModuleManager: Shutting down and abandoning module MeshMergeUtilities (197)
[2024.07.01-18.50.04:045][348]LogModuleManager: Shutting down and abandoning module MeshReductionInterface (196)
[2024.07.01-18.50.04:045][348]LogModuleManager: Shutting down and abandoning module MeshBoneReduction (195)
[2024.07.01-18.50.04:045][348]LogModuleManager: Shutting down and abandoning module SkeletalMeshReduction (193)
[2024.07.01-18.50.04:045][348]LogModuleManager: Shutting down and abandoning module ProxyLODMeshReduction (191)
[2024.07.01-18.50.04:045][348]LogModuleManager: Shutting down and abandoning module QuadricMeshReduction (189)
[2024.07.01-18.50.04:045][348]LogModuleManager: Shutting down and abandoning module MaterialBaking (185)
[2024.07.01-18.50.04:045][348]LogModuleManager: Shutting down and abandoning module NullInstallBundleManager (180)
[2024.07.01-18.50.04:045][348]LogModuleManager: Shutting down and abandoning module PIEPreviewDeviceProfileSelector (178)
[2024.07.01-18.50.04:045][348]LogModuleManager: Shutting down and abandoning module DerivedDataCache (176)
[2024.07.01-18.50.04:045][348]LogModuleManager: Shutting down and abandoning module TargetPlatform (174)
[2024.07.01-18.50.04:045][348]LogModuleManager: Shutting down and abandoning module VulkanShaderFormat (173)
[2024.07.01-18.50.04:045][348]LogModuleManager: Shutting down and abandoning module ShaderFormatVectorVM (171)
[2024.07.01-18.50.04:045][348]LogModuleManager: Shutting down and abandoning module ShaderFormatOpenGL (169)
[2024.07.01-18.50.04:045][348]LogModuleManager: Shutting down and abandoning module ShaderFormatD3D (167)
[2024.07.01-18.50.04:045][348]LogModuleManager: Shutting down and abandoning module MetalShaderFormat (165)
[2024.07.01-18.50.04:045][348]LogModuleManager: Shutting down and abandoning module TextureFormatOodle (163)
[2024.07.01-18.50.04:045][348]LogModuleManager: Shutting down and abandoning module TextureFormatUncompressed (161)
[2024.07.01-18.50.04:045][348]LogModuleManager: Shutting down and abandoning module TextureFormatPVR (159)
[2024.07.01-18.50.04:045][348]LogModuleManager: Shutting down and abandoning module TextureFormatETC2 (157)
[2024.07.01-18.50.04:045][348]LogModuleManager: Shutting down and abandoning module TextureFormatDXT (155)
[2024.07.01-18.50.04:045][348]LogModuleManager: Shutting down and abandoning module TextureFormatIntelISPCTexComp (153)
[2024.07.01-18.50.04:046][348]LogModuleManager: Shutting down and abandoning module TextureFormatASTC (151)
[2024.07.01-18.50.04:046][348]LogModuleManager: Shutting down and abandoning module ImageWrapper (150)
[2024.07.01-18.50.04:046][348]LogModuleManager: Shutting down and abandoning module AudioFormatOpus (147)
[2024.07.01-18.50.04:046][348]LogModuleManager: Shutting down and abandoning module AudioFormatOgg (145)
[2024.07.01-18.50.04:046][348]LogModuleManager: Shutting down and abandoning module AudioFormatADPCM (143)
[2024.07.01-18.50.04:046][348]LogModuleManager: Shutting down and abandoning module WindowsServerTargetPlatform (141)
[2024.07.01-18.50.04:046][348]LogModuleManager: Shutting down and abandoning module WindowsClientTargetPlatform (139)
[2024.07.01-18.50.04:046][348]LogModuleManager: Shutting down and abandoning module WindowsTargetPlatform (137)
[2024.07.01-18.50.04:046][348]LogModuleManager: Shutting down and abandoning module WindowsNoEditorTargetPlatform (135)
[2024.07.01-18.50.04:046][348]LogModuleManager: Shutting down and abandoning module D3D11RHI (132)
[2024.07.01-18.50.04:046][348]LogModuleManager: Shutting down and abandoning module InputCore (130)
[2024.07.01-18.50.04:046][348]LogModuleManager: Shutting down and abandoning module Settings (128)
[2024.07.01-18.50.04:046][348]LogModuleManager: Shutting down and abandoning module PhysXCooking (126)
[2024.07.01-18.50.04:046][348]LogModuleManager: Shutting down and abandoning module Chaos (124)
[2024.07.01-18.50.04:046][348]LogModuleManager: Shutting down and abandoning module WindowsPlatformFeatures (122)
[2024.07.01-18.50.04:046][348]LogModuleManager: Shutting down and abandoning module GameplayMediaEncoder (121)
[2024.07.01-18.50.04:046][348]LogModuleManager: Shutting down and abandoning module AVEncoder (120)
[2024.07.01-18.50.04:046][348]LogModuleManager: Shutting down and abandoning module SteamVRInputDevice (116)
[2024.07.01-18.50.04:046][348]LogModuleManager: Shutting down and abandoning module SteamVRInput (114)
[2024.07.01-18.50.04:046][348]LogModuleManager: Shutting down and abandoning module SteamVR (112)
[2024.07.01-18.50.04:046][348]LogHMD: Freeing OpenVRDLLHandle.
[2024.07.01-18.50.04:046][348]LogModuleManager: Shutting down and abandoning module OculusHMD (110)
[2024.07.01-18.50.04:046][348]LogModuleManager: Shutting down and abandoning module OpenXRHandTracking (108)
[2024.07.01-18.50.04:046][348]LogSlate: Slate User Destroyed.  User Index 0, Is Virtual User: 0
[2024.07.01-18.50.04:046][348]LogModuleManager: Shutting down and abandoning module OpenXREyeTracker (106)
[2024.07.01-18.50.04:046][348]LogModuleManager: Shutting down and abandoning module OpenXRAR (104)
[2024.07.01-18.50.04:046][348]LogModuleManager: Shutting down and abandoning module AugmentedReality (103)
[2024.07.01-18.50.04:046][348]LogModuleManager: Shutting down and abandoning module OpenXRHMD (100)
[2024.07.01-18.50.04:046][348]LogModuleManager: Shutting down and abandoning module ExampleDeviceProfileSelector (98)
[2024.07.01-18.50.04:046][348]LogModuleManager: Shutting down and abandoning module ChunkDownloader (96)
[2024.07.01-18.50.04:046][348]LogModuleManager: Shutting down and abandoning module OnlineBlueprintSupport (94)
[2024.07.01-18.50.04:046][348]LogModuleManager: Shutting down and abandoning module OnlineSubsystem (90)
[2024.07.01-18.50.04:047][348]LogModuleManager: Shutting down and abandoning module XMPP (85)
[2024.07.01-18.50.04:047][348]LogModuleManager: Shutting down and abandoning module WebSockets (84)
[2024.07.01-18.50.04:064][348]LogModuleManager: Shutting down and abandoning module HTTP (81)
[2024.07.01-18.50.04:064][348]LogHttp: Display: cleaning up 0 outstanding Http requests.
[2024.07.01-18.50.04:079][348]LogModuleManager: Shutting down and abandoning module SSL (80)
[2024.07.01-18.50.04:079][348]LogModuleManager: Shutting down and abandoning module LauncherChunkInstaller (76)
[2024.07.01-18.50.04:079][348]LogModuleManager: Shutting down and abandoning module WmfMedia (74)
[2024.07.01-18.50.04:080][348]LogModuleManager: Shutting down and abandoning module Media (73)
[2024.07.01-18.50.04:081][348]LogModuleManager: Shutting down and abandoning module MediaInfo (72)
[2024.07.01-18.50.04:081][348]LogModuleManager: Shutting down and abandoning module ExrReaderGpu (68)
[2024.07.01-18.50.04:081][348]LogModuleManager: Shutting down and abandoning module ChaosCloth (66)
[2024.07.01-18.50.04:081][348]LogModuleManager: Shutting down and abandoning module DatasmithContent (64)
[2024.07.01-18.50.04:081][348]LogModuleManager: Shutting down and abandoning module MLSDK (62)
[2024.07.01-18.50.04:081][348]LogModuleManager: Shutting down and abandoning module PixWinPlugin (60)
[2024.07.01-18.50.04:081][348]LogModuleManager: Shutting down and abandoning module MagicLeap (58)
[2024.07.01-18.50.04:081][348]LogModuleManager: Shutting down and abandoning module VariantManagerContent (56)
[2024.07.01-18.50.04:081][348]LogModuleManager: Shutting down and abandoning module NiagaraVertexFactories (54)
[2024.07.01-18.50.04:081][348]LogModuleManager: Shutting down and abandoning module NiagaraShader (52)
[2024.07.01-18.50.04:081][348]LogModuleManager: Shutting down and abandoning module AISupportModule (50)
[2024.07.01-18.50.04:081][348]LogModuleManager: Shutting down and abandoning module DesktopPlatform (48)
[2024.07.01-18.50.04:081][348]LogModuleManager: Shutting down and abandoning module PythonScriptPluginPreload (46)
[2024.07.01-18.50.04:081][348]LogModuleManager: Shutting down and abandoning module PlatformCryptoOpenSSL (44)
[2024.07.01-18.50.04:081][348]LogModuleManager: Shutting down and abandoning module PlatformCryptoTypes (42)
[2024.07.01-18.50.04:081][348]LogModuleManager: Shutting down and abandoning module PlatformCrypto (40)
[2024.07.01-18.50.04:081][348]LogModuleManager: Shutting down and abandoning module OodleDataCompressionFormat (38)
[2024.07.01-18.50.04:081][348]LogModuleManager: Shutting down and abandoning module XGEController (36)
[2024.07.01-18.50.04:081][348]LogModuleManager: Shutting down and abandoning module AnimationModifiers (34)
[2024.07.01-18.50.04:081][348]LogModuleManager: Shutting down and abandoning module AudioEditor (32)
[2024.07.01-18.50.04:081][348]LogModuleManager: Shutting down and abandoning module PropertyEditor (31)
[2024.07.01-18.50.04:081][348]LogModuleManager: Shutting down and abandoning module TextureCompressor (28)
[2024.07.01-18.50.04:081][348]LogModuleManager: Shutting down and abandoning module RenderCore (26)
[2024.07.01-18.50.04:081][348]LogModuleManager: Shutting down and abandoning module Landscape (24)
[2024.07.01-18.50.04:081][348]LogModuleManager: Shutting down and abandoning module SlateRHIRenderer (22)
[2024.07.01-18.50.04:081][348]LogModuleManager: Shutting down and abandoning module AnimGraphRuntime (20)
[2024.07.01-18.50.04:081][348]LogModuleManager: Shutting down and abandoning module Renderer (18)
[2024.07.01-18.50.04:081][348]LogModuleManager: Shutting down and abandoning module Engine (16)
[2024.07.01-18.50.04:081][348]LogModuleManager: Shutting down and abandoning module CoreUObject (14)
[2024.07.01-18.50.04:081][348]LogModuleManager: Shutting down and abandoning module NetworkFile (12)
[2024.07.01-18.50.04:081][348]LogModuleManager: Shutting down and abandoning module CookedIterativeFile (10)
[2024.07.01-18.50.04:081][348]LogModuleManager: Shutting down and abandoning module StreamingFile (8)
[2024.07.01-18.50.04:081][348]LogModuleManager: Shutting down and abandoning module SandboxFile (6)
[2024.07.01-18.50.04:081][348]LogModuleManager: Shutting down and abandoning module PakFile (4)
[2024.07.01-18.50.04:081][348]LogModuleManager: Shutting down and abandoning module RSA (3)
[2024.07.01-18.50.04:420][348]LogContentStreaming: Display: There are 1 unreleased StreamingManagers
[2024.07.01-18.50.04:427][348]LogD3D11RHI: Shutdown
[2024.07.01-18.50.04:427][348]LogD3D11RHI: CleanupD3DDevice
[2024.07.01-18.50.04:428][348]LogExit: Exiting.
[2024.07.01-18.50.04:439][348]Log file closed, 07/01/24 20:50:04
