Log file open, 06/24/24 11:04:51
LogWindows: Failed to load 'aqProf.dll' (GetLastError=126)
LogWindows: File 'aqProf.dll' does not exist
LogWindows: Failed to load 'VtuneApi.dll' (GetLastError=126)
LogWindows: File 'VtuneApi.dll' does not exist
LogWindows: Failed to load 'VtuneApi32e.dll' (GetLastError=126)
LogWindows: File 'VtuneApi32e.dll' does not exist
LogConsoleResponse: Display: Failed to find resolution value strings in scalability ini. Falling back to default.
LogConsoleResponse: Display: Failed to find resolution value strings in scalability ini. Falling back to default.
LogInit: Display: Running engine for game: SoapOpera
LogPlatformFile: Not using cached read wrapper
LogTaskGraph: Started task graph with 5 named threads and 35 total threads with 3 sets of task threads.
LogStats: Stats thread started at 0.356647
LogICUInternationalization: ICU TimeZone Detection - Raw Offset: +1:00, Platform Override: ''
LogInit: Display: Loading text-based GConfig....
LogPluginManager: Mounting plugin MeshPainting
LogPluginManager: Mounting plugin XGEController
LogPluginManager: Mounting plugin Paper2D
LogPluginManager: Mounting plugin LightPropagationVolume
LogPluginManager: Mounting plugin AISupport
LogPluginManager: Mounting plugin EnvironmentQueryEditor
LogPluginManager: Mounting plugin LiveLink
LogPluginManager: Mounting plugin CodeLiteSourceCodeAccess
LogPluginManager: Mounting plugin GitSourceControl
LogPluginManager: Mounting plugin CLionSourceCodeAccess
LogPluginManager: Mounting plugin GameplayCameras
LogPluginManager: Mounting plugin NullSourceCodeAccess
LogPluginManager: Mounting plugin CameraShakePreviewer
LogPluginManager: Mounting plugin PixWinPlugin
LogPluginManager: Mounting plugin PropertyAccessNode
LogPluginManager: Mounting plugin PlasticSourceControl
LogPluginManager: Mounting plugin RiderSourceCodeAccess
LogPluginManager: Mounting plugin SubversionSourceControl
LogPluginManager: Mounting plugin UObjectPlugin
LogPluginManager: Mounting plugin VisualStudioCodeSourceCodeAccess
LogPluginManager: Mounting plugin VisualStudioSourceCodeAccess
LogPluginManager: Mounting plugin XCodeSourceCodeAccess
LogPluginManager: Mounting plugin AssetManagerEditor
LogPluginManager: Mounting plugin PluginUtils
LogPluginManager: Mounting plugin KDevelopSourceCodeAccess
LogPluginManager: Mounting plugin AnimationSharing
LogPluginManager: Mounting plugin TextureFormatOodle
LogPluginManager: Mounting plugin CryptoKeys
LogPluginManager: Mounting plugin DataValidation
LogPluginManager: Mounting plugin MacGraphicsSwitching
LogPluginManager: Mounting plugin GeometryMode
LogPluginManager: Mounting plugin MaterialAnalyzer
LogPluginManager: Mounting plugin MobileLauncherProfileWizard
LogPluginManager: Mounting plugin PluginBrowser
LogPluginManager: Mounting plugin SpeedTreeImporter
LogPluginManager: Mounting plugin PerforceSourceControl
LogPluginManager: Mounting plugin CurveEditorTools
LogPluginManager: Mounting plugin GameplayTagsEditor
LogPluginManager: Mounting plugin DatasmithContent
LogPluginManager: Mounting plugin FacialAnimation
LogPluginManager: Mounting plugin VariantManagerContent
LogPluginManager: Mounting plugin AlembicImporter
LogPluginManager: Mounting plugin AutomationUtils
LogPluginManager: Mounting plugin BackChannel
LogPluginManager: Mounting plugin ChaosClothEditor
LogPluginManager: Mounting plugin ChaosEditor
LogPluginManager: Mounting plugin ChaosNiagara
LogPluginManager: Mounting plugin CharacterAI
LogPluginManager: Mounting plugin ChaosCloth
LogPluginManager: Mounting plugin ChaosSolverPlugin
LogPluginManager: Mounting plugin GeometryCache
LogPluginManager: Mounting plugin GeometryProcessing
LogPluginManager: Mounting plugin GeometryCollectionPlugin
LogPluginManager: Mounting plugin OpenImageDenoise
LogPluginManager: Mounting plugin MotoSynth
LogPluginManager: Mounting plugin ProxyLODPlugin
LogPluginManager: Mounting plugin PlatformCrypto
LogPluginManager: Mounting plugin SkeletalReduction
LogPluginManager: Mounting plugin PythonScriptPlugin
LogPluginManager: Mounting plugin OodleData
LogPluginManager: Mounting plugin AndroidMedia
LogPluginManager: Mounting plugin AvfMedia
LogPluginManager: Mounting plugin MediaCompositing
LogPluginManager: Mounting plugin OodleNetwork
LogPluginManager: Mounting plugin WebMMedia
LogPluginManager: Mounting plugin ImgMedia
LogPluginManager: Mounting plugin WmfMedia
LogPluginManager: Mounting plugin MediaPlayerEditor
LogPluginManager: Mounting plugin UdpMessaging
LogPluginManager: Mounting plugin LuminPlatformFeatures
LogPluginManager: Mounting plugin MagicLeap
LogPluginManager: Mounting plugin OnlineSubsystem
LogPluginManager: Mounting plugin OnlineSubsystemNull
LogPluginManager: Mounting plugin OnlineSubsystemUtils
LogPluginManager: Mounting plugin TcpMessaging
LogPluginManager: Mounting plugin LauncherChunkInstaller
LogPluginManager: Mounting plugin ActorLayerUtilities
LogPluginManager: Mounting plugin PlanarCut
LogPluginManager: Mounting plugin AndroidMoviePlayer
LogPluginManager: Mounting plugin AndroidPermission
LogPluginManager: Mounting plugin AppleMoviePlayer
LogPluginManager: Mounting plugin AudioCapture
LogPluginManager: Mounting plugin AndroidDeviceProfileSelector
LogPluginManager: Mounting plugin ChunkDownloader
LogPluginManager: Mounting plugin AudioSynesthesia
LogPluginManager: Mounting plugin AppleImageUtils
LogPluginManager: Mounting plugin EditableMesh
LogPluginManager: Mounting plugin AssetTags
LogPluginManager: Mounting plugin ArchVisCharacter
LogPluginManager: Mounting plugin ExampleDeviceProfileSelector
LogPluginManager: Mounting plugin GoogleCloudMessaging
LogPluginManager: Mounting plugin CustomMeshComponent
LogPluginManager: Mounting plugin CableComponent
LogPluginManager: Mounting plugin LinuxDeviceProfileSelector
LogPluginManager: Mounting plugin GooglePAD
LogPluginManager: Mounting plugin IOSDeviceProfileSelector
LogPluginManager: Mounting plugin MobilePatchingUtils
LogPluginManager: Mounting plugin OpenXREyeTracker
LogPluginManager: Mounting plugin LocationServicesBPLibrary
LogPluginManager: Mounting plugin PostSplashScreen
LogPluginManager: Mounting plugin OpenXRHandTracking
LogPluginManager: Mounting plugin OpenXR
LogPluginManager: Mounting plugin RuntimePhysXCooking
LogPluginManager: Mounting plugin SignificanceManager
LogPluginManager: Mounting plugin SoundFields
LogPluginManager: Mounting plugin PhysXVehicles
LogPluginManager: Mounting plugin ProceduralMeshComponent
LogPluginManager: Mounting plugin PropertyAccessEditor
LogPluginManager: Mounting plugin Synthesis
LogPluginManager: Mounting plugin WebMMoviePlayer
LogPluginManager: Mounting plugin Niagara
LogPluginManager: Mounting plugin WindowsMoviePlayer
LogPluginManager: Mounting plugin ActorSequence
LogPluginManager: Mounting plugin LevelSequenceEditor
LogPluginManager: Mounting plugin TemplateSequence
LogPluginManager: Mounting plugin ScreenshotTools
LogPluginManager: Mounting plugin MatineeToLevelSequence
LogPluginManager: Mounting plugin MagicLeapLightEstimation
LogPluginManager: Mounting plugin MagicLeapMedia
LogPluginManager: Mounting plugin MagicLeapPassableWorld
LogPluginManager: Mounting plugin Takes
LogPluginManager: Mounting plugin MLSDK
LogPluginManager: Mounting plugin ContentBrowserAssetDataSource
LogPluginManager: Mounting plugin ContentBrowserClassDataSource
LogPluginManager: Mounting plugin ContentBrowserFileDataSource
LogPluginManager: Mounting plugin OnlineSubsystemIOS
LogPluginManager: Mounting plugin OnlineSubsystemGooglePlay
LogPluginManager: Mounting plugin OculusVR
LogPluginManager: Mounting plugin SteamVR
PixWinPlugin: PIX capture plugin failed to initialize! Check that the process is launched from PIX.
LogInit: Using libcurl 7.55.1-DEV
LogInit:  - built for x86_64-pc-win32
LogInit:  - supports SSL with OpenSSL/1.1.1
LogInit:  - supports HTTP deflate (compression) using libz 1.2.8
LogInit:  - other features:
LogInit:      CURL_VERSION_SSL
LogInit:      CURL_VERSION_LIBZ
LogInit:      CURL_VERSION_IPV6
LogInit:      CURL_VERSION_ASYNCHDNS
LogInit:      CURL_VERSION_LARGEFILE
LogInit:      CURL_VERSION_IDN
LogInit:  CurlRequestOptions (configurable via config and command line):
LogInit:  - bVerifyPeer = true  - Libcurl will verify peer certificate
LogInit:  - bUseHttpProxy = false  - Libcurl will NOT use HTTP proxy
LogInit:  - bDontReuseConnections = false  - Libcurl will reuse connections
LogInit:  - MaxHostConnections = 16  - Libcurl will limit the number of connections to a host
LogInit:  - LocalHostAddr = Default
LogInit:  - BufferSize = 65536
LogOnline: OSS: Creating online subsystem instance for: NULL
LogInit: WinSock: version 1.1 (2.2), MaxSocks=32767, MaxUdp=65467
LogOnline: OSS: TryLoadSubsystemAndSetDefault: Loaded subsystem for module [NULL]
LogOculusPluginWrapper: OculusPlugin initialized successfully
LogHMD: Failed initializing OVRPlugin 1.59.0
LogInit: Build: ++UE4+Release-4.27-CL-18319896
LogInit: Engine Version: 4.27.2-18319896+++UE4+Release-4.27
LogInit: Compatible Engine Version: 4.27.0-17155196+++UE4+Release-4.27
LogInit: Net CL: 17155196
LogInit: OS: Windows 10 (Release 2009) (), CPU: 12th Gen Intel(R) Core(TM) i5-1245U, GPU: Intel(R) UHD Graphics
LogInit: Compiled (64-bit): Nov 30 2021 07:12:08
LogInit: Compiled with Visual C++: 19.24.28315.00
LogInit: Build Configuration: Development
LogInit: Branch Name: ++UE4+Release-4.27
LogInit: Command Line:  /Game/StartMenu/MainMenu -game -PIEVIACONSOLE -Multiprocess GameUserSettingsINI=C:/Users/bib/Documents/GitHub/SoapOpera_GAME/Saved/Config/Windows/PIEGameUserSettings0.ini -MultiprocessSaveConfig -forcepassthrough -messaging -SessionName="Play in Standalone Game" -windowed -ResX=1280 -ResY=720
LogInit: Base Directory: C:/Program Files/Epic Games/UE_4.27/Engine/Binaries/Win64/
LogInit: Allocator: TBB
LogInit: Installed Engine Build: 1
LogDevObjectVersion: Number of dev versions registered: 29
LogDevObjectVersion:   Dev-Blueprints (B0D832E4-1F89-4F0D-ACCF-7EB736FD4AA2): 10
LogDevObjectVersion:   Dev-Build (E1C64328-A22C-4D53-A36C-8E866417BD8C): 0
LogDevObjectVersion:   Dev-Core (375EC13C-06E4-48FB-B500-84F0262A717E): 4
LogDevObjectVersion:   Dev-Editor (E4B068ED-F494-42E9-A231-DA0B2E46BB41): 40
LogDevObjectVersion:   Dev-Framework (CFFC743F-43B0-4480-9391-14DF171D2073): 37
LogDevObjectVersion:   Dev-Mobile (B02B49B5-BB20-44E9-A304-32B752E40360): 3
LogDevObjectVersion:   Dev-Networking (A4E4105C-59A1-49B5-A7C5-40C4547EDFEE): 0
LogDevObjectVersion:   Dev-Online (39C831C9-5AE6-47DC-9A44-9C173E1C8E7C): 0
LogDevObjectVersion:   Dev-Physics (78F01B33-EBEA-4F98-B9B4-84EACCB95AA2): 14
LogDevObjectVersion:   Dev-Platform (6631380F-2D4D-43E0-8009-CF276956A95A): 0
LogDevObjectVersion:   Dev-Rendering (12F88B9F-8875-4AFC-A67C-D90C383ABD29): 45
LogDevObjectVersion:   Dev-Sequencer (7B5AE74C-D270-4C10-A958-57980B212A5A): 13
LogDevObjectVersion:   Dev-VR (D7296918-1DD6-4BDD-9DE2-64A83CC13884): 3
LogDevObjectVersion:   Dev-LoadTimes (C2A15278-BFE7-4AFE-6C17-90FF531DF755): 1
LogDevObjectVersion:   Private-Geometry (6EACA3D4-40EC-4CC1-B786-8BED09428FC5): 3
LogDevObjectVersion:   Dev-AnimPhys (29E575DD-E0A3-4627-9D10-D276232CDCEA): 17
LogDevObjectVersion:   Dev-Anim (AF43A65D-7FD3-4947-9873-3E8ED9C1BB05): 15
LogDevObjectVersion:   Dev-ReflectionCapture (6B266CEC-1EC7-4B8F-A30B-E4D90942FC07): 1
LogDevObjectVersion:   Dev-Automation (0DF73D61-A23F-47EA-B727-89E90C41499A): 1
LogDevObjectVersion:   FortniteMain (601D1886-AC64-4F84-AA16-D3DE0DEAC7D6): 47
LogDevObjectVersion:   FortniteRelease (E7086368-6B23-4C58-8439-1B7016265E91): 1
LogDevObjectVersion:   Dev-Enterprise (9DFFBCD6-494F-0158-E221-12823C92A888): 10
LogDevObjectVersion:   Dev-Niagara (F2AED0AC-9AFE-416F-8664-AA7FFA26D6FC): 1
LogDevObjectVersion:   Dev-Destruction (174F1F0B-B4C6-45A5-B13F-2EE8D0FB917D): 10
LogDevObjectVersion:   Dev-Physics-Ext (35F94A83-E258-406C-A318-09F59610247C): 41
LogDevObjectVersion:   Dev-PhysicsMaterial-Chaos (B68FC16E-8B1B-42E2-B453-215C058844FE): 1
LogDevObjectVersion:   Dev-CineCamera (B2E18506-4273-CFC2-A54E-F4BB758BBA07): 1
LogDevObjectVersion:   Dev-VirtualProduction (64F58936-FD1B-42BA-BA96-7289D5D0FA4E): 1
LogDevObjectVersion:   Dev-MediaFramework (6F0ED827-A609-4895-9C91-998D90180EA4): 2
LogInit: Presizing for max 25165824 objects, including 0 objects not considered by GC, pre-allocating 0 bytes for permanent pool.
LogConfig: Applying CVar settings from Section [/Script/Engine.StreamingSettings] File [C:/Users/bib/Documents/GitHub/SoapOpera_GAME/Saved/Config/Windows/Engine.ini]
LogConfig: Setting CVar [[s.MinBulkDataSizeForAsyncLoading:131072]]
LogConfig: Setting CVar [[s.AsyncLoadingThreadEnabled:0]]
LogConfig: Setting CVar [[s.EventDrivenLoaderEnabled:1]]
LogConfig: Setting CVar [[s.WarnIfTimeLimitExceeded:0]]
LogConfig: Setting CVar [[s.TimeLimitExceededMultiplier:1.5]]
LogConfig: Setting CVar [[s.TimeLimitExceededMinTime:0.005]]
LogConfig: Setting CVar [[s.UseBackgroundLevelStreaming:1]]
LogConfig: Setting CVar [[s.PriorityAsyncLoadingExtraTime:15.0]]
LogConfig: Setting CVar [[s.LevelStreamingActorsUpdateTimeLimit:5.0]]
LogConfig: Setting CVar [[s.PriorityLevelStreamingActorsUpdateExtraTime:5.0]]
LogConfig: Setting CVar [[s.LevelStreamingComponentsRegistrationGranularity:10]]
LogConfig: Setting CVar [[s.UnregisterComponentsTimeLimit:1.0]]
LogConfig: Setting CVar [[s.LevelStreamingComponentsUnregistrationGranularity:5]]
LogConfig: Setting CVar [[s.FlushStreamingOnExit:1]]
LogInit: Object subsystem initialized
LogConfig: Setting CVar [[con.DebugEarlyDefault:1]]
LogConfig: Setting CVar [[r.setres:1280x720]]
[2024.06.24-09.04.51:880][  0]LogConfig: Setting CVar [[con.DebugEarlyDefault:1]]
[2024.06.24-09.04.51:881][  0]LogConfig: Setting CVar [[r.setres:1280x720]]
[2024.06.24-09.04.51:881][  0]LogConfig: Applying CVar settings from Section [/Script/Engine.RendererSettings] File [C:/Users/bib/Documents/GitHub/SoapOpera_GAME/Saved/Config/Windows/Engine.ini]
[2024.06.24-09.04.51:881][  0]LogConfig: Setting CVar [[r.GPUCrashDebugging:0]]
[2024.06.24-09.04.51:881][  0]LogConfig: Applying CVar settings from Section [/Script/Engine.RendererOverrideSettings] File [C:/Users/bib/Documents/GitHub/SoapOpera_GAME/Saved/Config/Windows/Engine.ini]
[2024.06.24-09.04.51:881][  0]LogConfig: Applying CVar settings from Section [/Script/Engine.StreamingSettings] File [C:/Users/bib/Documents/GitHub/SoapOpera_GAME/Saved/Config/Windows/Engine.ini]
[2024.06.24-09.04.51:881][  0]LogConfig: Setting CVar [[s.MinBulkDataSizeForAsyncLoading:131072]]
[2024.06.24-09.04.51:881][  0]LogConfig: Setting CVar [[s.AsyncLoadingThreadEnabled:0]]
[2024.06.24-09.04.51:881][  0]LogConfig: Setting CVar [[s.EventDrivenLoaderEnabled:1]]
[2024.06.24-09.04.51:881][  0]LogConfig: Setting CVar [[s.WarnIfTimeLimitExceeded:0]]
[2024.06.24-09.04.51:881][  0]LogConfig: Setting CVar [[s.TimeLimitExceededMultiplier:1.5]]
[2024.06.24-09.04.51:881][  0]LogConfig: Setting CVar [[s.TimeLimitExceededMinTime:0.005]]
[2024.06.24-09.04.51:882][  0]LogConfig: Setting CVar [[s.UseBackgroundLevelStreaming:1]]
[2024.06.24-09.04.51:882][  0]LogConfig: Setting CVar [[s.PriorityAsyncLoadingExtraTime:15.0]]
[2024.06.24-09.04.51:882][  0]LogConfig: Setting CVar [[s.LevelStreamingActorsUpdateTimeLimit:5.0]]
[2024.06.24-09.04.51:882][  0]LogConfig: Setting CVar [[s.PriorityLevelStreamingActorsUpdateExtraTime:5.0]]
[2024.06.24-09.04.51:882][  0]LogConfig: Setting CVar [[s.LevelStreamingComponentsRegistrationGranularity:10]]
[2024.06.24-09.04.51:882][  0]LogConfig: Setting CVar [[s.UnregisterComponentsTimeLimit:1.0]]
[2024.06.24-09.04.51:882][  0]LogConfig: Setting CVar [[s.LevelStreamingComponentsUnregistrationGranularity:5]]
[2024.06.24-09.04.51:882][  0]LogConfig: Setting CVar [[s.FlushStreamingOnExit:1]]
[2024.06.24-09.04.51:882][  0]LogConfig: Applying CVar settings from Section [/Script/Engine.GarbageCollectionSettings] File [C:/Users/bib/Documents/GitHub/SoapOpera_GAME/Saved/Config/Windows/Engine.ini]
[2024.06.24-09.04.51:882][  0]LogConfig: Setting CVar [[gc.MaxObjectsNotConsideredByGC:1]]
[2024.06.24-09.04.51:882][  0]LogConfig: Setting CVar [[gc.SizeOfPermanentObjectPool:0]]
[2024.06.24-09.04.51:882][  0]LogConfig: Setting CVar [[gc.FlushStreamingOnGC:0]]
[2024.06.24-09.04.51:882][  0]LogConfig: Setting CVar [[gc.NumRetriesBeforeForcingGC:10]]
[2024.06.24-09.04.51:882][  0]LogConfig: Setting CVar [[gc.AllowParallelGC:1]]
[2024.06.24-09.04.51:883][  0]LogConfig: Setting CVar [[gc.TimeBetweenPurgingPendingKillObjects:61.1]]
[2024.06.24-09.04.51:883][  0]LogConfig: Setting CVar [[gc.MaxObjectsInEditor:25165824]]
[2024.06.24-09.04.51:883][  0]LogConfig: Setting CVar [[gc.IncrementalBeginDestroyEnabled:1]]
[2024.06.24-09.04.51:883][  0]LogConfig: Setting CVar [[gc.CreateGCClusters:1]]
[2024.06.24-09.04.51:883][  0]LogConfig: Setting CVar [[gc.MinGCClusterSize:5]]
[2024.06.24-09.04.51:883][  0]LogConfig: Setting CVar [[gc.ActorClusteringEnabled:0]]
[2024.06.24-09.04.51:883][  0]LogConfig: Setting CVar [[gc.BlueprintClusteringEnabled:0]]
[2024.06.24-09.04.51:883][  0]LogConfig: Setting CVar [[gc.UseDisregardForGCOnDedicatedServers:0]]
[2024.06.24-09.04.51:883][  0]LogConfig: Setting CVar [[gc.MultithreadedDestructionEnabled:1]]
[2024.06.24-09.04.51:883][  0]LogConfig: Applying CVar settings from Section [/Script/Engine.NetworkSettings] File [C:/Users/bib/Documents/GitHub/SoapOpera_GAME/Saved/Config/Windows/Engine.ini]
[2024.06.24-09.04.51:883][  0]LogConfig: Applying CVar settings from Section [/Script/UnrealEd.CookerSettings] File [C:/Users/bib/Documents/GitHub/SoapOpera_GAME/Saved/Config/Windows/Engine.ini]
[2024.06.24-09.04.51:901][  0]LogConfig: Applying CVar settings from Section [ViewDistanceQuality@3] File [C:/Users/bib/Documents/GitHub/SoapOpera_GAME/Saved/Config/Windows/Scalability.ini]
[2024.06.24-09.04.51:901][  0]LogConfig: Setting CVar [[r.SkeletalMeshLODBias:0]]
[2024.06.24-09.04.51:901][  0]LogConfig: Setting CVar [[r.ViewDistanceScale:1.0]]
[2024.06.24-09.04.51:901][  0]LogConfig: Applying CVar settings from Section [AntiAliasingQuality@3] File [C:/Users/bib/Documents/GitHub/SoapOpera_GAME/Saved/Config/Windows/Scalability.ini]
[2024.06.24-09.04.51:901][  0]LogConfig: Setting CVar [[r.PostProcessAAQuality:4]]
[2024.06.24-09.04.51:901][  0]LogConfig: Applying CVar settings from Section [ShadowQuality@3] File [C:/Users/bib/Documents/GitHub/SoapOpera_GAME/Saved/Config/Windows/Scalability.ini]
[2024.06.24-09.04.51:901][  0]LogConfig: Setting CVar [[r.LightFunctionQuality:1]]
[2024.06.24-09.04.51:901][  0]LogConfig: Setting CVar [[r.ShadowQuality:5]]
[2024.06.24-09.04.51:901][  0]LogConfig: Setting CVar [[r.Shadow.CSM.MaxCascades:10]]
[2024.06.24-09.04.51:901][  0]LogConfig: Setting CVar [[r.Shadow.MaxResolution:2048]]
[2024.06.24-09.04.51:901][  0]LogConfig: Setting CVar [[r.Shadow.MaxCSMResolution:2048]]
[2024.06.24-09.04.51:901][  0]LogConfig: Setting CVar [[r.Shadow.RadiusThreshold:0.01]]
[2024.06.24-09.04.51:901][  0]LogConfig: Setting CVar [[r.Shadow.DistanceScale:1.0]]
[2024.06.24-09.04.51:901][  0]LogConfig: Setting CVar [[r.Shadow.CSM.TransitionScale:1.0]]
[2024.06.24-09.04.51:901][  0]LogConfig: Setting CVar [[r.Shadow.PreShadowResolutionFactor:1.0]]
[2024.06.24-09.04.51:901][  0]LogConfig: Setting CVar [[r.DistanceFieldShadowing:1]]
[2024.06.24-09.04.51:901][  0]LogConfig: Setting CVar [[r.DistanceFieldAO:1]]
[2024.06.24-09.04.51:901][  0]LogConfig: Setting CVar [[r.AOQuality:2]]
[2024.06.24-09.04.51:901][  0]LogConfig: Setting CVar [[r.VolumetricFog:1]]
[2024.06.24-09.04.51:901][  0]LogConfig: Setting CVar [[r.VolumetricFog.GridPixelSize:8]]
[2024.06.24-09.04.51:901][  0]LogConfig: Setting CVar [[r.VolumetricFog.GridSizeZ:128]]
[2024.06.24-09.04.51:901][  0]LogConfig: Setting CVar [[r.VolumetricFog.HistoryMissSupersampleCount:4]]
[2024.06.24-09.04.51:901][  0]LogConfig: Setting CVar [[r.LightMaxDrawDistanceScale:1]]
[2024.06.24-09.04.51:901][  0]LogConfig: Setting CVar [[r.CapsuleShadows:1]]
[2024.06.24-09.04.51:901][  0]LogConfig: Applying CVar settings from Section [PostProcessQuality@3] File [C:/Users/bib/Documents/GitHub/SoapOpera_GAME/Saved/Config/Windows/Scalability.ini]
[2024.06.24-09.04.51:901][  0]LogConfig: Setting CVar [[r.MotionBlurQuality:4]]
[2024.06.24-09.04.51:901][  0]LogConfig: Setting CVar [[r.AmbientOcclusionMipLevelFactor:0.4]]
[2024.06.24-09.04.51:901][  0]LogConfig: Setting CVar [[r.AmbientOcclusionMaxQuality:100]]
[2024.06.24-09.04.51:901][  0]LogConfig: Setting CVar [[r.AmbientOcclusionLevels:-1]]
[2024.06.24-09.04.51:901][  0]LogConfig: Setting CVar [[r.AmbientOcclusionRadiusScale:1.0]]
[2024.06.24-09.04.51:901][  0]LogConfig: Setting CVar [[r.DepthOfFieldQuality:2]]
[2024.06.24-09.04.51:901][  0]LogConfig: Setting CVar [[r.RenderTargetPoolMin:400]]
[2024.06.24-09.04.51:901][  0]LogConfig: Setting CVar [[r.LensFlareQuality:2]]
[2024.06.24-09.04.51:901][  0]LogConfig: Setting CVar [[r.SceneColorFringeQuality:1]]
[2024.06.24-09.04.51:901][  0]LogConfig: Setting CVar [[r.EyeAdaptationQuality:2]]
[2024.06.24-09.04.51:901][  0]LogConfig: Setting CVar [[r.BloomQuality:5]]
[2024.06.24-09.04.51:901][  0]LogConfig: Setting CVar [[r.FastBlurThreshold:100]]
[2024.06.24-09.04.51:901][  0]LogConfig: Setting CVar [[r.Upscale.Quality:3]]
[2024.06.24-09.04.51:901][  0]LogConfig: Setting CVar [[r.Tonemapper.GrainQuantization:1]]
[2024.06.24-09.04.51:901][  0]LogConfig: Setting CVar [[r.LightShaftQuality:1]]
[2024.06.24-09.04.51:901][  0]LogConfig: Setting CVar [[r.Filter.SizeScale:1]]
[2024.06.24-09.04.51:901][  0]LogConfig: Setting CVar [[r.Tonemapper.Quality:5]]
[2024.06.24-09.04.51:901][  0]LogConfig: Setting CVar [[r.DOF.Gather.AccumulatorQuality:1        ; higher gathering accumulator quality]]
[2024.06.24-09.04.51:901][  0]LogConfig: Setting CVar [[r.DOF.Gather.PostfilterMethod:1          ; Median3x3 postfilering method]]
[2024.06.24-09.04.51:901][  0]LogConfig: Setting CVar [[r.DOF.Gather.EnableBokehSettings:0       ; no bokeh simulation when gathering]]
[2024.06.24-09.04.51:901][  0]LogConfig: Setting CVar [[r.DOF.Gather.RingCount:4                 ; medium number of samples when gathering]]
[2024.06.24-09.04.51:901][  0]LogConfig: Setting CVar [[r.DOF.Scatter.ForegroundCompositing:1    ; additive foreground scattering]]
[2024.06.24-09.04.51:901][  0]LogConfig: Setting CVar [[r.DOF.Scatter.BackgroundCompositing:2    ; additive background scattering]]
[2024.06.24-09.04.51:901][  0]LogConfig: Setting CVar [[r.DOF.Scatter.EnableBokehSettings:1      ; bokeh simulation when scattering]]
[2024.06.24-09.04.51:901][  0]LogConfig: Setting CVar [[r.DOF.Scatter.MaxSpriteRatio:0.1         ; only a maximum of 10% of scattered bokeh]]
[2024.06.24-09.04.51:901][  0]LogConfig: Setting CVar [[r.DOF.Recombine.Quality:1                ; cheap slight out of focus]]
[2024.06.24-09.04.51:901][  0]LogConfig: Setting CVar [[r.DOF.Recombine.EnableBokehSettings:0    ; no bokeh simulation on slight out of focus]]
[2024.06.24-09.04.51:901][  0]LogConfig: Setting CVar [[r.DOF.TemporalAAQuality:1                ; more stable temporal accumulation]]
[2024.06.24-09.04.51:901][  0]LogConfig: Setting CVar [[r.DOF.Kernel.MaxForegroundRadius:0.025]]
[2024.06.24-09.04.51:901][  0]LogConfig: Setting CVar [[r.DOF.Kernel.MaxBackgroundRadius:0.025]]
[2024.06.24-09.04.51:901][  0]LogConfig: Applying CVar settings from Section [TextureQuality@3] File [C:/Users/bib/Documents/GitHub/SoapOpera_GAME/Saved/Config/Windows/Scalability.ini]
[2024.06.24-09.04.51:901][  0]LogConfig: Setting CVar [[r.Streaming.MipBias:0]]
[2024.06.24-09.04.51:901][  0]LogConfig: Setting CVar [[r.Streaming.AmortizeCPUToGPUCopy:0]]
[2024.06.24-09.04.51:901][  0]LogConfig: Setting CVar [[r.Streaming.MaxNumTexturesToStreamPerFrame:0]]
[2024.06.24-09.04.51:901][  0]LogConfig: Setting CVar [[r.Streaming.Boost:1]]
[2024.06.24-09.04.51:901][  0]LogConfig: Setting CVar [[r.MaxAnisotropy:8]]
[2024.06.24-09.04.51:901][  0]LogConfig: Setting CVar [[r.VT.MaxAnisotropy:8]]
[2024.06.24-09.04.51:901][  0]LogConfig: Setting CVar [[r.Streaming.LimitPoolSizeToVRAM:0]]
[2024.06.24-09.04.51:901][  0]LogConfig: Setting CVar [[r.Streaming.PoolSize:1000]]
[2024.06.24-09.04.51:901][  0]LogConfig: Setting CVar [[r.Streaming.MaxEffectiveScreenSize:0]]
[2024.06.24-09.04.51:901][  0]LogConfig: Applying CVar settings from Section [EffectsQuality@3] File [C:/Users/bib/Documents/GitHub/SoapOpera_GAME/Saved/Config/Windows/Scalability.ini]
[2024.06.24-09.04.51:901][  0]LogConfig: Setting CVar [[r.TranslucencyLightingVolumeDim:64]]
[2024.06.24-09.04.51:901][  0]LogConfig: Setting CVar [[r.RefractionQuality:2]]
[2024.06.24-09.04.51:901][  0]LogConfig: Setting CVar [[r.SSR.Quality:3]]
[2024.06.24-09.04.51:901][  0]LogConfig: Setting CVar [[r.SSR.HalfResSceneColor:0]]
[2024.06.24-09.04.51:901][  0]LogConfig: Setting CVar [[r.SceneColorFormat:4]]
[2024.06.24-09.04.51:901][  0]LogConfig: Setting CVar [[r.DetailMode:2]]
[2024.06.24-09.04.51:901][  0]LogConfig: Setting CVar [[r.TranslucencyVolumeBlur:1]]
[2024.06.24-09.04.51:901][  0]LogConfig: Setting CVar [[r.MaterialQualityLevel:1 ; High quality]]
[2024.06.24-09.04.51:901][  0]LogConfig: Setting CVar [[r.AnisotropicMaterials:1]]
[2024.06.24-09.04.51:901][  0]LogConfig: Setting CVar [[r.SSS.Scale:1]]
[2024.06.24-09.04.51:901][  0]LogConfig: Setting CVar [[r.SSS.SampleSet:2]]
[2024.06.24-09.04.51:901][  0]LogConfig: Setting CVar [[r.SSS.Quality:1]]
[2024.06.24-09.04.51:901][  0]LogConfig: Setting CVar [[r.SSS.HalfRes:0]]
[2024.06.24-09.04.51:901][  0]LogConfig: Setting CVar [[r.SSGI.Quality:3]]
[2024.06.24-09.04.51:901][  0]LogConfig: Setting CVar [[r.EmitterSpawnRateScale:1.0]]
[2024.06.24-09.04.51:901][  0]LogConfig: Setting CVar [[r.ParticleLightQuality:2]]
[2024.06.24-09.04.51:901][  0]LogConfig: Setting CVar [[r.SkyAtmosphere.AerialPerspectiveLUT.FastApplyOnOpaque:1 ; Always have FastSkyLUT 1 in this case to avoid wrong sky]]
[2024.06.24-09.04.51:901][  0]LogConfig: Setting CVar [[r.SkyAtmosphere.AerialPerspectiveLUT.SampleCountMaxPerSlice:4]]
[2024.06.24-09.04.51:901][  0]LogConfig: Setting CVar [[r.SkyAtmosphere.AerialPerspectiveLUT.DepthResolution:16.0]]
[2024.06.24-09.04.51:901][  0]LogConfig: Setting CVar [[r.SkyAtmosphere.FastSkyLUT:1]]
[2024.06.24-09.04.51:901][  0]LogConfig: Setting CVar [[r.SkyAtmosphere.FastSkyLUT.SampleCountMin:4.0]]
[2024.06.24-09.04.51:901][  0]LogConfig: Setting CVar [[r.SkyAtmosphere.FastSkyLUT.SampleCountMax:128.0]]
[2024.06.24-09.04.51:901][  0]LogConfig: Setting CVar [[r.SkyAtmosphere.SampleCountMin:4.0]]
[2024.06.24-09.04.51:902][  0]LogConfig: Setting CVar [[r.SkyAtmosphere.SampleCountMax:128.0]]
[2024.06.24-09.04.51:902][  0]LogConfig: Setting CVar [[r.SkyAtmosphere.TransmittanceLUT.UseSmallFormat:0]]
[2024.06.24-09.04.51:902][  0]LogConfig: Setting CVar [[r.SkyAtmosphere.TransmittanceLUT.SampleCount:10.0]]
[2024.06.24-09.04.51:902][  0]LogConfig: Setting CVar [[r.SkyAtmosphere.MultiScatteringLUT.SampleCount:15.0]]
[2024.06.24-09.04.51:902][  0]LogConfig: Setting CVar [[r.SkyLight.RealTimeReflectionCapture:1]]
[2024.06.24-09.04.51:902][  0]LogConfig: Applying CVar settings from Section [FoliageQuality@3] File [C:/Users/bib/Documents/GitHub/SoapOpera_GAME/Saved/Config/Windows/Scalability.ini]
[2024.06.24-09.04.51:902][  0]LogConfig: Setting CVar [[foliage.DensityScale:1.0]]
[2024.06.24-09.04.51:902][  0]LogConfig: Setting CVar [[grass.DensityScale:1.0]]
[2024.06.24-09.04.51:902][  0]LogConfig: Applying CVar settings from Section [ShadingQuality@3] File [C:/Users/bib/Documents/GitHub/SoapOpera_GAME/Saved/Config/Windows/Scalability.ini]
[2024.06.24-09.04.51:902][  0]LogConfig: Setting CVar [[r.HairStrands.SkyLighting.IntegrationType:2]]
[2024.06.24-09.04.51:902][  0]LogConfig: Setting CVar [[r.HairStrands.SkyAO.SampleCount:4]]
[2024.06.24-09.04.51:902][  0]LogConfig: Setting CVar [[r.HairStrands.Visibility.MSAA.SamplePerPixel:4]]
[2024.06.24-09.04.51:902][  0]LogInit: Selected Device Profile: [Windows]
[2024.06.24-09.04.51:902][  0]LogInit: Applying CVar settings loaded from the selected device profile: [Windows]
[2024.06.24-09.04.51:902][  0]LogHAL: Display: Platform has ~ 16 GB [16849256448 / 17179869184 / 16], which maps to Larger [LargestMinGB=32, LargerMinGB=12, DefaultMinGB=8, SmallerMinGB=6, SmallestMinGB=0)
[2024.06.24-09.04.51:902][  0]LogInit: Going up to parent DeviceProfile []
[2024.06.24-09.04.51:902][  0]LogConfig: Applying CVar settings from Section [ViewDistanceQuality@3] File [C:/Users/bib/Documents/GitHub/SoapOpera_GAME/Saved/Config/Windows/Scalability.ini]
[2024.06.24-09.04.51:902][  0]LogConfig: Setting CVar [[r.SkeletalMeshLODBias:0]]
[2024.06.24-09.04.51:902][  0]LogConfig: Setting CVar [[r.ViewDistanceScale:1.0]]
[2024.06.24-09.04.51:902][  0]LogConfig: Applying CVar settings from Section [AntiAliasingQuality@3] File [C:/Users/bib/Documents/GitHub/SoapOpera_GAME/Saved/Config/Windows/Scalability.ini]
[2024.06.24-09.04.51:902][  0]LogConfig: Setting CVar [[r.PostProcessAAQuality:4]]
[2024.06.24-09.04.51:902][  0]LogConfig: Applying CVar settings from Section [ShadowQuality@3] File [C:/Users/bib/Documents/GitHub/SoapOpera_GAME/Saved/Config/Windows/Scalability.ini]
[2024.06.24-09.04.51:902][  0]LogConfig: Setting CVar [[r.LightFunctionQuality:1]]
[2024.06.24-09.04.51:902][  0]LogConfig: Setting CVar [[r.ShadowQuality:5]]
[2024.06.24-09.04.51:902][  0]LogConfig: Setting CVar [[r.Shadow.CSM.MaxCascades:10]]
[2024.06.24-09.04.51:902][  0]LogConfig: Setting CVar [[r.Shadow.MaxResolution:2048]]
[2024.06.24-09.04.51:902][  0]LogConfig: Setting CVar [[r.Shadow.MaxCSMResolution:2048]]
[2024.06.24-09.04.51:902][  0]LogConfig: Setting CVar [[r.Shadow.RadiusThreshold:0.01]]
[2024.06.24-09.04.51:902][  0]LogConfig: Setting CVar [[r.Shadow.DistanceScale:1.0]]
[2024.06.24-09.04.51:902][  0]LogConfig: Setting CVar [[r.Shadow.CSM.TransitionScale:1.0]]
[2024.06.24-09.04.51:902][  0]LogConfig: Setting CVar [[r.Shadow.PreShadowResolutionFactor:1.0]]
[2024.06.24-09.04.51:902][  0]LogConfig: Setting CVar [[r.DistanceFieldShadowing:1]]
[2024.06.24-09.04.51:902][  0]LogConfig: Setting CVar [[r.DistanceFieldAO:1]]
[2024.06.24-09.04.51:902][  0]LogConfig: Setting CVar [[r.AOQuality:2]]
[2024.06.24-09.04.51:902][  0]LogConfig: Setting CVar [[r.VolumetricFog:1]]
[2024.06.24-09.04.51:902][  0]LogConfig: Setting CVar [[r.VolumetricFog.GridPixelSize:8]]
[2024.06.24-09.04.51:902][  0]LogConfig: Setting CVar [[r.VolumetricFog.GridSizeZ:128]]
[2024.06.24-09.04.51:902][  0]LogConfig: Setting CVar [[r.VolumetricFog.HistoryMissSupersampleCount:4]]
[2024.06.24-09.04.51:902][  0]LogConfig: Setting CVar [[r.LightMaxDrawDistanceScale:1]]
[2024.06.24-09.04.51:902][  0]LogConfig: Setting CVar [[r.CapsuleShadows:1]]
[2024.06.24-09.04.51:902][  0]LogConfig: Applying CVar settings from Section [PostProcessQuality@3] File [C:/Users/bib/Documents/GitHub/SoapOpera_GAME/Saved/Config/Windows/Scalability.ini]
[2024.06.24-09.04.51:902][  0]LogConfig: Setting CVar [[r.MotionBlurQuality:4]]
[2024.06.24-09.04.51:902][  0]LogConfig: Setting CVar [[r.AmbientOcclusionMipLevelFactor:0.4]]
[2024.06.24-09.04.51:902][  0]LogConfig: Setting CVar [[r.AmbientOcclusionMaxQuality:100]]
[2024.06.24-09.04.51:902][  0]LogConfig: Setting CVar [[r.AmbientOcclusionLevels:-1]]
[2024.06.24-09.04.51:902][  0]LogConfig: Setting CVar [[r.AmbientOcclusionRadiusScale:1.0]]
[2024.06.24-09.04.51:902][  0]LogConfig: Setting CVar [[r.DepthOfFieldQuality:2]]
[2024.06.24-09.04.51:902][  0]LogConfig: Setting CVar [[r.RenderTargetPoolMin:400]]
[2024.06.24-09.04.51:902][  0]LogConfig: Setting CVar [[r.LensFlareQuality:2]]
[2024.06.24-09.04.51:902][  0]LogConfig: Setting CVar [[r.SceneColorFringeQuality:1]]
[2024.06.24-09.04.51:902][  0]LogConfig: Setting CVar [[r.EyeAdaptationQuality:2]]
[2024.06.24-09.04.51:902][  0]LogConfig: Setting CVar [[r.BloomQuality:5]]
[2024.06.24-09.04.51:902][  0]LogConfig: Setting CVar [[r.FastBlurThreshold:100]]
[2024.06.24-09.04.51:902][  0]LogConfig: Setting CVar [[r.Upscale.Quality:3]]
[2024.06.24-09.04.51:902][  0]LogConfig: Setting CVar [[r.Tonemapper.GrainQuantization:1]]
[2024.06.24-09.04.51:902][  0]LogConfig: Setting CVar [[r.LightShaftQuality:1]]
[2024.06.24-09.04.51:902][  0]LogConfig: Setting CVar [[r.Filter.SizeScale:1]]
[2024.06.24-09.04.51:902][  0]LogConfig: Setting CVar [[r.Tonemapper.Quality:5]]
[2024.06.24-09.04.51:902][  0]LogConfig: Setting CVar [[r.DOF.Gather.AccumulatorQuality:1        ; higher gathering accumulator quality]]
[2024.06.24-09.04.51:902][  0]LogConfig: Setting CVar [[r.DOF.Gather.PostfilterMethod:1          ; Median3x3 postfilering method]]
[2024.06.24-09.04.51:902][  0]LogConfig: Setting CVar [[r.DOF.Gather.EnableBokehSettings:0       ; no bokeh simulation when gathering]]
[2024.06.24-09.04.51:902][  0]LogConfig: Setting CVar [[r.DOF.Gather.RingCount:4                 ; medium number of samples when gathering]]
[2024.06.24-09.04.51:902][  0]LogConfig: Setting CVar [[r.DOF.Scatter.ForegroundCompositing:1    ; additive foreground scattering]]
[2024.06.24-09.04.51:902][  0]LogConfig: Setting CVar [[r.DOF.Scatter.BackgroundCompositing:2    ; additive background scattering]]
[2024.06.24-09.04.51:902][  0]LogConfig: Setting CVar [[r.DOF.Scatter.EnableBokehSettings:1      ; bokeh simulation when scattering]]
[2024.06.24-09.04.51:902][  0]LogConfig: Setting CVar [[r.DOF.Scatter.MaxSpriteRatio:0.1         ; only a maximum of 10% of scattered bokeh]]
[2024.06.24-09.04.51:902][  0]LogConfig: Setting CVar [[r.DOF.Recombine.Quality:1                ; cheap slight out of focus]]
[2024.06.24-09.04.51:902][  0]LogConfig: Setting CVar [[r.DOF.Recombine.EnableBokehSettings:0    ; no bokeh simulation on slight out of focus]]
[2024.06.24-09.04.51:902][  0]LogConfig: Setting CVar [[r.DOF.TemporalAAQuality:1                ; more stable temporal accumulation]]
[2024.06.24-09.04.51:902][  0]LogConfig: Setting CVar [[r.DOF.Kernel.MaxForegroundRadius:0.025]]
[2024.06.24-09.04.51:902][  0]LogConfig: Setting CVar [[r.DOF.Kernel.MaxBackgroundRadius:0.025]]
[2024.06.24-09.04.51:902][  0]LogConfig: Applying CVar settings from Section [TextureQuality@3] File [C:/Users/bib/Documents/GitHub/SoapOpera_GAME/Saved/Config/Windows/Scalability.ini]
[2024.06.24-09.04.51:902][  0]LogConfig: Setting CVar [[r.Streaming.MipBias:0]]
[2024.06.24-09.04.51:902][  0]LogConfig: Setting CVar [[r.Streaming.AmortizeCPUToGPUCopy:0]]
[2024.06.24-09.04.51:902][  0]LogConfig: Setting CVar [[r.Streaming.MaxNumTexturesToStreamPerFrame:0]]
[2024.06.24-09.04.51:902][  0]LogConfig: Setting CVar [[r.Streaming.Boost:1]]
[2024.06.24-09.04.51:902][  0]LogConfig: Setting CVar [[r.MaxAnisotropy:8]]
[2024.06.24-09.04.51:902][  0]LogConfig: Setting CVar [[r.VT.MaxAnisotropy:8]]
[2024.06.24-09.04.51:902][  0]LogConfig: Setting CVar [[r.Streaming.LimitPoolSizeToVRAM:0]]
[2024.06.24-09.04.51:902][  0]LogConfig: Setting CVar [[r.Streaming.PoolSize:1000]]
[2024.06.24-09.04.51:902][  0]LogConfig: Setting CVar [[r.Streaming.MaxEffectiveScreenSize:0]]
[2024.06.24-09.04.51:902][  0]LogConfig: Applying CVar settings from Section [EffectsQuality@3] File [C:/Users/bib/Documents/GitHub/SoapOpera_GAME/Saved/Config/Windows/Scalability.ini]
[2024.06.24-09.04.51:902][  0]LogConfig: Setting CVar [[r.TranslucencyLightingVolumeDim:64]]
[2024.06.24-09.04.51:902][  0]LogConfig: Setting CVar [[r.RefractionQuality:2]]
[2024.06.24-09.04.51:902][  0]LogConfig: Setting CVar [[r.SSR.Quality:3]]
[2024.06.24-09.04.51:902][  0]LogConfig: Setting CVar [[r.SSR.HalfResSceneColor:0]]
[2024.06.24-09.04.51:902][  0]LogConfig: Setting CVar [[r.SceneColorFormat:4]]
[2024.06.24-09.04.51:902][  0]LogConfig: Setting CVar [[r.DetailMode:2]]
[2024.06.24-09.04.51:902][  0]LogConfig: Setting CVar [[r.TranslucencyVolumeBlur:1]]
[2024.06.24-09.04.51:902][  0]LogConfig: Setting CVar [[r.MaterialQualityLevel:1 ; High quality]]
[2024.06.24-09.04.51:902][  0]LogConfig: Setting CVar [[r.AnisotropicMaterials:1]]
[2024.06.24-09.04.51:902][  0]LogConfig: Setting CVar [[r.SSS.Scale:1]]
[2024.06.24-09.04.51:902][  0]LogConfig: Setting CVar [[r.SSS.SampleSet:2]]
[2024.06.24-09.04.51:902][  0]LogConfig: Setting CVar [[r.SSS.Quality:1]]
[2024.06.24-09.04.51:902][  0]LogConfig: Setting CVar [[r.SSS.HalfRes:0]]
[2024.06.24-09.04.51:902][  0]LogConfig: Setting CVar [[r.SSGI.Quality:3]]
[2024.06.24-09.04.51:902][  0]LogConfig: Setting CVar [[r.EmitterSpawnRateScale:1.0]]
[2024.06.24-09.04.51:902][  0]LogConfig: Setting CVar [[r.ParticleLightQuality:2]]
[2024.06.24-09.04.51:902][  0]LogConfig: Setting CVar [[r.SkyAtmosphere.AerialPerspectiveLUT.FastApplyOnOpaque:1 ; Always have FastSkyLUT 1 in this case to avoid wrong sky]]
[2024.06.24-09.04.51:902][  0]LogConfig: Setting CVar [[r.SkyAtmosphere.AerialPerspectiveLUT.SampleCountMaxPerSlice:4]]
[2024.06.24-09.04.51:902][  0]LogConfig: Setting CVar [[r.SkyAtmosphere.AerialPerspectiveLUT.DepthResolution:16.0]]
[2024.06.24-09.04.51:902][  0]LogConfig: Setting CVar [[r.SkyAtmosphere.FastSkyLUT:1]]
[2024.06.24-09.04.51:902][  0]LogConfig: Setting CVar [[r.SkyAtmosphere.FastSkyLUT.SampleCountMin:4.0]]
[2024.06.24-09.04.51:902][  0]LogConfig: Setting CVar [[r.SkyAtmosphere.FastSkyLUT.SampleCountMax:128.0]]
[2024.06.24-09.04.51:902][  0]LogConfig: Setting CVar [[r.SkyAtmosphere.SampleCountMin:4.0]]
[2024.06.24-09.04.51:902][  0]LogConfig: Setting CVar [[r.SkyAtmosphere.SampleCountMax:128.0]]
[2024.06.24-09.04.51:902][  0]LogConfig: Setting CVar [[r.SkyAtmosphere.TransmittanceLUT.UseSmallFormat:0]]
[2024.06.24-09.04.51:902][  0]LogConfig: Setting CVar [[r.SkyAtmosphere.TransmittanceLUT.SampleCount:10.0]]
[2024.06.24-09.04.51:902][  0]LogConfig: Setting CVar [[r.SkyAtmosphere.MultiScatteringLUT.SampleCount:15.0]]
[2024.06.24-09.04.51:902][  0]LogConfig: Setting CVar [[r.SkyLight.RealTimeReflectionCapture:1]]
[2024.06.24-09.04.51:902][  0]LogConfig: Applying CVar settings from Section [FoliageQuality@3] File [C:/Users/bib/Documents/GitHub/SoapOpera_GAME/Saved/Config/Windows/Scalability.ini]
[2024.06.24-09.04.51:902][  0]LogConfig: Setting CVar [[foliage.DensityScale:1.0]]
[2024.06.24-09.04.51:902][  0]LogConfig: Setting CVar [[grass.DensityScale:1.0]]
[2024.06.24-09.04.51:902][  0]LogConfig: Applying CVar settings from Section [ShadingQuality@3] File [C:/Users/bib/Documents/GitHub/SoapOpera_GAME/Saved/Config/Windows/Scalability.ini]
[2024.06.24-09.04.51:902][  0]LogConfig: Setting CVar [[r.HairStrands.SkyLighting.IntegrationType:2]]
[2024.06.24-09.04.51:902][  0]LogConfig: Setting CVar [[r.HairStrands.SkyAO.SampleCount:4]]
[2024.06.24-09.04.51:902][  0]LogConfig: Setting CVar [[r.HairStrands.Visibility.MSAA.SamplePerPixel:4]]
[2024.06.24-09.04.51:902][  0]LogConfig: Applying CVar settings from Section [Startup] File [../../../Engine/Config/ConsoleVariables.ini]
[2024.06.24-09.04.51:903][  0]LogConfig: Setting CVar [[net.UseAdaptiveNetUpdateFrequency:0]]
[2024.06.24-09.04.51:903][  0]LogConfig: Setting CVar [[p.chaos.AllowCreatePhysxBodies:1]]
[2024.06.24-09.04.51:903][  0]LogConfig: Setting CVar [[fx.SkipVectorVMBackendOptimizations:1]]
[2024.06.24-09.04.51:903][  0]LogConfig: Applying CVar settings from Section [ConsoleVariables] File [C:/Users/bib/Documents/GitHub/SoapOpera_GAME/Saved/Config/Windows/Engine.ini]
[2024.06.24-09.04.51:903][  0]LogConfig: Applying CVar settings from Section [ConsoleVariables] File [C:/Users/bib/Documents/GitHub/SoapOpera_GAME/Saved/Config/Windows/Editor.ini]
[2024.06.24-09.04.51:903][  0]LogInit: Computer: NB-PBM2H22BKM
[2024.06.24-09.04.51:903][  0]LogInit: User: bib
[2024.06.24-09.04.51:903][  0]LogInit: CPU Page size=4096, Cores=10
[2024.06.24-09.04.51:903][  0]LogInit: High frequency timer resolution =10.000000 MHz
[2024.06.24-09.04.51:903][  0]LogMemory: Memory total: Physical=15.7GB (16GB approx)
[2024.06.24-09.04.51:903][  0]LogMemory: Platform Memory Stats for Windows
[2024.06.24-09.04.51:903][  0]LogMemory: Process Physical Memory: 146.16 MB used, 146.16 MB peak
[2024.06.24-09.04.51:903][  0]LogMemory: Process Virtual Memory: 124.25 MB used, 124.25 MB peak
[2024.06.24-09.04.51:903][  0]LogMemory: Physical Memory: 12038.63 MB used,  4030.07 MB free, 16068.70 MB total
[2024.06.24-09.04.51:903][  0]LogMemory: Virtual Memory: 134203728.00 MB used,  14003.70 MB free, 134217728.00 MB total
[2024.06.24-09.04.51:912][  0]LogWindows: WindowsPlatformFeatures enabled
[2024.06.24-09.04.51:948][  0]LogInit: Physics initialised using underlying interface: PhysX
[2024.06.24-09.04.51:948][  0]LogInit: Using OS detected language (de-DE).
[2024.06.24-09.04.51:948][  0]LogInit: Using OS detected locale (de-DE).
[2024.06.24-09.04.51:953][  0]LogTextLocalizationManager: No specific localization for 'de-DE' exists, so the 'de' localization will be used.
[2024.06.24-09.04.51:955][  0]LogTextLocalizationResource: LocRes '../../../Engine/Content/Localization/Editor/de/Editor.locres' could not be opened for reading!
[2024.06.24-09.04.51:955][  0]LogTextLocalizationResource: LocRes '../../../Engine/Content/Localization/EditorTutorials/de/EditorTutorials.locres' could not be opened for reading!
[2024.06.24-09.04.51:955][  0]LogTextLocalizationResource: LocRes '../../../Engine/Content/Localization/Keywords/de/Keywords.locres' could not be opened for reading!
[2024.06.24-09.04.51:955][  0]LogTextLocalizationResource: LocRes '../../../Engine/Content/Localization/Category/de/Category.locres' could not be opened for reading!
[2024.06.24-09.04.51:955][  0]LogTextLocalizationResource: LocRes '../../../Engine/Content/Localization/ToolTips/de/ToolTips.locres' could not be opened for reading!
[2024.06.24-09.04.51:956][  0]LogTextLocalizationResource: LocRes '../../../Engine/Content/Localization/PropertyNames/de/PropertyNames.locres' could not be opened for reading!
[2024.06.24-09.04.51:956][  0]LogTextLocalizationResource: LocRes '../../../Engine/Content/Localization/Engine/de/Engine.locres' could not be opened for reading!
[2024.06.24-09.04.51:992][  0]LogWindowsTextInputMethodSystem: Display: IME system deactivated.
[2024.06.24-09.04.52:006][  0]LogSlate: New Slate User Created.  User Index 0, Is Virtual User: 0
[2024.06.24-09.04.52:006][  0]LogSlate: Slate User Registered.  User Index 0, Is Virtual User: 0
[2024.06.24-09.04.52:028][  0]LogD3D11RHI: Loaded GFSDK_Aftermath_Lib.x64.dll
[2024.06.24-09.04.52:032][  0]LogHMD: Failed to initialize OpenVR with code 110
[2024.06.24-09.04.52:032][  0]LogD3D11RHI: D3D11 min allowed feature level: 11_0
[2024.06.24-09.04.52:032][  0]LogD3D11RHI: D3D11 max allowed feature level: 11_0
[2024.06.24-09.04.52:032][  0]LogD3D11RHI: D3D11 adapters:
[2024.06.24-09.04.52:119][  0]LogD3D11RHI:    0. 'Intel(R) UHD Graphics' (Feature Level 11_0)
[2024.06.24-09.04.52:119][  0]LogD3D11RHI:       128/0/8034 MB DedicatedVideo/DedicatedSystem/SharedSystem, Outputs:1, VendorId:0x8086
[2024.06.24-09.04.52:122][  0]LogD3D11RHI:    1. 'Microsoft Basic Render Driver' (Feature Level 11_0)
[2024.06.24-09.04.52:122][  0]LogD3D11RHI:       0/0/8034 MB DedicatedVideo/DedicatedSystem/SharedSystem, Outputs:0, VendorId:0x1414
[2024.06.24-09.04.52:122][  0]LogD3D11RHI: Chosen D3D11 Adapter:
[2024.06.24-09.04.52:123][  0]LogD3D11RHI:     Description : Intel(R) UHD Graphics
[2024.06.24-09.04.52:123][  0]LogD3D11RHI:     VendorId    : 8086
[2024.06.24-09.04.52:123][  0]LogD3D11RHI:     DeviceId    : 4628
[2024.06.24-09.04.52:123][  0]LogD3D11RHI:     SubSysId    : b061028
[2024.06.24-09.04.52:123][  0]LogD3D11RHI:     Revision    : 000c
[2024.06.24-09.04.52:123][  0]LogD3D11RHI:     DedicatedVideoMemory : 134217728 bytes
[2024.06.24-09.04.52:123][  0]LogD3D11RHI:     DedicatedSystemMemory : 0 bytes
[2024.06.24-09.04.52:123][  0]LogD3D11RHI:     SharedSystemMemory : 8424628224 bytes
[2024.06.24-09.04.52:123][  0]LogD3D11RHI:     AdapterLuid : 0 79488
[2024.06.24-09.04.52:132][  0]LogD3D11RHI: Creating new Direct3DDevice
[2024.06.24-09.04.52:132][  0]LogD3D11RHI:     GPU DeviceId: 0x4628 (for the marketing name, search the web for "GPU Device Id")
[2024.06.24-09.04.52:132][  0]LogWindows: EnumDisplayDevices:
[2024.06.24-09.04.52:132][  0]LogWindows:    0. 'Intel(R) UHD Graphics' (P:1 D:1)
[2024.06.24-09.04.52:133][  0]LogWindows:    1. 'Intel(R) UHD Graphics' (P:0 D:0)
[2024.06.24-09.04.52:133][  0]LogWindows:    2. 'Intel(R) UHD Graphics' (P:0 D:0)
[2024.06.24-09.04.52:133][  0]LogWindows:    3. 'Intel(R) UHD Graphics' (P:0 D:0)
[2024.06.24-09.04.52:133][  0]LogWindows: DebugString: FoundDriverCount:4 
[2024.06.24-09.04.52:133][  0]LogD3D11RHI:     Adapter Name: Intel(R) UHD Graphics
[2024.06.24-09.04.52:133][  0]LogD3D11RHI:   Driver Version: 31.0.101.5333 (internal:31.0.101.5333, unified:31.0.101.5333)
[2024.06.24-09.04.52:133][  0]LogD3D11RHI:      Driver Date: 2-21-2024
[2024.06.24-09.04.52:133][  0]LogRHI: Texture pool is 1523 MB (70% of 2176 MB)
[2024.06.24-09.04.52:139][  0]LogD3D11RHI: Creating D3DDevice using adapter:
[2024.06.24-09.04.52:139][  0]LogD3D11RHI:     Description : Intel(R) UHD Graphics
[2024.06.24-09.04.52:139][  0]LogD3D11RHI:     VendorId    : 8086
[2024.06.24-09.04.52:139][  0]LogD3D11RHI:     DeviceId    : 4628
[2024.06.24-09.04.52:139][  0]LogD3D11RHI:     SubSysId    : b061028
[2024.06.24-09.04.52:139][  0]LogD3D11RHI:     Revision    : 000c
[2024.06.24-09.04.52:139][  0]LogD3D11RHI:     DedicatedVideoMemory : 134217728 bytes
[2024.06.24-09.04.52:139][  0]LogD3D11RHI:     DedicatedSystemMemory : 0 bytes
[2024.06.24-09.04.52:139][  0]LogD3D11RHI:     SharedSystemMemory : 8424628224 bytes
[2024.06.24-09.04.52:139][  0]LogD3D11RHI:     AdapterLuid : 0 79488
[2024.06.24-09.04.52:213][  0]LogD3D11RHI: RHI does not have support for 64 bit atomics
[2024.06.24-09.04.52:220][  0]LogD3D11RHI: Intel Extensions support version Full=16777216, Major=1, Minor=0, Revision=0
[2024.06.24-09.04.52:220][  0]LogD3D11RHI: Intel Extensions support version Full=16777217, Major=1, Minor=0, Revision=1
[2024.06.24-09.04.52:220][  0]LogD3D11RHI: Intel Extensions Framework enabled
[2024.06.24-09.04.52:221][  0]LogD3D11RHI: [IntelMetricsDiscovery] Started
[2024.06.24-09.04.52:221][  0]LogD3D11RHI: Async texture creation enabled
[2024.06.24-09.04.52:221][  0]LogD3D11RHI: Array index from any shader is supported
[2024.06.24-09.04.52:234][  0]LogD3D11RHI: GPU Timing Frequency: 19.200000 (Debug: 2 0)
[2024.06.24-09.04.52:510][  0]LogTargetPlatformManager: Display: Loaded TargetPlatform 'WindowsNoEditor'
[2024.06.24-09.04.52:513][  0]LogTargetPlatformManager: Display: Loaded TargetPlatform 'Windows'
[2024.06.24-09.04.52:517][  0]LogTargetPlatformManager: Display: Loaded TargetPlatform 'WindowsClient'
[2024.06.24-09.04.52:520][  0]LogTargetPlatformManager: Display: Loaded TargetPlatform 'WindowsServer'
[2024.06.24-09.04.52:520][  0]LogTargetPlatformManager: Display: Building Assets For Windows
[2024.06.24-09.04.52:525][  0]LogAudioDebug: Display: Lib vorbis DLL was dynamically loaded.
[2024.06.24-09.04.52:547][  0]LogTextureFormatOodle: Display: Oodle Texture 2.9.0 init RDO Off
[2024.06.24-09.04.52:571][  0]LogRendererCore: Ray tracing is disabled. Reason: r.RayTracing=0.
[2024.06.24-09.04.52:571][  0]LogShaderCompilers: Guid format shader working directory is -16 characters bigger than the processId version (../../../../../../Users/bib/Documents/GitHub/SoapOpera_GAME/Intermediate/Shaders/WorkingDirectory/17796/).
[2024.06.24-09.04.52:571][  0]LogShaderCompilers: Cleaned the shader compiler working directory 'C:/Users/bib/AppData/Local/Temp/UnrealShaderWorkingDir/D95668C548B4467665A82CB777F33EF9/'.
[2024.06.24-09.04.52:571][  0]LogXGEController: Cannot use XGE Controller as Incredibuild is not installed on this machine.
[2024.06.24-09.04.52:572][  0]LogShaderCompilers: Cannot use XGE Shader Compiler as Incredibuild is not installed on this machine.
[2024.06.24-09.04.52:572][  0]LogShaderCompilers: Display: Using Local Shader Compiler.
[2024.06.24-09.04.53:163][  0]LogDerivedDataCache: Display: Max Cache Size: 512 MB
[2024.06.24-09.04.53:220][  0]LogDerivedDataCache: Loaded boot cache 0.06s 94MB C:/Users/bib/AppData/Local/UnrealEngine/4.27/DerivedDataCache/Boot.ddc.
[2024.06.24-09.04.53:220][  0]LogDerivedDataCache: Display: Loaded Boot cache: C:/Users/bib/AppData/Local/UnrealEngine/4.27/DerivedDataCache/Boot.ddc
[2024.06.24-09.04.53:220][  0]LogDerivedDataCache: FDerivedDataBackendGraph:  Pak pak cache file ../../../../../../Users/bib/Documents/GitHub/SoapOpera_GAME/DerivedDataCache/DDC.ddp not found, will not use a pak cache.
[2024.06.24-09.04.53:220][  0]LogDerivedDataCache: Unable to find inner node Pak for hierarchical cache Hierarchy.
[2024.06.24-09.04.53:220][  0]LogDerivedDataCache: FDerivedDataBackendGraph:  CompressedPak pak cache file ../../../../../../Users/bib/Documents/GitHub/SoapOpera_GAME/DerivedDataCache/Compressed.ddp not found, will not use a pak cache.
[2024.06.24-09.04.53:220][  0]LogDerivedDataCache: Unable to find inner node CompressedPak for hierarchical cache Hierarchy.
[2024.06.24-09.04.53:234][  0]LogDerivedDataCache: Display: Pak cache opened for reading ../../../Engine/DerivedDataCache/Compressed.ddp.
[2024.06.24-09.04.53:234][  0]LogDerivedDataCache: FDerivedDataBackendGraph:  EnterprisePak pak cache file ../../../Enterprise/DerivedDataCache/Compressed.ddp not found, will not use a pak cache.
[2024.06.24-09.04.53:234][  0]LogDerivedDataCache: Unable to find inner node EnterprisePak for hierarchical cache Hierarchy.
[2024.06.24-09.04.53:246][  0]LogDerivedDataCache: Speed tests for C:/Users/bib/AppData/Local/UnrealEngine/Common/DerivedDataCache took 0.01 seconds
[2024.06.24-09.04.53:246][  0]LogDerivedDataCache: Display: Performance to C:/Users/bib/AppData/Local/UnrealEngine/Common/DerivedDataCache: Latency=0.02ms. RandomReadSpeed=1853.44MBs, RandomWriteSpeed=86.30MBs. Assigned SpeedClass 'Local'
[2024.06.24-09.04.53:247][  0]LogDerivedDataCache: Using Local data cache path C:/Users/bib/AppData/Local/UnrealEngine/Common/DerivedDataCache: Writable
[2024.06.24-09.04.53:247][  0]LogDerivedDataCache: Shared data cache path not found in *engine.ini, will not use an Shared cache.
[2024.06.24-09.04.53:247][  0]LogDerivedDataCache: Unable to find inner node Shared for hierarchical cache Hierarchy.
[2024.06.24-09.04.53:276][  0]LogSlate: Using FreeType 2.10.0
[2024.06.24-09.04.53:277][  0]LogSlate: SlateFontServices - WITH_FREETYPE: 1, WITH_HARFBUZZ: 1
[2024.06.24-09.04.53:373][  0]LogInit: Using OS detected language (de-DE).
[2024.06.24-09.04.53:373][  0]LogInit: Using OS detected locale (de-DE).
[2024.06.24-09.04.53:373][  0]LogTextLocalizationManager: No localization for 'de-DE' exists, so 'en' will be used for the language.
[2024.06.24-09.04.53:373][  0]LogTextLocalizationManager: No localization for 'de-DE' exists, so 'en' will be used for the locale.
[2024.06.24-09.04.53:373][  0]LogSlate: FontCache flush requested. Reason: Culture for localization was changed
[2024.06.24-09.04.53:373][  0]LogSlate: FontCache flush requested. Reason: Culture for localization was changed
[2024.06.24-09.04.53:375][  0]LogAssetRegistry: FAssetRegistry took 0.0012 seconds to start up
[2024.06.24-09.04.53:536][  0]LogTextLocalizationManager: Compacting localization data took   0.00ms
[2024.06.24-09.04.53:536][  0]LogPackageLocalizationCache: Processed 27 localized package path(s) for 1 prioritized culture(s) in 0.000783 seconds
[2024.06.24-09.04.53:578][  0]LogInit: Selected Device Profile: [Windows]
[2024.06.24-09.04.53:578][  0]LogInit: Active device profile: [0000025B28414900][0000025B1F959B80 49] Windows
[2024.06.24-09.04.53:578][  0]LogInit: Profiles: [0000025B28414900][0000025B1F959B80 49] Windows, [0000025B283D7800][0000025B1F960180 49] WindowsNoEditor, [0000025B28417500][0000025B1F964300 49] WindowsServer, [0000025B283D4E00][0000025B1F968480 49] WindowsClient, [0000025B28417800][0000025B1F96C600 49] IOS, [0000025B283D6800][0000025B1F970780 49] iPadAir, [0000025B28416000][0000025B1F974900 49] iPadAir2, [0000025B28378A00][0000025B1F97CBC0 49] IPadPro, [0000025B28378B00][0000025B1F978C00 49] iPadAir3, [0000025B283D5700][0000025B1F980D80 49] iPadAir4, [0000025B2837B400][0000025B1F984F00 49] iPadMini2, [0000025B283D6A00][0000025B1F989080 49] iPadMini3, [0000025B28379700][0000025B1F98D200 49] iPadMini4, [0000025B28414F00][0000025B265A1380 49] iPadMini5, [0000025B28384300][0000025B265A9640 49] iPhone6, [0000025B28384400][0000025B265A5680 49] iPodTouch6, [0000025B2837B600][0000025B265AD8C0 49] iPhone7, [0000025B28379800][0000025B1F95D900 49] iPodTouch7, [0000025B28387F00][0000025B265B1A40 49] iPhone5S, [0000025B283D6300][0000025B265B9BC0 49] iPhone6Plus, [0000025B28378200][0000025B265BC1C0 49] iPhone6S, [0000025B283D6200][0000025B265C0340 49] iPhone6SPlus, [0000025B2837BC00][0000025B265C44C0 49] iPhone7Plus, [0000025B283D7D00][0000025B265C8640 49] iPhoneSE, [0000025B2837B500][0000025B265CC7C0 49] iPhone8, [0000025B283D5E00][0000025B265D0940 49] iPhone8Plus, [0000025B2837A600][0000025B265D4AC0 49] iPhoneX, [0000025B283D6500][0000025B265D8C40 49] iPhoneXS, [0000025B2837A000][0000025B265DCDC0 49] iPhoneXSMax, [0000025B283D7A00][0000025B265E0F40 49] iPhoneXR, [0000025B2837B700][0000025B265E50C0 49] iPhone11, [0000025B283D4D00][0000025B265E9240 49] iPhone11Pro, [0000025B2837B800][0000025B265ED3C0 49] iPhone11ProMax, [0000025B283D4F00][0000025B265F1540 49] iPhoneSE2, [0000025B2837AE00][0000025B265F56C0 49] iPhone12Mini, [0000025B283D6700][0000025B265F9840 49] iPhone12, [0000025B28379100][0000025B265B5980 49] iPhone12Pro, [0000025B283D7600][0000025B265FDAC0 49] iPhone12ProMax, [0000025B2837A300][0000025B26601C00 49] iPadPro105, [0000025B283D4C00][0000025B266041C0 49] iPadPro129, [0000025B2837B300][0000025B2660C340 49] iPadPro97, [0000025B283D5F00][0000025B266104C0 49] iPadPro2_129, [0000025B28379400][0000025B26614640 49] iPad5, [0000025B283D7400][0000025B266187C0 49] iPad6, [0000025B2837B100][0000025B2661C940 49] iPad7, [0000025B283D5A00][0000025B26620AC0 49] iPad8, [0000025B28379A00][0000025B26624C40 49] iPadPro11, [0000025B283D5D00][0000025B26628DC0 49] iPadPro2_11, [0000025B28379B00][0000025B2662CF40 49] iPadPro3_129, [0000025B283D6600][0000025B1F3D70C0 49] iPadPro4_129, [0000025B2837B200][0000025B1F3DB240 49] AppleTV, [0000025B283D7200][0000025B1F3DF3C0 49] AppleTV4K, [0000025B28378100][0000025B1F3E3540 49] TVOS, [0000025B283D6400][0000025B1F3E76C0 49] Mac, [0000025B28379600][0000025B1F3EB840 49] MacClient, [0000025B283D4700][0000025B1F3EF9C0 49] MacNoEditor, [0000025B2837B900][0000025B26609B00 49] MacServer, [0000025B283D7700][0000025B1F3F20C0 49] Linux, [0000025B2837A200][0000025B1F3F6200 49] LinuxAArch64, [0000025B283D7000][0000025B1F3FA340 49] LinuxNoEditor, [0000025B2837BB00][0000025B1F4024C0 49] LinuxAArch64NoEditor, [0000025B283D6900][0000025B1F406640 49] LinuxClient, [0000025B28379F00][0000025B1F40A7C0 49] LinuxAArch64Client, [0000025B283D5900][0000025B1F40E940 49] LinuxServer, [0000025B2837A100][0000025B1F412AC0 49] LinuxAArch64Server, [0000025B283D5800][0000025B1F416C40 49] Android, [0000025B28378500][0000025B1F41ADC0 49] Android_Low, [0000025B283D7900][0000025B1F41EF40 49] Android_Mid, [0000025B28417A00][0000025B286410C0 49] Android_High, [0000025B28385C00][0000025B28645240 49] Android_Default, [0000025B28416100][0000025B286493C0 49] Android_Adreno4xx, [0000025B28386700][0000025B2864D540 49] Android_Adreno5xx_Low, [0000025B28414B00][0000025B286516C0 49] Android_Adreno5xx, [0000025B28386D00][0000025B28655840 49] Android_Adreno6xx, [0000025B28415200][0000025B286599C0 49] Android_Adreno6xx_Vulkan, [0000025B28386800][0000025B2865DB40 49] Android_Mali_T6xx, [0000025B28417200][0000025B28660140 49] Android_Mali_T7xx, [0000025B28386E00][0000025B1F3FE280 49] Android_Mali_T8xx, [0000025B28416500][0000025B286643C0 49] Android_Mali_G71, [0000025B28387E00][0000025B28668500 49] Android_Mali_G72, [0000025B28416A00][0000025B28670680 49] Android_Mali_G72_Vulkan, [0000025B28385B00][0000025B28674800 49] Android_Mali_G76, [0000025B28415D00][0000025B28678980 49] Android_Mali_G76_Vulkan, [0000025B28387000][0000025B2867CB00 49] Android_Mali_G77, [0000025B28416D00][0000025B28680C80 49] Android_Mali_G77_Vulkan, [0000025B28387A00][0000025B28684E00 49] Android_Mali_G78, [0000025B28414D00][0000025B28688F80 49] Android_Mali_G78_Vulkan, [0000025B28384500][0000025B2868D100 49] Android_Mali_G710, [0000025B28415300][0000025B28691280 49] Android_Mali_G710_Vulkan, [0000025B28385D00][0000025B28695400 49] Android_Vulkan_SM5, [0000025B28417300][0000025B28699580 49] Android_PowerVR_G6xxx, [0000025B28386C00][0000025B2869D700 49] Android_PowerVR_GT7xxx, [0000025B28417C00][0000025B286A1880 49] Android_PowerVR_GE8xxx, [0000025B28385200][0000025B286A5A00 49] Android_PowerVR_GM9xxx, [0000025B28417000][0000025B286A9B80 49] Android_PowerVR_GM9xxx_Vulkan, [0000025B28386900][0000025B286AC180 49] Android_TegraK1, [0000025B28415100][0000025B286B0300 49] Android_Unknown_Vulkan, [0000025B283D4800][0000025B2866C440 49] Lumin, [0000025B28416900][0000025B286B4580 49] Lumin_Desktop, [0000025B283D4A00][0000025B286B86C0 49] HoloLens, 
[2024.06.24-09.04.53:610][  0]LogMeshReduction: Using QuadricMeshReduction for automatic static mesh reduction
[2024.06.24-09.04.53:610][  0]LogMeshReduction: Using SimplygonMeshReduction for automatic skeletal mesh reduction
[2024.06.24-09.04.53:610][  0]LogMeshReduction: Using ProxyLODMeshReduction for automatic mesh merging
[2024.06.24-09.04.53:610][  0]LogMeshReduction: No distributed automatic mesh merging module available
[2024.06.24-09.04.53:610][  0]LogMeshMerging: No distributed automatic mesh merging module available
[2024.06.24-09.04.53:685][  0]LogNetVersion: SoapOpera 1.0.0, NetCL: 17155196, EngineNetVer: 17, GameNetVer: 0 (Checksum: 611829834)
[2024.06.24-09.04.53:882][  0]LogTexture: Default maximum texture size for cubemaps generated from long-lat sources has been changed from 512 to unlimited. In order to preserve old behaiour for '/Engine/MapTemplates/Sky/DaylightAmbientCubemap.DaylightAmbientCubemap', its maximum texture size has been explicitly set to 512.
[2024.06.24-09.04.53:988][  0]LogHMD: PokeAHoleMaterial loaded successfully
[2024.06.24-09.04.54:061][  0]LogMoviePlayer: Initializing movie player
[2024.06.24-09.04.54:173][  0]LogPython: Using Python 3.7.7
[2024.06.24-09.04.54:478][  0]LogUdpMessaging: Initializing bridge on interface 0.0.0.0:0 to multicast group 230.0.0.1:6666.
[2024.06.24-09.04.54:543][  0]LogTcpMessaging: Initializing TcpMessaging bridge
[2024.06.24-09.04.54:580][  0]LogNiagaraDebuggerClient: Niagara Debugger Client Initialized | Session: C23E0C134DCFCAD6B2D737B779A4B873 | Instance: 98E548614CE93C0AF076959D1E8E6D7A (NB-PBM2H22BKM-17796).
[2024.06.24-09.04.54:596][  0]LogCollectionManager: Loaded 0 collections in 0.001131 seconds
[2024.06.24-09.04.54:599][  0]LogFileCache: Scanning file cache for directory 'C:/Users/bib/Documents/GitHub/SoapOpera_GAME/Saved/Collections/' took 0.00s
[2024.06.24-09.04.54:599][  0]LogFileCache: Scanning file cache for directory 'C:/Users/bib/Documents/GitHub/SoapOpera_GAME/Content/Developers/bib/Collections/' took 0.00s
[2024.06.24-09.04.54:599][  0]LogFileCache: Scanning file cache for directory 'C:/Users/bib/Documents/GitHub/SoapOpera_GAME/Content/Collections/' took 0.00s
[2024.06.24-09.04.54:599][  0]LogCollectionManager: Fixed up redirectors for 0 collections in 0.000001 seconds (updated 0 objects)
[2024.06.24-09.04.54:654][  0]SourceControl: Source control is disabled
[2024.06.24-09.04.54:654][  0]SourceControl: Source control is disabled
[2024.06.24-09.04.54:657][  0]LogUProjectInfo: Found projects:
[2024.06.24-09.04.54:665][  0]SourceControl: Source control is disabled
[2024.06.24-09.04.54:722][  0]LogOpenImageDenoise: OIDN starting up
[2024.06.24-09.04.54:818][  0]LogAndroidPermission: UAndroidPermissionCallbackProxy::GetInstance
[2024.06.24-09.04.54:835][  0]LogAudioCaptureCore: Display: No Audio Capture implementations found. Audio input will be silent.
[2024.06.24-09.04.54:835][  0]LogAudioCaptureCore: Display: No Audio Capture implementations found. Audio input will be silent.
[2024.06.24-09.04.54:992][  0]LogOcInput: OculusInput pre-init called
[2024.06.24-09.04.55:001][  0]LogUObjectArray: 22122 objects as part of root set at end of initial load.
[2024.06.24-09.04.55:001][  0]LogUObjectAllocator: 5975840 out of 0 bytes used by permanent object pool.
[2024.06.24-09.04.55:001][  0]LogUObjectArray: CloseDisregardForGC: 0/0 objects in disregard for GC pool
[2024.06.24-09.04.55:090][  0]LogEngine: Initializing Engine...
[2024.06.24-09.04.55:094][  0]LogHMD: Failed to enumerate extensions. Please check that you have a valid OpenXR runtime installed.
[2024.06.24-09.04.55:094][  0]LogHMD: Failed to initialize OpenVR with code 110
[2024.06.24-09.04.55:094][  0]LogMagicLeap: Warning: VR disabled because ZI is not enabled.  To enable, in the editor, Edit -> Project Settings -> Plugins -> Magic Leap Plugin -> Enable Zero Iteration
[2024.06.24-09.04.55:096][  0]LogStats: UGameplayTagsManager::InitializeManager -  0.000 s
[2024.06.24-09.04.55:216][  0]LogInit: Initializing FReadOnlyCVARCache
[2024.06.24-09.04.55:216][  0]LogAudio: Display: Initializing Audio Device Manager...
[2024.06.24-09.04.55:220][  0]LogAudio: Display: Loading Default Audio Settings Objects...
[2024.06.24-09.04.55:220][  0]LogAudio: Display: No default SoundConcurrencyObject specified (or failed to load).
[2024.06.24-09.04.55:221][  0]LogAudio: Display: Audio Device Manager Initialized
[2024.06.24-09.04.55:221][  0]LogAudio: Display: Creating Audio Device:                 Id: 1, Scope: Shared, Realtime: True
[2024.06.24-09.04.55:221][  0]LogAudioMixer: Display: Audio Mixer Platform Settings:
[2024.06.24-09.04.55:221][  0]LogAudioMixer: Display: 	Sample Rate:						  48000
[2024.06.24-09.04.55:221][  0]LogAudioMixer: Display: 	Callback Buffer Frame Size Requested: 1024
[2024.06.24-09.04.55:221][  0]LogAudioMixer: Display: 	Callback Buffer Frame Size To Use:	  1024
[2024.06.24-09.04.55:221][  0]LogAudioMixer: Display: 	Number of buffers to queue:			  2
[2024.06.24-09.04.55:221][  0]LogAudioMixer: Display: 	Max Channels (voices):				  32
[2024.06.24-09.04.55:221][  0]LogAudioMixer: Display: 	Number of Async Source Workers:		  0
[2024.06.24-09.04.55:221][  0]LogAudio: Display: AudioDevice MaxSources: 32
[2024.06.24-09.04.55:221][  0]LogAudio: Display: Audio Spatialization Plugin: None (built-in).
[2024.06.24-09.04.55:221][  0]LogAudio: Display: Audio Reverb Plugin: None (built-in).
[2024.06.24-09.04.55:221][  0]LogAudio: Display: Audio Occlusion Plugin: None (built-in).
[2024.06.24-09.04.55:221][  0]LogAudioMixer: Display: Initializing audio mixer.
[2024.06.24-09.04.55:240][  0]LogAudioMixer: Display: 0: FrontLeft
[2024.06.24-09.04.55:240][  0]LogAudioMixer: Display: 1: FrontRight
[2024.06.24-09.04.55:470][  0]LogAudioMixer: Display: Using Audio Device Kopfhörer (JBL TUNE230NC TWS Stereo)
[2024.06.24-09.04.55:477][  0]LogAudioMixer: Display: Initializing Sound Submixes...
[2024.06.24-09.04.55:478][  0]LogAudioMixer: Display: Creating Master Submix 'MasterSubmixDefault'
[2024.06.24-09.04.55:478][  0]LogAudioMixer: Display: Creating Master Submix 'MasterReverbSubmixDefault'
[2024.06.24-09.04.55:479][  0]LogAudioMixer: Display: Creating Master Submix 'MasterEQSubmixDefault'
[2024.06.24-09.04.55:479][  0]LogAudioMixer: FMixerPlatformXAudio2::StartAudioStream() called
[2024.06.24-09.04.55:479][  0]LogAudioMixer: Display: Output buffers initialized: Frames=1024, Channels=2, Samples=2048
[2024.06.24-09.04.55:481][  0]LogAudioMixer: Display: Starting AudioMixerPlatformInterface::RunInternal()
[2024.06.24-09.04.55:481][  0]LogAudioMixer: Display: FMixerPlatformXAudio2::SubmitBuffer() called for the first time
[2024.06.24-09.04.55:481][  0]LogInit: FAudioDevice initialized.
[2024.06.24-09.04.55:483][  0]LogNetVersion: Set ProjectVersion to 1.0.0.0. Version Checksum will be recalculated on next use.
[2024.06.24-09.04.55:488][  0]LogInit: Texture streaming: Enabled
[2024.06.24-09.04.55:535][  0]LogAudio: Display: Audio Device (ID: 1) registered with world 'Untitled'.
[2024.06.24-09.04.55:535][  0]LogSlate: Updating window title bar state: overlay mode, drag disabled, window buttons hidden, title bar hidden
[2024.06.24-09.04.55:535][  0]LogInit: Display: Game Engine Initialized.
[2024.06.24-09.04.55:535][  0]LogNiagaraEditor: GEditor isn't valid! Particle reset commands will not work for Niagara components!
[2024.06.24-09.04.55:651][  0]LogInit: Display: Starting Game.
[2024.06.24-09.04.55:651][  0]LogNet: Browse: /Game/StartMenu/MainMenu?Name=Player
[2024.06.24-09.04.55:652][  0]LogLoad: LoadMap: /Game/StartMenu/MainMenu?Name=Player
[2024.06.24-09.04.55:652][  0]LogWorld: BeginTearingDown for /Temp/Untitled_0
[2024.06.24-09.04.55:655][  0]LogWorld: UWorld::CleanupWorld for Untitled, bSessionEnded=true, bCleanupResources=true
[2024.06.24-09.04.55:655][  0]LogSlate: InvalidateAllWidgets triggered.  All widgets were invalidated
[2024.06.24-09.04.55:662][  0]LogAudio: Display: Audio Device unregistered from world 'None'.
[2024.06.24-09.04.55:665][  0]LogUObjectHash: Compacting FUObjectHashTables data took   0.77ms
[2024.06.24-09.04.55:675][  0]LogAudio: Display: Audio Device (ID: 1) registered with world 'MainMenu'.
[2024.06.24-09.04.55:681][  0]LogAIModule: Creating AISystem for world MainMenu
[2024.06.24-09.04.55:876][  0]LogLoad: Game class is 'ThirdPersonGameMode_C'
[2024.06.24-09.04.55:878][  0]LogWorld: Bringing World /Game/StartMenu/MainMenu.MainMenu up for play (max tick rate 0) at 2024.06.24-11.04.55
[2024.06.24-09.04.55:879][  0]LogWorld: Bringing up level for play took: 0.000570
[2024.06.24-09.04.55:879][  0]LogGameMode: FindPlayerStart: PATHS NOT DEFINED or NO PLAYERSTART with positive rating
[2024.06.24-09.04.55:882][  0]LogViewport: Display: Viewport MouseLockMode Changed, LockOnCapture -> DoNotLock
[2024.06.24-09.04.55:882][  0]LogViewport: Display: Viewport MouseCaptureMode Changed, CapturePermanently_IncludingInitialMouseDown -> NoCapture
[2024.06.24-09.04.55:882][  0]LogLoad: Took 0.230276 seconds to LoadMap(/Game/StartMenu/MainMenu)
[2024.06.24-09.04.55:912][  0]LogSlate: Took 0.000170 seconds to synchronously load lazily loaded font '../../../Engine/Content/Slate/Fonts/Roboto-Regular.ttf' (155K)
[2024.06.24-09.04.55:934][  0]LogRenderer: Reallocating scene render targets to support 1280x720 Format 10 NumSamples 1 (Frame:1).
[2024.06.24-09.04.55:934][  0]LogInit: Display: Engine is initialized. Leaving FEngineLoop::Init()
[2024.06.24-09.04.55:934][  0]LogLoad: (Engine Initialization) Total time: 5.48 seconds
[2024.06.24-09.04.55:934][  0]LogLoad: (Engine Initialization) Total Blueprint compile time: 0.00 seconds
[2024.06.24-09.04.55:966][  0]LogContentStreaming: Texture pool size now 1000 MB
[2024.06.24-09.04.55:971][  0]LogSlate: InvalidateAllWidgets triggered.  All widgets were invalidated
[2024.06.24-09.04.56:077][  1]LogSlate: Took 0.000165 seconds to synchronously load lazily loaded font '../../../Engine/Content/Slate/Fonts/Roboto-Regular.ttf' (155K)
[2024.06.24-09.04.56:962][110]LogPackageName: SearchForPackageOnDisk took   0.061s to resolve ThirdPersonExampleMap.umap.
[2024.06.24-09.04.57:022][110]LogPackageName: SearchForPackageOnDisk took   0.060s to resolve ThirdPersonExampleMap.umap.
[2024.06.24-09.04.57:022][110]LogNet: Browse: /Game/ThirdPersonBP/Maps/ThirdPersonExampleMap
[2024.06.24-09.04.57:022][110]LogLoad: LoadMap: /Game/ThirdPersonBP/Maps/ThirdPersonExampleMap
[2024.06.24-09.04.57:022][110]LogWorld: BeginTearingDown for /Game/StartMenu/MainMenu
[2024.06.24-09.04.57:023][110]LogWorld: UWorld::CleanupWorld for MainMenu, bSessionEnded=true, bCleanupResources=true
[2024.06.24-09.04.57:023][110]LogSlate: InvalidateAllWidgets triggered.  All widgets were invalidated
[2024.06.24-09.04.57:058][110]LogAudio: Display: Audio Device unregistered from world 'None'.
[2024.06.24-09.04.57:069][110]LogUObjectHash: Compacting FUObjectHashTables data took   0.80ms
[2024.06.24-09.04.57:350][110]LogAudio: Display: Audio Device (ID: 1) registered with world 'ThirdPersonExampleMap'.
[2024.06.24-09.04.57:351][110]LogAIModule: Creating AISystem for world ThirdPersonExampleMap
[2024.06.24-09.04.57:351][110]LogLoad: Game class is 'GameMode_BP_C'
[2024.06.24-09.04.57:355][110]LogWorld: Bringing World /Game/ThirdPersonBP/Maps/ThirdPersonExampleMap.ThirdPersonExampleMap up for play (max tick rate 0) at 2024.06.24-11.04.57
[2024.06.24-09.04.57:356][110]LogUObjectGlobals: Warning: Failed to load '/Game/anyname': Can't find file.
[2024.06.24-09.04.57:356][110]LogUObjectGlobals: Warning: Failed to load '/Game/anyname': Can't find file.
[2024.06.24-09.04.57:356][110]LogUObjectGlobals: Warning: Failed to find object 'Object /Game/anyname.anyname'
[2024.06.24-09.04.57:356][110]LogWorld: Bringing up level for play took: 0.003646
[2024.06.24-09.04.57:356][110]LogStreaming: Warning: Failed to read file '../../../../../../Users/bib/Documents/GitHub/SoapOpera_GAME/Saved/SaveGames/save1.sav' error.
[2024.06.24-09.04.57:357][110]LogBlueprintUserMessages: [GameMode_BP_C_0] BeginPlay
[2024.06.24-09.04.57:359][110]LogLoad: Took 0.337522 seconds to LoadMap(/Game/ThirdPersonBP/Maps/ThirdPersonExampleMap)
