Log file open, 06/24/24 10:52:09
LogWindows: Failed to load 'aqProf.dll' (GetLastError=126)
LogWindows: File 'aqProf.dll' does not exist
LogWindows: Failed to load 'VtuneApi.dll' (GetLastError=126)
LogWindows: File 'VtuneApi.dll' does not exist
LogWindows: Failed to load 'VtuneApi32e.dll' (GetLastError=126)
LogWindows: File 'VtuneApi32e.dll' does not exist
LogConsoleResponse: Display: Failed to find resolution value strings in scalability ini. Falling back to default.
LogConsoleResponse: Display: Failed to find resolution value strings in scalability ini. Falling back to default.
LogInit: Display: Running engine for game: SoapOpera
LogPlatformFile: Not using cached read wrapper
LogTaskGraph: Started task graph with 5 named threads and 35 total threads with 3 sets of task threads.
LogStats: Stats thread started at 0.313499
LogICUInternationalization: ICU TimeZone Detection - Raw Offset: +1:00, Platform Override: ''
LogInit: Display: Loading text-based GConfig....
LogPluginManager: Mounting plugin MeshPainting
LogPluginManager: Mounting plugin XGEController
LogPluginManager: Mounting plugin Paper2D
LogPluginManager: Mounting plugin LiveLink
LogPluginManager: Mounting plugin AISupport
LogPluginManager: Mounting plugin EnvironmentQueryEditor
LogPluginManager: Mounting plugin LightPropagationVolume
LogPluginManager: Mounting plugin CameraShakePreviewer
LogPluginManager: Mounting plugin OodleData
LogPluginManager: Mounting plugin AnimationSharing
LogPluginManager: Mounting plugin OodleNetwork
LogPluginManager: Mounting plugin GameplayCameras
LogPluginManager: Mounting plugin GitSourceControl
LogPluginManager: Mounting plugin NullSourceCodeAccess
LogPluginManager: Mounting plugin KDevelopSourceCodeAccess
LogPluginManager: Mounting plugin PixWinPlugin
LogPluginManager: Mounting plugin PlasticSourceControl
LogPluginManager: Mounting plugin CodeLiteSourceCodeAccess
LogPluginManager: Mounting plugin CLionSourceCodeAccess
LogPluginManager: Mounting plugin PluginUtils
LogPluginManager: Mounting plugin RiderSourceCodeAccess
LogPluginManager: Mounting plugin SubversionSourceControl
LogPluginManager: Mounting plugin TextureFormatOodle
LogPluginManager: Mounting plugin VisualStudioSourceCodeAccess
LogPluginManager: Mounting plugin PerforceSourceControl
LogPluginManager: Mounting plugin XCodeSourceCodeAccess
LogPluginManager: Mounting plugin VisualStudioCodeSourceCodeAccess
LogPluginManager: Mounting plugin UObjectPlugin
LogPluginManager: Mounting plugin CryptoKeys
LogPluginManager: Mounting plugin PropertyAccessNode
LogPluginManager: Mounting plugin DataValidation
LogPluginManager: Mounting plugin GeometryMode
LogPluginManager: Mounting plugin MaterialAnalyzer
LogPluginManager: Mounting plugin MobileLauncherProfileWizard
LogPluginManager: Mounting plugin PluginBrowser
LogPluginManager: Mounting plugin CurveEditorTools
LogPluginManager: Mounting plugin SpeedTreeImporter
LogPluginManager: Mounting plugin GameplayTagsEditor
LogPluginManager: Mounting plugin MacGraphicsSwitching
LogPluginManager: Mounting plugin AlembicImporter
LogPluginManager: Mounting plugin BackChannel
LogPluginManager: Mounting plugin AssetManagerEditor
LogPluginManager: Mounting plugin ChaosNiagara
LogPluginManager: Mounting plugin ChaosClothEditor
LogPluginManager: Mounting plugin ChaosSolverPlugin
LogPluginManager: Mounting plugin CharacterAI
LogPluginManager: Mounting plugin AutomationUtils
LogPluginManager: Mounting plugin GeometryCache
LogPluginManager: Mounting plugin ChaosCloth
LogPluginManager: Mounting plugin GeometryCollectionPlugin
LogPluginManager: Mounting plugin GeometryProcessing
LogPluginManager: Mounting plugin ChaosEditor
LogPluginManager: Mounting plugin OpenImageDenoise
LogPluginManager: Mounting plugin MotoSynth
LogPluginManager: Mounting plugin PlatformCrypto
LogPluginManager: Mounting plugin PlanarCut
LogPluginManager: Mounting plugin SkeletalReduction
LogPluginManager: Mounting plugin ProxyLODPlugin
LogPluginManager: Mounting plugin PythonScriptPlugin
LogPluginManager: Mounting plugin LuminPlatformFeatures
LogPluginManager: Mounting plugin FacialAnimation
LogPluginManager: Mounting plugin MagicLeap
LogPluginManager: Mounting plugin Niagara
LogPluginManager: Mounting plugin MagicLeapMedia
LogPluginManager: Mounting plugin MagicLeapLightEstimation
LogPluginManager: Mounting plugin MatineeToLevelSequence
LogPluginManager: Mounting plugin MagicLeapPassableWorld
LogPluginManager: Mounting plugin ActorSequence
LogPluginManager: Mounting plugin LevelSequenceEditor
LogPluginManager: Mounting plugin MLSDK
LogPluginManager: Mounting plugin DatasmithContent
LogPluginManager: Mounting plugin TemplateSequence
LogPluginManager: Mounting plugin VariantManagerContent
LogPluginManager: Mounting plugin OnlineSubsystem
LogPluginManager: Mounting plugin OnlineSubsystemUtils
LogPluginManager: Mounting plugin AndroidMedia
LogPluginManager: Mounting plugin OnlineSubsystemNull
LogPluginManager: Mounting plugin ImgMedia
LogPluginManager: Mounting plugin MediaCompositing
LogPluginManager: Mounting plugin AvfMedia
LogPluginManager: Mounting plugin UdpMessaging
LogPluginManager: Mounting plugin TcpMessaging
LogPluginManager: Mounting plugin ScreenshotTools
LogPluginManager: Mounting plugin LauncherChunkInstaller
LogPluginManager: Mounting plugin AndroidMoviePlayer
LogPluginManager: Mounting plugin AndroidPermission
LogPluginManager: Mounting plugin AppleMoviePlayer
LogPluginManager: Mounting plugin ArchVisCharacter
LogPluginManager: Mounting plugin AudioCapture
LogPluginManager: Mounting plugin ActorLayerUtilities
LogPluginManager: Mounting plugin AudioSynesthesia
LogPluginManager: Mounting plugin CableComponent
LogPluginManager: Mounting plugin AndroidDeviceProfileSelector
LogPluginManager: Mounting plugin ChunkDownloader
LogPluginManager: Mounting plugin CustomMeshComponent
LogPluginManager: Mounting plugin AppleImageUtils
LogPluginManager: Mounting plugin AssetTags
LogPluginManager: Mounting plugin ExampleDeviceProfileSelector
LogPluginManager: Mounting plugin EditableMesh
LogPluginManager: Mounting plugin LinuxDeviceProfileSelector
LogPluginManager: Mounting plugin IOSDeviceProfileSelector
LogPluginManager: Mounting plugin GoogleCloudMessaging
LogPluginManager: Mounting plugin GooglePAD
LogPluginManager: Mounting plugin LocationServicesBPLibrary
LogPluginManager: Mounting plugin MobilePatchingUtils
LogPluginManager: Mounting plugin OpenXR
LogPluginManager: Mounting plugin OpenXRHandTracking
LogPluginManager: Mounting plugin PhysXVehicles
LogPluginManager: Mounting plugin OpenXREyeTracker
LogPluginManager: Mounting plugin Takes
LogPluginManager: Mounting plugin ProceduralMeshComponent
LogPluginManager: Mounting plugin SignificanceManager
LogPluginManager: Mounting plugin PostSplashScreen
LogPluginManager: Mounting plugin PropertyAccessEditor
LogPluginManager: Mounting plugin SoundFields
LogPluginManager: Mounting plugin Synthesis
LogPluginManager: Mounting plugin RuntimePhysXCooking
LogPluginManager: Mounting plugin WebMMoviePlayer
LogPluginManager: Mounting plugin WindowsMoviePlayer
LogPluginManager: Mounting plugin MediaPlayerEditor
LogPluginManager: Mounting plugin WmfMedia
LogPluginManager: Mounting plugin WebMMedia
LogPluginManager: Mounting plugin ContentBrowserAssetDataSource
LogPluginManager: Mounting plugin ContentBrowserClassDataSource
LogPluginManager: Mounting plugin ContentBrowserFileDataSource
LogPluginManager: Mounting plugin OnlineSubsystemIOS
LogPluginManager: Mounting plugin OnlineSubsystemGooglePlay
LogPluginManager: Mounting plugin OculusVR
LogPluginManager: Mounting plugin SteamVR
PixWinPlugin: PIX capture plugin failed to initialize! Check that the process is launched from PIX.
LogInit: Using libcurl 7.55.1-DEV
LogInit:  - built for x86_64-pc-win32
LogInit:  - supports SSL with OpenSSL/1.1.1
LogInit:  - supports HTTP deflate (compression) using libz 1.2.8
LogInit:  - other features:
LogInit:      CURL_VERSION_SSL
LogInit:      CURL_VERSION_LIBZ
LogInit:      CURL_VERSION_IPV6
LogInit:      CURL_VERSION_ASYNCHDNS
LogInit:      CURL_VERSION_LARGEFILE
LogInit:      CURL_VERSION_IDN
LogInit:  CurlRequestOptions (configurable via config and command line):
LogInit:  - bVerifyPeer = true  - Libcurl will verify peer certificate
LogInit:  - bUseHttpProxy = false  - Libcurl will NOT use HTTP proxy
LogInit:  - bDontReuseConnections = false  - Libcurl will reuse connections
LogInit:  - MaxHostConnections = 16  - Libcurl will limit the number of connections to a host
LogInit:  - LocalHostAddr = Default
LogInit:  - BufferSize = 65536
LogOnline: OSS: Creating online subsystem instance for: NULL
LogInit: WinSock: version 1.1 (2.2), MaxSocks=32767, MaxUdp=65467
LogOnline: OSS: TryLoadSubsystemAndSetDefault: Loaded subsystem for module [NULL]
LogOculusPluginWrapper: OculusPlugin initialized successfully
LogHMD: Failed initializing OVRPlugin 1.59.0
LogInit: Build: ++UE4+Release-4.27-CL-18319896
LogInit: Engine Version: 4.27.2-18319896+++UE4+Release-4.27
LogInit: Compatible Engine Version: 4.27.0-17155196+++UE4+Release-4.27
LogInit: Net CL: 17155196
LogInit: OS: Windows 10 (Release 2009) (), CPU: 12th Gen Intel(R) Core(TM) i5-1245U, GPU: Intel(R) UHD Graphics
LogInit: Compiled (64-bit): Nov 30 2021 07:12:08
LogInit: Compiled with Visual C++: 19.24.28315.00
LogInit: Build Configuration: Development
LogInit: Branch Name: ++UE4+Release-4.27
LogInit: Command Line:  /Game/StartMenu/MainMenu -game -PIEVIACONSOLE -Multiprocess GameUserSettingsINI=C:/Users/bib/Documents/GitHub/SoapOpera_GAME/Saved/Config/Windows/PIEGameUserSettings0.ini -MultiprocessSaveConfig -forcepassthrough -messaging -SessionName="Play in Standalone Game" -windowed -ResX=1280 -ResY=720
LogInit: Base Directory: C:/Program Files/Epic Games/UE_4.27/Engine/Binaries/Win64/
LogInit: Allocator: TBB
LogInit: Installed Engine Build: 1
LogDevObjectVersion: Number of dev versions registered: 29
LogDevObjectVersion:   Dev-Blueprints (B0D832E4-1F89-4F0D-ACCF-7EB736FD4AA2): 10
LogDevObjectVersion:   Dev-Build (E1C64328-A22C-4D53-A36C-8E866417BD8C): 0
LogDevObjectVersion:   Dev-Core (375EC13C-06E4-48FB-B500-84F0262A717E): 4
LogDevObjectVersion:   Dev-Editor (E4B068ED-F494-42E9-A231-DA0B2E46BB41): 40
LogDevObjectVersion:   Dev-Framework (CFFC743F-43B0-4480-9391-14DF171D2073): 37
LogDevObjectVersion:   Dev-Mobile (B02B49B5-BB20-44E9-A304-32B752E40360): 3
LogDevObjectVersion:   Dev-Networking (A4E4105C-59A1-49B5-A7C5-40C4547EDFEE): 0
LogDevObjectVersion:   Dev-Online (39C831C9-5AE6-47DC-9A44-9C173E1C8E7C): 0
LogDevObjectVersion:   Dev-Physics (78F01B33-EBEA-4F98-B9B4-84EACCB95AA2): 14
LogDevObjectVersion:   Dev-Platform (6631380F-2D4D-43E0-8009-CF276956A95A): 0
LogDevObjectVersion:   Dev-Rendering (12F88B9F-8875-4AFC-A67C-D90C383ABD29): 45
LogDevObjectVersion:   Dev-Sequencer (7B5AE74C-D270-4C10-A958-57980B212A5A): 13
LogDevObjectVersion:   Dev-VR (D7296918-1DD6-4BDD-9DE2-64A83CC13884): 3
LogDevObjectVersion:   Dev-LoadTimes (C2A15278-BFE7-4AFE-6C17-90FF531DF755): 1
LogDevObjectVersion:   Private-Geometry (6EACA3D4-40EC-4CC1-B786-8BED09428FC5): 3
LogDevObjectVersion:   Dev-AnimPhys (29E575DD-E0A3-4627-9D10-D276232CDCEA): 17
LogDevObjectVersion:   Dev-Anim (AF43A65D-7FD3-4947-9873-3E8ED9C1BB05): 15
LogDevObjectVersion:   Dev-ReflectionCapture (6B266CEC-1EC7-4B8F-A30B-E4D90942FC07): 1
LogDevObjectVersion:   Dev-Automation (0DF73D61-A23F-47EA-B727-89E90C41499A): 1
LogDevObjectVersion:   FortniteMain (601D1886-AC64-4F84-AA16-D3DE0DEAC7D6): 47
LogDevObjectVersion:   FortniteRelease (E7086368-6B23-4C58-8439-1B7016265E91): 1
LogDevObjectVersion:   Dev-Enterprise (9DFFBCD6-494F-0158-E221-12823C92A888): 10
LogDevObjectVersion:   Dev-Niagara (F2AED0AC-9AFE-416F-8664-AA7FFA26D6FC): 1
LogDevObjectVersion:   Dev-Destruction (174F1F0B-B4C6-45A5-B13F-2EE8D0FB917D): 10
LogDevObjectVersion:   Dev-Physics-Ext (35F94A83-E258-406C-A318-09F59610247C): 41
LogDevObjectVersion:   Dev-PhysicsMaterial-Chaos (B68FC16E-8B1B-42E2-B453-215C058844FE): 1
LogDevObjectVersion:   Dev-CineCamera (B2E18506-4273-CFC2-A54E-F4BB758BBA07): 1
LogDevObjectVersion:   Dev-VirtualProduction (64F58936-FD1B-42BA-BA96-7289D5D0FA4E): 1
LogDevObjectVersion:   Dev-MediaFramework (6F0ED827-A609-4895-9C91-998D90180EA4): 2
LogInit: Presizing for max 25165824 objects, including 0 objects not considered by GC, pre-allocating 0 bytes for permanent pool.
LogConfig: Applying CVar settings from Section [/Script/Engine.StreamingSettings] File [C:/Users/bib/Documents/GitHub/SoapOpera_GAME/Saved/Config/Windows/Engine.ini]
LogConfig: Setting CVar [[s.MinBulkDataSizeForAsyncLoading:131072]]
LogConfig: Setting CVar [[s.AsyncLoadingThreadEnabled:0]]
LogConfig: Setting CVar [[s.EventDrivenLoaderEnabled:1]]
LogConfig: Setting CVar [[s.WarnIfTimeLimitExceeded:0]]
LogConfig: Setting CVar [[s.TimeLimitExceededMultiplier:1.5]]
LogConfig: Setting CVar [[s.TimeLimitExceededMinTime:0.005]]
LogConfig: Setting CVar [[s.UseBackgroundLevelStreaming:1]]
LogConfig: Setting CVar [[s.PriorityAsyncLoadingExtraTime:15.0]]
LogConfig: Setting CVar [[s.LevelStreamingActorsUpdateTimeLimit:5.0]]
LogConfig: Setting CVar [[s.PriorityLevelStreamingActorsUpdateExtraTime:5.0]]
LogConfig: Setting CVar [[s.LevelStreamingComponentsRegistrationGranularity:10]]
LogConfig: Setting CVar [[s.UnregisterComponentsTimeLimit:1.0]]
LogConfig: Setting CVar [[s.LevelStreamingComponentsUnregistrationGranularity:5]]
LogConfig: Setting CVar [[s.FlushStreamingOnExit:1]]
LogInit: Object subsystem initialized
LogConfig: Setting CVar [[con.DebugEarlyDefault:1]]
LogConfig: Setting CVar [[r.setres:1280x720]]
[2024.06.24-08.52.10:311][  0]LogConfig: Setting CVar [[con.DebugEarlyDefault:1]]
[2024.06.24-08.52.10:312][  0]LogConfig: Setting CVar [[r.setres:1280x720]]
[2024.06.24-08.52.10:312][  0]LogConfig: Applying CVar settings from Section [/Script/Engine.RendererSettings] File [C:/Users/bib/Documents/GitHub/SoapOpera_GAME/Saved/Config/Windows/Engine.ini]
[2024.06.24-08.52.10:312][  0]LogConfig: Setting CVar [[r.GPUCrashDebugging:0]]
[2024.06.24-08.52.10:312][  0]LogConfig: Applying CVar settings from Section [/Script/Engine.RendererOverrideSettings] File [C:/Users/bib/Documents/GitHub/SoapOpera_GAME/Saved/Config/Windows/Engine.ini]
[2024.06.24-08.52.10:312][  0]LogConfig: Applying CVar settings from Section [/Script/Engine.StreamingSettings] File [C:/Users/bib/Documents/GitHub/SoapOpera_GAME/Saved/Config/Windows/Engine.ini]
[2024.06.24-08.52.10:312][  0]LogConfig: Setting CVar [[s.MinBulkDataSizeForAsyncLoading:131072]]
[2024.06.24-08.52.10:312][  0]LogConfig: Setting CVar [[s.AsyncLoadingThreadEnabled:0]]
[2024.06.24-08.52.10:312][  0]LogConfig: Setting CVar [[s.EventDrivenLoaderEnabled:1]]
[2024.06.24-08.52.10:312][  0]LogConfig: Setting CVar [[s.WarnIfTimeLimitExceeded:0]]
[2024.06.24-08.52.10:313][  0]LogConfig: Setting CVar [[s.TimeLimitExceededMultiplier:1.5]]
[2024.06.24-08.52.10:313][  0]LogConfig: Setting CVar [[s.TimeLimitExceededMinTime:0.005]]
[2024.06.24-08.52.10:313][  0]LogConfig: Setting CVar [[s.UseBackgroundLevelStreaming:1]]
[2024.06.24-08.52.10:313][  0]LogConfig: Setting CVar [[s.PriorityAsyncLoadingExtraTime:15.0]]
[2024.06.24-08.52.10:313][  0]LogConfig: Setting CVar [[s.LevelStreamingActorsUpdateTimeLimit:5.0]]
[2024.06.24-08.52.10:313][  0]LogConfig: Setting CVar [[s.PriorityLevelStreamingActorsUpdateExtraTime:5.0]]
[2024.06.24-08.52.10:313][  0]LogConfig: Setting CVar [[s.LevelStreamingComponentsRegistrationGranularity:10]]
[2024.06.24-08.52.10:313][  0]LogConfig: Setting CVar [[s.UnregisterComponentsTimeLimit:1.0]]
[2024.06.24-08.52.10:313][  0]LogConfig: Setting CVar [[s.LevelStreamingComponentsUnregistrationGranularity:5]]
[2024.06.24-08.52.10:313][  0]LogConfig: Setting CVar [[s.FlushStreamingOnExit:1]]
[2024.06.24-08.52.10:313][  0]LogConfig: Applying CVar settings from Section [/Script/Engine.GarbageCollectionSettings] File [C:/Users/bib/Documents/GitHub/SoapOpera_GAME/Saved/Config/Windows/Engine.ini]
[2024.06.24-08.52.10:313][  0]LogConfig: Setting CVar [[gc.MaxObjectsNotConsideredByGC:1]]
[2024.06.24-08.52.10:313][  0]LogConfig: Setting CVar [[gc.SizeOfPermanentObjectPool:0]]
[2024.06.24-08.52.10:314][  0]LogConfig: Setting CVar [[gc.FlushStreamingOnGC:0]]
[2024.06.24-08.52.10:314][  0]LogConfig: Setting CVar [[gc.NumRetriesBeforeForcingGC:10]]
[2024.06.24-08.52.10:314][  0]LogConfig: Setting CVar [[gc.AllowParallelGC:1]]
[2024.06.24-08.52.10:314][  0]LogConfig: Setting CVar [[gc.TimeBetweenPurgingPendingKillObjects:61.1]]
[2024.06.24-08.52.10:314][  0]LogConfig: Setting CVar [[gc.MaxObjectsInEditor:25165824]]
[2024.06.24-08.52.10:314][  0]LogConfig: Setting CVar [[gc.IncrementalBeginDestroyEnabled:1]]
[2024.06.24-08.52.10:314][  0]LogConfig: Setting CVar [[gc.CreateGCClusters:1]]
[2024.06.24-08.52.10:314][  0]LogConfig: Setting CVar [[gc.MinGCClusterSize:5]]
[2024.06.24-08.52.10:314][  0]LogConfig: Setting CVar [[gc.ActorClusteringEnabled:0]]
[2024.06.24-08.52.10:314][  0]LogConfig: Setting CVar [[gc.BlueprintClusteringEnabled:0]]
[2024.06.24-08.52.10:314][  0]LogConfig: Setting CVar [[gc.UseDisregardForGCOnDedicatedServers:0]]
[2024.06.24-08.52.10:314][  0]LogConfig: Setting CVar [[gc.MultithreadedDestructionEnabled:1]]
[2024.06.24-08.52.10:314][  0]LogConfig: Applying CVar settings from Section [/Script/Engine.NetworkSettings] File [C:/Users/bib/Documents/GitHub/SoapOpera_GAME/Saved/Config/Windows/Engine.ini]
[2024.06.24-08.52.10:314][  0]LogConfig: Applying CVar settings from Section [/Script/UnrealEd.CookerSettings] File [C:/Users/bib/Documents/GitHub/SoapOpera_GAME/Saved/Config/Windows/Engine.ini]
[2024.06.24-08.52.10:325][  0]LogConfig: Applying CVar settings from Section [ViewDistanceQuality@3] File [C:/Users/bib/Documents/GitHub/SoapOpera_GAME/Saved/Config/Windows/Scalability.ini]
[2024.06.24-08.52.10:325][  0]LogConfig: Setting CVar [[r.SkeletalMeshLODBias:0]]
[2024.06.24-08.52.10:325][  0]LogConfig: Setting CVar [[r.ViewDistanceScale:1.0]]
[2024.06.24-08.52.10:325][  0]LogConfig: Applying CVar settings from Section [AntiAliasingQuality@3] File [C:/Users/bib/Documents/GitHub/SoapOpera_GAME/Saved/Config/Windows/Scalability.ini]
[2024.06.24-08.52.10:325][  0]LogConfig: Setting CVar [[r.PostProcessAAQuality:4]]
[2024.06.24-08.52.10:325][  0]LogConfig: Applying CVar settings from Section [ShadowQuality@3] File [C:/Users/bib/Documents/GitHub/SoapOpera_GAME/Saved/Config/Windows/Scalability.ini]
[2024.06.24-08.52.10:325][  0]LogConfig: Setting CVar [[r.LightFunctionQuality:1]]
[2024.06.24-08.52.10:325][  0]LogConfig: Setting CVar [[r.ShadowQuality:5]]
[2024.06.24-08.52.10:325][  0]LogConfig: Setting CVar [[r.Shadow.CSM.MaxCascades:10]]
[2024.06.24-08.52.10:325][  0]LogConfig: Setting CVar [[r.Shadow.MaxResolution:2048]]
[2024.06.24-08.52.10:325][  0]LogConfig: Setting CVar [[r.Shadow.MaxCSMResolution:2048]]
[2024.06.24-08.52.10:325][  0]LogConfig: Setting CVar [[r.Shadow.RadiusThreshold:0.01]]
[2024.06.24-08.52.10:325][  0]LogConfig: Setting CVar [[r.Shadow.DistanceScale:1.0]]
[2024.06.24-08.52.10:325][  0]LogConfig: Setting CVar [[r.Shadow.CSM.TransitionScale:1.0]]
[2024.06.24-08.52.10:325][  0]LogConfig: Setting CVar [[r.Shadow.PreShadowResolutionFactor:1.0]]
[2024.06.24-08.52.10:325][  0]LogConfig: Setting CVar [[r.DistanceFieldShadowing:1]]
[2024.06.24-08.52.10:325][  0]LogConfig: Setting CVar [[r.DistanceFieldAO:1]]
[2024.06.24-08.52.10:325][  0]LogConfig: Setting CVar [[r.AOQuality:2]]
[2024.06.24-08.52.10:325][  0]LogConfig: Setting CVar [[r.VolumetricFog:1]]
[2024.06.24-08.52.10:325][  0]LogConfig: Setting CVar [[r.VolumetricFog.GridPixelSize:8]]
[2024.06.24-08.52.10:325][  0]LogConfig: Setting CVar [[r.VolumetricFog.GridSizeZ:128]]
[2024.06.24-08.52.10:325][  0]LogConfig: Setting CVar [[r.VolumetricFog.HistoryMissSupersampleCount:4]]
[2024.06.24-08.52.10:325][  0]LogConfig: Setting CVar [[r.LightMaxDrawDistanceScale:1]]
[2024.06.24-08.52.10:325][  0]LogConfig: Setting CVar [[r.CapsuleShadows:1]]
[2024.06.24-08.52.10:325][  0]LogConfig: Applying CVar settings from Section [PostProcessQuality@3] File [C:/Users/bib/Documents/GitHub/SoapOpera_GAME/Saved/Config/Windows/Scalability.ini]
[2024.06.24-08.52.10:325][  0]LogConfig: Setting CVar [[r.MotionBlurQuality:4]]
[2024.06.24-08.52.10:325][  0]LogConfig: Setting CVar [[r.AmbientOcclusionMipLevelFactor:0.4]]
[2024.06.24-08.52.10:325][  0]LogConfig: Setting CVar [[r.AmbientOcclusionMaxQuality:100]]
[2024.06.24-08.52.10:325][  0]LogConfig: Setting CVar [[r.AmbientOcclusionLevels:-1]]
[2024.06.24-08.52.10:325][  0]LogConfig: Setting CVar [[r.AmbientOcclusionRadiusScale:1.0]]
[2024.06.24-08.52.10:325][  0]LogConfig: Setting CVar [[r.DepthOfFieldQuality:2]]
[2024.06.24-08.52.10:325][  0]LogConfig: Setting CVar [[r.RenderTargetPoolMin:400]]
[2024.06.24-08.52.10:325][  0]LogConfig: Setting CVar [[r.LensFlareQuality:2]]
[2024.06.24-08.52.10:325][  0]LogConfig: Setting CVar [[r.SceneColorFringeQuality:1]]
[2024.06.24-08.52.10:325][  0]LogConfig: Setting CVar [[r.EyeAdaptationQuality:2]]
[2024.06.24-08.52.10:325][  0]LogConfig: Setting CVar [[r.BloomQuality:5]]
[2024.06.24-08.52.10:326][  0]LogConfig: Setting CVar [[r.FastBlurThreshold:100]]
[2024.06.24-08.52.10:326][  0]LogConfig: Setting CVar [[r.Upscale.Quality:3]]
[2024.06.24-08.52.10:326][  0]LogConfig: Setting CVar [[r.Tonemapper.GrainQuantization:1]]
[2024.06.24-08.52.10:326][  0]LogConfig: Setting CVar [[r.LightShaftQuality:1]]
[2024.06.24-08.52.10:326][  0]LogConfig: Setting CVar [[r.Filter.SizeScale:1]]
[2024.06.24-08.52.10:326][  0]LogConfig: Setting CVar [[r.Tonemapper.Quality:5]]
[2024.06.24-08.52.10:326][  0]LogConfig: Setting CVar [[r.DOF.Gather.AccumulatorQuality:1        ; higher gathering accumulator quality]]
[2024.06.24-08.52.10:326][  0]LogConfig: Setting CVar [[r.DOF.Gather.PostfilterMethod:1          ; Median3x3 postfilering method]]
[2024.06.24-08.52.10:326][  0]LogConfig: Setting CVar [[r.DOF.Gather.EnableBokehSettings:0       ; no bokeh simulation when gathering]]
[2024.06.24-08.52.10:326][  0]LogConfig: Setting CVar [[r.DOF.Gather.RingCount:4                 ; medium number of samples when gathering]]
[2024.06.24-08.52.10:326][  0]LogConfig: Setting CVar [[r.DOF.Scatter.ForegroundCompositing:1    ; additive foreground scattering]]
[2024.06.24-08.52.10:326][  0]LogConfig: Setting CVar [[r.DOF.Scatter.BackgroundCompositing:2    ; additive background scattering]]
[2024.06.24-08.52.10:326][  0]LogConfig: Setting CVar [[r.DOF.Scatter.EnableBokehSettings:1      ; bokeh simulation when scattering]]
[2024.06.24-08.52.10:326][  0]LogConfig: Setting CVar [[r.DOF.Scatter.MaxSpriteRatio:0.1         ; only a maximum of 10% of scattered bokeh]]
[2024.06.24-08.52.10:326][  0]LogConfig: Setting CVar [[r.DOF.Recombine.Quality:1                ; cheap slight out of focus]]
[2024.06.24-08.52.10:326][  0]LogConfig: Setting CVar [[r.DOF.Recombine.EnableBokehSettings:0    ; no bokeh simulation on slight out of focus]]
[2024.06.24-08.52.10:327][  0]LogConfig: Setting CVar [[r.DOF.TemporalAAQuality:1                ; more stable temporal accumulation]]
[2024.06.24-08.52.10:327][  0]LogConfig: Setting CVar [[r.DOF.Kernel.MaxForegroundRadius:0.025]]
[2024.06.24-08.52.10:327][  0]LogConfig: Setting CVar [[r.DOF.Kernel.MaxBackgroundRadius:0.025]]
[2024.06.24-08.52.10:327][  0]LogConfig: Applying CVar settings from Section [TextureQuality@3] File [C:/Users/bib/Documents/GitHub/SoapOpera_GAME/Saved/Config/Windows/Scalability.ini]
[2024.06.24-08.52.10:327][  0]LogConfig: Setting CVar [[r.Streaming.MipBias:0]]
[2024.06.24-08.52.10:327][  0]LogConfig: Setting CVar [[r.Streaming.AmortizeCPUToGPUCopy:0]]
[2024.06.24-08.52.10:327][  0]LogConfig: Setting CVar [[r.Streaming.MaxNumTexturesToStreamPerFrame:0]]
[2024.06.24-08.52.10:327][  0]LogConfig: Setting CVar [[r.Streaming.Boost:1]]
[2024.06.24-08.52.10:327][  0]LogConfig: Setting CVar [[r.MaxAnisotropy:8]]
[2024.06.24-08.52.10:327][  0]LogConfig: Setting CVar [[r.VT.MaxAnisotropy:8]]
[2024.06.24-08.52.10:327][  0]LogConfig: Setting CVar [[r.Streaming.LimitPoolSizeToVRAM:0]]
[2024.06.24-08.52.10:327][  0]LogConfig: Setting CVar [[r.Streaming.PoolSize:1000]]
[2024.06.24-08.52.10:327][  0]LogConfig: Setting CVar [[r.Streaming.MaxEffectiveScreenSize:0]]
[2024.06.24-08.52.10:327][  0]LogConfig: Applying CVar settings from Section [EffectsQuality@3] File [C:/Users/bib/Documents/GitHub/SoapOpera_GAME/Saved/Config/Windows/Scalability.ini]
[2024.06.24-08.52.10:327][  0]LogConfig: Setting CVar [[r.TranslucencyLightingVolumeDim:64]]
[2024.06.24-08.52.10:327][  0]LogConfig: Setting CVar [[r.RefractionQuality:2]]
[2024.06.24-08.52.10:327][  0]LogConfig: Setting CVar [[r.SSR.Quality:3]]
[2024.06.24-08.52.10:327][  0]LogConfig: Setting CVar [[r.SSR.HalfResSceneColor:0]]
[2024.06.24-08.52.10:327][  0]LogConfig: Setting CVar [[r.SceneColorFormat:4]]
[2024.06.24-08.52.10:327][  0]LogConfig: Setting CVar [[r.DetailMode:2]]
[2024.06.24-08.52.10:327][  0]LogConfig: Setting CVar [[r.TranslucencyVolumeBlur:1]]
[2024.06.24-08.52.10:327][  0]LogConfig: Setting CVar [[r.MaterialQualityLevel:1 ; High quality]]
[2024.06.24-08.52.10:327][  0]LogConfig: Setting CVar [[r.AnisotropicMaterials:1]]
[2024.06.24-08.52.10:327][  0]LogConfig: Setting CVar [[r.SSS.Scale:1]]
[2024.06.24-08.52.10:327][  0]LogConfig: Setting CVar [[r.SSS.SampleSet:2]]
[2024.06.24-08.52.10:327][  0]LogConfig: Setting CVar [[r.SSS.Quality:1]]
[2024.06.24-08.52.10:327][  0]LogConfig: Setting CVar [[r.SSS.HalfRes:0]]
[2024.06.24-08.52.10:327][  0]LogConfig: Setting CVar [[r.SSGI.Quality:3]]
[2024.06.24-08.52.10:327][  0]LogConfig: Setting CVar [[r.EmitterSpawnRateScale:1.0]]
[2024.06.24-08.52.10:327][  0]LogConfig: Setting CVar [[r.ParticleLightQuality:2]]
[2024.06.24-08.52.10:327][  0]LogConfig: Setting CVar [[r.SkyAtmosphere.AerialPerspectiveLUT.FastApplyOnOpaque:1 ; Always have FastSkyLUT 1 in this case to avoid wrong sky]]
[2024.06.24-08.52.10:327][  0]LogConfig: Setting CVar [[r.SkyAtmosphere.AerialPerspectiveLUT.SampleCountMaxPerSlice:4]]
[2024.06.24-08.52.10:327][  0]LogConfig: Setting CVar [[r.SkyAtmosphere.AerialPerspectiveLUT.DepthResolution:16.0]]
[2024.06.24-08.52.10:327][  0]LogConfig: Setting CVar [[r.SkyAtmosphere.FastSkyLUT:1]]
[2024.06.24-08.52.10:327][  0]LogConfig: Setting CVar [[r.SkyAtmosphere.FastSkyLUT.SampleCountMin:4.0]]
[2024.06.24-08.52.10:327][  0]LogConfig: Setting CVar [[r.SkyAtmosphere.FastSkyLUT.SampleCountMax:128.0]]
[2024.06.24-08.52.10:327][  0]LogConfig: Setting CVar [[r.SkyAtmosphere.SampleCountMin:4.0]]
[2024.06.24-08.52.10:327][  0]LogConfig: Setting CVar [[r.SkyAtmosphere.SampleCountMax:128.0]]
[2024.06.24-08.52.10:327][  0]LogConfig: Setting CVar [[r.SkyAtmosphere.TransmittanceLUT.UseSmallFormat:0]]
[2024.06.24-08.52.10:327][  0]LogConfig: Setting CVar [[r.SkyAtmosphere.TransmittanceLUT.SampleCount:10.0]]
[2024.06.24-08.52.10:327][  0]LogConfig: Setting CVar [[r.SkyAtmosphere.MultiScatteringLUT.SampleCount:15.0]]
[2024.06.24-08.52.10:327][  0]LogConfig: Setting CVar [[r.SkyLight.RealTimeReflectionCapture:1]]
[2024.06.24-08.52.10:327][  0]LogConfig: Applying CVar settings from Section [FoliageQuality@3] File [C:/Users/bib/Documents/GitHub/SoapOpera_GAME/Saved/Config/Windows/Scalability.ini]
[2024.06.24-08.52.10:327][  0]LogConfig: Setting CVar [[foliage.DensityScale:1.0]]
[2024.06.24-08.52.10:327][  0]LogConfig: Setting CVar [[grass.DensityScale:1.0]]
[2024.06.24-08.52.10:327][  0]LogConfig: Applying CVar settings from Section [ShadingQuality@3] File [C:/Users/bib/Documents/GitHub/SoapOpera_GAME/Saved/Config/Windows/Scalability.ini]
[2024.06.24-08.52.10:327][  0]LogConfig: Setting CVar [[r.HairStrands.SkyLighting.IntegrationType:2]]
[2024.06.24-08.52.10:327][  0]LogConfig: Setting CVar [[r.HairStrands.SkyAO.SampleCount:4]]
[2024.06.24-08.52.10:327][  0]LogConfig: Setting CVar [[r.HairStrands.Visibility.MSAA.SamplePerPixel:4]]
[2024.06.24-08.52.10:327][  0]LogInit: Selected Device Profile: [Windows]
[2024.06.24-08.52.10:327][  0]LogInit: Applying CVar settings loaded from the selected device profile: [Windows]
[2024.06.24-08.52.10:327][  0]LogHAL: Display: Platform has ~ 16 GB [16849256448 / 17179869184 / 16], which maps to Larger [LargestMinGB=32, LargerMinGB=12, DefaultMinGB=8, SmallerMinGB=6, SmallestMinGB=0)
[2024.06.24-08.52.10:327][  0]LogInit: Going up to parent DeviceProfile []
[2024.06.24-08.52.10:327][  0]LogConfig: Applying CVar settings from Section [ViewDistanceQuality@3] File [C:/Users/bib/Documents/GitHub/SoapOpera_GAME/Saved/Config/Windows/Scalability.ini]
[2024.06.24-08.52.10:327][  0]LogConfig: Setting CVar [[r.SkeletalMeshLODBias:0]]
[2024.06.24-08.52.10:327][  0]LogConfig: Setting CVar [[r.ViewDistanceScale:1.0]]
[2024.06.24-08.52.10:327][  0]LogConfig: Applying CVar settings from Section [AntiAliasingQuality@3] File [C:/Users/bib/Documents/GitHub/SoapOpera_GAME/Saved/Config/Windows/Scalability.ini]
[2024.06.24-08.52.10:327][  0]LogConfig: Setting CVar [[r.PostProcessAAQuality:4]]
[2024.06.24-08.52.10:327][  0]LogConfig: Applying CVar settings from Section [ShadowQuality@3] File [C:/Users/bib/Documents/GitHub/SoapOpera_GAME/Saved/Config/Windows/Scalability.ini]
[2024.06.24-08.52.10:327][  0]LogConfig: Setting CVar [[r.LightFunctionQuality:1]]
[2024.06.24-08.52.10:327][  0]LogConfig: Setting CVar [[r.ShadowQuality:5]]
[2024.06.24-08.52.10:327][  0]LogConfig: Setting CVar [[r.Shadow.CSM.MaxCascades:10]]
[2024.06.24-08.52.10:327][  0]LogConfig: Setting CVar [[r.Shadow.MaxResolution:2048]]
[2024.06.24-08.52.10:327][  0]LogConfig: Setting CVar [[r.Shadow.MaxCSMResolution:2048]]
[2024.06.24-08.52.10:327][  0]LogConfig: Setting CVar [[r.Shadow.RadiusThreshold:0.01]]
[2024.06.24-08.52.10:327][  0]LogConfig: Setting CVar [[r.Shadow.DistanceScale:1.0]]
[2024.06.24-08.52.10:327][  0]LogConfig: Setting CVar [[r.Shadow.CSM.TransitionScale:1.0]]
[2024.06.24-08.52.10:327][  0]LogConfig: Setting CVar [[r.Shadow.PreShadowResolutionFactor:1.0]]
[2024.06.24-08.52.10:327][  0]LogConfig: Setting CVar [[r.DistanceFieldShadowing:1]]
[2024.06.24-08.52.10:327][  0]LogConfig: Setting CVar [[r.DistanceFieldAO:1]]
[2024.06.24-08.52.10:327][  0]LogConfig: Setting CVar [[r.AOQuality:2]]
[2024.06.24-08.52.10:327][  0]LogConfig: Setting CVar [[r.VolumetricFog:1]]
[2024.06.24-08.52.10:327][  0]LogConfig: Setting CVar [[r.VolumetricFog.GridPixelSize:8]]
[2024.06.24-08.52.10:327][  0]LogConfig: Setting CVar [[r.VolumetricFog.GridSizeZ:128]]
[2024.06.24-08.52.10:327][  0]LogConfig: Setting CVar [[r.VolumetricFog.HistoryMissSupersampleCount:4]]
[2024.06.24-08.52.10:327][  0]LogConfig: Setting CVar [[r.LightMaxDrawDistanceScale:1]]
[2024.06.24-08.52.10:327][  0]LogConfig: Setting CVar [[r.CapsuleShadows:1]]
[2024.06.24-08.52.10:327][  0]LogConfig: Applying CVar settings from Section [PostProcessQuality@3] File [C:/Users/bib/Documents/GitHub/SoapOpera_GAME/Saved/Config/Windows/Scalability.ini]
[2024.06.24-08.52.10:327][  0]LogConfig: Setting CVar [[r.MotionBlurQuality:4]]
[2024.06.24-08.52.10:327][  0]LogConfig: Setting CVar [[r.AmbientOcclusionMipLevelFactor:0.4]]
[2024.06.24-08.52.10:327][  0]LogConfig: Setting CVar [[r.AmbientOcclusionMaxQuality:100]]
[2024.06.24-08.52.10:327][  0]LogConfig: Setting CVar [[r.AmbientOcclusionLevels:-1]]
[2024.06.24-08.52.10:327][  0]LogConfig: Setting CVar [[r.AmbientOcclusionRadiusScale:1.0]]
[2024.06.24-08.52.10:327][  0]LogConfig: Setting CVar [[r.DepthOfFieldQuality:2]]
[2024.06.24-08.52.10:327][  0]LogConfig: Setting CVar [[r.RenderTargetPoolMin:400]]
[2024.06.24-08.52.10:327][  0]LogConfig: Setting CVar [[r.LensFlareQuality:2]]
[2024.06.24-08.52.10:327][  0]LogConfig: Setting CVar [[r.SceneColorFringeQuality:1]]
[2024.06.24-08.52.10:327][  0]LogConfig: Setting CVar [[r.EyeAdaptationQuality:2]]
[2024.06.24-08.52.10:327][  0]LogConfig: Setting CVar [[r.BloomQuality:5]]
[2024.06.24-08.52.10:327][  0]LogConfig: Setting CVar [[r.FastBlurThreshold:100]]
[2024.06.24-08.52.10:327][  0]LogConfig: Setting CVar [[r.Upscale.Quality:3]]
[2024.06.24-08.52.10:327][  0]LogConfig: Setting CVar [[r.Tonemapper.GrainQuantization:1]]
[2024.06.24-08.52.10:327][  0]LogConfig: Setting CVar [[r.LightShaftQuality:1]]
[2024.06.24-08.52.10:327][  0]LogConfig: Setting CVar [[r.Filter.SizeScale:1]]
[2024.06.24-08.52.10:327][  0]LogConfig: Setting CVar [[r.Tonemapper.Quality:5]]
[2024.06.24-08.52.10:327][  0]LogConfig: Setting CVar [[r.DOF.Gather.AccumulatorQuality:1        ; higher gathering accumulator quality]]
[2024.06.24-08.52.10:327][  0]LogConfig: Setting CVar [[r.DOF.Gather.PostfilterMethod:1          ; Median3x3 postfilering method]]
[2024.06.24-08.52.10:327][  0]LogConfig: Setting CVar [[r.DOF.Gather.EnableBokehSettings:0       ; no bokeh simulation when gathering]]
[2024.06.24-08.52.10:327][  0]LogConfig: Setting CVar [[r.DOF.Gather.RingCount:4                 ; medium number of samples when gathering]]
[2024.06.24-08.52.10:327][  0]LogConfig: Setting CVar [[r.DOF.Scatter.ForegroundCompositing:1    ; additive foreground scattering]]
[2024.06.24-08.52.10:327][  0]LogConfig: Setting CVar [[r.DOF.Scatter.BackgroundCompositing:2    ; additive background scattering]]
[2024.06.24-08.52.10:327][  0]LogConfig: Setting CVar [[r.DOF.Scatter.EnableBokehSettings:1      ; bokeh simulation when scattering]]
[2024.06.24-08.52.10:327][  0]LogConfig: Setting CVar [[r.DOF.Scatter.MaxSpriteRatio:0.1         ; only a maximum of 10% of scattered bokeh]]
[2024.06.24-08.52.10:327][  0]LogConfig: Setting CVar [[r.DOF.Recombine.Quality:1                ; cheap slight out of focus]]
[2024.06.24-08.52.10:327][  0]LogConfig: Setting CVar [[r.DOF.Recombine.EnableBokehSettings:0    ; no bokeh simulation on slight out of focus]]
[2024.06.24-08.52.10:327][  0]LogConfig: Setting CVar [[r.DOF.TemporalAAQuality:1                ; more stable temporal accumulation]]
[2024.06.24-08.52.10:327][  0]LogConfig: Setting CVar [[r.DOF.Kernel.MaxForegroundRadius:0.025]]
[2024.06.24-08.52.10:327][  0]LogConfig: Setting CVar [[r.DOF.Kernel.MaxBackgroundRadius:0.025]]
[2024.06.24-08.52.10:327][  0]LogConfig: Applying CVar settings from Section [TextureQuality@3] File [C:/Users/bib/Documents/GitHub/SoapOpera_GAME/Saved/Config/Windows/Scalability.ini]
[2024.06.24-08.52.10:327][  0]LogConfig: Setting CVar [[r.Streaming.MipBias:0]]
[2024.06.24-08.52.10:327][  0]LogConfig: Setting CVar [[r.Streaming.AmortizeCPUToGPUCopy:0]]
[2024.06.24-08.52.10:327][  0]LogConfig: Setting CVar [[r.Streaming.MaxNumTexturesToStreamPerFrame:0]]
[2024.06.24-08.52.10:327][  0]LogConfig: Setting CVar [[r.Streaming.Boost:1]]
[2024.06.24-08.52.10:327][  0]LogConfig: Setting CVar [[r.MaxAnisotropy:8]]
[2024.06.24-08.52.10:327][  0]LogConfig: Setting CVar [[r.VT.MaxAnisotropy:8]]
[2024.06.24-08.52.10:327][  0]LogConfig: Setting CVar [[r.Streaming.LimitPoolSizeToVRAM:0]]
[2024.06.24-08.52.10:327][  0]LogConfig: Setting CVar [[r.Streaming.PoolSize:1000]]
[2024.06.24-08.52.10:327][  0]LogConfig: Setting CVar [[r.Streaming.MaxEffectiveScreenSize:0]]
[2024.06.24-08.52.10:327][  0]LogConfig: Applying CVar settings from Section [EffectsQuality@3] File [C:/Users/bib/Documents/GitHub/SoapOpera_GAME/Saved/Config/Windows/Scalability.ini]
[2024.06.24-08.52.10:327][  0]LogConfig: Setting CVar [[r.TranslucencyLightingVolumeDim:64]]
[2024.06.24-08.52.10:327][  0]LogConfig: Setting CVar [[r.RefractionQuality:2]]
[2024.06.24-08.52.10:327][  0]LogConfig: Setting CVar [[r.SSR.Quality:3]]
[2024.06.24-08.52.10:327][  0]LogConfig: Setting CVar [[r.SSR.HalfResSceneColor:0]]
[2024.06.24-08.52.10:327][  0]LogConfig: Setting CVar [[r.SceneColorFormat:4]]
[2024.06.24-08.52.10:327][  0]LogConfig: Setting CVar [[r.DetailMode:2]]
[2024.06.24-08.52.10:327][  0]LogConfig: Setting CVar [[r.TranslucencyVolumeBlur:1]]
[2024.06.24-08.52.10:327][  0]LogConfig: Setting CVar [[r.MaterialQualityLevel:1 ; High quality]]
[2024.06.24-08.52.10:327][  0]LogConfig: Setting CVar [[r.AnisotropicMaterials:1]]
[2024.06.24-08.52.10:327][  0]LogConfig: Setting CVar [[r.SSS.Scale:1]]
[2024.06.24-08.52.10:327][  0]LogConfig: Setting CVar [[r.SSS.SampleSet:2]]
[2024.06.24-08.52.10:327][  0]LogConfig: Setting CVar [[r.SSS.Quality:1]]
[2024.06.24-08.52.10:327][  0]LogConfig: Setting CVar [[r.SSS.HalfRes:0]]
[2024.06.24-08.52.10:327][  0]LogConfig: Setting CVar [[r.SSGI.Quality:3]]
[2024.06.24-08.52.10:327][  0]LogConfig: Setting CVar [[r.EmitterSpawnRateScale:1.0]]
[2024.06.24-08.52.10:327][  0]LogConfig: Setting CVar [[r.ParticleLightQuality:2]]
[2024.06.24-08.52.10:327][  0]LogConfig: Setting CVar [[r.SkyAtmosphere.AerialPerspectiveLUT.FastApplyOnOpaque:1 ; Always have FastSkyLUT 1 in this case to avoid wrong sky]]
[2024.06.24-08.52.10:327][  0]LogConfig: Setting CVar [[r.SkyAtmosphere.AerialPerspectiveLUT.SampleCountMaxPerSlice:4]]
[2024.06.24-08.52.10:327][  0]LogConfig: Setting CVar [[r.SkyAtmosphere.AerialPerspectiveLUT.DepthResolution:16.0]]
[2024.06.24-08.52.10:327][  0]LogConfig: Setting CVar [[r.SkyAtmosphere.FastSkyLUT:1]]
[2024.06.24-08.52.10:327][  0]LogConfig: Setting CVar [[r.SkyAtmosphere.FastSkyLUT.SampleCountMin:4.0]]
[2024.06.24-08.52.10:327][  0]LogConfig: Setting CVar [[r.SkyAtmosphere.FastSkyLUT.SampleCountMax:128.0]]
[2024.06.24-08.52.10:327][  0]LogConfig: Setting CVar [[r.SkyAtmosphere.SampleCountMin:4.0]]
[2024.06.24-08.52.10:327][  0]LogConfig: Setting CVar [[r.SkyAtmosphere.SampleCountMax:128.0]]
[2024.06.24-08.52.10:327][  0]LogConfig: Setting CVar [[r.SkyAtmosphere.TransmittanceLUT.UseSmallFormat:0]]
[2024.06.24-08.52.10:327][  0]LogConfig: Setting CVar [[r.SkyAtmosphere.TransmittanceLUT.SampleCount:10.0]]
[2024.06.24-08.52.10:327][  0]LogConfig: Setting CVar [[r.SkyAtmosphere.MultiScatteringLUT.SampleCount:15.0]]
[2024.06.24-08.52.10:327][  0]LogConfig: Setting CVar [[r.SkyLight.RealTimeReflectionCapture:1]]
[2024.06.24-08.52.10:327][  0]LogConfig: Applying CVar settings from Section [FoliageQuality@3] File [C:/Users/bib/Documents/GitHub/SoapOpera_GAME/Saved/Config/Windows/Scalability.ini]
[2024.06.24-08.52.10:327][  0]LogConfig: Setting CVar [[foliage.DensityScale:1.0]]
[2024.06.24-08.52.10:327][  0]LogConfig: Setting CVar [[grass.DensityScale:1.0]]
[2024.06.24-08.52.10:327][  0]LogConfig: Applying CVar settings from Section [ShadingQuality@3] File [C:/Users/bib/Documents/GitHub/SoapOpera_GAME/Saved/Config/Windows/Scalability.ini]
[2024.06.24-08.52.10:327][  0]LogConfig: Setting CVar [[r.HairStrands.SkyLighting.IntegrationType:2]]
[2024.06.24-08.52.10:327][  0]LogConfig: Setting CVar [[r.HairStrands.SkyAO.SampleCount:4]]
[2024.06.24-08.52.10:327][  0]LogConfig: Setting CVar [[r.HairStrands.Visibility.MSAA.SamplePerPixel:4]]
[2024.06.24-08.52.10:328][  0]LogConfig: Applying CVar settings from Section [Startup] File [../../../Engine/Config/ConsoleVariables.ini]
[2024.06.24-08.52.10:328][  0]LogConfig: Setting CVar [[net.UseAdaptiveNetUpdateFrequency:0]]
[2024.06.24-08.52.10:328][  0]LogConfig: Setting CVar [[p.chaos.AllowCreatePhysxBodies:1]]
[2024.06.24-08.52.10:328][  0]LogConfig: Setting CVar [[fx.SkipVectorVMBackendOptimizations:1]]
[2024.06.24-08.52.10:328][  0]LogConfig: Applying CVar settings from Section [ConsoleVariables] File [C:/Users/bib/Documents/GitHub/SoapOpera_GAME/Saved/Config/Windows/Engine.ini]
[2024.06.24-08.52.10:328][  0]LogConfig: Applying CVar settings from Section [ConsoleVariables] File [C:/Users/bib/Documents/GitHub/SoapOpera_GAME/Saved/Config/Windows/Editor.ini]
[2024.06.24-08.52.10:328][  0]LogInit: Computer: NB-PBM2H22BKM
[2024.06.24-08.52.10:328][  0]LogInit: User: bib
[2024.06.24-08.52.10:328][  0]LogInit: CPU Page size=4096, Cores=10
[2024.06.24-08.52.10:328][  0]LogInit: High frequency timer resolution =10.000000 MHz
[2024.06.24-08.52.10:328][  0]LogMemory: Memory total: Physical=15.7GB (16GB approx)
[2024.06.24-08.52.10:328][  0]LogMemory: Platform Memory Stats for Windows
[2024.06.24-08.52.10:328][  0]LogMemory: Process Physical Memory: 145.43 MB used, 145.44 MB peak
[2024.06.24-08.52.10:328][  0]LogMemory: Process Virtual Memory: 132.24 MB used, 132.24 MB peak
[2024.06.24-08.52.10:328][  0]LogMemory: Physical Memory: 12287.70 MB used,  3781.00 MB free, 16068.70 MB total
[2024.06.24-08.52.10:328][  0]LogMemory: Virtual Memory: 134203304.00 MB used,  14422.32 MB free, 134217728.00 MB total
[2024.06.24-08.52.10:336][  0]LogWindows: WindowsPlatformFeatures enabled
[2024.06.24-08.52.10:380][  0]LogInit: Physics initialised using underlying interface: PhysX
[2024.06.24-08.52.10:380][  0]LogInit: Using OS detected language (de-DE).
[2024.06.24-08.52.10:380][  0]LogInit: Using OS detected locale (de-DE).
[2024.06.24-08.52.10:383][  0]LogTextLocalizationManager: No specific localization for 'de-DE' exists, so the 'de' localization will be used.
[2024.06.24-08.52.10:387][  0]LogTextLocalizationResource: LocRes '../../../Engine/Content/Localization/Editor/de/Editor.locres' could not be opened for reading!
[2024.06.24-08.52.10:387][  0]LogTextLocalizationResource: LocRes '../../../Engine/Content/Localization/EditorTutorials/de/EditorTutorials.locres' could not be opened for reading!
[2024.06.24-08.52.10:387][  0]LogTextLocalizationResource: LocRes '../../../Engine/Content/Localization/Keywords/de/Keywords.locres' could not be opened for reading!
[2024.06.24-08.52.10:388][  0]LogTextLocalizationResource: LocRes '../../../Engine/Content/Localization/Category/de/Category.locres' could not be opened for reading!
[2024.06.24-08.52.10:388][  0]LogTextLocalizationResource: LocRes '../../../Engine/Content/Localization/ToolTips/de/ToolTips.locres' could not be opened for reading!
[2024.06.24-08.52.10:388][  0]LogTextLocalizationResource: LocRes '../../../Engine/Content/Localization/PropertyNames/de/PropertyNames.locres' could not be opened for reading!
[2024.06.24-08.52.10:388][  0]LogTextLocalizationResource: LocRes '../../../Engine/Content/Localization/Engine/de/Engine.locres' could not be opened for reading!
[2024.06.24-08.52.10:433][  0]LogWindowsTextInputMethodSystem: Display: IME system deactivated.
[2024.06.24-08.52.10:453][  0]LogSlate: New Slate User Created.  User Index 0, Is Virtual User: 0
[2024.06.24-08.52.10:453][  0]LogSlate: Slate User Registered.  User Index 0, Is Virtual User: 0
[2024.06.24-08.52.10:472][  0]LogD3D11RHI: Loaded GFSDK_Aftermath_Lib.x64.dll
[2024.06.24-08.52.10:475][  0]LogHMD: Failed to initialize OpenVR with code 110
[2024.06.24-08.52.10:475][  0]LogD3D11RHI: D3D11 min allowed feature level: 11_0
[2024.06.24-08.52.10:475][  0]LogD3D11RHI: D3D11 max allowed feature level: 11_0
[2024.06.24-08.52.10:475][  0]LogD3D11RHI: D3D11 adapters:
[2024.06.24-08.52.10:571][  0]LogD3D11RHI:    0. 'Intel(R) UHD Graphics' (Feature Level 11_0)
[2024.06.24-08.52.10:571][  0]LogD3D11RHI:       128/0/8034 MB DedicatedVideo/DedicatedSystem/SharedSystem, Outputs:1, VendorId:0x8086
[2024.06.24-08.52.10:573][  0]LogD3D11RHI:    1. 'Microsoft Basic Render Driver' (Feature Level 11_0)
[2024.06.24-08.52.10:573][  0]LogD3D11RHI:       0/0/8034 MB DedicatedVideo/DedicatedSystem/SharedSystem, Outputs:0, VendorId:0x1414
[2024.06.24-08.52.10:573][  0]LogD3D11RHI: Chosen D3D11 Adapter:
[2024.06.24-08.52.10:573][  0]LogD3D11RHI:     Description : Intel(R) UHD Graphics
[2024.06.24-08.52.10:573][  0]LogD3D11RHI:     VendorId    : 8086
[2024.06.24-08.52.10:573][  0]LogD3D11RHI:     DeviceId    : 4628
[2024.06.24-08.52.10:573][  0]LogD3D11RHI:     SubSysId    : b061028
[2024.06.24-08.52.10:573][  0]LogD3D11RHI:     Revision    : 000c
[2024.06.24-08.52.10:573][  0]LogD3D11RHI:     DedicatedVideoMemory : 134217728 bytes
[2024.06.24-08.52.10:573][  0]LogD3D11RHI:     DedicatedSystemMemory : 0 bytes
[2024.06.24-08.52.10:573][  0]LogD3D11RHI:     SharedSystemMemory : 8424628224 bytes
[2024.06.24-08.52.10:573][  0]LogD3D11RHI:     AdapterLuid : 0 79488
[2024.06.24-08.52.10:581][  0]LogD3D11RHI: Creating new Direct3DDevice
[2024.06.24-08.52.10:581][  0]LogD3D11RHI:     GPU DeviceId: 0x4628 (for the marketing name, search the web for "GPU Device Id")
[2024.06.24-08.52.10:581][  0]LogWindows: EnumDisplayDevices:
[2024.06.24-08.52.10:581][  0]LogWindows:    0. 'Intel(R) UHD Graphics' (P:1 D:1)
[2024.06.24-08.52.10:581][  0]LogWindows:    1. 'Intel(R) UHD Graphics' (P:0 D:0)
[2024.06.24-08.52.10:581][  0]LogWindows:    2. 'Intel(R) UHD Graphics' (P:0 D:0)
[2024.06.24-08.52.10:582][  0]LogWindows:    3. 'Intel(R) UHD Graphics' (P:0 D:0)
[2024.06.24-08.52.10:582][  0]LogWindows: DebugString: FoundDriverCount:4 
[2024.06.24-08.52.10:582][  0]LogD3D11RHI:     Adapter Name: Intel(R) UHD Graphics
[2024.06.24-08.52.10:582][  0]LogD3D11RHI:   Driver Version: 31.0.101.5333 (internal:31.0.101.5333, unified:31.0.101.5333)
[2024.06.24-08.52.10:582][  0]LogD3D11RHI:      Driver Date: 2-21-2024
[2024.06.24-08.52.10:582][  0]LogRHI: Texture pool is 1523 MB (70% of 2176 MB)
[2024.06.24-08.52.10:588][  0]LogD3D11RHI: Creating D3DDevice using adapter:
[2024.06.24-08.52.10:588][  0]LogD3D11RHI:     Description : Intel(R) UHD Graphics
[2024.06.24-08.52.10:588][  0]LogD3D11RHI:     VendorId    : 8086
[2024.06.24-08.52.10:589][  0]LogD3D11RHI:     DeviceId    : 4628
[2024.06.24-08.52.10:589][  0]LogD3D11RHI:     SubSysId    : b061028
[2024.06.24-08.52.10:589][  0]LogD3D11RHI:     Revision    : 000c
[2024.06.24-08.52.10:589][  0]LogD3D11RHI:     DedicatedVideoMemory : 134217728 bytes
[2024.06.24-08.52.10:589][  0]LogD3D11RHI:     DedicatedSystemMemory : 0 bytes
[2024.06.24-08.52.10:589][  0]LogD3D11RHI:     SharedSystemMemory : 8424628224 bytes
[2024.06.24-08.52.10:589][  0]LogD3D11RHI:     AdapterLuid : 0 79488
[2024.06.24-08.52.10:668][  0]LogD3D11RHI: RHI does not have support for 64 bit atomics
[2024.06.24-08.52.10:677][  0]LogD3D11RHI: Intel Extensions support version Full=16777216, Major=1, Minor=0, Revision=0
[2024.06.24-08.52.10:677][  0]LogD3D11RHI: Intel Extensions support version Full=16777217, Major=1, Minor=0, Revision=1
[2024.06.24-08.52.10:677][  0]LogD3D11RHI: Intel Extensions Framework enabled
[2024.06.24-08.52.10:678][  0]LogD3D11RHI: [IntelMetricsDiscovery] Started
[2024.06.24-08.52.10:678][  0]LogD3D11RHI: Async texture creation enabled
[2024.06.24-08.52.10:678][  0]LogD3D11RHI: Array index from any shader is supported
[2024.06.24-08.52.10:690][  0]LogD3D11RHI: GPU Timing Frequency: 19.200000 (Debug: 2 0)
[2024.06.24-08.52.10:971][  0]LogTargetPlatformManager: Display: Loaded TargetPlatform 'WindowsNoEditor'
[2024.06.24-08.52.10:974][  0]LogTargetPlatformManager: Display: Loaded TargetPlatform 'Windows'
[2024.06.24-08.52.10:977][  0]LogTargetPlatformManager: Display: Loaded TargetPlatform 'WindowsClient'
[2024.06.24-08.52.10:981][  0]LogTargetPlatformManager: Display: Loaded TargetPlatform 'WindowsServer'
[2024.06.24-08.52.10:981][  0]LogTargetPlatformManager: Display: Building Assets For Windows
[2024.06.24-08.52.10:987][  0]LogAudioDebug: Display: Lib vorbis DLL was dynamically loaded.
[2024.06.24-08.52.11:012][  0]LogTextureFormatOodle: Display: Oodle Texture 2.9.0 init RDO Off
[2024.06.24-08.52.11:035][  0]LogRendererCore: Ray tracing is disabled. Reason: r.RayTracing=0.
[2024.06.24-08.52.11:035][  0]LogShaderCompilers: Guid format shader working directory is -16 characters bigger than the processId version (../../../../../../Users/bib/Documents/GitHub/SoapOpera_GAME/Intermediate/Shaders/WorkingDirectory/61056/).
[2024.06.24-08.52.11:035][  0]LogShaderCompilers: Cleaned the shader compiler working directory 'C:/Users/bib/AppData/Local/Temp/UnrealShaderWorkingDir/BE8FD78F45FCE30EEE13849496AABD9E/'.
[2024.06.24-08.52.11:035][  0]LogXGEController: Cannot use XGE Controller as Incredibuild is not installed on this machine.
[2024.06.24-08.52.11:035][  0]LogShaderCompilers: Cannot use XGE Shader Compiler as Incredibuild is not installed on this machine.
[2024.06.24-08.52.11:035][  0]LogShaderCompilers: Display: Using Local Shader Compiler.
[2024.06.24-08.52.11:790][  0]LogDerivedDataCache: Display: Max Cache Size: 512 MB
[2024.06.24-08.52.11:848][  0]LogDerivedDataCache: Loaded boot cache 0.06s 94MB C:/Users/bib/AppData/Local/UnrealEngine/4.27/DerivedDataCache/Boot.ddc.
[2024.06.24-08.52.11:848][  0]LogDerivedDataCache: Display: Loaded Boot cache: C:/Users/bib/AppData/Local/UnrealEngine/4.27/DerivedDataCache/Boot.ddc
[2024.06.24-08.52.11:848][  0]LogDerivedDataCache: FDerivedDataBackendGraph:  Pak pak cache file ../../../../../../Users/bib/Documents/GitHub/SoapOpera_GAME/DerivedDataCache/DDC.ddp not found, will not use a pak cache.
[2024.06.24-08.52.11:848][  0]LogDerivedDataCache: Unable to find inner node Pak for hierarchical cache Hierarchy.
[2024.06.24-08.52.11:848][  0]LogDerivedDataCache: FDerivedDataBackendGraph:  CompressedPak pak cache file ../../../../../../Users/bib/Documents/GitHub/SoapOpera_GAME/DerivedDataCache/Compressed.ddp not found, will not use a pak cache.
[2024.06.24-08.52.11:848][  0]LogDerivedDataCache: Unable to find inner node CompressedPak for hierarchical cache Hierarchy.
[2024.06.24-08.52.11:864][  0]LogDerivedDataCache: Display: Pak cache opened for reading ../../../Engine/DerivedDataCache/Compressed.ddp.
[2024.06.24-08.52.11:865][  0]LogDerivedDataCache: FDerivedDataBackendGraph:  EnterprisePak pak cache file ../../../Enterprise/DerivedDataCache/Compressed.ddp not found, will not use a pak cache.
[2024.06.24-08.52.11:865][  0]LogDerivedDataCache: Unable to find inner node EnterprisePak for hierarchical cache Hierarchy.
[2024.06.24-08.52.11:876][  0]LogDerivedDataCache: Speed tests for C:/Users/bib/AppData/Local/UnrealEngine/Common/DerivedDataCache took 0.01 seconds
[2024.06.24-08.52.11:876][  0]LogDerivedDataCache: Display: Performance to C:/Users/bib/AppData/Local/UnrealEngine/Common/DerivedDataCache: Latency=0.02ms. RandomReadSpeed=2270.30MBs, RandomWriteSpeed=89.27MBs. Assigned SpeedClass 'Local'
[2024.06.24-08.52.11:877][  0]LogDerivedDataCache: Using Local data cache path C:/Users/bib/AppData/Local/UnrealEngine/Common/DerivedDataCache: Writable
[2024.06.24-08.52.11:877][  0]LogDerivedDataCache: Shared data cache path not found in *engine.ini, will not use an Shared cache.
[2024.06.24-08.52.11:877][  0]LogDerivedDataCache: Unable to find inner node Shared for hierarchical cache Hierarchy.
[2024.06.24-08.52.11:904][  0]LogSlate: Using FreeType 2.10.0
[2024.06.24-08.52.11:905][  0]LogSlate: SlateFontServices - WITH_FREETYPE: 1, WITH_HARFBUZZ: 1
[2024.06.24-08.52.11:999][  0]LogInit: Using OS detected language (de-DE).
[2024.06.24-08.52.11:999][  0]LogInit: Using OS detected locale (de-DE).
[2024.06.24-08.52.11:999][  0]LogTextLocalizationManager: No localization for 'de-DE' exists, so 'en' will be used for the language.
[2024.06.24-08.52.11:999][  0]LogTextLocalizationManager: No localization for 'de-DE' exists, so 'en' will be used for the locale.
[2024.06.24-08.52.11:999][  0]LogSlate: FontCache flush requested. Reason: Culture for localization was changed
[2024.06.24-08.52.11:999][  0]LogSlate: FontCache flush requested. Reason: Culture for localization was changed
[2024.06.24-08.52.12:001][  0]LogAssetRegistry: FAssetRegistry took 0.0012 seconds to start up
[2024.06.24-08.52.12:129][  0]LogTextLocalizationManager: Compacting localization data took   0.01ms
[2024.06.24-08.52.12:129][  0]LogPackageLocalizationCache: Processed 27 localized package path(s) for 1 prioritized culture(s) in 0.000697 seconds
[2024.06.24-08.52.12:170][  0]LogInit: Selected Device Profile: [Windows]
[2024.06.24-08.52.12:170][  0]LogInit: Active device profile: [00000229A592C900][000002299CC82540 49] Windows
[2024.06.24-08.52.12:170][  0]LogInit: Profiles: [00000229A592C900][000002299CC82540 49] Windows, [00000229A58FB800][000002299CC8A6C0 49] WindowsNoEditor, [00000229A592F500][000002299CC8E840 49] WindowsServer, [00000229A58F8E00][00000229A52D69C0 49] WindowsClient, [00000229A592F800][00000229A52DAB40 49] IOS, [00000229A58FA800][00000229A52DECC0 49] iPadAir, [00000229A592E000][00000229A52E2E40 49] iPadAir2, [00000229A5894A00][00000229A52EB100 49] IPadPro, [00000229A5894B00][00000229A52E7140 49] iPadAir3, [00000229A58F9700][00000229A52EF2C0 49] iPadAir4, [00000229A5897400][00000229A52F3440 49] iPadMini2, [00000229A58FAA00][00000229A52F75C0 49] iPadMini3, [00000229A5895700][000002299CC87700 49] iPadMini4, [00000229A592CF00][00000229A52FB840 49] iPadMini5, [00000229A589C300][00000229A5303A80 49] iPhone6, [00000229A589C400][00000229A52FFAC0 49] iPodTouch6, [00000229A5897600][000002299E278200 49] iPhone7, [00000229A5895800][00000229A530A240 49] iPodTouch7, [00000229A589FF00][000002299E27C3C0 49] iPhone5S, [00000229A58FA300][000002299E280540 49] iPhone6Plus, [00000229A5894200][000002299E2846C0 49] iPhone6S, [00000229A58FA200][000002299E288840 49] iPhone6SPlus, [00000229A5897C00][000002299E28C9C0 49] iPhone7Plus, [00000229A58FBD00][000002299E290B40 49] iPhoneSE, [00000229A5897500][000002299E294CC0 49] iPhone8, [00000229A58F9E00][000002299E298E40 49] iPhone8Plus, [00000229A5896600][000002299E29CFC0 49] iPhoneX, [00000229A58FA500][000002299E2A1140 49] iPhoneXS, [00000229A5896000][000002299E2A52C0 49] iPhoneXSMax, [00000229A58FBA00][000002299E2A9440 49] iPhoneXR, [00000229A5897700][000002299E2AD5C0 49] iPhone11, [00000229A58F8D00][00000229A4F41740 49] iPhone11Pro, [00000229A5897800][00000229A4F458C0 49] iPhone11ProMax, [00000229A58F8F00][00000229A5307A00 49] iPhoneSE2, [00000229A5896E00][00000229A4F49B40 49] iPhone12Mini, [00000229A58FA700][00000229A4F4C100 49] iPhone12, [00000229A5895100][00000229A4F54280 49] iPhone12Pro, [00000229A58FB600][00000229A4F58400 49] iPhone12ProMax, [00000229A5896300][00000229A4F5C580 49] iPadPro105, [00000229A58F8C00][00000229A4F60700 49] iPadPro129, [00000229A5897300][00000229A4F64880 49] iPadPro97, [00000229A58F9F00][00000229A4F68A00 49] iPadPro2_129, [00000229A5895400][00000229A4F6CB80 49] iPad5, [00000229A58FB400][00000229A4F70D00 49] iPad6, [00000229A5897100][00000229A4F74E80 49] iPad7, [00000229A58F9A00][00000229A4F79000 49] iPad8, [00000229A5895A00][00000229A4F7D180 49] iPadPro11, [00000229A58F9D00][00000229A4F81300 49] iPadPro2_11, [00000229A5895B00][00000229A4F85480 49] iPadPro3_129, [00000229A58FA600][00000229A4F89600 49] iPadPro4_129, [00000229A5897200][00000229A6321780 49] AppleTV, [00000229A58FB200][00000229A6325900 49] AppleTV4K, [00000229A5894100][00000229A6329A80 49] TVOS, [00000229A58FA400][00000229A4F51BC0 49] Mac, [00000229A5895600][00000229A632C180 49] MacClient, [00000229A58F8700][00000229A63302C0 49] MacNoEditor, [00000229A5897900][00000229A6338440 49] MacServer, [00000229A58FB700][00000229A633C5C0 49] Linux, [00000229A5896200][00000229A6340740 49] LinuxAArch64, [00000229A58FB000][00000229A63448C0 49] LinuxNoEditor, [00000229A5897B00][00000229A6348A40 49] LinuxAArch64NoEditor, [00000229A58FA900][00000229A634CBC0 49] LinuxClient, [00000229A5895F00][00000229A6350D40 49] LinuxAArch64Client, [00000229A58F9900][00000229A6354EC0 49] LinuxServer, [00000229A5896100][00000229A6359040 49] LinuxAArch64Server, [00000229A58F9800][00000229A635D1C0 49] Android, [00000229A5894500][00000229A6361340 49] Android_Low, [00000229A58FB900][00000229A63654C0 49] Android_Mid, [00000229A592FA00][00000229A6369640 49] Android_High, [00000229A589DC00][00000229A636D7C0 49] Android_Default, [00000229A592E100][00000229A6371940 49] Android_Adreno4xx, [00000229A589E700][00000229A6375AC0 49] Android_Adreno5xx_Low, [00000229A592CB00][00000229A63780C0 49] Android_Adreno5xx, [00000229A589ED00][00000229A6334200 49] Android_Adreno6xx, [00000229A592D200][00000229A637C340 49] Android_Adreno6xx_Vulkan, [00000229A589E800][00000229A6380480 49] Android_Mali_T6xx, [00000229A592F200][00000229A63845C0 49] Android_Mali_T7xx, [00000229A589EE00][00000229A638C740 49] Android_Mali_T8xx, [00000229A592E500][00000229A63908C0 49] Android_Mali_G71, [00000229A589FE00][00000229A6394A40 49] Android_Mali_G72, [00000229A592EA00][00000229A6398BC0 49] Android_Mali_G72_Vulkan, [00000229A589DB00][00000229A639CD40 49] Android_Mali_G76, [00000229A592DD00][00000229A63A0EC0 49] Android_Mali_G76_Vulkan, [00000229A589F000][00000229A63A5040 49] Android_Mali_G77, [00000229A592ED00][00000229A63A91C0 49] Android_Mali_G77_Vulkan, [00000229A589FA00][00000229A63AD340 49] Android_Mali_G78, [00000229A592CD00][00000229A63B14C0 49] Android_Mali_G78_Vulkan, [00000229A589C500][00000229A63B5640 49] Android_Mali_G710, [00000229A592D300][00000229A63B97C0 49] Android_Mali_G710_Vulkan, [00000229A589DD00][00000229A63BD940 49] Android_Vulkan_SM5, [00000229A592F300][00000229A63C1AC0 49] Android_PowerVR_G6xxx, [00000229A589EC00][00000229A63C40C0 49] Android_PowerVR_GT7xxx, [00000229A592FC00][00000229A63C8240 49] Android_PowerVR_GE8xxx, [00000229A589D200][00000229A6388380 49] Android_PowerVR_GM9xxx, [00000229A592F000][00000229A63CC4C0 49] Android_PowerVR_GM9xxx_Vulkan, [00000229A589E900][00000229A63D0600 49] Android_TegraK1, [00000229A592D100][00000229A63D4740 49] Android_Unknown_Vulkan, [00000229A58F8800][00000229A63DC8C0 49] Lumin, [00000229A592E900][00000229A63E0A40 49] Lumin_Desktop, [00000229A58F8A00][00000229A63E4BC0 49] HoloLens, 
[2024.06.24-08.52.12:198][  0]LogMeshReduction: Using QuadricMeshReduction for automatic static mesh reduction
[2024.06.24-08.52.12:198][  0]LogMeshReduction: Using SimplygonMeshReduction for automatic skeletal mesh reduction
[2024.06.24-08.52.12:198][  0]LogMeshReduction: Using ProxyLODMeshReduction for automatic mesh merging
[2024.06.24-08.52.12:198][  0]LogMeshReduction: No distributed automatic mesh merging module available
[2024.06.24-08.52.12:198][  0]LogMeshMerging: No distributed automatic mesh merging module available
[2024.06.24-08.52.12:268][  0]LogNetVersion: SoapOpera 1.0.0, NetCL: 17155196, EngineNetVer: 17, GameNetVer: 0 (Checksum: 611829834)
[2024.06.24-08.52.12:455][  0]LogTexture: Default maximum texture size for cubemaps generated from long-lat sources has been changed from 512 to unlimited. In order to preserve old behaiour for '/Engine/MapTemplates/Sky/DaylightAmbientCubemap.DaylightAmbientCubemap', its maximum texture size has been explicitly set to 512.
[2024.06.24-08.52.12:540][  0]LogHMD: PokeAHoleMaterial loaded successfully
[2024.06.24-08.52.12:608][  0]LogMoviePlayer: Initializing movie player
[2024.06.24-08.52.12:731][  0]LogPython: Using Python 3.7.7
[2024.06.24-08.52.13:101][  0]LogNiagaraDebuggerClient: Niagara Debugger Client Initialized | Session: FE02A3134384AA7D64DAA8B7A8BEF7C0 | Instance: 3DCA59B44D23EEB99564349E84C05F74 (NB-PBM2H22BKM-61056).
[2024.06.24-08.52.13:115][  0]LogCollectionManager: Loaded 0 collections in 0.001139 seconds
[2024.06.24-08.52.13:119][  0]LogFileCache: Scanning file cache for directory 'C:/Users/bib/Documents/GitHub/SoapOpera_GAME/Saved/Collections/' took 0.00s
[2024.06.24-08.52.13:119][  0]LogFileCache: Scanning file cache for directory 'C:/Users/bib/Documents/GitHub/SoapOpera_GAME/Content/Developers/bib/Collections/' took 0.00s
[2024.06.24-08.52.13:119][  0]LogFileCache: Scanning file cache for directory 'C:/Users/bib/Documents/GitHub/SoapOpera_GAME/Content/Collections/' took 0.00s
[2024.06.24-08.52.13:119][  0]LogCollectionManager: Fixed up redirectors for 0 collections in 0.000001 seconds (updated 0 objects)
[2024.06.24-08.52.13:149][  0]LogUdpMessaging: Initializing bridge on interface 0.0.0.0:0 to multicast group 230.0.0.1:6666.
[2024.06.24-08.52.13:154][  0]LogTcpMessaging: Initializing TcpMessaging bridge
[2024.06.24-08.52.13:212][  0]SourceControl: Source control is disabled
[2024.06.24-08.52.13:212][  0]SourceControl: Source control is disabled
[2024.06.24-08.52.13:216][  0]LogUProjectInfo: Found projects:
[2024.06.24-08.52.13:221][  0]SourceControl: Source control is disabled
[2024.06.24-08.52.13:268][  0]LogOpenImageDenoise: OIDN starting up
[2024.06.24-08.52.13:293][  0]LogAndroidPermission: UAndroidPermissionCallbackProxy::GetInstance
[2024.06.24-08.52.13:300][  0]LogAudioCaptureCore: Display: No Audio Capture implementations found. Audio input will be silent.
[2024.06.24-08.52.13:300][  0]LogAudioCaptureCore: Display: No Audio Capture implementations found. Audio input will be silent.
[2024.06.24-08.52.13:355][  0]LogOcInput: OculusInput pre-init called
[2024.06.24-08.52.13:362][  0]LogUObjectArray: 22122 objects as part of root set at end of initial load.
[2024.06.24-08.52.13:362][  0]LogUObjectAllocator: 5975840 out of 0 bytes used by permanent object pool.
[2024.06.24-08.52.13:362][  0]LogUObjectArray: CloseDisregardForGC: 0/0 objects in disregard for GC pool
[2024.06.24-08.52.13:405][  0]LogEngine: Initializing Engine...
[2024.06.24-08.52.13:406][  0]LogHMD: Failed to enumerate extensions. Please check that you have a valid OpenXR runtime installed.
[2024.06.24-08.52.13:406][  0]LogHMD: Failed to initialize OpenVR with code 110
[2024.06.24-08.52.13:406][  0]LogMagicLeap: Warning: VR disabled because ZI is not enabled.  To enable, in the editor, Edit -> Project Settings -> Plugins -> Magic Leap Plugin -> Enable Zero Iteration
[2024.06.24-08.52.13:408][  0]LogStats: UGameplayTagsManager::InitializeManager -  0.000 s
[2024.06.24-08.52.13:493][  0]LogInit: Initializing FReadOnlyCVARCache
[2024.06.24-08.52.13:493][  0]LogAudio: Display: Initializing Audio Device Manager...
[2024.06.24-08.52.13:496][  0]LogAudio: Display: Loading Default Audio Settings Objects...
[2024.06.24-08.52.13:497][  0]LogAudio: Display: No default SoundConcurrencyObject specified (or failed to load).
[2024.06.24-08.52.13:497][  0]LogAudio: Display: Audio Device Manager Initialized
[2024.06.24-08.52.13:497][  0]LogAudio: Display: Creating Audio Device:                 Id: 1, Scope: Shared, Realtime: True
[2024.06.24-08.52.13:497][  0]LogAudioMixer: Display: Audio Mixer Platform Settings:
[2024.06.24-08.52.13:497][  0]LogAudioMixer: Display: 	Sample Rate:						  48000
[2024.06.24-08.52.13:497][  0]LogAudioMixer: Display: 	Callback Buffer Frame Size Requested: 1024
[2024.06.24-08.52.13:498][  0]LogAudioMixer: Display: 	Callback Buffer Frame Size To Use:	  1024
[2024.06.24-08.52.13:498][  0]LogAudioMixer: Display: 	Number of buffers to queue:			  2
[2024.06.24-08.52.13:498][  0]LogAudioMixer: Display: 	Max Channels (voices):				  32
[2024.06.24-08.52.13:498][  0]LogAudioMixer: Display: 	Number of Async Source Workers:		  0
[2024.06.24-08.52.13:498][  0]LogAudio: Display: AudioDevice MaxSources: 32
[2024.06.24-08.52.13:498][  0]LogAudio: Display: Audio Spatialization Plugin: None (built-in).
[2024.06.24-08.52.13:498][  0]LogAudio: Display: Audio Reverb Plugin: None (built-in).
[2024.06.24-08.52.13:498][  0]LogAudio: Display: Audio Occlusion Plugin: None (built-in).
[2024.06.24-08.52.13:498][  0]LogAudioMixer: Display: Initializing audio mixer.
[2024.06.24-08.52.13:516][  0]LogAudioMixer: Display: 0: FrontLeft
[2024.06.24-08.52.13:516][  0]LogAudioMixer: Display: 1: FrontRight
[2024.06.24-08.52.13:746][  0]LogAudioMixer: Display: Using Audio Device Kopfhörer (JBL TUNE230NC TWS Stereo)
[2024.06.24-08.52.13:746][  0]LogAudioMixer: Display: Initializing Sound Submixes...
[2024.06.24-08.52.13:747][  0]LogAudioMixer: Display: Creating Master Submix 'MasterSubmixDefault'
[2024.06.24-08.52.13:748][  0]LogAudioMixer: Display: Creating Master Submix 'MasterReverbSubmixDefault'
[2024.06.24-08.52.13:755][  0]LogAudioMixer: Display: Creating Master Submix 'MasterEQSubmixDefault'
[2024.06.24-08.52.13:756][  0]LogAudioMixer: FMixerPlatformXAudio2::StartAudioStream() called
[2024.06.24-08.52.13:756][  0]LogAudioMixer: Display: Output buffers initialized: Frames=1024, Channels=2, Samples=2048
[2024.06.24-08.52.13:757][  0]LogAudioMixer: Display: Starting AudioMixerPlatformInterface::RunInternal()
[2024.06.24-08.52.13:757][  0]LogAudioMixer: Display: FMixerPlatformXAudio2::SubmitBuffer() called for the first time
[2024.06.24-08.52.13:757][  0]LogInit: FAudioDevice initialized.
[2024.06.24-08.52.13:759][  0]LogNetVersion: Set ProjectVersion to 1.0.0.0. Version Checksum will be recalculated on next use.
[2024.06.24-08.52.13:765][  0]LogInit: Texture streaming: Enabled
[2024.06.24-08.52.13:815][  0]LogAudio: Display: Audio Device (ID: 1) registered with world 'Untitled'.
[2024.06.24-08.52.13:815][  0]LogSlate: Updating window title bar state: overlay mode, drag disabled, window buttons hidden, title bar hidden
[2024.06.24-08.52.13:815][  0]LogInit: Display: Game Engine Initialized.
[2024.06.24-08.52.13:815][  0]LogNiagaraEditor: GEditor isn't valid! Particle reset commands will not work for Niagara components!
[2024.06.24-08.52.13:924][  0]LogInit: Display: Starting Game.
[2024.06.24-08.52.13:924][  0]LogNet: Browse: /Game/StartMenu/MainMenu?Name=Player
[2024.06.24-08.52.13:924][  0]LogLoad: LoadMap: /Game/StartMenu/MainMenu?Name=Player
[2024.06.24-08.52.13:924][  0]LogWorld: BeginTearingDown for /Temp/Untitled_0
[2024.06.24-08.52.13:926][  0]LogWorld: UWorld::CleanupWorld for Untitled, bSessionEnded=true, bCleanupResources=true
[2024.06.24-08.52.13:926][  0]LogSlate: InvalidateAllWidgets triggered.  All widgets were invalidated
[2024.06.24-08.52.13:932][  0]LogAudio: Display: Audio Device unregistered from world 'None'.
[2024.06.24-08.52.13:934][  0]LogUObjectHash: Compacting FUObjectHashTables data took   0.61ms
[2024.06.24-08.52.13:943][  0]LogAudio: Display: Audio Device (ID: 1) registered with world 'MainMenu'.
[2024.06.24-08.52.13:949][  0]LogAIModule: Creating AISystem for world MainMenu
[2024.06.24-08.52.14:138][  0]LogLoad: Game class is 'ThirdPersonGameMode_C'
[2024.06.24-08.52.14:140][  0]LogWorld: Bringing World /Game/StartMenu/MainMenu.MainMenu up for play (max tick rate 0) at 2024.06.24-10.52.14
[2024.06.24-08.52.14:140][  0]LogWorld: Bringing up level for play took: 0.000688
[2024.06.24-08.52.14:140][  0]LogGameMode: FindPlayerStart: PATHS NOT DEFINED or NO PLAYERSTART with positive rating
[2024.06.24-08.52.14:143][  0]LogViewport: Display: Viewport MouseLockMode Changed, LockOnCapture -> DoNotLock
[2024.06.24-08.52.14:143][  0]LogViewport: Display: Viewport MouseCaptureMode Changed, CapturePermanently_IncludingInitialMouseDown -> NoCapture
[2024.06.24-08.52.14:143][  0]LogLoad: Took 0.219235 seconds to LoadMap(/Game/StartMenu/MainMenu)
[2024.06.24-08.52.14:169][  0]LogSlate: Took 0.000176 seconds to synchronously load lazily loaded font '../../../Engine/Content/Slate/Fonts/Roboto-Regular.ttf' (155K)
[2024.06.24-08.52.14:189][  0]LogRenderer: Reallocating scene render targets to support 1280x720 Format 10 NumSamples 1 (Frame:1).
[2024.06.24-08.52.14:189][  0]LogInit: Display: Engine is initialized. Leaving FEngineLoop::Init()
[2024.06.24-08.52.14:189][  0]LogLoad: (Engine Initialization) Total time: 5.17 seconds
[2024.06.24-08.52.14:189][  0]LogLoad: (Engine Initialization) Total Blueprint compile time: 0.00 seconds
[2024.06.24-08.52.14:219][  0]LogContentStreaming: Texture pool size now 1000 MB
[2024.06.24-08.52.14:224][  0]LogSlate: InvalidateAllWidgets triggered.  All widgets were invalidated
[2024.06.24-08.52.14:327][  1]LogSlate: Took 0.000223 seconds to synchronously load lazily loaded font '../../../Engine/Content/Slate/Fonts/Roboto-Regular.ttf' (155K)
[2024.06.24-08.52.18:423][609]LogPackageName: SearchForPackageOnDisk took   0.069s to resolve ThirdPersonExampleMap.umap.
[2024.06.24-08.52.18:488][609]LogPackageName: SearchForPackageOnDisk took   0.064s to resolve ThirdPersonExampleMap.umap.
[2024.06.24-08.52.18:488][609]LogNet: Browse: /Game/ThirdPersonBP/Maps/ThirdPersonExampleMap
[2024.06.24-08.52.18:488][609]LogLoad: LoadMap: /Game/ThirdPersonBP/Maps/ThirdPersonExampleMap
[2024.06.24-08.52.18:488][609]LogWorld: BeginTearingDown for /Game/StartMenu/MainMenu
[2024.06.24-08.52.18:489][609]LogWorld: UWorld::CleanupWorld for MainMenu, bSessionEnded=true, bCleanupResources=true
[2024.06.24-08.52.18:489][609]LogSlate: InvalidateAllWidgets triggered.  All widgets were invalidated
[2024.06.24-08.52.18:524][609]LogAudio: Display: Audio Device unregistered from world 'None'.
[2024.06.24-08.52.18:544][609]LogUObjectHash: Compacting FUObjectHashTables data took   1.34ms
[2024.06.24-08.52.18:818][609]LogAudio: Display: Audio Device (ID: 1) registered with world 'ThirdPersonExampleMap'.
[2024.06.24-08.52.18:819][609]LogAIModule: Creating AISystem for world ThirdPersonExampleMap
[2024.06.24-08.52.18:819][609]LogLoad: Game class is 'GameMode_BP_C'
[2024.06.24-08.52.18:824][609]LogWorld: Bringing World /Game/ThirdPersonBP/Maps/ThirdPersonExampleMap.ThirdPersonExampleMap up for play (max tick rate 0) at 2024.06.24-10.52.18
[2024.06.24-08.52.18:825][609]LogUObjectGlobals: Warning: Failed to load '/Game/anyname': Can't find file.
[2024.06.24-08.52.18:825][609]LogUObjectGlobals: Warning: Failed to load '/Game/anyname': Can't find file.
[2024.06.24-08.52.18:825][609]LogUObjectGlobals: Warning: Failed to find object 'Object /Game/anyname.anyname'
[2024.06.24-08.52.18:825][609]LogWorld: Bringing up level for play took: 0.005005
[2024.06.24-08.52.18:826][609]LogStreaming: Warning: Failed to read file '../../../../../../Users/bib/Documents/GitHub/SoapOpera_GAME/Saved/SaveGames/save1.sav' error.
[2024.06.24-08.52.18:826][609]LogBlueprintUserMessages: [GameMode_BP_C_0] BeginPlay
[2024.06.24-08.52.18:829][609]LogLoad: Took 0.340310 seconds to LoadMap(/Game/ThirdPersonBP/Maps/ThirdPersonExampleMap)
