Log file open, 07/03/24 21:06:16
LogWindows: Failed to load 'aqProf.dll' (GetLastError=126)
LogWindows: File 'aqProf.dll' does not exist
LogWindows: Failed to load 'VtuneApi.dll' (GetLastError=126)
LogWindows: File 'VtuneApi.dll' does not exist
LogWindows: Failed to load 'VtuneApi32e.dll' (GetLastError=126)
LogWindows: File 'VtuneApi32e.dll' does not exist
LogConsoleResponse: Display: Failed to find resolution value strings in scalability ini. Falling back to default.
LogConsoleResponse: Display: Failed to find resolution value strings in scalability ini. Falling back to default.
LogInit: Display: Running engine for game: SoapOpera
LogPlatformFile: Not using cached read wrapper
LogTaskGraph: Started task graph with 5 named threads and 35 total threads with 3 sets of task threads.
LogStats: Stats thread started at 0.183924
LogICUInternationalization: ICU TimeZone Detection - Raw Offset: +1:00, Platform Override: ''
LogInit: Display: Loading text-based GConfig....
LogPluginManager: Mounting plugin MeshPainting
LogPluginManager: Mounting plugin XGEController
LogPluginManager: Mounting plugin Paper2D
LogPluginManager: Mounting plugin LiveLink
LogPluginManager: Mounting plugin EnvironmentQueryEditor
LogPluginManager: Mounting plugin AISupport
LogPluginManager: Mounting plugin CameraShakePreviewer
LogPluginManager: Mounting plugin GameplayCameras
LogPluginManager: Mounting plugin LightPropagationVolume
LogPluginManager: Mounting plugin CryptoKeys
LogPluginManager: Mounting plugin AssetManagerEditor
LogPluginManager: Mounting plugin CurveEditorTools
LogPluginManager: Mounting plugin DataValidation
LogPluginManager: Mounting plugin FacialAnimation
LogPluginManager: Mounting plugin GameplayTagsEditor
LogPluginManager: Mounting plugin GeometryMode
LogPluginManager: Mounting plugin OodleData
LogPluginManager: Mounting plugin MacGraphicsSwitching
LogPluginManager: Mounting plugin MaterialAnalyzer
LogPluginManager: Mounting plugin MobileLauncherProfileWizard
LogPluginManager: Mounting plugin PluginBrowser
LogPluginManager: Mounting plugin SpeedTreeImporter
LogPluginManager: Mounting plugin OodleNetwork
LogPluginManager: Mounting plugin AnimationSharing
LogPluginManager: Mounting plugin CLionSourceCodeAccess
LogPluginManager: Mounting plugin CodeLiteSourceCodeAccess
LogPluginManager: Mounting plugin GitSourceControl
LogPluginManager: Mounting plugin NullSourceCodeAccess
LogPluginManager: Mounting plugin PerforceSourceControl
LogPluginManager: Mounting plugin KDevelopSourceCodeAccess
LogPluginManager: Mounting plugin AlembicImporter
LogPluginManager: Mounting plugin PixWinPlugin
LogPluginManager: Mounting plugin PlasticSourceControl
LogPluginManager: Mounting plugin PropertyAccessNode
LogPluginManager: Mounting plugin PluginUtils
LogPluginManager: Mounting plugin LuminPlatformFeatures
LogPluginManager: Mounting plugin RiderSourceCodeAccess
LogPluginManager: Mounting plugin SubversionSourceControl
LogPluginManager: Mounting plugin MagicLeap
LogPluginManager: Mounting plugin TextureFormatOodle
LogPluginManager: Mounting plugin AutomationUtils
LogPluginManager: Mounting plugin BackChannel
LogPluginManager: Mounting plugin UObjectPlugin
LogPluginManager: Mounting plugin AndroidMedia
LogPluginManager: Mounting plugin ChaosCloth
LogPluginManager: Mounting plugin ChaosClothEditor
LogPluginManager: Mounting plugin AvfMedia
LogPluginManager: Mounting plugin ChaosEditor
LogPluginManager: Mounting plugin ChaosNiagara
LogPluginManager: Mounting plugin VisualStudioCodeSourceCodeAccess
LogPluginManager: Mounting plugin ChaosSolverPlugin
LogPluginManager: Mounting plugin CharacterAI
LogPluginManager: Mounting plugin ImgMedia
LogPluginManager: Mounting plugin VisualStudioSourceCodeAccess
LogPluginManager: Mounting plugin XCodeSourceCodeAccess
LogPluginManager: Mounting plugin MediaCompositing
LogPluginManager: Mounting plugin MediaPlayerEditor
LogPluginManager: Mounting plugin MagicLeapMedia
LogPluginManager: Mounting plugin MagicLeapLightEstimation
LogPluginManager: Mounting plugin WebMMedia
LogPluginManager: Mounting plugin MagicLeapPassableWorld
LogPluginManager: Mounting plugin WmfMedia
LogPluginManager: Mounting plugin MLSDK
LogPluginManager: Mounting plugin GeometryCache
LogPluginManager: Mounting plugin GeometryCollectionPlugin
LogPluginManager: Mounting plugin GeometryProcessing
LogPluginManager: Mounting plugin MotoSynth
LogPluginManager: Mounting plugin OpenImageDenoise
LogPluginManager: Mounting plugin PlanarCut
LogPluginManager: Mounting plugin PlatformCrypto
LogPluginManager: Mounting plugin ProxyLODPlugin
LogPluginManager: Mounting plugin PythonScriptPlugin
LogPluginManager: Mounting plugin SkeletalReduction
LogPluginManager: Mounting plugin ActorSequence
LogPluginManager: Mounting plugin LevelSequenceEditor
LogPluginManager: Mounting plugin MatineeToLevelSequence
LogPluginManager: Mounting plugin TemplateSequence
LogPluginManager: Mounting plugin TcpMessaging
LogPluginManager: Mounting plugin UdpMessaging
LogPluginManager: Mounting plugin OnlineSubsystem
LogPluginManager: Mounting plugin OnlineSubsystemNull
LogPluginManager: Mounting plugin OnlineSubsystemUtils
LogPluginManager: Mounting plugin LauncherChunkInstaller
LogPluginManager: Mounting plugin ActorLayerUtilities
LogPluginManager: Mounting plugin AndroidDeviceProfileSelector
LogPluginManager: Mounting plugin AndroidMoviePlayer
LogPluginManager: Mounting plugin AndroidPermission
LogPluginManager: Mounting plugin AppleImageUtils
LogPluginManager: Mounting plugin AssetTags
LogPluginManager: Mounting plugin ArchVisCharacter
LogPluginManager: Mounting plugin AppleMoviePlayer
LogPluginManager: Mounting plugin AudioCapture
LogPluginManager: Mounting plugin AudioSynesthesia
LogPluginManager: Mounting plugin ChunkDownloader
LogPluginManager: Mounting plugin CableComponent
LogPluginManager: Mounting plugin CustomMeshComponent
LogPluginManager: Mounting plugin EditableMesh
LogPluginManager: Mounting plugin ExampleDeviceProfileSelector
LogPluginManager: Mounting plugin ScreenshotTools
LogPluginManager: Mounting plugin GooglePAD
LogPluginManager: Mounting plugin GoogleCloudMessaging
LogPluginManager: Mounting plugin IOSDeviceProfileSelector
LogPluginManager: Mounting plugin LinuxDeviceProfileSelector
LogPluginManager: Mounting plugin Takes
LogPluginManager: Mounting plugin LocationServicesBPLibrary
LogPluginManager: Mounting plugin MobilePatchingUtils
LogPluginManager: Mounting plugin OpenXREyeTracker
LogPluginManager: Mounting plugin OpenXR
LogPluginManager: Mounting plugin OpenXRHandTracking
LogPluginManager: Mounting plugin PostSplashScreen
LogPluginManager: Mounting plugin PhysXVehicles
LogPluginManager: Mounting plugin ProceduralMeshComponent
LogPluginManager: Mounting plugin PropertyAccessEditor
LogPluginManager: Mounting plugin RuntimePhysXCooking
LogPluginManager: Mounting plugin SignificanceManager
LogPluginManager: Mounting plugin SoundFields
LogPluginManager: Mounting plugin Synthesis
LogPluginManager: Mounting plugin WebMMoviePlayer
LogPluginManager: Mounting plugin WindowsMoviePlayer
LogPluginManager: Mounting plugin DatasmithContent
LogPluginManager: Mounting plugin Niagara
LogPluginManager: Mounting plugin VariantManagerContent
LogPluginManager: Mounting plugin ContentBrowserAssetDataSource
LogPluginManager: Mounting plugin ContentBrowserClassDataSource
LogPluginManager: Mounting plugin ContentBrowserFileDataSource
LogPluginManager: Mounting plugin OnlineSubsystemGooglePlay
LogPluginManager: Mounting plugin OnlineSubsystemIOS
LogPluginManager: Mounting plugin OculusVR
LogPluginManager: Mounting plugin SteamVR
PixWinPlugin: PIX capture plugin failed to initialize! Check that the process is launched from PIX.
LogInit: Using libcurl 7.55.1-DEV
LogInit:  - built for x86_64-pc-win32
LogInit:  - supports SSL with OpenSSL/1.1.1
LogInit:  - supports HTTP deflate (compression) using libz 1.2.8
LogInit:  - other features:
LogInit:      CURL_VERSION_SSL
LogInit:      CURL_VERSION_LIBZ
LogInit:      CURL_VERSION_IPV6
LogInit:      CURL_VERSION_ASYNCHDNS
LogInit:      CURL_VERSION_LARGEFILE
LogInit:      CURL_VERSION_IDN
LogInit:  CurlRequestOptions (configurable via config and command line):
LogInit:  - bVerifyPeer = true  - Libcurl will verify peer certificate
LogInit:  - bUseHttpProxy = false  - Libcurl will NOT use HTTP proxy
LogInit:  - bDontReuseConnections = false  - Libcurl will reuse connections
LogInit:  - MaxHostConnections = 16  - Libcurl will limit the number of connections to a host
LogInit:  - LocalHostAddr = Default
LogInit:  - BufferSize = 65536
LogOnline: OSS: Creating online subsystem instance for: NULL
LogInit: WinSock: version 1.1 (2.2), MaxSocks=32767, MaxUdp=65467
LogOnline: OSS: TryLoadSubsystemAndSetDefault: Loaded subsystem for module [NULL]
LogOculusPluginWrapper: OculusPlugin initialized successfully
LogHMD: Failed initializing OVRPlugin 1.59.0
LogInit: Build: ++UE4+Release-4.27-CL-18319896
LogInit: Engine Version: 4.27.2-18319896+++UE4+Release-4.27
LogInit: Compatible Engine Version: 4.27.0-17155196+++UE4+Release-4.27
LogInit: Net CL: 17155196
LogInit: OS: Windows 10 (Release 2009) (), CPU: 11th Gen Intel(R) Core(TM) i5-11400F @ 2.60GHz, GPU: NVIDIA GeForce RTX 3060
LogInit: Compiled (64-bit): Nov 30 2021 07:12:08
LogInit: Compiled with Visual C++: 19.24.28315.00
LogInit: Build Configuration: Development
LogInit: Branch Name: ++UE4+Release-4.27
LogInit: Command Line:  /Game/StartMenu/MainMenuLevel -game -PIEVIACONSOLE -Multiprocess GameUserSettingsINI=D:/RPG_Maker_Git/SoapOpera/Saved/Config/Windows/PIEGameUserSettings0.ini -MultiprocessSaveConfig -forcepassthrough -messaging -SessionName="Play in Standalone Game" -windowed -ResX=1280 -ResY=720
LogInit: Base Directory: C:/Program Files/Epic Games/UE_4.27/Engine/Binaries/Win64/
LogInit: Allocator: TBB
LogInit: Installed Engine Build: 1
LogDevObjectVersion: Number of dev versions registered: 29
LogDevObjectVersion:   Dev-Blueprints (B0D832E4-1F89-4F0D-ACCF-7EB736FD4AA2): 10
LogDevObjectVersion:   Dev-Build (E1C64328-A22C-4D53-A36C-8E866417BD8C): 0
LogDevObjectVersion:   Dev-Core (375EC13C-06E4-48FB-B500-84F0262A717E): 4
LogDevObjectVersion:   Dev-Editor (E4B068ED-F494-42E9-A231-DA0B2E46BB41): 40
LogDevObjectVersion:   Dev-Framework (CFFC743F-43B0-4480-9391-14DF171D2073): 37
LogDevObjectVersion:   Dev-Mobile (B02B49B5-BB20-44E9-A304-32B752E40360): 3
LogDevObjectVersion:   Dev-Networking (A4E4105C-59A1-49B5-A7C5-40C4547EDFEE): 0
LogDevObjectVersion:   Dev-Online (39C831C9-5AE6-47DC-9A44-9C173E1C8E7C): 0
LogDevObjectVersion:   Dev-Physics (78F01B33-EBEA-4F98-B9B4-84EACCB95AA2): 14
LogDevObjectVersion:   Dev-Platform (6631380F-2D4D-43E0-8009-CF276956A95A): 0
LogDevObjectVersion:   Dev-Rendering (12F88B9F-8875-4AFC-A67C-D90C383ABD29): 45
LogDevObjectVersion:   Dev-Sequencer (7B5AE74C-D270-4C10-A958-57980B212A5A): 13
LogDevObjectVersion:   Dev-VR (D7296918-1DD6-4BDD-9DE2-64A83CC13884): 3
LogDevObjectVersion:   Dev-LoadTimes (C2A15278-BFE7-4AFE-6C17-90FF531DF755): 1
LogDevObjectVersion:   Private-Geometry (6EACA3D4-40EC-4CC1-B786-8BED09428FC5): 3
LogDevObjectVersion:   Dev-AnimPhys (29E575DD-E0A3-4627-9D10-D276232CDCEA): 17
LogDevObjectVersion:   Dev-Anim (AF43A65D-7FD3-4947-9873-3E8ED9C1BB05): 15
LogDevObjectVersion:   Dev-ReflectionCapture (6B266CEC-1EC7-4B8F-A30B-E4D90942FC07): 1
LogDevObjectVersion:   Dev-Automation (0DF73D61-A23F-47EA-B727-89E90C41499A): 1
LogDevObjectVersion:   FortniteMain (601D1886-AC64-4F84-AA16-D3DE0DEAC7D6): 47
LogDevObjectVersion:   FortniteRelease (E7086368-6B23-4C58-8439-1B7016265E91): 1
LogDevObjectVersion:   Dev-Enterprise (9DFFBCD6-494F-0158-E221-12823C92A888): 10
LogDevObjectVersion:   Dev-Niagara (F2AED0AC-9AFE-416F-8664-AA7FFA26D6FC): 1
LogDevObjectVersion:   Dev-Destruction (174F1F0B-B4C6-45A5-B13F-2EE8D0FB917D): 10
LogDevObjectVersion:   Dev-Physics-Ext (35F94A83-E258-406C-A318-09F59610247C): 41
LogDevObjectVersion:   Dev-PhysicsMaterial-Chaos (B68FC16E-8B1B-42E2-B453-215C058844FE): 1
LogDevObjectVersion:   Dev-CineCamera (B2E18506-4273-CFC2-A54E-F4BB758BBA07): 1
LogDevObjectVersion:   Dev-VirtualProduction (64F58936-FD1B-42BA-BA96-7289D5D0FA4E): 1
LogDevObjectVersion:   Dev-MediaFramework (6F0ED827-A609-4895-9C91-998D90180EA4): 2
LogInit: Presizing for max 25165824 objects, including 0 objects not considered by GC, pre-allocating 0 bytes for permanent pool.
LogConfig: Applying CVar settings from Section [/Script/Engine.StreamingSettings] File [D:/RPG_Maker_Git/SoapOpera/Saved/Config/Windows/Engine.ini]
LogConfig: Setting CVar [[s.MinBulkDataSizeForAsyncLoading:131072]]
LogConfig: Setting CVar [[s.AsyncLoadingThreadEnabled:0]]
LogConfig: Setting CVar [[s.EventDrivenLoaderEnabled:1]]
LogConfig: Setting CVar [[s.WarnIfTimeLimitExceeded:0]]
LogConfig: Setting CVar [[s.TimeLimitExceededMultiplier:1.5]]
LogConfig: Setting CVar [[s.TimeLimitExceededMinTime:0.005]]
LogConfig: Setting CVar [[s.UseBackgroundLevelStreaming:1]]
LogConfig: Setting CVar [[s.PriorityAsyncLoadingExtraTime:15.0]]
LogConfig: Setting CVar [[s.LevelStreamingActorsUpdateTimeLimit:5.0]]
LogConfig: Setting CVar [[s.PriorityLevelStreamingActorsUpdateExtraTime:5.0]]
LogConfig: Setting CVar [[s.LevelStreamingComponentsRegistrationGranularity:10]]
LogConfig: Setting CVar [[s.UnregisterComponentsTimeLimit:1.0]]
LogConfig: Setting CVar [[s.LevelStreamingComponentsUnregistrationGranularity:5]]
LogConfig: Setting CVar [[s.FlushStreamingOnExit:1]]
LogInit: Object subsystem initialized
LogConfig: Setting CVar [[con.DebugEarlyDefault:1]]
LogConfig: Setting CVar [[r.setres:1280x720]]
[2024.07.03-19.06.17:191][  0]LogConfig: Setting CVar [[con.DebugEarlyDefault:1]]
[2024.07.03-19.06.17:191][  0]LogConfig: Setting CVar [[r.setres:1280x720]]
[2024.07.03-19.06.17:192][  0]LogConfig: Applying CVar settings from Section [/Script/Engine.RendererSettings] File [D:/RPG_Maker_Git/SoapOpera/Saved/Config/Windows/Engine.ini]
[2024.07.03-19.06.17:192][  0]LogConfig: Setting CVar [[r.GPUCrashDebugging:0]]
[2024.07.03-19.06.17:192][  0]LogConfig: Applying CVar settings from Section [/Script/Engine.RendererOverrideSettings] File [D:/RPG_Maker_Git/SoapOpera/Saved/Config/Windows/Engine.ini]
[2024.07.03-19.06.17:192][  0]LogConfig: Applying CVar settings from Section [/Script/Engine.StreamingSettings] File [D:/RPG_Maker_Git/SoapOpera/Saved/Config/Windows/Engine.ini]
[2024.07.03-19.06.17:192][  0]LogConfig: Setting CVar [[s.MinBulkDataSizeForAsyncLoading:131072]]
[2024.07.03-19.06.17:192][  0]LogConfig: Setting CVar [[s.AsyncLoadingThreadEnabled:0]]
[2024.07.03-19.06.17:192][  0]LogConfig: Setting CVar [[s.EventDrivenLoaderEnabled:1]]
[2024.07.03-19.06.17:192][  0]LogConfig: Setting CVar [[s.WarnIfTimeLimitExceeded:0]]
[2024.07.03-19.06.17:192][  0]LogConfig: Setting CVar [[s.TimeLimitExceededMultiplier:1.5]]
[2024.07.03-19.06.17:192][  0]LogConfig: Setting CVar [[s.TimeLimitExceededMinTime:0.005]]
[2024.07.03-19.06.17:192][  0]LogConfig: Setting CVar [[s.UseBackgroundLevelStreaming:1]]
[2024.07.03-19.06.17:192][  0]LogConfig: Setting CVar [[s.PriorityAsyncLoadingExtraTime:15.0]]
[2024.07.03-19.06.17:192][  0]LogConfig: Setting CVar [[s.LevelStreamingActorsUpdateTimeLimit:5.0]]
[2024.07.03-19.06.17:192][  0]LogConfig: Setting CVar [[s.PriorityLevelStreamingActorsUpdateExtraTime:5.0]]
[2024.07.03-19.06.17:192][  0]LogConfig: Setting CVar [[s.LevelStreamingComponentsRegistrationGranularity:10]]
[2024.07.03-19.06.17:192][  0]LogConfig: Setting CVar [[s.UnregisterComponentsTimeLimit:1.0]]
[2024.07.03-19.06.17:192][  0]LogConfig: Setting CVar [[s.LevelStreamingComponentsUnregistrationGranularity:5]]
[2024.07.03-19.06.17:192][  0]LogConfig: Setting CVar [[s.FlushStreamingOnExit:1]]
[2024.07.03-19.06.17:192][  0]LogConfig: Applying CVar settings from Section [/Script/Engine.GarbageCollectionSettings] File [D:/RPG_Maker_Git/SoapOpera/Saved/Config/Windows/Engine.ini]
[2024.07.03-19.06.17:192][  0]LogConfig: Setting CVar [[gc.MaxObjectsNotConsideredByGC:1]]
[2024.07.03-19.06.17:192][  0]LogConfig: Setting CVar [[gc.SizeOfPermanentObjectPool:0]]
[2024.07.03-19.06.17:192][  0]LogConfig: Setting CVar [[gc.FlushStreamingOnGC:0]]
[2024.07.03-19.06.17:192][  0]LogConfig: Setting CVar [[gc.NumRetriesBeforeForcingGC:10]]
[2024.07.03-19.06.17:192][  0]LogConfig: Setting CVar [[gc.AllowParallelGC:1]]
[2024.07.03-19.06.17:192][  0]LogConfig: Setting CVar [[gc.TimeBetweenPurgingPendingKillObjects:61.1]]
[2024.07.03-19.06.17:192][  0]LogConfig: Setting CVar [[gc.MaxObjectsInEditor:25165824]]
[2024.07.03-19.06.17:192][  0]LogConfig: Setting CVar [[gc.IncrementalBeginDestroyEnabled:1]]
[2024.07.03-19.06.17:192][  0]LogConfig: Setting CVar [[gc.CreateGCClusters:1]]
[2024.07.03-19.06.17:192][  0]LogConfig: Setting CVar [[gc.MinGCClusterSize:5]]
[2024.07.03-19.06.17:192][  0]LogConfig: Setting CVar [[gc.ActorClusteringEnabled:0]]
[2024.07.03-19.06.17:192][  0]LogConfig: Setting CVar [[gc.BlueprintClusteringEnabled:0]]
[2024.07.03-19.06.17:192][  0]LogConfig: Setting CVar [[gc.UseDisregardForGCOnDedicatedServers:0]]
[2024.07.03-19.06.17:192][  0]LogConfig: Setting CVar [[gc.MultithreadedDestructionEnabled:1]]
[2024.07.03-19.06.17:192][  0]LogConfig: Applying CVar settings from Section [/Script/Engine.NetworkSettings] File [D:/RPG_Maker_Git/SoapOpera/Saved/Config/Windows/Engine.ini]
[2024.07.03-19.06.17:192][  0]LogConfig: Applying CVar settings from Section [/Script/UnrealEd.CookerSettings] File [D:/RPG_Maker_Git/SoapOpera/Saved/Config/Windows/Engine.ini]
[2024.07.03-19.06.17:205][  0]LogConfig: Applying CVar settings from Section [ViewDistanceQuality@3] File [D:/RPG_Maker_Git/SoapOpera/Saved/Config/Windows/Scalability.ini]
[2024.07.03-19.06.17:205][  0]LogConfig: Setting CVar [[r.SkeletalMeshLODBias:0]]
[2024.07.03-19.06.17:205][  0]LogConfig: Setting CVar [[r.ViewDistanceScale:1.0]]
[2024.07.03-19.06.17:205][  0]LogConfig: Applying CVar settings from Section [AntiAliasingQuality@3] File [D:/RPG_Maker_Git/SoapOpera/Saved/Config/Windows/Scalability.ini]
[2024.07.03-19.06.17:205][  0]LogConfig: Setting CVar [[r.PostProcessAAQuality:4]]
[2024.07.03-19.06.17:205][  0]LogConfig: Applying CVar settings from Section [ShadowQuality@3] File [D:/RPG_Maker_Git/SoapOpera/Saved/Config/Windows/Scalability.ini]
[2024.07.03-19.06.17:205][  0]LogConfig: Setting CVar [[r.LightFunctionQuality:1]]
[2024.07.03-19.06.17:205][  0]LogConfig: Setting CVar [[r.ShadowQuality:5]]
[2024.07.03-19.06.17:205][  0]LogConfig: Setting CVar [[r.Shadow.CSM.MaxCascades:10]]
[2024.07.03-19.06.17:205][  0]LogConfig: Setting CVar [[r.Shadow.MaxResolution:2048]]
[2024.07.03-19.06.17:205][  0]LogConfig: Setting CVar [[r.Shadow.MaxCSMResolution:2048]]
[2024.07.03-19.06.17:205][  0]LogConfig: Setting CVar [[r.Shadow.RadiusThreshold:0.01]]
[2024.07.03-19.06.17:205][  0]LogConfig: Setting CVar [[r.Shadow.DistanceScale:1.0]]
[2024.07.03-19.06.17:205][  0]LogConfig: Setting CVar [[r.Shadow.CSM.TransitionScale:1.0]]
[2024.07.03-19.06.17:205][  0]LogConfig: Setting CVar [[r.Shadow.PreShadowResolutionFactor:1.0]]
[2024.07.03-19.06.17:205][  0]LogConfig: Setting CVar [[r.DistanceFieldShadowing:1]]
[2024.07.03-19.06.17:205][  0]LogConfig: Setting CVar [[r.DistanceFieldAO:1]]
[2024.07.03-19.06.17:205][  0]LogConfig: Setting CVar [[r.AOQuality:2]]
[2024.07.03-19.06.17:205][  0]LogConfig: Setting CVar [[r.VolumetricFog:1]]
[2024.07.03-19.06.17:205][  0]LogConfig: Setting CVar [[r.VolumetricFog.GridPixelSize:8]]
[2024.07.03-19.06.17:205][  0]LogConfig: Setting CVar [[r.VolumetricFog.GridSizeZ:128]]
[2024.07.03-19.06.17:205][  0]LogConfig: Setting CVar [[r.VolumetricFog.HistoryMissSupersampleCount:4]]
[2024.07.03-19.06.17:205][  0]LogConfig: Setting CVar [[r.LightMaxDrawDistanceScale:1]]
[2024.07.03-19.06.17:205][  0]LogConfig: Setting CVar [[r.CapsuleShadows:1]]
[2024.07.03-19.06.17:205][  0]LogConfig: Applying CVar settings from Section [PostProcessQuality@3] File [D:/RPG_Maker_Git/SoapOpera/Saved/Config/Windows/Scalability.ini]
[2024.07.03-19.06.17:205][  0]LogConfig: Setting CVar [[r.MotionBlurQuality:4]]
[2024.07.03-19.06.17:205][  0]LogConfig: Setting CVar [[r.AmbientOcclusionMipLevelFactor:0.4]]
[2024.07.03-19.06.17:205][  0]LogConfig: Setting CVar [[r.AmbientOcclusionMaxQuality:100]]
[2024.07.03-19.06.17:205][  0]LogConfig: Setting CVar [[r.AmbientOcclusionLevels:-1]]
[2024.07.03-19.06.17:205][  0]LogConfig: Setting CVar [[r.AmbientOcclusionRadiusScale:1.0]]
[2024.07.03-19.06.17:205][  0]LogConfig: Setting CVar [[r.DepthOfFieldQuality:2]]
[2024.07.03-19.06.17:205][  0]LogConfig: Setting CVar [[r.RenderTargetPoolMin:400]]
[2024.07.03-19.06.17:205][  0]LogConfig: Setting CVar [[r.LensFlareQuality:2]]
[2024.07.03-19.06.17:205][  0]LogConfig: Setting CVar [[r.SceneColorFringeQuality:1]]
[2024.07.03-19.06.17:205][  0]LogConfig: Setting CVar [[r.EyeAdaptationQuality:2]]
[2024.07.03-19.06.17:205][  0]LogConfig: Setting CVar [[r.BloomQuality:5]]
[2024.07.03-19.06.17:205][  0]LogConfig: Setting CVar [[r.FastBlurThreshold:100]]
[2024.07.03-19.06.17:205][  0]LogConfig: Setting CVar [[r.Upscale.Quality:3]]
[2024.07.03-19.06.17:205][  0]LogConfig: Setting CVar [[r.Tonemapper.GrainQuantization:1]]
[2024.07.03-19.06.17:205][  0]LogConfig: Setting CVar [[r.LightShaftQuality:1]]
[2024.07.03-19.06.17:205][  0]LogConfig: Setting CVar [[r.Filter.SizeScale:1]]
[2024.07.03-19.06.17:205][  0]LogConfig: Setting CVar [[r.Tonemapper.Quality:5]]
[2024.07.03-19.06.17:205][  0]LogConfig: Setting CVar [[r.DOF.Gather.AccumulatorQuality:1        ; higher gathering accumulator quality]]
[2024.07.03-19.06.17:205][  0]LogConfig: Setting CVar [[r.DOF.Gather.PostfilterMethod:1          ; Median3x3 postfilering method]]
[2024.07.03-19.06.17:205][  0]LogConfig: Setting CVar [[r.DOF.Gather.EnableBokehSettings:0       ; no bokeh simulation when gathering]]
[2024.07.03-19.06.17:205][  0]LogConfig: Setting CVar [[r.DOF.Gather.RingCount:4                 ; medium number of samples when gathering]]
[2024.07.03-19.06.17:205][  0]LogConfig: Setting CVar [[r.DOF.Scatter.ForegroundCompositing:1    ; additive foreground scattering]]
[2024.07.03-19.06.17:205][  0]LogConfig: Setting CVar [[r.DOF.Scatter.BackgroundCompositing:2    ; additive background scattering]]
[2024.07.03-19.06.17:205][  0]LogConfig: Setting CVar [[r.DOF.Scatter.EnableBokehSettings:1      ; bokeh simulation when scattering]]
[2024.07.03-19.06.17:205][  0]LogConfig: Setting CVar [[r.DOF.Scatter.MaxSpriteRatio:0.1         ; only a maximum of 10% of scattered bokeh]]
[2024.07.03-19.06.17:205][  0]LogConfig: Setting CVar [[r.DOF.Recombine.Quality:1                ; cheap slight out of focus]]
[2024.07.03-19.06.17:205][  0]LogConfig: Setting CVar [[r.DOF.Recombine.EnableBokehSettings:0    ; no bokeh simulation on slight out of focus]]
[2024.07.03-19.06.17:205][  0]LogConfig: Setting CVar [[r.DOF.TemporalAAQuality:1                ; more stable temporal accumulation]]
[2024.07.03-19.06.17:205][  0]LogConfig: Setting CVar [[r.DOF.Kernel.MaxForegroundRadius:0.025]]
[2024.07.03-19.06.17:205][  0]LogConfig: Setting CVar [[r.DOF.Kernel.MaxBackgroundRadius:0.025]]
[2024.07.03-19.06.17:205][  0]LogConfig: Applying CVar settings from Section [TextureQuality@3] File [D:/RPG_Maker_Git/SoapOpera/Saved/Config/Windows/Scalability.ini]
[2024.07.03-19.06.17:205][  0]LogConfig: Setting CVar [[r.Streaming.MipBias:0]]
[2024.07.03-19.06.17:205][  0]LogConfig: Setting CVar [[r.Streaming.AmortizeCPUToGPUCopy:0]]
[2024.07.03-19.06.17:205][  0]LogConfig: Setting CVar [[r.Streaming.MaxNumTexturesToStreamPerFrame:0]]
[2024.07.03-19.06.17:205][  0]LogConfig: Setting CVar [[r.Streaming.Boost:1]]
[2024.07.03-19.06.17:205][  0]LogConfig: Setting CVar [[r.MaxAnisotropy:8]]
[2024.07.03-19.06.17:205][  0]LogConfig: Setting CVar [[r.VT.MaxAnisotropy:8]]
[2024.07.03-19.06.17:205][  0]LogConfig: Setting CVar [[r.Streaming.LimitPoolSizeToVRAM:0]]
[2024.07.03-19.06.17:205][  0]LogConfig: Setting CVar [[r.Streaming.PoolSize:1000]]
[2024.07.03-19.06.17:205][  0]LogConfig: Setting CVar [[r.Streaming.MaxEffectiveScreenSize:0]]
[2024.07.03-19.06.17:205][  0]LogConfig: Applying CVar settings from Section [EffectsQuality@3] File [D:/RPG_Maker_Git/SoapOpera/Saved/Config/Windows/Scalability.ini]
[2024.07.03-19.06.17:205][  0]LogConfig: Setting CVar [[r.TranslucencyLightingVolumeDim:64]]
[2024.07.03-19.06.17:205][  0]LogConfig: Setting CVar [[r.RefractionQuality:2]]
[2024.07.03-19.06.17:205][  0]LogConfig: Setting CVar [[r.SSR.Quality:3]]
[2024.07.03-19.06.17:205][  0]LogConfig: Setting CVar [[r.SSR.HalfResSceneColor:0]]
[2024.07.03-19.06.17:205][  0]LogConfig: Setting CVar [[r.SceneColorFormat:4]]
[2024.07.03-19.06.17:205][  0]LogConfig: Setting CVar [[r.DetailMode:2]]
[2024.07.03-19.06.17:205][  0]LogConfig: Setting CVar [[r.TranslucencyVolumeBlur:1]]
[2024.07.03-19.06.17:205][  0]LogConfig: Setting CVar [[r.MaterialQualityLevel:1 ; High quality]]
[2024.07.03-19.06.17:205][  0]LogConfig: Setting CVar [[r.AnisotropicMaterials:1]]
[2024.07.03-19.06.17:205][  0]LogConfig: Setting CVar [[r.SSS.Scale:1]]
[2024.07.03-19.06.17:205][  0]LogConfig: Setting CVar [[r.SSS.SampleSet:2]]
[2024.07.03-19.06.17:205][  0]LogConfig: Setting CVar [[r.SSS.Quality:1]]
[2024.07.03-19.06.17:205][  0]LogConfig: Setting CVar [[r.SSS.HalfRes:0]]
[2024.07.03-19.06.17:205][  0]LogConfig: Setting CVar [[r.SSGI.Quality:3]]
[2024.07.03-19.06.17:205][  0]LogConfig: Setting CVar [[r.EmitterSpawnRateScale:1.0]]
[2024.07.03-19.06.17:206][  0]LogConfig: Setting CVar [[r.ParticleLightQuality:2]]
[2024.07.03-19.06.17:206][  0]LogConfig: Setting CVar [[r.SkyAtmosphere.AerialPerspectiveLUT.FastApplyOnOpaque:1 ; Always have FastSkyLUT 1 in this case to avoid wrong sky]]
[2024.07.03-19.06.17:206][  0]LogConfig: Setting CVar [[r.SkyAtmosphere.AerialPerspectiveLUT.SampleCountMaxPerSlice:4]]
[2024.07.03-19.06.17:206][  0]LogConfig: Setting CVar [[r.SkyAtmosphere.AerialPerspectiveLUT.DepthResolution:16.0]]
[2024.07.03-19.06.17:206][  0]LogConfig: Setting CVar [[r.SkyAtmosphere.FastSkyLUT:1]]
[2024.07.03-19.06.17:206][  0]LogConfig: Setting CVar [[r.SkyAtmosphere.FastSkyLUT.SampleCountMin:4.0]]
[2024.07.03-19.06.17:206][  0]LogConfig: Setting CVar [[r.SkyAtmosphere.FastSkyLUT.SampleCountMax:128.0]]
[2024.07.03-19.06.17:206][  0]LogConfig: Setting CVar [[r.SkyAtmosphere.SampleCountMin:4.0]]
[2024.07.03-19.06.17:206][  0]LogConfig: Setting CVar [[r.SkyAtmosphere.SampleCountMax:128.0]]
[2024.07.03-19.06.17:206][  0]LogConfig: Setting CVar [[r.SkyAtmosphere.TransmittanceLUT.UseSmallFormat:0]]
[2024.07.03-19.06.17:206][  0]LogConfig: Setting CVar [[r.SkyAtmosphere.TransmittanceLUT.SampleCount:10.0]]
[2024.07.03-19.06.17:206][  0]LogConfig: Setting CVar [[r.SkyAtmosphere.MultiScatteringLUT.SampleCount:15.0]]
[2024.07.03-19.06.17:206][  0]LogConfig: Setting CVar [[r.SkyLight.RealTimeReflectionCapture:1]]
[2024.07.03-19.06.17:206][  0]LogConfig: Applying CVar settings from Section [FoliageQuality@3] File [D:/RPG_Maker_Git/SoapOpera/Saved/Config/Windows/Scalability.ini]
[2024.07.03-19.06.17:206][  0]LogConfig: Setting CVar [[foliage.DensityScale:1.0]]
[2024.07.03-19.06.17:206][  0]LogConfig: Setting CVar [[grass.DensityScale:1.0]]
[2024.07.03-19.06.17:206][  0]LogConfig: Applying CVar settings from Section [ShadingQuality@3] File [D:/RPG_Maker_Git/SoapOpera/Saved/Config/Windows/Scalability.ini]
[2024.07.03-19.06.17:206][  0]LogConfig: Setting CVar [[r.HairStrands.SkyLighting.IntegrationType:2]]
[2024.07.03-19.06.17:206][  0]LogConfig: Setting CVar [[r.HairStrands.SkyAO.SampleCount:4]]
[2024.07.03-19.06.17:206][  0]LogConfig: Setting CVar [[r.HairStrands.Visibility.MSAA.SamplePerPixel:4]]
[2024.07.03-19.06.17:206][  0]LogInit: Selected Device Profile: [Windows]
[2024.07.03-19.06.17:206][  0]LogInit: Applying CVar settings loaded from the selected device profile: [Windows]
[2024.07.03-19.06.17:206][  0]LogHAL: Display: Platform has ~ 16 GB [17041379328 / 17179869184 / 16], which maps to Larger [LargestMinGB=32, LargerMinGB=12, DefaultMinGB=8, SmallerMinGB=6, SmallestMinGB=0)
[2024.07.03-19.06.17:206][  0]LogInit: Going up to parent DeviceProfile []
[2024.07.03-19.06.17:206][  0]LogConfig: Applying CVar settings from Section [ViewDistanceQuality@3] File [D:/RPG_Maker_Git/SoapOpera/Saved/Config/Windows/Scalability.ini]
[2024.07.03-19.06.17:206][  0]LogConfig: Setting CVar [[r.SkeletalMeshLODBias:0]]
[2024.07.03-19.06.17:206][  0]LogConfig: Setting CVar [[r.ViewDistanceScale:1.0]]
[2024.07.03-19.06.17:206][  0]LogConfig: Applying CVar settings from Section [AntiAliasingQuality@3] File [D:/RPG_Maker_Git/SoapOpera/Saved/Config/Windows/Scalability.ini]
[2024.07.03-19.06.17:206][  0]LogConfig: Setting CVar [[r.PostProcessAAQuality:4]]
[2024.07.03-19.06.17:206][  0]LogConfig: Applying CVar settings from Section [ShadowQuality@3] File [D:/RPG_Maker_Git/SoapOpera/Saved/Config/Windows/Scalability.ini]
[2024.07.03-19.06.17:206][  0]LogConfig: Setting CVar [[r.LightFunctionQuality:1]]
[2024.07.03-19.06.17:206][  0]LogConfig: Setting CVar [[r.ShadowQuality:5]]
[2024.07.03-19.06.17:206][  0]LogConfig: Setting CVar [[r.Shadow.CSM.MaxCascades:10]]
[2024.07.03-19.06.17:206][  0]LogConfig: Setting CVar [[r.Shadow.MaxResolution:2048]]
[2024.07.03-19.06.17:206][  0]LogConfig: Setting CVar [[r.Shadow.MaxCSMResolution:2048]]
[2024.07.03-19.06.17:206][  0]LogConfig: Setting CVar [[r.Shadow.RadiusThreshold:0.01]]
[2024.07.03-19.06.17:206][  0]LogConfig: Setting CVar [[r.Shadow.DistanceScale:1.0]]
[2024.07.03-19.06.17:206][  0]LogConfig: Setting CVar [[r.Shadow.CSM.TransitionScale:1.0]]
[2024.07.03-19.06.17:206][  0]LogConfig: Setting CVar [[r.Shadow.PreShadowResolutionFactor:1.0]]
[2024.07.03-19.06.17:206][  0]LogConfig: Setting CVar [[r.DistanceFieldShadowing:1]]
[2024.07.03-19.06.17:206][  0]LogConfig: Setting CVar [[r.DistanceFieldAO:1]]
[2024.07.03-19.06.17:206][  0]LogConfig: Setting CVar [[r.AOQuality:2]]
[2024.07.03-19.06.17:206][  0]LogConfig: Setting CVar [[r.VolumetricFog:1]]
[2024.07.03-19.06.17:206][  0]LogConfig: Setting CVar [[r.VolumetricFog.GridPixelSize:8]]
[2024.07.03-19.06.17:206][  0]LogConfig: Setting CVar [[r.VolumetricFog.GridSizeZ:128]]
[2024.07.03-19.06.17:206][  0]LogConfig: Setting CVar [[r.VolumetricFog.HistoryMissSupersampleCount:4]]
[2024.07.03-19.06.17:206][  0]LogConfig: Setting CVar [[r.LightMaxDrawDistanceScale:1]]
[2024.07.03-19.06.17:206][  0]LogConfig: Setting CVar [[r.CapsuleShadows:1]]
[2024.07.03-19.06.17:206][  0]LogConfig: Applying CVar settings from Section [PostProcessQuality@3] File [D:/RPG_Maker_Git/SoapOpera/Saved/Config/Windows/Scalability.ini]
[2024.07.03-19.06.17:206][  0]LogConfig: Setting CVar [[r.MotionBlurQuality:4]]
[2024.07.03-19.06.17:206][  0]LogConfig: Setting CVar [[r.AmbientOcclusionMipLevelFactor:0.4]]
[2024.07.03-19.06.17:206][  0]LogConfig: Setting CVar [[r.AmbientOcclusionMaxQuality:100]]
[2024.07.03-19.06.17:206][  0]LogConfig: Setting CVar [[r.AmbientOcclusionLevels:-1]]
[2024.07.03-19.06.17:206][  0]LogConfig: Setting CVar [[r.AmbientOcclusionRadiusScale:1.0]]
[2024.07.03-19.06.17:206][  0]LogConfig: Setting CVar [[r.DepthOfFieldQuality:2]]
[2024.07.03-19.06.17:206][  0]LogConfig: Setting CVar [[r.RenderTargetPoolMin:400]]
[2024.07.03-19.06.17:206][  0]LogConfig: Setting CVar [[r.LensFlareQuality:2]]
[2024.07.03-19.06.17:206][  0]LogConfig: Setting CVar [[r.SceneColorFringeQuality:1]]
[2024.07.03-19.06.17:206][  0]LogConfig: Setting CVar [[r.EyeAdaptationQuality:2]]
[2024.07.03-19.06.17:206][  0]LogConfig: Setting CVar [[r.BloomQuality:5]]
[2024.07.03-19.06.17:206][  0]LogConfig: Setting CVar [[r.FastBlurThreshold:100]]
[2024.07.03-19.06.17:206][  0]LogConfig: Setting CVar [[r.Upscale.Quality:3]]
[2024.07.03-19.06.17:206][  0]LogConfig: Setting CVar [[r.Tonemapper.GrainQuantization:1]]
[2024.07.03-19.06.17:206][  0]LogConfig: Setting CVar [[r.LightShaftQuality:1]]
[2024.07.03-19.06.17:206][  0]LogConfig: Setting CVar [[r.Filter.SizeScale:1]]
[2024.07.03-19.06.17:206][  0]LogConfig: Setting CVar [[r.Tonemapper.Quality:5]]
[2024.07.03-19.06.17:206][  0]LogConfig: Setting CVar [[r.DOF.Gather.AccumulatorQuality:1        ; higher gathering accumulator quality]]
[2024.07.03-19.06.17:206][  0]LogConfig: Setting CVar [[r.DOF.Gather.PostfilterMethod:1          ; Median3x3 postfilering method]]
[2024.07.03-19.06.17:206][  0]LogConfig: Setting CVar [[r.DOF.Gather.EnableBokehSettings:0       ; no bokeh simulation when gathering]]
[2024.07.03-19.06.17:206][  0]LogConfig: Setting CVar [[r.DOF.Gather.RingCount:4                 ; medium number of samples when gathering]]
[2024.07.03-19.06.17:206][  0]LogConfig: Setting CVar [[r.DOF.Scatter.ForegroundCompositing:1    ; additive foreground scattering]]
[2024.07.03-19.06.17:206][  0]LogConfig: Setting CVar [[r.DOF.Scatter.BackgroundCompositing:2    ; additive background scattering]]
[2024.07.03-19.06.17:206][  0]LogConfig: Setting CVar [[r.DOF.Scatter.EnableBokehSettings:1      ; bokeh simulation when scattering]]
[2024.07.03-19.06.17:206][  0]LogConfig: Setting CVar [[r.DOF.Scatter.MaxSpriteRatio:0.1         ; only a maximum of 10% of scattered bokeh]]
[2024.07.03-19.06.17:206][  0]LogConfig: Setting CVar [[r.DOF.Recombine.Quality:1                ; cheap slight out of focus]]
[2024.07.03-19.06.17:206][  0]LogConfig: Setting CVar [[r.DOF.Recombine.EnableBokehSettings:0    ; no bokeh simulation on slight out of focus]]
[2024.07.03-19.06.17:206][  0]LogConfig: Setting CVar [[r.DOF.TemporalAAQuality:1                ; more stable temporal accumulation]]
[2024.07.03-19.06.17:206][  0]LogConfig: Setting CVar [[r.DOF.Kernel.MaxForegroundRadius:0.025]]
[2024.07.03-19.06.17:206][  0]LogConfig: Setting CVar [[r.DOF.Kernel.MaxBackgroundRadius:0.025]]
[2024.07.03-19.06.17:206][  0]LogConfig: Applying CVar settings from Section [TextureQuality@3] File [D:/RPG_Maker_Git/SoapOpera/Saved/Config/Windows/Scalability.ini]
[2024.07.03-19.06.17:206][  0]LogConfig: Setting CVar [[r.Streaming.MipBias:0]]
[2024.07.03-19.06.17:206][  0]LogConfig: Setting CVar [[r.Streaming.AmortizeCPUToGPUCopy:0]]
[2024.07.03-19.06.17:206][  0]LogConfig: Setting CVar [[r.Streaming.MaxNumTexturesToStreamPerFrame:0]]
[2024.07.03-19.06.17:206][  0]LogConfig: Setting CVar [[r.Streaming.Boost:1]]
[2024.07.03-19.06.17:206][  0]LogConfig: Setting CVar [[r.MaxAnisotropy:8]]
[2024.07.03-19.06.17:206][  0]LogConfig: Setting CVar [[r.VT.MaxAnisotropy:8]]
[2024.07.03-19.06.17:206][  0]LogConfig: Setting CVar [[r.Streaming.LimitPoolSizeToVRAM:0]]
[2024.07.03-19.06.17:206][  0]LogConfig: Setting CVar [[r.Streaming.PoolSize:1000]]
[2024.07.03-19.06.17:206][  0]LogConfig: Setting CVar [[r.Streaming.MaxEffectiveScreenSize:0]]
[2024.07.03-19.06.17:206][  0]LogConfig: Applying CVar settings from Section [EffectsQuality@3] File [D:/RPG_Maker_Git/SoapOpera/Saved/Config/Windows/Scalability.ini]
[2024.07.03-19.06.17:206][  0]LogConfig: Setting CVar [[r.TranslucencyLightingVolumeDim:64]]
[2024.07.03-19.06.17:206][  0]LogConfig: Setting CVar [[r.RefractionQuality:2]]
[2024.07.03-19.06.17:206][  0]LogConfig: Setting CVar [[r.SSR.Quality:3]]
[2024.07.03-19.06.17:206][  0]LogConfig: Setting CVar [[r.SSR.HalfResSceneColor:0]]
[2024.07.03-19.06.17:206][  0]LogConfig: Setting CVar [[r.SceneColorFormat:4]]
[2024.07.03-19.06.17:206][  0]LogConfig: Setting CVar [[r.DetailMode:2]]
[2024.07.03-19.06.17:206][  0]LogConfig: Setting CVar [[r.TranslucencyVolumeBlur:1]]
[2024.07.03-19.06.17:206][  0]LogConfig: Setting CVar [[r.MaterialQualityLevel:1 ; High quality]]
[2024.07.03-19.06.17:206][  0]LogConfig: Setting CVar [[r.AnisotropicMaterials:1]]
[2024.07.03-19.06.17:206][  0]LogConfig: Setting CVar [[r.SSS.Scale:1]]
[2024.07.03-19.06.17:206][  0]LogConfig: Setting CVar [[r.SSS.SampleSet:2]]
[2024.07.03-19.06.17:206][  0]LogConfig: Setting CVar [[r.SSS.Quality:1]]
[2024.07.03-19.06.17:207][  0]LogConfig: Setting CVar [[r.SSS.HalfRes:0]]
[2024.07.03-19.06.17:207][  0]LogConfig: Setting CVar [[r.SSGI.Quality:3]]
[2024.07.03-19.06.17:207][  0]LogConfig: Setting CVar [[r.EmitterSpawnRateScale:1.0]]
[2024.07.03-19.06.17:207][  0]LogConfig: Setting CVar [[r.ParticleLightQuality:2]]
[2024.07.03-19.06.17:207][  0]LogConfig: Setting CVar [[r.SkyAtmosphere.AerialPerspectiveLUT.FastApplyOnOpaque:1 ; Always have FastSkyLUT 1 in this case to avoid wrong sky]]
[2024.07.03-19.06.17:207][  0]LogConfig: Setting CVar [[r.SkyAtmosphere.AerialPerspectiveLUT.SampleCountMaxPerSlice:4]]
[2024.07.03-19.06.17:207][  0]LogConfig: Setting CVar [[r.SkyAtmosphere.AerialPerspectiveLUT.DepthResolution:16.0]]
[2024.07.03-19.06.17:207][  0]LogConfig: Setting CVar [[r.SkyAtmosphere.FastSkyLUT:1]]
[2024.07.03-19.06.17:207][  0]LogConfig: Setting CVar [[r.SkyAtmosphere.FastSkyLUT.SampleCountMin:4.0]]
[2024.07.03-19.06.17:207][  0]LogConfig: Setting CVar [[r.SkyAtmosphere.FastSkyLUT.SampleCountMax:128.0]]
[2024.07.03-19.06.17:207][  0]LogConfig: Setting CVar [[r.SkyAtmosphere.SampleCountMin:4.0]]
[2024.07.03-19.06.17:207][  0]LogConfig: Setting CVar [[r.SkyAtmosphere.SampleCountMax:128.0]]
[2024.07.03-19.06.17:207][  0]LogConfig: Setting CVar [[r.SkyAtmosphere.TransmittanceLUT.UseSmallFormat:0]]
[2024.07.03-19.06.17:207][  0]LogConfig: Setting CVar [[r.SkyAtmosphere.TransmittanceLUT.SampleCount:10.0]]
[2024.07.03-19.06.17:207][  0]LogConfig: Setting CVar [[r.SkyAtmosphere.MultiScatteringLUT.SampleCount:15.0]]
[2024.07.03-19.06.17:207][  0]LogConfig: Setting CVar [[r.SkyLight.RealTimeReflectionCapture:1]]
[2024.07.03-19.06.17:207][  0]LogConfig: Applying CVar settings from Section [FoliageQuality@3] File [D:/RPG_Maker_Git/SoapOpera/Saved/Config/Windows/Scalability.ini]
[2024.07.03-19.06.17:207][  0]LogConfig: Setting CVar [[foliage.DensityScale:1.0]]
[2024.07.03-19.06.17:207][  0]LogConfig: Setting CVar [[grass.DensityScale:1.0]]
[2024.07.03-19.06.17:207][  0]LogConfig: Applying CVar settings from Section [ShadingQuality@3] File [D:/RPG_Maker_Git/SoapOpera/Saved/Config/Windows/Scalability.ini]
[2024.07.03-19.06.17:207][  0]LogConfig: Setting CVar [[r.HairStrands.SkyLighting.IntegrationType:2]]
[2024.07.03-19.06.17:207][  0]LogConfig: Setting CVar [[r.HairStrands.SkyAO.SampleCount:4]]
[2024.07.03-19.06.17:207][  0]LogConfig: Setting CVar [[r.HairStrands.Visibility.MSAA.SamplePerPixel:4]]
[2024.07.03-19.06.17:207][  0]LogConfig: Applying CVar settings from Section [Startup] File [../../../Engine/Config/ConsoleVariables.ini]
[2024.07.03-19.06.17:207][  0]LogConfig: Setting CVar [[net.UseAdaptiveNetUpdateFrequency:0]]
[2024.07.03-19.06.17:207][  0]LogConfig: Setting CVar [[p.chaos.AllowCreatePhysxBodies:1]]
[2024.07.03-19.06.17:207][  0]LogConfig: Setting CVar [[fx.SkipVectorVMBackendOptimizations:1]]
[2024.07.03-19.06.17:207][  0]LogConfig: Applying CVar settings from Section [ConsoleVariables] File [D:/RPG_Maker_Git/SoapOpera/Saved/Config/Windows/Engine.ini]
[2024.07.03-19.06.17:207][  0]LogConfig: Applying CVar settings from Section [ConsoleVariables] File [D:/RPG_Maker_Git/SoapOpera/Saved/Config/Windows/Editor.ini]
[2024.07.03-19.06.17:207][  0]LogInit: Computer: ALVIS
[2024.07.03-19.06.17:207][  0]LogInit: User: eric
[2024.07.03-19.06.17:207][  0]LogInit: CPU Page size=4096, Cores=6
[2024.07.03-19.06.17:207][  0]LogInit: High frequency timer resolution =10.000000 MHz
[2024.07.03-19.06.17:207][  0]LogMemory: Memory total: Physical=15.9GB (16GB approx)
[2024.07.03-19.06.17:207][  0]LogMemory: Platform Memory Stats for Windows
[2024.07.03-19.06.17:207][  0]LogMemory: Process Physical Memory: 146.24 MB used, 146.24 MB peak
[2024.07.03-19.06.17:207][  0]LogMemory: Process Virtual Memory: 131.95 MB used, 131.95 MB peak
[2024.07.03-19.06.17:207][  0]LogMemory: Physical Memory: 7926.45 MB used,  8325.47 MB free, 16251.93 MB total
[2024.07.03-19.06.17:207][  0]LogMemory: Virtual Memory: 134201568.00 MB used,  16162.40 MB free, 134217728.00 MB total
[2024.07.03-19.06.17:211][  0]LogWindows: WindowsPlatformFeatures enabled
[2024.07.03-19.06.17:240][  0]LogInit: Physics initialised using underlying interface: PhysX
[2024.07.03-19.06.17:240][  0]LogInit: Using OS detected language (de-DE).
[2024.07.03-19.06.17:240][  0]LogInit: Using OS detected locale (de-DE).
[2024.07.03-19.06.17:242][  0]LogTextLocalizationManager: No specific localization for 'de-DE' exists, so the 'de' localization will be used.
[2024.07.03-19.06.17:244][  0]LogTextLocalizationResource: LocRes '../../../Engine/Content/Localization/Editor/de/Editor.locres' could not be opened for reading!
[2024.07.03-19.06.17:244][  0]LogTextLocalizationResource: LocRes '../../../Engine/Content/Localization/EditorTutorials/de/EditorTutorials.locres' could not be opened for reading!
[2024.07.03-19.06.17:244][  0]LogTextLocalizationResource: LocRes '../../../Engine/Content/Localization/Keywords/de/Keywords.locres' could not be opened for reading!
[2024.07.03-19.06.17:244][  0]LogTextLocalizationResource: LocRes '../../../Engine/Content/Localization/Category/de/Category.locres' could not be opened for reading!
[2024.07.03-19.06.17:244][  0]LogTextLocalizationResource: LocRes '../../../Engine/Content/Localization/ToolTips/de/ToolTips.locres' could not be opened for reading!
[2024.07.03-19.06.17:244][  0]LogTextLocalizationResource: LocRes '../../../Engine/Content/Localization/PropertyNames/de/PropertyNames.locres' could not be opened for reading!
[2024.07.03-19.06.17:244][  0]LogTextLocalizationResource: LocRes '../../../Engine/Content/Localization/Engine/de/Engine.locres' could not be opened for reading!
[2024.07.03-19.06.17:252][  0]LogWindowsTextInputMethodSystem: Display: IME system deactivated.
[2024.07.03-19.06.17:276][  0]LogSlate: New Slate User Created.  User Index 0, Is Virtual User: 0
[2024.07.03-19.06.17:276][  0]LogSlate: Slate User Registered.  User Index 0, Is Virtual User: 0
[2024.07.03-19.06.17:291][  0]LogD3D11RHI: Loaded GFSDK_Aftermath_Lib.x64.dll
[2024.07.03-19.06.17:295][  0]LogHMD: Failed to initialize OpenVR with code 110
[2024.07.03-19.06.17:295][  0]LogD3D11RHI: D3D11 min allowed feature level: 11_0
[2024.07.03-19.06.17:295][  0]LogD3D11RHI: D3D11 max allowed feature level: 11_0
[2024.07.03-19.06.17:295][  0]LogD3D11RHI: D3D11 adapters:
[2024.07.03-19.06.17:392][  0]LogD3D11RHI:    0. 'NVIDIA GeForce RTX 3060' (Feature Level 11_0)
[2024.07.03-19.06.17:392][  0]LogD3D11RHI:       12115/0/8125 MB DedicatedVideo/DedicatedSystem/SharedSystem, Outputs:1, VendorId:0x10de
[2024.07.03-19.06.17:393][  0]LogD3D11RHI:    1. 'Microsoft Basic Render Driver' (Feature Level 11_0)
[2024.07.03-19.06.17:393][  0]LogD3D11RHI:       0/0/8125 MB DedicatedVideo/DedicatedSystem/SharedSystem, Outputs:0, VendorId:0x1414
[2024.07.03-19.06.17:393][  0]LogD3D11RHI: Chosen D3D11 Adapter:
[2024.07.03-19.06.17:393][  0]LogD3D11RHI:     Description : NVIDIA GeForce RTX 3060
[2024.07.03-19.06.17:393][  0]LogD3D11RHI:     VendorId    : 10de
[2024.07.03-19.06.17:393][  0]LogD3D11RHI:     DeviceId    : 2504
[2024.07.03-19.06.17:393][  0]LogD3D11RHI:     SubSysId    : 153610de
[2024.07.03-19.06.17:393][  0]LogD3D11RHI:     Revision    : 00a1
[2024.07.03-19.06.17:393][  0]LogD3D11RHI:     DedicatedVideoMemory : 12703498240 bytes
[2024.07.03-19.06.17:393][  0]LogD3D11RHI:     DedicatedSystemMemory : 0 bytes
[2024.07.03-19.06.17:393][  0]LogD3D11RHI:     SharedSystemMemory : 8520689664 bytes
[2024.07.03-19.06.17:393][  0]LogD3D11RHI:     AdapterLuid : 0 65863
[2024.07.03-19.06.17:397][  0]LogD3D11RHI: Creating new Direct3DDevice
[2024.07.03-19.06.17:397][  0]LogD3D11RHI:     GPU DeviceId: 0x2504 (for the marketing name, search the web for "GPU Device Id")
[2024.07.03-19.06.17:397][  0]LogWindows: EnumDisplayDevices:
[2024.07.03-19.06.17:397][  0]LogWindows:    0. 'NVIDIA GeForce RTX 3060' (P:1 D:1)
[2024.07.03-19.06.17:397][  0]LogWindows:    1. 'NVIDIA GeForce RTX 3060' (P:0 D:0)
[2024.07.03-19.06.17:397][  0]LogWindows:    2. 'NVIDIA GeForce RTX 3060' (P:0 D:0)
[2024.07.03-19.06.17:398][  0]LogWindows:    3. 'NVIDIA GeForce RTX 3060' (P:0 D:0)
[2024.07.03-19.06.17:398][  0]LogWindows: DebugString: FoundDriverCount:4 
[2024.07.03-19.06.17:398][  0]LogD3D11RHI:     Adapter Name: NVIDIA GeForce RTX 3060
[2024.07.03-19.06.17:398][  0]LogD3D11RHI:   Driver Version: 552.22 (internal:31.0.15.5222, unified:552.22)
[2024.07.03-19.06.17:398][  0]LogD3D11RHI:      Driver Date: 4-11-2024
[2024.07.03-19.06.17:398][  0]LogRHI: Texture pool is 8480 MB (70% of 12115 MB)
[2024.07.03-19.06.17:398][  0]LogD3D11RHI: Creating D3DDevice using adapter:
[2024.07.03-19.06.17:398][  0]LogD3D11RHI:     Description : NVIDIA GeForce RTX 3060
[2024.07.03-19.06.17:398][  0]LogD3D11RHI:     VendorId    : 10de
[2024.07.03-19.06.17:398][  0]LogD3D11RHI:     DeviceId    : 2504
[2024.07.03-19.06.17:398][  0]LogD3D11RHI:     SubSysId    : 153610de
[2024.07.03-19.06.17:398][  0]LogD3D11RHI:     Revision    : 00a1
[2024.07.03-19.06.17:398][  0]LogD3D11RHI:     DedicatedVideoMemory : 12703498240 bytes
[2024.07.03-19.06.17:398][  0]LogD3D11RHI:     DedicatedSystemMemory : 0 bytes
[2024.07.03-19.06.17:398][  0]LogD3D11RHI:     SharedSystemMemory : 8520689664 bytes
[2024.07.03-19.06.17:398][  0]LogD3D11RHI:     AdapterLuid : 0 65863
[2024.07.03-19.06.17:466][  0]LogD3D11RHI: RHI has support for 64 bit atomics
[2024.07.03-19.06.17:466][  0]LogD3D11RHI: Async texture creation enabled
[2024.07.03-19.06.17:466][  0]LogD3D11RHI: Array index from any shader is supported
[2024.07.03-19.06.17:484][  0]LogD3D11RHI: GPU Timing Frequency: 1000.000000 (Debug: 2 2)
[2024.07.03-19.06.17:500][  0]LogRHI: GeForceNow SDK initialized: 1
[2024.07.03-19.06.17:719][  0]LogTargetPlatformManager: Display: Loaded TargetPlatform 'WindowsNoEditor'
[2024.07.03-19.06.17:722][  0]LogTargetPlatformManager: Display: Loaded TargetPlatform 'Windows'
[2024.07.03-19.06.17:725][  0]LogTargetPlatformManager: Display: Loaded TargetPlatform 'WindowsClient'
[2024.07.03-19.06.17:728][  0]LogTargetPlatformManager: Display: Loaded TargetPlatform 'WindowsServer'
[2024.07.03-19.06.17:728][  0]LogTargetPlatformManager: Display: Building Assets For Windows
[2024.07.03-19.06.17:733][  0]LogAudioDebug: Display: Lib vorbis DLL was dynamically loaded.
[2024.07.03-19.06.17:756][  0]LogTextureFormatOodle: Display: Oodle Texture 2.9.0 init RDO Off
[2024.07.03-19.06.17:779][  0]LogRendererCore: Ray tracing is disabled. Reason: r.RayTracing=0.
[2024.07.03-19.06.17:779][  0]LogShaderCompilers: Guid format shader working directory is 18 characters bigger than the processId version (D:/RPG_Maker_Git/SoapOpera/Intermediate/Shaders/WorkingDirectory/11552/).
[2024.07.03-19.06.17:779][  0]LogShaderCompilers: Cleaned the shader compiler working directory 'C:/Users/eric/AppData/Local/Temp/UnrealShaderWorkingDir/3AACF5B643F80B56B19214988F0E7DF6/'.
[2024.07.03-19.06.17:779][  0]LogXGEController: Cannot use XGE Controller as Incredibuild is not installed on this machine.
[2024.07.03-19.06.17:779][  0]LogShaderCompilers: Cannot use XGE Shader Compiler as Incredibuild is not installed on this machine.
[2024.07.03-19.06.17:779][  0]LogShaderCompilers: Display: Using Local Shader Compiler.
[2024.07.03-19.06.18:369][  0]LogDerivedDataCache: Display: Max Cache Size: 512 MB
[2024.07.03-19.06.18:410][  0]LogDerivedDataCache: Loaded boot cache 0.04s 94MB C:/Users/eric/AppData/Local/UnrealEngine/4.27/DerivedDataCache/Boot.ddc.
[2024.07.03-19.06.18:410][  0]LogDerivedDataCache: Display: Loaded Boot cache: C:/Users/eric/AppData/Local/UnrealEngine/4.27/DerivedDataCache/Boot.ddc
[2024.07.03-19.06.18:410][  0]LogDerivedDataCache: FDerivedDataBackendGraph:  Pak pak cache file D:/RPG_Maker_Git/SoapOpera/DerivedDataCache/DDC.ddp not found, will not use a pak cache.
[2024.07.03-19.06.18:410][  0]LogDerivedDataCache: Unable to find inner node Pak for hierarchical cache Hierarchy.
[2024.07.03-19.06.18:410][  0]LogDerivedDataCache: FDerivedDataBackendGraph:  CompressedPak pak cache file D:/RPG_Maker_Git/SoapOpera/DerivedDataCache/Compressed.ddp not found, will not use a pak cache.
[2024.07.03-19.06.18:410][  0]LogDerivedDataCache: Unable to find inner node CompressedPak for hierarchical cache Hierarchy.
[2024.07.03-19.06.18:424][  0]LogDerivedDataCache: Display: Pak cache opened for reading ../../../Engine/DerivedDataCache/Compressed.ddp.
[2024.07.03-19.06.18:424][  0]LogDerivedDataCache: FDerivedDataBackendGraph:  EnterprisePak pak cache file ../../../Enterprise/DerivedDataCache/Compressed.ddp not found, will not use a pak cache.
[2024.07.03-19.06.18:424][  0]LogDerivedDataCache: Unable to find inner node EnterprisePak for hierarchical cache Hierarchy.
[2024.07.03-19.06.18:435][  0]LogDerivedDataCache: Speed tests for C:/Users/eric/AppData/Local/UnrealEngine/Common/DerivedDataCache took 0.01 seconds
[2024.07.03-19.06.18:435][  0]LogDerivedDataCache: Display: Performance to C:/Users/eric/AppData/Local/UnrealEngine/Common/DerivedDataCache: Latency=0.01ms. RandomReadSpeed=1867.59MBs, RandomWriteSpeed=91.57MBs. Assigned SpeedClass 'Local'
[2024.07.03-19.06.18:436][  0]LogDerivedDataCache: Using Local data cache path C:/Users/eric/AppData/Local/UnrealEngine/Common/DerivedDataCache: Writable
[2024.07.03-19.06.18:436][  0]LogDerivedDataCache: Shared data cache path not found in *engine.ini, will not use an Shared cache.
[2024.07.03-19.06.18:436][  0]LogDerivedDataCache: Unable to find inner node Shared for hierarchical cache Hierarchy.
[2024.07.03-19.06.18:465][  0]LogSlate: Using FreeType 2.10.0
[2024.07.03-19.06.18:465][  0]LogSlate: SlateFontServices - WITH_FREETYPE: 1, WITH_HARFBUZZ: 1
[2024.07.03-19.06.18:520][  0]LogInit: Using OS detected language (de-DE).
[2024.07.03-19.06.18:520][  0]LogInit: Using OS detected locale (de-DE).
[2024.07.03-19.06.18:520][  0]LogTextLocalizationManager: No localization for 'de-DE' exists, so 'en' will be used for the language.
[2024.07.03-19.06.18:520][  0]LogTextLocalizationManager: No localization for 'de-DE' exists, so 'en' will be used for the locale.
[2024.07.03-19.06.18:520][  0]LogSlate: FontCache flush requested. Reason: Culture for localization was changed
[2024.07.03-19.06.18:520][  0]LogSlate: FontCache flush requested. Reason: Culture for localization was changed
[2024.07.03-19.06.18:522][  0]LogAssetRegistry: FAssetRegistry took 0.0011 seconds to start up
[2024.07.03-19.06.18:639][  0]LogTextLocalizationManager: Compacting localization data took   0.00ms
[2024.07.03-19.06.18:639][  0]LogPackageLocalizationCache: Processed 27 localized package path(s) for 1 prioritized culture(s) in 0.000623 seconds
[2024.07.03-19.06.18:682][  0]LogInit: Selected Device Profile: [Windows]
[2024.07.03-19.06.18:682][  0]LogInit: Active device profile: [000002174279D300][000002173AE44640 49] Windows
[2024.07.03-19.06.18:682][  0]LogInit: Profiles: [000002174279D300][000002173AE44640 49] Windows, [0000021742763000][00000217401CE7C0 49] WindowsNoEditor, [000002174279E400][00000217401D2940 49] WindowsServer, [0000021742763F00][00000217401D6AC0 49] WindowsClient, [000002174279F300][00000217401DAC40 49] IOS, [0000021742761200][00000217401DEDC0 49] iPadAir, [000002174279FE00][00000217401E2F40 49] iPadAir2, [000002174270A100][00000217401EB200 49] IPadPro, [000002174270A200][00000217401E7240 49] iPadAir3, [0000021742761B00][000002173FE21380 49] iPadAir4, [000002174270B100][00000217401EF4C0 49] iPadMini2, [0000021742763300][00000217401F3600 49] iPadMini3, [000002174270BD00][00000217401F7740 49] iPadMini4, [0000021742762400][00000217401FF8C0 49] iPadMini5, [0000021742749A00][0000021740207B80 49] iPhone6, [0000021742749B00][0000021740203BC0 49] iPodTouch6, [000002174279EF00][000002174020E300 49] iPhone7, [000002174279F000][000002174020A340 49] iPodTouch7, [0000021742709C00][00000217402124C0 49] iPhone5S, [000002174279D100][0000021740216640 49] iPhone6Plus, [0000021742709800][000002174021A7C0 49] iPhone6S, [000002174279C400][000002174021E940 49] iPhone6SPlus, [0000021742708E00][0000021740222AC0 49] iPhone7Plus, [000002174279D700][0000021740226C40 49] iPhoneSE, [0000021742708A00][000002174022ADC0 49] iPhone8, [000002174279C800][000002174022EF40 49] iPhone8Plus, [0000021742709A00][00000217402330C0 49] iPhoneX, [000002174279FD00][0000021740237240 49] iPhoneXS, [0000021742748200][000002174023B3C0 49] iPhoneXSMax, [0000021742708D00][00000217401FB500 49] iPhoneXR, [0000021742748C00][000002174023F640 49] iPhone11, [000002174270AE00][0000021740243780 49] iPhone11Pro, [0000021742749500][0000021745A8F8C0 49] iPhone11ProMax, [000002174270BA00][0000021745A97A40 49] iPhoneSE2, [0000021742748400][0000021745A9BBC0 49] iPhone12Mini, [0000021742709200][0000021745A9E1C0 49] iPhone12, [000002174274BC00][0000021745AA2340 49] iPhone12Pro, [000002174270A000][0000021745AA64C0 49] iPhone12ProMax, [000002174274AC00][0000021745AAA640 49] iPadPro105, [000002174279E100][0000021745AAE7C0 49] iPadPro129, [0000021742749100][0000021745AB2940 49] iPadPro97, [000002174279D000][0000021745AB6AC0 49] iPadPro2_129, [0000021742748D00][0000021745ABAC40 49] iPad5, [000002174279DD00][0000021745ABEDC0 49] iPad6, [0000021742748600][0000021745AC2F40 49] iPad7, [000002174279EE00][0000021745AC70C0 49] iPad8, [000002174274B100][0000021745ACB240 49] iPadPro11, [000002174279DB00][0000021745ACF3C0 49] iPadPro2_11, [0000021742748A00][0000021745AD3540 49] iPadPro3_129, [000002174279E200][0000021745AD76C0 49] iPadPro4_129, [000002174274AD00][0000021745A93800 49] AppleTV, [000002174279C100][0000021745ADB940 49] AppleTV4K, [000002174274A600][0000021745ADFA80 49] TVOS, [000002174279D500][0000021745AE7C00 49] Mac, [000002174274B600][0000021745AEA200 49] MacClient, [000002174279DF00][0000021745AEE380 49] MacNoEditor, [000002174274BF00][0000021745AF2500 49] MacServer, [000002174279FA00][0000021745AF6680 49] Linux, [0000021742749C00][0000021745AFA800 49] LinuxAArch64, [000002174279F800][0000021745AFE980 49] LinuxNoEditor, [000002174274A400][0000021745B02B00 49] LinuxAArch64NoEditor, [000002174279F500][0000021745B06C80 49] LinuxClient, [0000021742749300][0000021745B0AE00 49] LinuxAArch64Client, [000002174279C900][0000021745B0EF80 49] LinuxServer, [0000021742749200][0000021745B13100 49] LinuxAArch64Server, [000002174279F600][0000021745B17280 49] Android, [0000021742749900][0000021745B1B400 49] Android_Low, [000002174279E700][0000021745B1F580 49] Android_Mid, [000002174274AE00][0000021745B23700 49] Android_High, [000002174279E000][0000021745B27880 49] Android_Default, [000002174274A800][0000021745AE39C0 49] Android_Adreno4xx, [000002174279CB00][0000021745B2BB00 49] Android_Adreno5xx_Low, [000002174274AF00][0000021745B2E0C0 49] Android_Adreno5xx, [000002174279C300][0000021745B36240 49] Android_Adreno6xx, [000002174274B200][0000021745B3A3C0 49] Android_Adreno6xx_Vulkan, [000002174279C500][0000021745B3E540 49] Android_Mali_T6xx, [000002174274AB00][0000021745B426C0 49] Android_Mali_T7xx, [000002174279C600][0000021745B46840 49] Android_Mali_T8xx, [0000021742748700][0000021745B4A9C0 49] Android_Mali_G71, [000002174279FC00][0000021745B4EB40 49] Android_Mali_G72, [0000021742749F00][0000021745B52CC0 49] Android_Mali_G72_Vulkan, [000002174279F100][0000021745B56E40 49] Android_Mali_G76, [0000021742749E00][0000021745B5AFC0 49] Android_Mali_G76_Vulkan, [000002174279CA00][0000021745B5F140 49] Android_Mali_G77, [0000021742748900][0000021745B632C0 49] Android_Mali_G77_Vulkan, [000002174279D800][0000021745B67440 49] Android_Mali_G78, [000002174274BD00][0000021745B6B5C0 49] Android_Mali_G78_Vulkan, [0000021742762700][0000021745B6F740 49] Android_Mali_G710, [000002174270AF00][0000021745B738C0 49] Android_Mali_G710_Vulkan, [0000021742763C00][0000021745B77A40 49] Android_Vulkan_SM5, [000002174270AB00][0000021745B33B80 49] Android_PowerVR_G6xxx, [0000021742760400][0000021745B7A140 49] Android_PowerVR_GT7xxx, [000002174270A700][0000021745B7E280 49] Android_PowerVR_GE8xxx, [0000021742760600][0000021745B823C0 49] Android_PowerVR_GM9xxx, [000002174270A800][0000021745B8A540 49] Android_PowerVR_GM9xxx_Vulkan, [0000021742761700][0000021745B8E6C0 49] Android_TegraK1, [000002174270B400][0000021745B92840 49] Android_Unknown_Vulkan, [0000021742760700][0000021745B969C0 49] Lumin, [000002174270AD00][0000021745B9AB40 49] Lumin_Desktop, [0000021742762000][0000021745B9ECC0 49] HoloLens, 
[2024.07.03-19.06.18:712][  0]LogMeshReduction: Using QuadricMeshReduction for automatic static mesh reduction
[2024.07.03-19.06.18:713][  0]LogMeshReduction: Using SimplygonMeshReduction for automatic skeletal mesh reduction
[2024.07.03-19.06.18:713][  0]LogMeshReduction: Using ProxyLODMeshReduction for automatic mesh merging
[2024.07.03-19.06.18:713][  0]LogMeshReduction: No distributed automatic mesh merging module available
[2024.07.03-19.06.18:713][  0]LogMeshMerging: No distributed automatic mesh merging module available
[2024.07.03-19.06.18:798][  0]LogNetVersion: SoapOpera 1.0.0, NetCL: 17155196, EngineNetVer: 17, GameNetVer: 0 (Checksum: 611829834)
[2024.07.03-19.06.18:961][  0]LogTexture: Default maximum texture size for cubemaps generated from long-lat sources has been changed from 512 to unlimited. In order to preserve old behaiour for '/Engine/MapTemplates/Sky/DaylightAmbientCubemap.DaylightAmbientCubemap', its maximum texture size has been explicitly set to 512.
[2024.07.03-19.06.18:997][  0]LogHMD: PokeAHoleMaterial loaded successfully
[2024.07.03-19.06.19:071][  0]LogMoviePlayer: Initializing movie player
[2024.07.03-19.06.19:225][  0]LogPython: Using Python 3.7.7
[2024.07.03-19.06.19:554][  0]LogTcpMessaging: Initializing TcpMessaging bridge
[2024.07.03-19.06.19:557][  0]LogUdpMessaging: Initializing bridge on interface 0.0.0.0:0 to multicast group 230.0.0.1:6666.
[2024.07.03-19.06.19:603][  0]LogNiagaraDebuggerClient: Niagara Debugger Client Initialized | Session: 803B1E1A48D381767EBA438B3658D907 | Instance: 48B835C340B6F8E47D10139945CC76AB (ALVIS-11552).
[2024.07.03-19.06.19:619][  0]LogCollectionManager: Loaded 0 collections in 0.001185 seconds
[2024.07.03-19.06.19:621][  0]LogFileCache: Scanning file cache for directory 'D:/RPG_Maker_Git/SoapOpera/Saved/Collections/' took 0.00s
[2024.07.03-19.06.19:621][  0]LogFileCache: Scanning file cache for directory 'D:/RPG_Maker_Git/SoapOpera/Content/Developers/eric/Collections/' took 0.00s
[2024.07.03-19.06.19:621][  0]LogFileCache: Scanning file cache for directory 'D:/RPG_Maker_Git/SoapOpera/Content/Collections/' took 0.00s
[2024.07.03-19.06.19:621][  0]LogCollectionManager: Fixed up redirectors for 0 collections in 0.000001 seconds (updated 0 objects)
[2024.07.03-19.06.19:673][  0]SourceControl: Source control is disabled
[2024.07.03-19.06.19:673][  0]SourceControl: Source control is disabled
[2024.07.03-19.06.19:675][  0]SourceControl: Source control is disabled
[2024.07.03-19.06.19:704][  0]LogUProjectInfo: Found projects:
[2024.07.03-19.06.19:717][  0]LogVSAccessor: Display: Unable to create Visual Studio setup instance: 80040154
[2024.07.03-19.06.19:717][  0]LogVSAccessor: Display: Unable to create Visual Studio setup instance: 80040154
[2024.07.03-19.06.19:717][  0]LogVSAccessor: Display: Unable to create Visual Studio setup instance: 80040154
[2024.07.03-19.06.19:766][  0]LogOpenImageDenoise: OIDN starting up
[2024.07.03-19.06.19:771][  0]LogAndroidPermission: UAndroidPermissionCallbackProxy::GetInstance
[2024.07.03-19.06.19:788][  0]LogAudioCaptureCore: Display: No Audio Capture implementations found. Audio input will be silent.
[2024.07.03-19.06.19:788][  0]LogAudioCaptureCore: Display: No Audio Capture implementations found. Audio input will be silent.
[2024.07.03-19.06.19:843][  0]LogOcInput: OculusInput pre-init called
[2024.07.03-19.06.19:850][  0]LogUObjectArray: 22121 objects as part of root set at end of initial load.
[2024.07.03-19.06.19:850][  0]LogUObjectAllocator: 5975632 out of 0 bytes used by permanent object pool.
[2024.07.03-19.06.19:850][  0]LogUObjectArray: CloseDisregardForGC: 0/0 objects in disregard for GC pool
[2024.07.03-19.06.19:886][  0]LogEngine: Initializing Engine...
[2024.07.03-19.06.19:888][  0]LogHMD: Failed to enumerate extensions. Please check that you have a valid OpenXR runtime installed.
[2024.07.03-19.06.19:888][  0]LogHMD: Failed to initialize OpenVR with code 110
[2024.07.03-19.06.19:888][  0]LogMagicLeap: Warning: VR disabled because ZI is not enabled.  To enable, in the editor, Edit -> Project Settings -> Plugins -> Magic Leap Plugin -> Enable Zero Iteration
[2024.07.03-19.06.19:889][  0]LogStats: UGameplayTagsManager::InitializeManager -  0.000 s
[2024.07.03-19.06.19:961][  0]LogInit: Initializing FReadOnlyCVARCache
[2024.07.03-19.06.19:961][  0]LogAudio: Display: Initializing Audio Device Manager...
[2024.07.03-19.06.19:964][  0]LogAudio: Display: Loading Default Audio Settings Objects...
[2024.07.03-19.06.19:965][  0]LogAudio: Display: No default SoundConcurrencyObject specified (or failed to load).
[2024.07.03-19.06.19:965][  0]LogAudio: Display: Audio Device Manager Initialized
[2024.07.03-19.06.19:965][  0]LogAudio: Display: Creating Audio Device:                 Id: 1, Scope: Shared, Realtime: True
[2024.07.03-19.06.19:965][  0]LogAudioMixer: Display: Audio Mixer Platform Settings:
[2024.07.03-19.06.19:965][  0]LogAudioMixer: Display: 	Sample Rate:						  48000
[2024.07.03-19.06.19:965][  0]LogAudioMixer: Display: 	Callback Buffer Frame Size Requested: 1024
[2024.07.03-19.06.19:965][  0]LogAudioMixer: Display: 	Callback Buffer Frame Size To Use:	  1024
[2024.07.03-19.06.19:965][  0]LogAudioMixer: Display: 	Number of buffers to queue:			  2
[2024.07.03-19.06.19:965][  0]LogAudioMixer: Display: 	Max Channels (voices):				  32
[2024.07.03-19.06.19:965][  0]LogAudioMixer: Display: 	Number of Async Source Workers:		  0
[2024.07.03-19.06.19:965][  0]LogAudio: Display: AudioDevice MaxSources: 32
[2024.07.03-19.06.19:966][  0]LogAudio: Display: Audio Spatialization Plugin: None (built-in).
[2024.07.03-19.06.19:966][  0]LogAudio: Display: Audio Reverb Plugin: None (built-in).
[2024.07.03-19.06.19:966][  0]LogAudio: Display: Audio Occlusion Plugin: None (built-in).
[2024.07.03-19.06.19:966][  0]LogAudioMixer: Display: Initializing audio mixer.
[2024.07.03-19.06.19:975][  0]LogAudioMixer: Display: 0: FrontLeft
[2024.07.03-19.06.19:975][  0]LogAudioMixer: Display: 1: FrontRight
[2024.07.03-19.06.19:994][  0]LogAudioMixer: Display: Using Audio Device Lautsprecher (Realtek(R) Audio)
[2024.07.03-19.06.19:997][  0]LogAudioMixer: Display: Initializing Sound Submixes...
[2024.07.03-19.06.19:998][  0]LogAudioMixer: Display: Creating Master Submix 'MasterSubmixDefault'
[2024.07.03-19.06.19:998][  0]LogAudioMixer: Display: Creating Master Submix 'MasterReverbSubmixDefault'
[2024.07.03-19.06.19:999][  0]LogAudioMixer: Display: Creating Master Submix 'MasterEQSubmixDefault'
[2024.07.03-19.06.19:999][  0]LogAudioMixer: FMixerPlatformXAudio2::StartAudioStream() called
[2024.07.03-19.06.19:999][  0]LogAudioMixer: Display: Output buffers initialized: Frames=1024, Channels=2, Samples=2048
[2024.07.03-19.06.20:000][  0]LogAudioMixer: Display: Starting AudioMixerPlatformInterface::RunInternal()
[2024.07.03-19.06.20:000][  0]LogAudioMixer: Display: FMixerPlatformXAudio2::SubmitBuffer() called for the first time
[2024.07.03-19.06.20:000][  0]LogInit: FAudioDevice initialized.
[2024.07.03-19.06.20:001][  0]LogNetVersion: Set ProjectVersion to 1.0.0.0. Version Checksum will be recalculated on next use.
[2024.07.03-19.06.20:002][  0]LogInit: Texture streaming: Enabled
[2024.07.03-19.06.20:051][  0]LogAudio: Display: Audio Device (ID: 1) registered with world 'Untitled'.
[2024.07.03-19.06.20:052][  0]LogSlate: Updating window title bar state: overlay mode, drag disabled, window buttons hidden, title bar hidden
[2024.07.03-19.06.20:052][  0]LogInit: Display: Game Engine Initialized.
[2024.07.03-19.06.20:052][  0]LogNiagaraEditor: GEditor isn't valid! Particle reset commands will not work for Niagara components!
[2024.07.03-19.06.20:136][  0]LogInit: Display: Starting Game.
[2024.07.03-19.06.20:137][  0]LogNet: Browse: /Game/StartMenu/MainMenuLevel?Name=Player
[2024.07.03-19.06.20:137][  0]LogLoad: LoadMap: /Game/StartMenu/MainMenuLevel?Name=Player
[2024.07.03-19.06.20:137][  0]LogWorld: BeginTearingDown for /Temp/Untitled_0
[2024.07.03-19.06.20:138][  0]LogWorld: UWorld::CleanupWorld for Untitled, bSessionEnded=true, bCleanupResources=true
[2024.07.03-19.06.20:138][  0]LogSlate: InvalidateAllWidgets triggered.  All widgets were invalidated
[2024.07.03-19.06.20:141][  0]LogAudio: Display: Audio Device unregistered from world 'None'.
[2024.07.03-19.06.20:142][  0]LogUObjectHash: Compacting FUObjectHashTables data took   0.50ms
[2024.07.03-19.06.20:152][  0]LogAudio: Display: Audio Device (ID: 1) registered with world 'MainMenuLevel'.
[2024.07.03-19.06.20:157][  0]LogAIModule: Creating AISystem for world MainMenuLevel
[2024.07.03-19.06.20:367][  0]LogLoad: Game class is 'ThirdPersonGameMode_C'
[2024.07.03-19.06.20:368][  0]LogWorld: Bringing World /Game/StartMenu/MainMenuLevel.MainMenuLevel up for play (max tick rate 0) at 2024.07.03-21.06.20
[2024.07.03-19.06.20:368][  0]LogWorld: Bringing up level for play took: 0.000416
[2024.07.03-19.06.20:368][  0]LogGameMode: FindPlayerStart: PATHS NOT DEFINED or NO PLAYERSTART with positive rating
[2024.07.03-19.06.20:371][  0]LogPlayerController: Error: InputMode:UIOnly - Attempting to focus Non-Focusable widget SObjectWidget [Widget.cpp(799)]!
[2024.07.03-19.06.20:371][  0]LogViewport: Display: Viewport MouseLockMode Changed, LockOnCapture -> DoNotLock
[2024.07.03-19.06.20:371][  0]LogViewport: Display: Viewport MouseCaptureMode Changed, CapturePermanently_IncludingInitialMouseDown -> NoCapture
[2024.07.03-19.06.20:371][  0]LogLoad: Took 0.234242 seconds to LoadMap(/Game/StartMenu/MainMenuLevel)
[2024.07.03-19.06.20:441][  0]LogSlate: Took 0.000118 seconds to synchronously load lazily loaded font '../../../Engine/Content/Slate/Fonts/Roboto-Regular.ttf' (155K)
[2024.07.03-19.06.20:481][  0]LogRenderer: Reallocating scene render targets to support 1280x720 Format 10 NumSamples 1 (Frame:1).
[2024.07.03-19.06.20:481][  0]LogInit: Display: Engine is initialized. Leaving FEngineLoop::Init()
[2024.07.03-19.06.20:481][  0]LogLoad: (Engine Initialization) Total time: 4.01 seconds
[2024.07.03-19.06.20:481][  0]LogLoad: (Engine Initialization) Total Blueprint compile time: 0.00 seconds
[2024.07.03-19.06.20:485][  0]LogContentStreaming: Texture pool size now 1000 MB
[2024.07.03-19.06.20:489][  0]LogSlate: InvalidateAllWidgets triggered.  All widgets were invalidated
[2024.07.03-19.06.20:531][  1]LogSlate: Took 0.000097 seconds to synchronously load lazily loaded font '../../../Engine/Content/Slate/Fonts/Roboto-Regular.ttf' (155K)
[2024.07.03-19.06.44:150][399]LogSlate: Window 'SoapOpera (64-bit Development PCD3D_SM5) ' being destroyed
[2024.07.03-19.06.44:151][399]LogWindowsTextInputMethodSystem: Display: IME system deactivated.
[2024.07.03-19.06.44:156][400]LogSlate: Updating window title bar state: overlay mode, drag disabled, window buttons hidden, title bar hidden
[2024.07.03-19.06.44:156][400]LogEngine: All Windows Closed
[2024.07.03-19.06.44:156][400]LogWindows: FPlatformMisc::RequestExit(0)
[2024.07.03-19.06.44:156][400]LogWindows: FPlatformMisc::RequestExitWithStatus(0, 0)
[2024.07.03-19.06.44:156][400]LogCore: Engine exit requested (reason: Win RequestExit)
[2024.07.03-19.06.44:156][401]LogCore: Engine exit requested (reason: EngineExit() was called; note: exit was already requested)
[2024.07.03-19.06.44:156][401]LogInit: Display: PreExit Game.
[2024.07.03-19.06.44:161][401]LogWorld: BeginTearingDown for /Game/StartMenu/MainMenuLevel
[2024.07.03-19.06.44:162][401]LogWorld: UWorld::CleanupWorld for MainMenuLevel, bSessionEnded=true, bCleanupResources=true
[2024.07.03-19.06.44:162][401]LogSlate: InvalidateAllWidgets triggered.  All widgets were invalidated
[2024.07.03-19.06.44:895][401]LogAudio: Display: Beginning Audio Device Manager Shutdown (Module: AudioMixerXAudio2)...
[2024.07.03-19.06.44:895][401]LogAudio: Display: Destroying 1 Remaining Audio Device(s)...
[2024.07.03-19.06.44:895][401]LogAudio: Display: Audio Device unregistered from world 'MainMenuLevel'.
[2024.07.03-19.06.44:919][401]LogAudioMixer: FMixerPlatformXAudio2::StopAudioStream() called
[2024.07.03-19.06.44:920][401]LogAudioMixer: FMixerPlatformXAudio2::StopAudioStream() called
[2024.07.03-19.06.44:922][401]LogAudio: Display: Audio Device Manager Shutdown
[2024.07.03-19.06.44:923][401]LogExit: Preparing to exit.
[2024.07.03-19.06.45:574][401]LogSlate: Updating window title bar state: overlay mode, drag disabled, window buttons hidden, title bar hidden
[2024.07.03-19.06.45:576][401]LogUObjectHash: Compacting FUObjectHashTables data took   0.54ms
[2024.07.03-19.06.45:615][401]LogMoviePlayer: Shutting down movie player
[2024.07.03-19.06.45:682][401]LogDemo: Cleaned up 0 splitscreen connections with owner deletion
[2024.07.03-19.06.45:685][401]LogExit: Game engine shut down
[2024.07.03-19.06.45:710][401]LogExit: Object subsystem successfully closed.
[2024.07.03-19.06.45:718][401]LogShaderCompilers: Display: === FShaderJobCache stats ===
[2024.07.03-19.06.45:718][401]LogShaderCompilers: Display: Total job queries 0, among them cache hits 0 (0.00%)
[2024.07.03-19.06.45:718][401]LogShaderCompilers: Display: Tracking 0 distinct input hashes that result in 0 distinct outputs (0.00%)
[2024.07.03-19.06.45:718][401]LogShaderCompilers: Display: RAM used: 0.00 MB (0.00 GB) of 819.20 MB (0.80 GB) budget. Usage: 0.00%
[2024.07.03-19.06.45:718][401]LogShaderCompilers: Display: ================================================
[2024.07.03-19.06.45:731][401]LogShaderCompilers: Display: Shaders left to compile 0
[2024.07.03-19.06.45:741][401]LogModuleManager: Shutting down and abandoning module SequenceRecorderSections (560)
[2024.07.03-19.06.45:741][401]LogModuleManager: Shutting down and abandoning module SequenceRecorder (558)
[2024.07.03-19.06.45:741][401]LogModuleManager: Shutting down and abandoning module AutomationController (556)
[2024.07.03-19.06.45:741][401]LogModuleManager: Shutting down and abandoning module AutomationWorker (554)
[2024.07.03-19.06.45:741][401]LogModuleManager: Shutting down and abandoning module Voice (552)
[2024.07.03-19.06.45:741][401]LogModuleManager: Shutting down and abandoning module AnimGraph (550)
[2024.07.03-19.06.45:741][401]LogModuleManager: Shutting down and abandoning module AIModule (548)
[2024.07.03-19.06.45:741][401]LogModuleManager: Shutting down and abandoning module GameplayDebugger (547)
[2024.07.03-19.06.45:741][401]LogModuleManager: Shutting down and abandoning module AITestSuite (545)
[2024.07.03-19.06.45:741][401]LogModuleManager: Shutting down and abandoning module NavigationSystem (543)
[2024.07.03-19.06.45:741][401]LogModuleManager: Shutting down and abandoning module SteamVREditor (540)
[2024.07.03-19.06.45:741][401]LogModuleManager: Shutting down and abandoning module ToolMenus (539)
[2024.07.03-19.06.45:741][401]LogModuleManager: Shutting down and abandoning module OculusMR (536)
[2024.07.03-19.06.45:741][401]LogModuleManager: Shutting down and abandoning module OpenXRInput (534)
[2024.07.03-19.06.45:741][401]LogModuleManager: Shutting down and abandoning module TakeRecorderSources (532)
[2024.07.03-19.06.45:741][401]LogModuleManager: Shutting down and abandoning module TakeRecorder (531)
[2024.07.03-19.06.45:741][401]LogModuleManager: Shutting down and abandoning module TakeTrackRecorders (528)
[2024.07.03-19.06.45:741][401]LogModuleManager: Shutting down and abandoning module TakesCore (526)
[2024.07.03-19.06.45:741][401]LogModuleManager: Shutting down and abandoning module PlanarCut (524)
[2024.07.03-19.06.45:741][401]LogModuleManager: Shutting down and abandoning module WmfMediaFactory (522)
[2024.07.03-19.06.45:741][401]LogModuleManager: Shutting down and abandoning module WebMMediaFactory (520)
[2024.07.03-19.06.45:741][401]LogModuleManager: Shutting down and abandoning module WebMMedia (518)
[2024.07.03-19.06.45:741][401]LogModuleManager: Shutting down and abandoning module MagicLeapMediaCodecFactory (516)
[2024.07.03-19.06.45:741][401]LogModuleManager: Shutting down and abandoning module MagicLeapMediaFactory (514)
[2024.07.03-19.06.45:741][401]LogModuleManager: Shutting down and abandoning module OpenExrWrapper (512)
[2024.07.03-19.06.45:741][401]LogModuleManager: Shutting down and abandoning module ImgMediaFactory (510)
[2024.07.03-19.06.45:741][401]LogModuleManager: Shutting down and abandoning module CharacterAI (508)
[2024.07.03-19.06.45:741][401]LogModuleManager: Shutting down and abandoning module AvfMediaFactory (506)
[2024.07.03-19.06.45:741][401]LogModuleManager: Shutting down and abandoning module SessionServices (504)
[2024.07.03-19.06.45:741][401]LogModuleManager: Shutting down and abandoning module MovieSceneCapture (502)
[2024.07.03-19.06.45:741][401]LogModuleManager: Shutting down and abandoning module LiveCoding (500)
[2024.07.03-19.06.45:742][401]LogModuleManager: Shutting down and abandoning module LevelSequence (498)
[2024.07.03-19.06.45:742][401]LogModuleManager: Shutting down and abandoning module MovieSceneTracks (496)
[2024.07.03-19.06.45:742][401]LogModuleManager: Shutting down and abandoning module MovieScene (494)
[2024.07.03-19.06.45:742][401]LogModuleManager: Shutting down and abandoning module StreamingPauseRendering (492)
[2024.07.03-19.06.45:742][401]LogModuleManager: Shutting down and abandoning module PortalServices (490)
[2024.07.03-19.06.45:742][401]LogModuleManager: Shutting down and abandoning module PortalRpc (488)
[2024.07.03-19.06.45:742][401]LogModuleManager: Shutting down and abandoning module MessagingRpc (486)
[2024.07.03-19.06.45:742][401]LogModuleManager: Shutting down and abandoning module AudioMixerXAudio2 (484)
[2024.07.03-19.06.45:742][401]LogModuleManager: Shutting down and abandoning module AudioMixerCore (483)
[2024.07.03-19.06.45:742][401]LogModuleManager: Shutting down and abandoning module ImageWriteQueue (480)
[2024.07.03-19.06.45:744][401]LogModuleManager: Shutting down and abandoning module ProfilerService (478)
[2024.07.03-19.06.45:887][401]LogModuleManager: Shutting down and abandoning module TaskGraph (476)
[2024.07.03-19.06.45:887][401]LogModuleManager: Shutting down and abandoning module OculusInput (474)
[2024.07.03-19.06.45:887][401]LogModuleManager: Shutting down and abandoning module Synthesis (472)
[2024.07.03-19.06.45:887][401]LogModuleManager: Shutting down and abandoning module ProceduralMeshComponent (470)
[2024.07.03-19.06.45:887][401]LogModuleManager: Shutting down and abandoning module MobilePatchingUtils (468)
[2024.07.03-19.06.45:887][401]LogModuleManager: Shutting down and abandoning module TakeMovieScene (466)
[2024.07.03-19.06.45:887][401]LogModuleManager: Shutting down and abandoning module GooglePAD (464)
[2024.07.03-19.06.45:887][401]LogModuleManager: Shutting down and abandoning module EditableMesh (462)
[2024.07.03-19.06.45:887][401]LogModuleManager: Shutting down and abandoning module CustomMeshComponent (460)
[2024.07.03-19.06.45:887][401]LogModuleManager: Shutting down and abandoning module CableComponent (458)
[2024.07.03-19.06.45:887][401]LogModuleManager: Shutting down and abandoning module AudioCapture (456)
[2024.07.03-19.06.45:887][401]LogModuleManager: Shutting down and abandoning module AudioCaptureRtAudio (455)
[2024.07.03-19.06.45:887][401]LogModuleManager: Shutting down and abandoning module ArchVisCharacter (452)
[2024.07.03-19.06.45:887][401]LogModuleManager: Shutting down and abandoning module AssetTags (450)
[2024.07.03-19.06.45:887][401]LogModuleManager: Shutting down and abandoning module AppleImageUtilsBlueprintSupport (448)
[2024.07.03-19.06.45:887][401]LogModuleManager: Shutting down and abandoning module AppleImageUtils (446)
[2024.07.03-19.06.45:887][401]LogModuleManager: Shutting down and abandoning module AndroidPermission (444)
[2024.07.03-19.06.45:887][401]LogModuleManager: Shutting down and abandoning module ActorLayerUtilities (442)
[2024.07.03-19.06.45:887][401]LogModuleManager: Shutting down and abandoning module TemplateSequence (440)
[2024.07.03-19.06.45:887][401]LogModuleManager: Shutting down and abandoning module OpenImageDenoise (438)
[2024.07.03-19.06.45:887][401]LogOpenImageDenoise: OIDN shutting down
[2024.07.03-19.06.45:887][401]LogModuleManager: Shutting down and abandoning module MotoSynth (436)
[2024.07.03-19.06.45:887][401]LogModuleManager: Shutting down and abandoning module MeshConversion (434)
[2024.07.03-19.06.45:887][401]LogModuleManager: Shutting down and abandoning module DynamicMesh (432)
[2024.07.03-19.06.45:887][401]LogModuleManager: Shutting down and abandoning module GeometryAlgorithms (430)
[2024.07.03-19.06.45:887][401]LogModuleManager: Shutting down and abandoning module GeometricObjects (428)
[2024.07.03-19.06.45:887][401]LogModuleManager: Shutting down and abandoning module GeometryCollectionTracks (426)
[2024.07.03-19.06.45:887][401]LogModuleManager: Shutting down and abandoning module GeometryCollectionSequencer (425)
[2024.07.03-19.06.45:887][401]LogModuleManager: Shutting down and abandoning module GeometryCacheTracks (422)
[2024.07.03-19.06.45:887][401]LogModuleManager: Shutting down and abandoning module GeometryCacheSequencer (421)
[2024.07.03-19.06.45:887][401]LogModuleManager: Shutting down and abandoning module GeometryCache (418)
[2024.07.03-19.06.45:887][401]LogModuleManager: Shutting down and abandoning module GeometryCacheEd (417)
[2024.07.03-19.06.45:887][401]LogModuleManager: Shutting down and abandoning module MagicLeapSharedWorld (414)
[2024.07.03-19.06.45:887][401]LogModuleManager: Shutting down and abandoning module MagicLeapLightEstimation (412)
[2024.07.03-19.06.45:887][401]LogModuleManager: Shutting down and abandoning module MediaCompositing (410)
[2024.07.03-19.06.45:887][401]LogModuleManager: Shutting down and abandoning module VisualStudioSourceCodeAccess (408)
[2024.07.03-19.06.45:887][401]LogModuleManager: Shutting down and abandoning module HotReload (407)
[2024.07.03-19.06.45:887][401]LogModuleManager: Shutting down and abandoning module ImgMedia (404)
[2024.07.03-19.06.45:887][401]LogModuleManager: Shutting down and abandoning module VisualStudioCodeSourceCodeAccess (402)
[2024.07.03-19.06.45:887][401]LogModuleManager: Shutting down and abandoning module ChaosNiagara (400)
[2024.07.03-19.06.45:887][401]LogModuleManager: Shutting down and abandoning module FieldSystemEngine (399)
[2024.07.03-19.06.45:887][401]LogModuleManager: Shutting down and abandoning module UObjectPlugin (396)
[2024.07.03-19.06.45:887][401]LogModuleManager: Shutting down and abandoning module BackChannel (394)
[2024.07.03-19.06.45:887][401]LogModuleManager: Shutting down and abandoning module AutomationUtils (392)
[2024.07.03-19.06.45:887][401]LogModuleManager: Shutting down and abandoning module MagicLeapHelperVulkan (390)
[2024.07.03-19.06.45:888][401]LogModuleManager: Shutting down and abandoning module MagicLeapHelperOpenGL (388)
[2024.07.03-19.06.45:888][401]LogModuleManager: Shutting down and abandoning module MagicLeapAudio (386)
[2024.07.03-19.06.45:888][401]LogModuleManager: Shutting down and abandoning module SubversionSourceControl (384)
[2024.07.03-19.06.45:888][401]LogModuleManager: Shutting down and abandoning module PerforceSourceControl (382)
[2024.07.03-19.06.45:888][401]LogModuleManager: Shutting down and abandoning module SourceControl (381)
[2024.07.03-19.06.45:888][401]LogModuleManager: Shutting down and abandoning module CLionSourceCodeAccess (378)
[2024.07.03-19.06.45:888][401]LogModuleManager: Shutting down and abandoning module OodleNetworkHandlerComponent (376)
[2024.07.03-19.06.45:888][401]LogModuleManager: Shutting down and abandoning module LiveLinkSequencer (374)
[2024.07.03-19.06.45:888][401]LogModuleManager: Shutting down and abandoning module LiveLinkMovieScene (372)
[2024.07.03-19.06.45:888][401]LogModuleManager: Shutting down and abandoning module LiveLinkGraphNode (370)
[2024.07.03-19.06.45:888][401]LogModuleManager: Shutting down and abandoning module LiveLinkComponents (368)
[2024.07.03-19.06.45:888][401]LogModuleManager: Shutting down and abandoning module LiveLink (366)
[2024.07.03-19.06.46:645][401]LogModuleManager: Shutting down and abandoning module NiagaraAnimNotifies (364)
[2024.07.03-19.06.46:645][401]LogModuleManager: Shutting down and abandoning module Niagara (362)
[2024.07.03-19.06.46:645][401]LogModuleManager: Shutting down and abandoning module SignalProcessing (361)
[2024.07.03-19.06.46:645][401]LogModuleManager: Shutting down and abandoning module NiagaraEditor (359)
[2024.07.03-19.06.46:645][401]LogModuleManager: Shutting down and abandoning module ContentBrowser (358)
[2024.07.03-19.06.46:645][401]LogModuleManager: Shutting down and abandoning module CollectionManager (357)
[2024.07.03-19.06.46:645][401]LogModuleManager: Shutting down and abandoning module DirectoryWatcher (356)
[2024.07.03-19.06.46:645][401]LogModuleManager: Shutting down and abandoning module ContentBrowserData (353)
[2024.07.03-19.06.46:645][401]LogModuleManager: Shutting down and abandoning module NiagaraCore (348)
[2024.07.03-19.06.46:645][401]LogModuleManager: Shutting down and abandoning module SoundFields (346)
[2024.07.03-19.06.46:645][401]LogModuleManager: Shutting down and abandoning module SignificanceManager (344)
[2024.07.03-19.06.46:645][401]LogModuleManager: Shutting down and abandoning module RuntimePhysXCooking (342)
[2024.07.03-19.06.46:645][401]LogModuleManager: Shutting down and abandoning module PropertyAccessEditor (340)
[2024.07.03-19.06.46:645][401]LogModuleManager: Shutting down and abandoning module PhysXVehiclesEditor (338)
[2024.07.03-19.06.46:645][401]LogModuleManager: Shutting down and abandoning module LocationServicesBPLibrary (334)
[2024.07.03-19.06.46:645][401]LogModuleManager: Shutting down and abandoning module AudioSynesthesia (332)
[2024.07.03-19.06.46:646][401]LogModuleManager: Shutting down and abandoning module AudioSynesthesiaCore (330)
[2024.07.03-19.06.46:646][401]LogModuleManager: Shutting down and abandoning module UdpMessaging (328)
[2024.07.03-19.06.46:746][401]LogModuleManager: Shutting down and abandoning module TcpMessaging (326)
[2024.07.03-19.06.46:846][401]LogModuleManager: Shutting down and abandoning module ActorSequence (324)
[2024.07.03-19.06.46:846][401]LogModuleManager: Shutting down and abandoning module PythonScriptPlugin (322)
[2024.07.03-19.06.46:846][401]LogModuleManager: Shutting down and abandoning module MagicLeapARPin (320)
[2024.07.03-19.06.46:846][401]LogModuleManager: Shutting down and abandoning module ImgMediaEngine (318)
[2024.07.03-19.06.46:846][401]LogModuleManager: Shutting down and abandoning module MagicLeapHandMeshing (316)
[2024.07.03-19.06.46:846][401]LogModuleManager: Shutting down and abandoning module MagicLeapSecureStorage (314)
[2024.07.03-19.06.46:846][401]LogModuleManager: Shutting down and abandoning module MagicLeapPrivileges (312)
[2024.07.03-19.06.46:846][401]LogModuleManager: Shutting down and abandoning module MagicLeapPlanes (310)
[2024.07.03-19.06.46:846][401]LogMagicLeapPlanes: Planes tracker already destroyed.
[2024.07.03-19.06.46:846][401]LogModuleManager: Shutting down and abandoning module MagicLeapImageTracker (308)
[2024.07.03-19.06.46:846][401]LogModuleManager: Shutting down and abandoning module MagicLeapIdentity (306)
[2024.07.03-19.06.46:846][401]LogModuleManager: Shutting down and abandoning module MagicLeapHandTracking (304)
[2024.07.03-19.06.46:846][401]LogModuleManager: Shutting down and abandoning module MagicLeapEyeTracker (302)
[2024.07.03-19.06.46:846][401]LogModuleManager: Shutting down and abandoning module MagicLeapController (300)
[2024.07.03-19.06.46:846][401]LogModuleManager: Shutting down and abandoning module MagicLeapARPinImpl (298)
[2024.07.03-19.06.46:846][401]LogModuleManager: Shutting down and abandoning module MagicLeapAR (296)
[2024.07.03-19.06.46:846][401]LogModuleManager: Shutting down and abandoning module PropertyAccessNode (294)
[2024.07.03-19.06.46:846][401]LogModuleManager: Shutting down and abandoning module AnimationSharing (292)
[2024.07.03-19.06.46:846][401]LogModuleManager: Shutting down and abandoning module GameplayTagsEditor (290)
[2024.07.03-19.06.46:846][401]LogModuleManager: Shutting down and abandoning module FacialAnimation (288)
[2024.07.03-19.06.46:846][401]LogModuleManager: Shutting down and abandoning module AssetManagerEditor (286)
[2024.07.03-19.06.46:846][401]LogModuleManager: Shutting down and abandoning module TreeMap (285)
[2024.07.03-19.06.46:846][401]LogModuleManager: Shutting down and abandoning module LightPropagationVolumeRuntime (282)
[2024.07.03-19.06.46:846][401]LogModuleManager: Shutting down and abandoning module GameplayCameras (280)
[2024.07.03-19.06.46:846][401]LogModuleManager: Shutting down and abandoning module EnvironmentQueryEditor (278)
[2024.07.03-19.06.46:846][401]LogModuleManager: Shutting down and abandoning module Paper2D (276)
[2024.07.03-19.06.46:846][401]LogModuleManager: Shutting down and abandoning module WindowsMoviePlayer (274)
[2024.07.03-19.06.46:847][401]LogModuleManager: Shutting down and abandoning module WebMMoviePlayer (272)
[2024.07.03-19.06.46:847][401]LogModuleManager: Shutting down and abandoning module NetworkReplayStreaming (270)
[2024.07.03-19.06.46:847][401]LogModuleManager: Shutting down and abandoning module PacketHandler (268)
[2024.07.03-19.06.46:847][401]LogModuleManager: Shutting down and abandoning module ClothingSystemEditor (266)
[2024.07.03-19.06.46:847][401]LogModuleManager: Shutting down and abandoning module ClothingSystemRuntimeNv (264)
[2024.07.03-19.06.46:847][401]LogModuleManager: Shutting down and abandoning module MediaAssets (262)
[2024.07.03-19.06.46:847][401]LogModuleManager: Shutting down and abandoning module Overlay (260)
[2024.07.03-19.06.46:847][401]LogModuleManager: Shutting down and abandoning module OverlayEditor (259)
[2024.07.03-19.06.46:847][401]LogModuleManager: Shutting down and abandoning module VREditor (256)
[2024.07.03-19.06.46:847][401]LogModuleManager: Shutting down and abandoning module StringTableEditor (254)
[2024.07.03-19.06.46:847][401]LogModuleManager: Shutting down and abandoning module GameplayTasksEditor (252)
[2024.07.03-19.06.46:847][401]LogModuleManager: Shutting down and abandoning module BehaviorTreeEditor (250)
[2024.07.03-19.06.46:847][401]LogModuleManager: Shutting down and abandoning module FunctionalTesting (248)
[2024.07.03-19.06.46:847][401]LogModuleManager: Shutting down and abandoning module CollisionAnalyzer (246)
[2024.07.03-19.06.46:847][401]LogModuleManager: Shutting down and abandoning module WorkspaceMenuStructure (245)
[2024.07.03-19.06.46:847][401]LogModuleManager: Shutting down and abandoning module UMG (242)
[2024.07.03-19.06.46:847][401]LogModuleManager: Shutting down and abandoning module UMGEditor (241)
[2024.07.03-19.06.46:847][401]LogModuleManager: Shutting down and abandoning module Sequencer (240)
[2024.07.03-19.06.46:847][401]LogModuleManager: Shutting down and abandoning module MessageLog (237)
[2024.07.03-19.06.46:847][401]LogModuleManager: Shutting down and abandoning module SlateReflector (232)
[2024.07.03-19.06.46:847][401]LogModuleManager: Shutting down and abandoning module Slate (230)
[2024.07.03-19.06.46:847][401]LogModuleManager: Shutting down and abandoning module SlateCore (228)
[2024.07.03-19.06.46:848][401]LogModuleManager: Shutting down and abandoning module LandscapeEditorUtilities (226)
[2024.07.03-19.06.46:848][401]LogModuleManager: Shutting down and abandoning module UnrealEd (224)
[2024.07.03-19.06.46:848][401]LogModuleManager: Shutting down and abandoning module MRMesh (222)
[2024.07.03-19.06.46:848][401]LogModuleManager: Shutting down and abandoning module Messaging (220)
[2024.07.03-19.06.46:848][401]LogModuleManager: Shutting down and abandoning module SourceCodeAccess (218)
[2024.07.03-19.06.46:848][401]LogModuleManager: Shutting down and abandoning module HeadMountedDisplay (216)
[2024.07.03-19.06.46:848][401]LogModuleManager: Shutting down and abandoning module XAudio2 (214)
[2024.07.03-19.06.46:848][401]LogModuleManager: Shutting down and abandoning module Networking (212)
[2024.07.03-19.06.46:848][401]LogModuleManager: Shutting down and abandoning module Core (210)
[2024.07.03-19.06.46:848][401]LogModuleManager: Shutting down and abandoning module MaterialEditor (208)
[2024.07.03-19.06.46:848][401]LogModuleManager: Shutting down and abandoning module MovieSceneTools (206)
[2024.07.03-19.06.46:848][401]LogModuleManager: Shutting down and abandoning module EditorStyle (205)
[2024.07.03-19.06.46:848][401]LogModuleManager: Shutting down and abandoning module KismetCompiler (202)
[2024.07.03-19.06.46:848][401]LogModuleManager: Shutting down and abandoning module MeshBuilder (200)
[2024.07.03-19.06.46:848][401]LogModuleManager: Shutting down and abandoning module MeshUtilities (198)
[2024.07.03-19.06.46:848][401]LogModuleManager: Shutting down and abandoning module MeshMergeUtilities (197)
[2024.07.03-19.06.46:848][401]LogModuleManager: Shutting down and abandoning module MeshReductionInterface (196)
[2024.07.03-19.06.46:848][401]LogModuleManager: Shutting down and abandoning module MeshBoneReduction (195)
[2024.07.03-19.06.46:848][401]LogModuleManager: Shutting down and abandoning module SkeletalMeshReduction (193)
[2024.07.03-19.06.46:848][401]LogModuleManager: Shutting down and abandoning module ProxyLODMeshReduction (191)
[2024.07.03-19.06.46:848][401]LogModuleManager: Shutting down and abandoning module QuadricMeshReduction (189)
[2024.07.03-19.06.46:848][401]LogModuleManager: Shutting down and abandoning module MaterialBaking (185)
[2024.07.03-19.06.46:848][401]LogModuleManager: Shutting down and abandoning module NullInstallBundleManager (180)
[2024.07.03-19.06.46:848][401]LogModuleManager: Shutting down and abandoning module PIEPreviewDeviceProfileSelector (178)
[2024.07.03-19.06.46:848][401]LogModuleManager: Shutting down and abandoning module DerivedDataCache (176)
[2024.07.03-19.06.46:848][401]LogModuleManager: Shutting down and abandoning module TargetPlatform (174)
[2024.07.03-19.06.46:848][401]LogModuleManager: Shutting down and abandoning module VulkanShaderFormat (173)
[2024.07.03-19.06.46:848][401]LogModuleManager: Shutting down and abandoning module ShaderFormatVectorVM (171)
[2024.07.03-19.06.46:849][401]LogModuleManager: Shutting down and abandoning module ShaderFormatOpenGL (169)
[2024.07.03-19.06.46:849][401]LogModuleManager: Shutting down and abandoning module ShaderFormatD3D (167)
[2024.07.03-19.06.46:849][401]LogModuleManager: Shutting down and abandoning module MetalShaderFormat (165)
[2024.07.03-19.06.46:849][401]LogModuleManager: Shutting down and abandoning module TextureFormatOodle (163)
[2024.07.03-19.06.46:849][401]LogModuleManager: Shutting down and abandoning module TextureFormatUncompressed (161)
[2024.07.03-19.06.46:849][401]LogModuleManager: Shutting down and abandoning module TextureFormatPVR (159)
[2024.07.03-19.06.46:849][401]LogModuleManager: Shutting down and abandoning module TextureFormatETC2 (157)
[2024.07.03-19.06.46:849][401]LogModuleManager: Shutting down and abandoning module TextureFormatDXT (155)
[2024.07.03-19.06.46:849][401]LogModuleManager: Shutting down and abandoning module TextureFormatIntelISPCTexComp (153)
[2024.07.03-19.06.46:849][401]LogModuleManager: Shutting down and abandoning module TextureFormatASTC (151)
[2024.07.03-19.06.46:849][401]LogModuleManager: Shutting down and abandoning module ImageWrapper (150)
[2024.07.03-19.06.46:849][401]LogModuleManager: Shutting down and abandoning module AudioFormatOpus (147)
[2024.07.03-19.06.46:849][401]LogModuleManager: Shutting down and abandoning module AudioFormatOgg (145)
[2024.07.03-19.06.46:849][401]LogModuleManager: Shutting down and abandoning module AudioFormatADPCM (143)
[2024.07.03-19.06.46:849][401]LogModuleManager: Shutting down and abandoning module WindowsServerTargetPlatform (141)
[2024.07.03-19.06.46:849][401]LogModuleManager: Shutting down and abandoning module WindowsClientTargetPlatform (139)
[2024.07.03-19.06.46:849][401]LogModuleManager: Shutting down and abandoning module WindowsTargetPlatform (137)
[2024.07.03-19.06.46:849][401]LogModuleManager: Shutting down and abandoning module WindowsNoEditorTargetPlatform (135)
[2024.07.03-19.06.46:849][401]LogModuleManager: Shutting down and abandoning module D3D11RHI (132)
[2024.07.03-19.06.46:849][401]LogModuleManager: Shutting down and abandoning module InputCore (130)
[2024.07.03-19.06.46:849][401]LogModuleManager: Shutting down and abandoning module Settings (128)
[2024.07.03-19.06.46:849][401]LogModuleManager: Shutting down and abandoning module PhysXCooking (126)
[2024.07.03-19.06.46:849][401]LogModuleManager: Shutting down and abandoning module Chaos (124)
[2024.07.03-19.06.46:849][401]LogModuleManager: Shutting down and abandoning module WindowsPlatformFeatures (122)
[2024.07.03-19.06.46:849][401]LogModuleManager: Shutting down and abandoning module GameplayMediaEncoder (121)
[2024.07.03-19.06.46:849][401]LogModuleManager: Shutting down and abandoning module AVEncoder (120)
[2024.07.03-19.06.46:849][401]LogModuleManager: Shutting down and abandoning module SteamVRInputDevice (116)
[2024.07.03-19.06.46:849][401]LogModuleManager: Shutting down and abandoning module SteamVRInput (114)
[2024.07.03-19.06.46:849][401]LogModuleManager: Shutting down and abandoning module SteamVR (112)
[2024.07.03-19.06.46:849][401]LogHMD: Freeing OpenVRDLLHandle.
[2024.07.03-19.06.46:849][401]LogModuleManager: Shutting down and abandoning module OculusHMD (110)
[2024.07.03-19.06.46:849][401]LogModuleManager: Shutting down and abandoning module VariantManagerContent (108)
[2024.07.03-19.06.46:849][401]LogModuleManager: Shutting down and abandoning module NiagaraVertexFactories (106)
[2024.07.03-19.06.46:849][401]LogModuleManager: Shutting down and abandoning module NiagaraShader (104)
[2024.07.03-19.06.46:849][401]LogModuleManager: Shutting down and abandoning module DatasmithContent (102)
[2024.07.03-19.06.46:849][401]LogModuleManager: Shutting down and abandoning module OpenXRHandTracking (100)
[2024.07.03-19.06.46:849][401]LogSlate: Slate User Destroyed.  User Index 0, Is Virtual User: 0
[2024.07.03-19.06.46:849][401]LogModuleManager: Shutting down and abandoning module OpenXRAR (98)
[2024.07.03-19.06.46:849][401]LogModuleManager: Shutting down and abandoning module AugmentedReality (97)
[2024.07.03-19.06.46:849][401]LogModuleManager: Shutting down and abandoning module OpenXRHMD (94)
[2024.07.03-19.06.46:849][401]LogModuleManager: Shutting down and abandoning module OpenXREyeTracker (92)
[2024.07.03-19.06.46:849][401]LogModuleManager: Shutting down and abandoning module ExampleDeviceProfileSelector (90)
[2024.07.03-19.06.46:849][401]LogModuleManager: Shutting down and abandoning module ChunkDownloader (88)
[2024.07.03-19.06.46:849][401]LogModuleManager: Shutting down and abandoning module LauncherChunkInstaller (86)
[2024.07.03-19.06.46:849][401]LogModuleManager: Shutting down and abandoning module OnlineBlueprintSupport (84)
[2024.07.03-19.06.46:849][401]LogModuleManager: Shutting down and abandoning module OnlineSubsystem (80)
[2024.07.03-19.06.46:850][401]LogModuleManager: Shutting down and abandoning module XMPP (75)
[2024.07.03-19.06.46:850][401]LogModuleManager: Shutting down and abandoning module WebSockets (74)
[2024.07.03-19.06.46:863][401]LogModuleManager: Shutting down and abandoning module HTTP (71)
[2024.07.03-19.06.46:863][401]LogHttp: Display: cleaning up 0 outstanding Http requests.
[2024.07.03-19.06.46:889][401]LogModuleManager: Shutting down and abandoning module SSL (70)
[2024.07.03-19.06.46:890][401]LogModuleManager: Shutting down and abandoning module MLSDK (66)
[2024.07.03-19.06.46:890][401]LogModuleManager: Shutting down and abandoning module WmfMedia (64)
[2024.07.03-19.06.46:890][401]LogModuleManager: Shutting down and abandoning module Media (63)
[2024.07.03-19.06.46:891][401]LogModuleManager: Shutting down and abandoning module MediaInfo (62)
[2024.07.03-19.06.46:891][401]LogModuleManager: Shutting down and abandoning module ExrReaderGpu (58)
[2024.07.03-19.06.46:891][401]LogModuleManager: Shutting down and abandoning module ChaosCloth (56)
[2024.07.03-19.06.46:891][401]LogModuleManager: Shutting down and abandoning module MagicLeap (54)
[2024.07.03-19.06.46:891][401]LogModuleManager: Shutting down and abandoning module PixWinPlugin (52)
[2024.07.03-19.06.46:891][401]LogModuleManager: Shutting down and abandoning module AISupportModule (50)
[2024.07.03-19.06.46:891][401]LogModuleManager: Shutting down and abandoning module DesktopPlatform (48)
[2024.07.03-19.06.46:891][401]LogModuleManager: Shutting down and abandoning module PythonScriptPluginPreload (46)
[2024.07.03-19.06.46:891][401]LogModuleManager: Shutting down and abandoning module PlatformCryptoOpenSSL (44)
[2024.07.03-19.06.46:891][401]LogModuleManager: Shutting down and abandoning module PlatformCryptoTypes (42)
[2024.07.03-19.06.46:891][401]LogModuleManager: Shutting down and abandoning module PlatformCrypto (40)
[2024.07.03-19.06.46:891][401]LogModuleManager: Shutting down and abandoning module OodleDataCompressionFormat (38)
[2024.07.03-19.06.46:891][401]LogModuleManager: Shutting down and abandoning module XGEController (36)
[2024.07.03-19.06.46:891][401]LogModuleManager: Shutting down and abandoning module AnimationModifiers (34)
[2024.07.03-19.06.46:891][401]LogModuleManager: Shutting down and abandoning module AudioEditor (32)
[2024.07.03-19.06.46:891][401]LogModuleManager: Shutting down and abandoning module PropertyEditor (31)
[2024.07.03-19.06.46:891][401]LogModuleManager: Shutting down and abandoning module TextureCompressor (28)
[2024.07.03-19.06.46:891][401]LogModuleManager: Shutting down and abandoning module RenderCore (26)
[2024.07.03-19.06.46:891][401]LogModuleManager: Shutting down and abandoning module Landscape (24)
[2024.07.03-19.06.46:891][401]LogModuleManager: Shutting down and abandoning module SlateRHIRenderer (22)
[2024.07.03-19.06.46:891][401]LogModuleManager: Shutting down and abandoning module AnimGraphRuntime (20)
[2024.07.03-19.06.46:891][401]LogModuleManager: Shutting down and abandoning module Renderer (18)
[2024.07.03-19.06.46:891][401]LogModuleManager: Shutting down and abandoning module Engine (16)
[2024.07.03-19.06.46:891][401]LogModuleManager: Shutting down and abandoning module CoreUObject (14)
[2024.07.03-19.06.46:891][401]LogModuleManager: Shutting down and abandoning module NetworkFile (12)
[2024.07.03-19.06.46:891][401]LogModuleManager: Shutting down and abandoning module CookedIterativeFile (10)
[2024.07.03-19.06.46:891][401]LogModuleManager: Shutting down and abandoning module StreamingFile (8)
[2024.07.03-19.06.46:891][401]LogModuleManager: Shutting down and abandoning module SandboxFile (6)
[2024.07.03-19.06.46:891][401]LogModuleManager: Shutting down and abandoning module PakFile (4)
[2024.07.03-19.06.46:891][401]LogModuleManager: Shutting down and abandoning module RSA (3)
[2024.07.03-19.06.47:204][401]LogContentStreaming: Display: There are 1 unreleased StreamingManagers
[2024.07.03-19.06.47:211][401]LogD3D11RHI: Shutdown
[2024.07.03-19.06.47:211][401]LogD3D11RHI: CleanupD3DDevice
[2024.07.03-19.06.47:212][401]LogExit: Exiting.
[2024.07.03-19.06.47:308][401]Log file closed, 07/03/24 21:06:47
